2020-04-08 11:23:20 [restartedMain] INFO  ms.contract.MsContractApplication - No active profile set, falling back to default profiles: default
2020-04-08 11:23:27 [restartedMain] INFO  ms.contract.MsContractApplication - Started MsContractApplication in 12.396 seconds (JVM running for 13.087)
2020-04-08 11:24:03 [hystrix-Controller-1] INFO  ms.contract.controller.Controller - Called endpoint: 'contractByDocument' | Port: '8002'
2020-04-08 11:24:10 [hystrix-Controller-2] INFO  ms.contract.controller.Controller - Called endpoint: 'contractByDocument' | Port: '8002'
2020-04-08 11:24:22 [hystrix-Controller-3] INFO  ms.contract.controller.Controller - Called endpoint: 'contractByDocument' | Port: '8002'
2020-04-08 11:27:16 [hystrix-Controller-4] INFO  ms.contract.controller.Controller - Called endpoint: 'contractByDocument' | Port: '8002'
2020-04-08 11:27:47 [hystrix-Controller-5] INFO  ms.contract.controller.Controller - Called endpoint: 'contractByDocument' | Port: '8002'
2020-04-08 11:27:50 [hystrix-Controller-6] INFO  ms.contract.controller.Controller - Called endpoint: 'contractByDocument' | Port: '8002'
2020-04-08 11:30:18 [hystrix-Controller-7] INFO  ms.contract.controller.Controller - Called endpoint: 'contractByDocument' | Port: '8002'
2020-04-08 11:30:20 [hystrix-Controller-8] INFO  ms.contract.controller.Controller - Called endpoint: 'contractByDocument' | Port: '8002'
2020-04-08 11:30:26 [hystrix-Controller-9] INFO  ms.contract.controller.Controller - Called endpoint: 'contractByDocument' | Port: '8002'
2020-04-08 11:30:44 [hystrix-Controller-10] INFO  ms.contract.controller.Controller - Called endpoint: 'contractByDocument' | Port: '8002'
2020-04-08 11:33:02 [hystrix-Controller-10] INFO  ms.contract.controller.Controller - Called endpoint: 'contractByDocument' | Port: '8002'
2020-04-08 11:33:24 [hystrix-Controller-10] INFO  ms.contract.controller.Controller - Called endpoint: 'contractByDocument' | Port: '8002'
2020-04-08 11:33:33 [hystrix-Controller-10] INFO  ms.contract.controller.Controller - Called endpoint: 'contractByDocument' | Port: '8002'
2020-04-08 11:33:56 [hystrix-Controller-10] INFO  ms.contract.controller.Controller - Called endpoint: 'contractByDocument' | Port: '8002'
2020-04-08 11:34:55 [hystrix-Controller-10] INFO  ms.contract.controller.Controller - Called endpoint: 'contractByDocument' | Port: '8002'
2020-04-08 11:35:02 [hystrix-Controller-10] INFO  ms.contract.controller.Controller - Called endpoint: 'contractByDocument' | Port: '8002'
2020-04-08 11:35:08 [hystrix-Controller-10] INFO  ms.contract.controller.Controller - Called endpoint: 'contractByDocument' | Port: '8002'
2020-04-08 11:35:28 [hystrix-Controller-10] INFO  ms.contract.controller.Controller - Called endpoint: 'contractByDocument' | Port: '8002'
2020-04-08 11:35:33 [hystrix-Controller-10] INFO  ms.contract.controller.Controller - Called endpoint: 'contractByDocument' | Port: '8002'
2020-04-08 11:36:14 [hystrix-Controller-10] INFO  ms.contract.controller.Controller - Called endpoint: 'contractByDocument' | Port: '8002'
2020-04-08 11:36:20 [hystrix-Controller-10] INFO  ms.contract.controller.Controller - Called endpoint: 'contractByDocument' | Port: '8002'
2020-04-08 11:36:50 [hystrix-Controller-10] INFO  ms.contract.controller.Controller - Called endpoint: 'contractByDocument' | Port: '8002'
2020-04-08 11:36:54 [hystrix-Controller-10] INFO  ms.contract.controller.Controller - Called endpoint: 'contractByDocument' | Port: '8002'
2020-04-08 11:39:08 [hystrix-Controller-10] INFO  ms.contract.controller.Controller - Called endpoint: 'contractByDocument' | Port: '8002'
2020-04-08 11:39:23 [hystrix-Controller-10] INFO  ms.contract.controller.Controller - Called endpoint: 'contractByDocument' | Port: '8002'
2020-04-08 11:39:28 [hystrix-Controller-10] INFO  ms.contract.controller.Controller - Called endpoint: 'contractByDocument' | Port: '8002'
2020-04-08 11:41:31 [hystrix-Controller-10] INFO  ms.contract.controller.Controller - Called endpoint: 'contractByDocument' | Port: '8002'
2020-04-08 11:41:34 [hystrix-Controller-10] INFO  ms.contract.controller.Controller - Called endpoint: 'contractByDocument' | Port: '8002'
2020-04-08 11:41:36 [hystrix-Controller-10] INFO  ms.contract.controller.Controller - Called endpoint: 'contractByDocument' | Port: '8002'
2020-04-08 11:41:38 [hystrix-Controller-10] INFO  ms.contract.controller.Controller - Called endpoint: 'contractByDocument' | Port: '8002'
2020-04-08 11:42:23 [hystrix-Controller-10] INFO  ms.contract.controller.Controller - Called endpoint: 'contractByDocument' | Port: '8002'
2020-04-08 11:42:36 [hystrix-Controller-10] INFO  ms.contract.controller.Controller - Called endpoint: 'contractByDocument' | Port: '8002'
2020-04-08 11:42:43 [hystrix-Controller-10] INFO  ms.contract.controller.Controller - Called endpoint: 'contractByDocument' | Port: '8002'
2020-04-08 11:42:47 [hystrix-Controller-10] INFO  ms.contract.controller.Controller - Called endpoint: 'contractByDocument' | Port: '8002'
2020-04-08 11:42:49 [hystrix-Controller-10] INFO  ms.contract.controller.Controller - Called endpoint: 'contractByDocument' | Port: '8002'
2020-04-08 11:42:59 [hystrix-Controller-10] INFO  ms.contract.controller.Controller - Called endpoint: 'contractByDocument' | Port: '8002'
2020-04-08 11:43:08 [hystrix-Controller-10] INFO  ms.contract.controller.Controller - Called endpoint: 'contractByDocument' | Port: '8002'
2020-04-08 11:55:20 [hystrix-Controller-10] INFO  ms.contract.controller.Controller - Called endpoint: 'contractByDocument' | Port: '8002'
2020-04-08 11:56:41 [hystrix-Controller-10] INFO  ms.contract.controller.Controller - Called endpoint: 'contractByDocument' | Port: '8002'
2020-04-08 11:56:57 [hystrix-Controller-10] INFO  ms.contract.controller.Controller - Called endpoint: 'contractByDocument' | Port: '8002'
2020-04-08 11:57:02 [hystrix-Controller-10] INFO  ms.contract.controller.Controller - Called endpoint: 'contractByDocument' | Port: '8002'
2020-04-08 11:57:06 [hystrix-Controller-10] INFO  ms.contract.controller.Controller - Called endpoint: 'contractByDocument' | Port: '8002'
2020-04-08 11:57:11 [hystrix-Controller-10] INFO  ms.contract.controller.Controller - Called endpoint: 'contractByDocument' | Port: '8002'
2020-04-08 11:57:19 [hystrix-Controller-10] INFO  ms.contract.controller.Controller - Called endpoint: 'contractByDocument' | Port: '8002'
2020-04-08 11:59:17 [hystrix-Controller-10] INFO  ms.contract.controller.Controller - Called endpoint: 'contractByDocument' | Port: '8002'
2020-04-08 11:59:18 [hystrix-Controller-10] INFO  ms.contract.controller.Controller - Called endpoint: 'contractByDocument' | Port: '8002'
2020-04-08 11:59:45 [hystrix-Controller-10] INFO  ms.contract.controller.Controller - Called endpoint: 'contractByDocument' | Port: '8002'
2020-04-08 11:59:47 [hystrix-Controller-10] INFO  ms.contract.controller.Controller - Called endpoint: 'contractByDocument' | Port: '8002'
2020-04-08 11:59:51 [hystrix-Controller-10] INFO  ms.contract.controller.Controller - Called endpoint: 'contractByDocument' | Port: '8002'
2020-04-08 11:59:52 [hystrix-Controller-10] INFO  ms.contract.controller.Controller - Called endpoint: 'contractByDocument' | Port: '8002'
2020-04-08 11:59:58 [hystrix-Controller-10] INFO  ms.contract.controller.Controller - Called endpoint: 'contractByDocument' | Port: '8002'
2020-04-08 11:59:59 [hystrix-Controller-10] INFO  ms.contract.controller.Controller - Called endpoint: 'contractByDocument' | Port: '8002'
2020-04-08 12:00:05 [hystrix-Controller-10] INFO  ms.contract.controller.Controller - Called endpoint: 'contractByDocument' | Port: '8002'
2020-04-08 12:00:06 [hystrix-Controller-10] INFO  ms.contract.controller.Controller - Called endpoint: 'contractByDocument' | Port: '8002'
2020-04-08 12:11:14 [hystrix-Controller-10] INFO  ms.contract.controller.Controller - Called endpoint: 'contractByDocument' | Port: '8002'
2020-04-08 12:11:19 [hystrix-Controller-10] INFO  ms.contract.controller.Controller - Called endpoint: 'contractByDocument' | Port: '8002'
2020-04-08 12:13:50 [hystrix-Controller-10] INFO  ms.contract.controller.Controller - Called endpoint: 'contractByDocument' | Port: '8002'
2020-04-08 12:14:14 [hystrix-Controller-10] INFO  ms.contract.controller.Controller - Called endpoint: 'contractByDocument' | Port: '8002'
2020-04-08 12:14:29 [hystrix-Controller-10] INFO  ms.contract.controller.Controller - Called endpoint: 'contractByDocument' | Port: '8002'
2020-04-08 12:14:40 [hystrix-Controller-10] INFO  ms.contract.controller.Controller - Called endpoint: 'contractByDocument' | Port: '8002'
2020-04-08 12:18:18 [hystrix-Controller-10] INFO  ms.contract.controller.Controller - Called endpoint: 'contractByDocument' | Port: '8002'
2020-04-08 12:19:33 [hystrix-Controller-10] INFO  ms.contract.controller.Controller - Called endpoint: 'contractByDocument' | Port: '8002'
2020-04-08 12:20:39 [hystrix-Controller-10] INFO  ms.contract.controller.Controller - Called endpoint: 'contractByDocument' | Port: '8002'
2020-04-08 12:20:40 [hystrix-Controller-10] INFO  ms.contract.controller.Controller - Called endpoint: 'contractByDocument' | Port: '8002'
2020-04-08 12:21:12 [hystrix-Controller-10] INFO  ms.contract.controller.Controller - Called endpoint: 'contractByDocument' | Port: '8002'
2020-04-08 12:21:39 [hystrix-Controller-10] INFO  ms.contract.controller.Controller - Called endpoint: 'contractByDocument' | Port: '8002'
2020-04-08 12:23:10 [hystrix-Controller-10] INFO  ms.contract.controller.Controller - Called endpoint: 'contractByDocument' | Port: '8002'
2020-04-08 12:24:08 [hystrix-Controller-10] INFO  ms.contract.controller.Controller - Called endpoint: 'contractByDocument' | Port: '8002'
2020-04-08 12:24:24 [hystrix-Controller-10] INFO  ms.contract.controller.Controller - Called endpoint: 'contractByDocument' | Port: '8002'
2020-04-08 12:24:54 [hystrix-Controller-10] INFO  ms.contract.controller.Controller - Called endpoint: 'contractByDocument' | Port: '8002'
2020-04-08 12:24:58 [hystrix-Controller-10] INFO  ms.contract.controller.Controller - Called endpoint: 'contractByDocument' | Port: '8002'
2020-04-08 12:25:04 [hystrix-Controller-10] INFO  ms.contract.controller.Controller - Called endpoint: 'contractByDocument' | Port: '8002'
2020-04-08 12:25:05 [hystrix-Controller-10] INFO  ms.contract.controller.Controller - Called endpoint: 'contractByDocument' | Port: '8002'
2020-04-08 12:25:07 [hystrix-Controller-10] INFO  ms.contract.controller.Controller - Called endpoint: 'contractByDocument' | Port: '8002'
2020-04-08 12:25:19 [hystrix-Controller-10] INFO  ms.contract.controller.Controller - Called endpoint: 'contractByDocument' | Port: '8002'
2020-04-08 12:25:25 [hystrix-Controller-10] INFO  ms.contract.controller.Controller - Called endpoint: 'contractByDocument' | Port: '8002'
2020-04-08 12:25:27 [hystrix-Controller-10] INFO  ms.contract.controller.Controller - Called endpoint: 'contractByDocument' | Port: '8002'
2020-04-08 12:25:36 [hystrix-Controller-10] INFO  ms.contract.controller.Controller - Called endpoint: 'contractByDocument' | Port: '8002'
2020-04-08 12:53:23 [hystrix-Controller-10] INFO  ms.contract.controller.Controller - Called endpoint: 'contractByDocument' | Port: '8002'
2020-04-08 12:54:09 [hystrix-Controller-10] INFO  ms.contract.controller.Controller - Called endpoint: 'contractByDocument' | Port: '8002'
2020-04-08 12:54:25 [hystrix-Controller-10] INFO  ms.contract.controller.Controller - Called endpoint: 'contractByDocument' | Port: '8002'
2020-04-08 12:54:49 [hystrix-Controller-10] INFO  ms.contract.controller.Controller - Called endpoint: 'contractByDocument' | Port: '8002'
2020-04-08 12:55:03 [hystrix-Controller-10] INFO  ms.contract.controller.Controller - Called endpoint: 'contractByDocument' | Port: '8002'
2020-04-08 12:55:23 [hystrix-Controller-10] INFO  ms.contract.controller.Controller - Called endpoint: 'contractByDocument' | Port: '8002'
2020-04-08 12:55:25 [hystrix-Controller-10] INFO  ms.contract.controller.Controller - Called endpoint: 'contractByDocument' | Port: '8002'
2020-04-08 12:55:56 [hystrix-Controller-10] INFO  ms.contract.controller.Controller - Called endpoint: 'contractByDocument' | Port: '8002'
2020-04-08 12:56:14 [hystrix-Controller-10] INFO  ms.contract.controller.Controller - Called endpoint: 'contractByDocument' | Port: '8002'
2020-04-08 12:56:16 [hystrix-Controller-10] INFO  ms.contract.controller.Controller - Called endpoint: 'contractByDocument' | Port: '8002'
2020-04-08 12:56:24 [hystrix-Controller-10] INFO  ms.contract.controller.Controller - Called endpoint: 'contractByDocument' | Port: '8002'
2020-04-08 12:56:27 [hystrix-Controller-10] INFO  ms.contract.controller.Controller - Called endpoint: 'contractByDocument' | Port: '8002'
2020-04-08 12:56:29 [hystrix-Controller-10] INFO  ms.contract.controller.Controller - Called endpoint: 'contractByDocument' | Port: '8002'
2020-04-08 12:56:32 [hystrix-Controller-10] INFO  ms.contract.controller.Controller - Called endpoint: 'contractByDocument' | Port: '8002'
2020-04-08 12:56:59 [hystrix-Controller-10] INFO  ms.contract.controller.Controller - Called endpoint: 'contractByDocument' | Port: '8002'
2020-04-08 12:57:03 [hystrix-Controller-10] INFO  ms.contract.controller.Controller - Called endpoint: 'contractByDocument' | Port: '8002'
2020-04-08 12:57:13 [hystrix-Controller-10] INFO  ms.contract.controller.Controller - Called endpoint: 'contractByDocument' | Port: '8002'
2020-04-08 12:57:51 [hystrix-Controller-10] INFO  ms.contract.controller.Controller - Called endpoint: 'contractByDocument' | Port: '8002'
2020-04-08 12:57:53 [hystrix-Controller-10] INFO  ms.contract.controller.Controller - Called endpoint: 'contractByDocument' | Port: '8002'
2020-04-08 12:58:14 [hystrix-Controller-10] INFO  ms.contract.controller.Controller - Called endpoint: 'contractByDocument' | Port: '8002'
2020-04-08 12:58:50 [hystrix-Controller-10] INFO  ms.contract.controller.Controller - Called endpoint: 'contractByDocument' | Port: '8002'
2020-04-08 12:59:03 [hystrix-Controller-10] INFO  ms.contract.controller.Controller - Called endpoint: 'contractByDocument' | Port: '8002'
2020-04-08 12:59:30 [hystrix-Controller-10] INFO  ms.contract.controller.Controller - Called endpoint: 'contractByDocument' | Port: '8002'
2020-04-08 12:59:54 [hystrix-Controller-10] INFO  ms.contract.controller.Controller - Called endpoint: 'contractByDocument' | Port: '8002'
2020-04-08 13:00:12 [hystrix-Controller-10] INFO  ms.contract.controller.Controller - Called endpoint: 'contractByDocument' | Port: '8002'
2020-04-08 13:00:24 [hystrix-Controller-10] INFO  ms.contract.controller.Controller - Called endpoint: 'contractByDocument' | Port: '8002'
2020-04-08 13:00:29 [hystrix-Controller-10] INFO  ms.contract.controller.Controller - Called endpoint: 'contractByDocument' | Port: '8002'
2020-04-08 13:00:39 [hystrix-Controller-10] INFO  ms.contract.controller.Controller - Called endpoint: 'contractByDocument' | Port: '8002'
2020-04-08 13:00:49 [hystrix-Controller-10] INFO  ms.contract.controller.Controller - Called endpoint: 'contractByDocument' | Port: '8002'
2020-04-08 13:01:04 [hystrix-Controller-10] INFO  ms.contract.controller.Controller - Called endpoint: 'contractByDocument' | Port: '8002'
2020-04-08 13:01:25 [hystrix-Controller-10] INFO  ms.contract.controller.Controller - Called endpoint: 'contractByDocument' | Port: '8002'
2020-04-08 13:01:55 [hystrix-Controller-10] INFO  ms.contract.controller.Controller - Called endpoint: 'contractByDocument' | Port: '8002'
2020-04-08 13:02:14 [hystrix-Controller-10] INFO  ms.contract.controller.Controller - Called endpoint: 'contractByDocument' | Port: '8002'
2020-04-08 13:02:18 [hystrix-Controller-10] INFO  ms.contract.controller.Controller - Called endpoint: 'contractByDocument' | Port: '8002'
2020-04-08 13:02:27 [hystrix-Controller-10] INFO  ms.contract.controller.Controller - Called endpoint: 'contractByDocument' | Port: '8002'
2020-04-08 13:02:48 [hystrix-Controller-10] INFO  ms.contract.controller.Controller - Called endpoint: 'contractByDocument' | Port: '8002'
2020-04-08 13:44:31 [hystrix-Controller-10] INFO  ms.contract.controller.Controller - Called endpoint: 'contractByDocument' | Port: '8002'
2020-04-08 13:45:00 [hystrix-Controller-10] INFO  ms.contract.controller.Controller - Called endpoint: 'contractAll' | Port: '8002'
2020-04-08 13:45:31 [hystrix-Controller-10] INFO  ms.contract.controller.Controller - Called endpoint: 'contractByDocument' | Port: '8002'
2020-04-08 13:45:33 [hystrix-Controller-10] INFO  ms.contract.controller.Controller - Called endpoint: 'contractByDocument' | Port: '8002'
2020-04-08 13:45:38 [hystrix-Controller-10] INFO  ms.contract.controller.Controller - Called endpoint: 'contractByDocument' | Port: '8002'
2020-04-08 13:45:45 [hystrix-Controller-10] INFO  ms.contract.controller.Controller - Called endpoint: 'contractByDocument' | Port: '8002'
2020-04-08 13:45:48 [hystrix-Controller-10] INFO  ms.contract.controller.Controller - Called endpoint: 'contractByDocument' | Port: '8002'
2020-04-08 13:45:56 [hystrix-Controller-10] INFO  ms.contract.controller.Controller - Called endpoint: 'contractByDocument' | Port: '8002'
2020-04-08 13:47:10 [hystrix-Controller-10] INFO  ms.contract.controller.Controller - Called endpoint: 'contractByDocument' | Port: '8002'
2020-04-08 13:47:34 [hystrix-Controller-10] INFO  ms.contract.controller.Controller - Called endpoint: 'contractByDocument' | Port: '8002'
2020-04-08 13:48:13 [hystrix-Controller-10] INFO  ms.contract.controller.Controller - Called endpoint: 'contractByDocument' | Port: '8002'
2020-04-08 13:49:17 [hystrix-Controller-10] INFO  ms.contract.controller.Controller - Called endpoint: 'contractByDocument' | Port: '8002'
2020-04-08 13:49:44 [hystrix-Controller-10] INFO  ms.contract.controller.Controller - Called endpoint: 'contractByDocument' | Port: '8002'
2020-04-08 13:49:53 [hystrix-Controller-10] INFO  ms.contract.controller.Controller - Called endpoint: 'contractByDocument' | Port: '8002'
2020-04-08 13:50:02 [hystrix-Controller-10] INFO  ms.contract.controller.Controller - Called endpoint: 'contractByDocument' | Port: '8002'
2020-04-08 13:50:07 [hystrix-Controller-10] INFO  ms.contract.controller.Controller - Called endpoint: 'contractByDocument' | Port: '8002'
2020-04-08 13:50:11 [hystrix-Controller-10] INFO  ms.contract.controller.Controller - Called endpoint: 'contractByDocument' | Port: '8002'
2020-04-08 13:50:36 [hystrix-Controller-10] INFO  ms.contract.controller.Controller - Called endpoint: 'contractByDocument' | Port: '8002'
2020-04-08 13:50:40 [hystrix-Controller-10] INFO  ms.contract.controller.Controller - Called endpoint: 'contractByDocument' | Port: '8002'
2020-04-08 13:50:56 [hystrix-Controller-10] INFO  ms.contract.controller.Controller - Called endpoint: 'contractByDocument' | Port: '8002'
2020-04-08 13:51:04 [hystrix-Controller-10] INFO  ms.contract.controller.Controller - Called endpoint: 'contractByDocument' | Port: '8002'
2020-04-08 13:51:18 [hystrix-Controller-10] INFO  ms.contract.controller.Controller - Called endpoint: 'contractAll' | Port: '8002'
2020-04-08 13:54:02 [restartedMain] INFO  ms.contract.MsContractApplication - No active profile set, falling back to default profiles: default
2020-04-08 13:54:08 [restartedMain] INFO  ms.contract.MsContractApplication - No active profile set, falling back to default profiles: default
2020-04-08 13:54:15 [restartedMain] INFO  ms.contract.MsContractApplication - Started MsContractApplication in 11.513 seconds (JVM running for 12.192)
2020-04-08 13:54:19 [hystrix-Controller-1] INFO  ms.contract.controller.Controller - Called endpoint: 'contractAll' | Port: '8002'
2020-04-08 13:54:21 [hystrix-Controller-2] INFO  ms.contract.controller.Controller - Called endpoint: 'contractAll' | Port: '8002'
2020-04-08 13:55:05 [hystrix-Controller-3] INFO  ms.contract.controller.Controller - Called endpoint: 'contractByDocument' | Port: '8002'
2020-04-08 13:55:22 [hystrix-Controller-4] INFO  ms.contract.controller.Controller - Called endpoint: 'contractByDocument' | Port: '8002'
2020-04-08 14:10:09 [hystrix-Controller-5] INFO  ms.contract.controller.Controller - Called endpoint: 'contractByDocument' | Port: '8002'
2020-04-08 14:10:35 [hystrix-Controller-6] INFO  ms.contract.controller.Controller - Called endpoint: 'contractByDocument' | Port: '8002'
2020-04-08 14:11:30 [restartedMain] INFO  ms.contract.MsContractApplication - No active profile set, falling back to default profiles: default
2020-04-08 14:11:33 [restartedMain] INFO  ms.contract.MsContractApplication - Started MsContractApplication in 8.177 seconds (JVM running for 1050.528)
2020-04-08 14:11:33 [hystrix-Controller-1] INFO  ms.contract.controller.Controller - Called endpoint: 'contractByDocument' | Port: '8002'
2020-04-08 14:11:45 [hystrix-Controller-2] INFO  ms.contract.controller.Controller - Called endpoint: 'contractByDocument' | Port: '8002'
2020-04-08 14:11:48 [hystrix-Controller-3] INFO  ms.contract.controller.Controller - Called endpoint: 'contractByDocument' | Port: '8002'
2020-04-08 14:14:13 [restartedMain] INFO  ms.contract.MsContractApplication - No active profile set, falling back to default profiles: default
2020-04-08 14:14:16 [restartedMain] INFO  ms.contract.MsContractApplication - Started MsContractApplication in 8.006 seconds (JVM running for 1213.636)
2020-04-08 14:14:17 [hystrix-Controller-1] INFO  ms.contract.controller.Controller - Called endpoint: 'contractByDocument' | Port: '8002'
2020-04-08 14:14:19 [hystrix-Controller-2] INFO  ms.contract.controller.Controller - Called endpoint: 'contractByDocument' | Port: '8002'
2020-04-08 14:15:02 [hystrix-Controller-3] INFO  ms.contract.controller.Controller - Called endpoint: 'contractByDocument' | Port: '8002'
2020-04-08 14:15:24 [hystrix-Controller-4] INFO  ms.contract.controller.Controller - Called endpoint: 'contractByDocument' | Port: '8002'
2020-04-08 14:15:43 [hystrix-Controller-5] INFO  ms.contract.controller.Controller - Called endpoint: 'contractByDocument' | Port: '8002'
2020-04-08 14:15:49 [hystrix-Controller-6] INFO  ms.contract.controller.Controller - Called endpoint: 'contractByDocument' | Port: '8002'
2020-04-08 14:19:10 [hystrix-Controller-7] INFO  ms.contract.controller.Controller - Called endpoint: 'contractByDocument' | Port: '8002'
2020-04-08 14:19:55 [hystrix-Controller-8] INFO  ms.contract.controller.Controller - Called endpoint: 'contractByDocument' | Port: '8002'
2020-04-08 14:20:42 [hystrix-Controller-9] INFO  ms.contract.controller.Controller - Called endpoint: 'contractByDocument' | Port: '8002'
2020-04-08 14:21:01 [hystrix-Controller-10] INFO  ms.contract.controller.Controller - Called endpoint: 'contractByDocument' | Port: '8002'
2020-04-08 14:21:28 [hystrix-Controller-10] INFO  ms.contract.controller.Controller - Called endpoint: 'contractByDocument' | Port: '8002'
2020-04-08 14:22:13 [hystrix-Controller-10] INFO  ms.contract.controller.Controller - Called endpoint: 'contractByDocument' | Port: '8002'
2020-04-08 14:22:27 [hystrix-Controller-10] INFO  ms.contract.controller.Controller - Called endpoint: 'contractByDocument' | Port: '8002'
2020-04-08 14:22:50 [hystrix-Controller-10] INFO  ms.contract.controller.Controller - Called endpoint: 'contractByDocument' | Port: '8002'
2020-04-08 14:23:25 [hystrix-Controller-10] INFO  ms.contract.controller.Controller - Called endpoint: 'contractByDocument' | Port: '8002'
2020-04-08 14:23:36 [hystrix-Controller-10] INFO  ms.contract.controller.Controller - Called endpoint: 'contractByDocument' | Port: '8002'
2020-04-08 14:23:45 [hystrix-Controller-10] INFO  ms.contract.controller.Controller - Called endpoint: 'contractByDocument' | Port: '8002'
2020-04-08 14:23:57 [hystrix-Controller-10] INFO  ms.contract.controller.Controller - Called endpoint: 'contractByDocument' | Port: '8002'
2020-04-08 14:24:33 [hystrix-Controller-10] INFO  ms.contract.controller.Controller - Called endpoint: 'contractByDocument' | Port: '8002'
2020-04-08 14:45:24 [hystrix-Controller-10] INFO  ms.contract.controller.Controller - Called endpoint: 'contractByDocument' | Port: '8002'
2020-04-08 14:45:32 [hystrix-Controller-10] INFO  ms.contract.controller.Controller - Called endpoint: 'contractByDocument' | Port: '8002'
2020-04-08 14:45:54 [hystrix-Controller-10] INFO  ms.contract.controller.Controller - Called endpoint: 'contractByDocument' | Port: '8002'
2020-04-08 14:48:44 [hystrix-Controller-10] INFO  ms.contract.controller.Controller - Called endpoint: 'contractAll' | Port: '8002'
2020-04-08 14:49:50 [hystrix-Controller-10] INFO  ms.contract.controller.Controller - Called endpoint: 'contractByDocument' | Port: '8002'
2020-04-08 14:50:47 [hystrix-Controller-10] INFO  ms.contract.controller.Controller - Called endpoint: 'contractByDocument' | Port: '8002'
2020-04-08 14:51:15 [hystrix-Controller-10] INFO  ms.contract.controller.Controller - Called endpoint: 'contractByDocument' | Port: '8002'
2020-04-08 14:51:36 [hystrix-Controller-10] INFO  ms.contract.controller.Controller - Called endpoint: 'contractByDocument' | Port: '8002'
2020-04-08 15:12:58 [hystrix-Controller-10] INFO  ms.contract.controller.Controller - Called endpoint: 'contractByDocument' | Port: '8002'
2020-04-08 15:15:17 [hystrix-Controller-10] INFO  ms.contract.controller.Controller - Called endpoint: 'contractByDocument' | Port: '8002'
2020-04-08 15:17:25 [hystrix-Controller-10] INFO  ms.contract.controller.Controller - Called endpoint: 'contractByDocument' | Port: '8002'
2020-04-08 15:17:26 [hystrix-Controller-10] INFO  ms.contract.controller.Controller - Called endpoint: 'contractByDocument' | Port: '8002'
2020-04-08 15:18:35 [hystrix-Controller-10] INFO  ms.contract.controller.Controller - Called endpoint: 'contractByDocument' | Port: '8002'
2020-04-08 15:18:42 [hystrix-Controller-10] INFO  ms.contract.controller.Controller - Called endpoint: 'contractByDocument' | Port: '8002'
2020-04-08 15:28:43 [hystrix-Controller-10] INFO  ms.contract.controller.Controller - Called endpoint: 'contractByDocument' | Port: '8002'
2020-04-08 15:43:01 [restartedMain] INFO  ms.contract.MsContractApplication - No active profile set, falling back to default profiles: default
2020-04-08 15:43:05 [restartedMain] INFO  ms.contract.MsContractApplication - Started MsContractApplication in 7.949 seconds (JVM running for 6541.776)
2020-04-08 16:57:41 [hystrix-Controller-1] INFO  ms.contract.controller.Controller - Called endpoint: 'contractAll' | Port: '8002'
2020-04-08 17:03:20 [hystrix-Controller-2] INFO  ms.contract.controller.Controller - Called endpoint: 'contractByDocument' | Port: '8002'
2020-04-08 17:04:07 [hystrix-Controller-3] INFO  ms.contract.controller.Controller - Called endpoint: 'contractByDocument' | Port: '8002'
2020-04-08 17:05:11 [hystrix-Controller-4] INFO  ms.contract.controller.Controller - Called endpoint: 'contractByDocument' | Port: '8002'
2020-04-08 17:05:27 [hystrix-Controller-5] INFO  ms.contract.controller.Controller - Called endpoint: 'contractByDocument' | Port: '8002'
2020-04-08 17:05:41 [hystrix-Controller-6] INFO  ms.contract.controller.Controller - Called endpoint: 'contractByDocument' | Port: '8002'
2020-04-08 17:06:59 [hystrix-Controller-7] INFO  ms.contract.controller.Controller - Called endpoint: 'contractByDocument' | Port: '8002'
2020-04-08 17:12:23 [hystrix-Controller-8] INFO  ms.contract.controller.Controller - Called endpoint: 'contractAll' | Port: '8002'
2020-04-08 17:12:26 [hystrix-Controller-9] INFO  ms.contract.controller.Controller - Called endpoint: 'contractByDocument' | Port: '8002'
2020-04-08 17:12:29 [hystrix-Controller-10] INFO  ms.contract.controller.Controller - Called endpoint: 'contractByDocument' | Port: '8002'
2020-04-08 17:12:32 [hystrix-Controller-10] INFO  ms.contract.controller.Controller - Called endpoint: 'contractAll' | Port: '8002'
2020-04-08 17:12:37 [hystrix-Controller-10] INFO  ms.contract.controller.Controller - Called endpoint: 'contractByDocument' | Port: '8002'
2020-04-08 17:17:28 [hystrix-Controller-10] INFO  ms.contract.controller.Controller - Called endpoint: 'contractByDocument' | Port: '8002'
2020-04-08 17:17:51 [hystrix-Controller-10] INFO  ms.contract.controller.Controller - Called endpoint: 'contractByDocument' | Port: '8002'
2020-04-08 17:18:17 [hystrix-Controller-10] INFO  ms.contract.controller.Controller - Called endpoint: 'contractByDocument' | Port: '8002'
2020-04-08 17:18:18 [hystrix-Controller-10] INFO  ms.contract.controller.Controller - Called endpoint: 'contractAll' | Port: '8002'
2020-04-08 17:18:18 [hystrix-Controller-10] INFO  ms.contract.controller.Controller - Called endpoint: 'contractAll' | Port: '8002'
2020-04-08 17:18:19 [hystrix-Controller-10] INFO  ms.contract.controller.Controller - Called endpoint: 'contractByDocument' | Port: '8002'
2020-04-08 17:18:35 [hystrix-Controller-10] INFO  ms.contract.controller.Controller - Called endpoint: 'contractByDocument' | Port: '8002'
2020-04-08 17:18:51 [hystrix-Controller-10] INFO  ms.contract.controller.Controller - Called endpoint: 'contractByDocument' | Port: '8002'
2020-04-08 17:18:59 [hystrix-Controller-10] INFO  ms.contract.controller.Controller - Called endpoint: 'contractByDocument' | Port: '8002'
2020-04-08 17:19:07 [hystrix-Controller-10] INFO  ms.contract.controller.Controller - Called endpoint: 'contractByDocument' | Port: '8002'
2020-04-08 17:19:10 [hystrix-Controller-10] INFO  ms.contract.controller.Controller - Called endpoint: 'contractByDocument' | Port: '8002'
2020-04-08 17:19:14 [hystrix-Controller-10] INFO  ms.contract.controller.Controller - Called endpoint: 'contractByDocument' | Port: '8002'
2020-04-08 17:19:16 [hystrix-Controller-10] INFO  ms.contract.controller.Controller - Called endpoint: 'contractByDocument' | Port: '8002'
2020-04-08 17:19:17 [hystrix-Controller-10] INFO  ms.contract.controller.Controller - Called endpoint: 'contractByDocument' | Port: '8002'
2020-04-08 17:19:17 [hystrix-Controller-10] INFO  ms.contract.controller.Controller - Called endpoint: 'contractByDocument' | Port: '8002'
2020-04-08 17:19:18 [hystrix-Controller-10] INFO  ms.contract.controller.Controller - Called endpoint: 'contractByDocument' | Port: '8002'
2020-04-08 17:19:19 [hystrix-Controller-10] INFO  ms.contract.controller.Controller - Called endpoint: 'contractByDocument' | Port: '8002'
2020-04-08 17:19:25 [hystrix-Controller-10] INFO  ms.contract.controller.Controller - Called endpoint: 'contractByDocument' | Port: '8002'
2020-04-08 17:19:26 [hystrix-Controller-10] INFO  ms.contract.controller.Controller - Called endpoint: 'contractByDocument' | Port: '8002'
2020-04-08 17:19:27 [hystrix-Controller-10] INFO  ms.contract.controller.Controller - Called endpoint: 'contractByDocument' | Port: '8002'
2020-04-08 17:19:28 [hystrix-Controller-10] INFO  ms.contract.controller.Controller - Called endpoint: 'contractByDocument' | Port: '8002'
2020-04-08 17:19:29 [hystrix-Controller-10] INFO  ms.contract.controller.Controller - Called endpoint: 'contractByDocument' | Port: '8002'
2020-04-08 17:19:31 [hystrix-Controller-10] INFO  ms.contract.controller.Controller - Called endpoint: 'contractByDocument' | Port: '8002'
2020-04-08 17:19:33 [hystrix-Controller-10] INFO  ms.contract.controller.Controller - Called endpoint: 'contractByDocument' | Port: '8002'
2020-04-08 17:19:34 [hystrix-Controller-10] INFO  ms.contract.controller.Controller - Called endpoint: 'contractByDocument' | Port: '8002'
2020-04-08 17:19:36 [hystrix-Controller-10] INFO  ms.contract.controller.Controller - Called endpoint: 'contractByDocument' | Port: '8002'
2020-04-08 17:19:37 [hystrix-Controller-10] INFO  ms.contract.controller.Controller - Called endpoint: 'contractByDocument' | Port: '8002'
2020-04-08 17:19:38 [hystrix-Controller-10] INFO  ms.contract.controller.Controller - Called endpoint: 'contractByDocument' | Port: '8002'
2020-04-08 17:19:40 [hystrix-Controller-10] INFO  ms.contract.controller.Controller - Called endpoint: 'contractByDocument' | Port: '8002'
2020-04-08 17:19:41 [hystrix-Controller-10] INFO  ms.contract.controller.Controller - Called endpoint: 'contractByDocument' | Port: '8002'
2020-04-08 17:20:26 [hystrix-Controller-10] INFO  ms.contract.controller.Controller - Called endpoint: 'contractByDocument' | Port: '8002'
2020-04-08 17:20:31 [hystrix-Controller-10] INFO  ms.contract.controller.Controller - Called endpoint: 'contractByDocument' | Port: '8002'
2020-04-08 17:20:35 [hystrix-Controller-10] INFO  ms.contract.controller.Controller - Called endpoint: 'contractByDocument' | Port: '8002'
2020-04-08 17:21:07 [hystrix-Controller-10] INFO  ms.contract.controller.Controller - Called endpoint: 'contractByDocument' | Port: '8002'
2020-04-08 17:21:33 [hystrix-Controller-10] INFO  ms.contract.controller.Controller - Called endpoint: 'contractByDocument' | Port: '8002'
2020-04-08 17:21:36 [hystrix-Controller-10] INFO  ms.contract.controller.Controller - Called endpoint: 'contractByDocument' | Port: '8002'
2020-04-08 17:21:56 [hystrix-Controller-10] INFO  ms.contract.controller.Controller - Called endpoint: 'contractByDocument' | Port: '8002'
2020-04-08 17:22:05 [hystrix-Controller-10] INFO  ms.contract.controller.Controller - Called endpoint: 'contractByDocument' | Port: '8002'
2020-04-08 17:22:41 [hystrix-Controller-10] INFO  ms.contract.controller.Controller - Called endpoint: 'contractByDocument' | Port: '8002'
2020-04-08 17:23:01 [hystrix-Controller-10] INFO  ms.contract.controller.Controller - Called endpoint: 'contractByDocument' | Port: '8002'
2020-04-08 17:25:31 [hystrix-Controller-10] INFO  ms.contract.controller.Controller - Called endpoint: 'contractByDocument' | Port: '8002'
2020-04-08 17:25:43 [hystrix-Controller-10] INFO  ms.contract.controller.Controller - Called endpoint: 'contractByDocument' | Port: '8002'
2020-04-08 17:26:05 [hystrix-Controller-10] INFO  ms.contract.controller.Controller - Called endpoint: 'contractByDocument' | Port: '8002'
2020-04-08 18:09:27 [hystrix-Controller-10] INFO  ms.contract.controller.Controller - Called endpoint: 'contractByDocument' | Port: '8002'
2020-04-08 18:12:14 [hystrix-Controller-10] INFO  ms.contract.controller.Controller - Called endpoint: 'contractByDocument' | Port: '8002'
2020-04-08 18:12:32 [hystrix-Controller-10] INFO  ms.contract.controller.Controller - Called endpoint: 'contractByDocument' | Port: '8002'
2020-04-08 18:12:55 [hystrix-Controller-10] INFO  ms.contract.controller.Controller - Called endpoint: 'contractByDocument' | Port: '8002'
2020-04-08 18:13:07 [hystrix-Controller-10] INFO  ms.contract.controller.Controller - Called endpoint: 'contractByDocument' | Port: '8002'
2020-04-08 18:13:49 [hystrix-Controller-10] INFO  ms.contract.controller.Controller - Called endpoint: 'contractByDocument' | Port: '8002'
2020-04-08 18:14:13 [hystrix-Controller-10] INFO  ms.contract.controller.Controller - Called endpoint: 'contractByDocument' | Port: '8002'
2020-04-08 18:14:33 [hystrix-Controller-10] INFO  ms.contract.controller.Controller - Called endpoint: 'contractByDocument' | Port: '8002'
2020-04-08 18:16:37 [hystrix-Controller-10] INFO  ms.contract.controller.Controller - Called endpoint: 'contractByDocument' | Port: '8002'
2020-04-08 18:16:58 [hystrix-Controller-10] INFO  ms.contract.controller.Controller - Called endpoint: 'contractByDocument' | Port: '8002'
2020-04-08 18:17:20 [hystrix-Controller-10] INFO  ms.contract.controller.Controller - Called endpoint: 'contractByDocument' | Port: '8002'
2020-04-08 18:17:28 [hystrix-Controller-10] INFO  ms.contract.controller.Controller - Called endpoint: 'contractByDocument' | Port: '8002'
2020-04-08 18:17:53 [hystrix-Controller-10] INFO  ms.contract.controller.Controller - Called endpoint: 'contractByDocument' | Port: '8002'
2020-04-08 18:18:02 [hystrix-Controller-10] INFO  ms.contract.controller.Controller - Called endpoint: 'contractByDocument' | Port: '8002'
2020-04-08 18:18:35 [hystrix-Controller-10] INFO  ms.contract.controller.Controller - Called endpoint: 'contractByDocument' | Port: '8002'
2020-04-08 18:18:43 [hystrix-Controller-10] INFO  ms.contract.controller.Controller - Called endpoint: 'contractByDocument' | Port: '8002'
2020-04-08 18:18:59 [hystrix-Controller-10] INFO  ms.contract.controller.Controller - Called endpoint: 'contractByDocument' | Port: '8002'
2020-04-08 18:19:05 [hystrix-Controller-10] INFO  ms.contract.controller.Controller - Called endpoint: 'contractByDocument' | Port: '8002'
2020-04-08 18:19:16 [hystrix-Controller-10] INFO  ms.contract.controller.Controller - Called endpoint: 'contractByDocument' | Port: '8002'
2020-04-08 18:19:25 [hystrix-Controller-10] INFO  ms.contract.controller.Controller - Called endpoint: 'contractByDocument' | Port: '8002'
2020-04-08 18:19:28 [hystrix-Controller-10] INFO  ms.contract.controller.Controller - Called endpoint: 'contractByDocument' | Port: '8002'
2020-04-08 18:19:31 [hystrix-Controller-10] INFO  ms.contract.controller.Controller - Called endpoint: 'contractByDocument' | Port: '8002'
2020-04-08 18:19:33 [hystrix-Controller-10] INFO  ms.contract.controller.Controller - Called endpoint: 'contractByDocument' | Port: '8002'
2020-04-08 18:19:35 [hystrix-Controller-10] INFO  ms.contract.controller.Controller - Called endpoint: 'contractByDocument' | Port: '8002'
2020-04-08 18:19:47 [hystrix-Controller-10] INFO  ms.contract.controller.Controller - Called endpoint: 'contractByDocument' | Port: '8002'
2020-04-08 18:20:08 [hystrix-Controller-10] INFO  ms.contract.controller.Controller - Called endpoint: 'contractByDocument' | Port: '8002'
2020-04-08 18:21:03 [hystrix-Controller-10] INFO  ms.contract.controller.Controller - Called endpoint: 'contractByDocument' | Port: '8002'
2020-04-08 18:21:28 [hystrix-Controller-10] INFO  ms.contract.controller.Controller - Called endpoint: 'contractByDocument' | Port: '8002'
2020-04-08 18:21:33 [hystrix-Controller-10] INFO  ms.contract.controller.Controller - Called endpoint: 'contractByDocument' | Port: '8002'
2020-04-08 18:21:35 [hystrix-Controller-10] INFO  ms.contract.controller.Controller - Called endpoint: 'contractByDocument' | Port: '8002'
2020-04-08 18:22:26 [hystrix-Controller-10] INFO  ms.contract.controller.Controller - Called endpoint: 'contractByDocument' | Port: '8002'
2020-04-08 18:24:01 [hystrix-Controller-10] INFO  ms.contract.controller.Controller - Called endpoint: 'contractByDocument' | Port: '8002'
2020-04-08 18:24:06 [hystrix-Controller-10] INFO  ms.contract.controller.Controller - Called endpoint: 'contractByDocument' | Port: '8002'
2020-04-08 19:00:28 [hystrix-Controller-10] INFO  ms.contract.controller.Controller - Called endpoint: 'contractByDocument' | Port: '8002'
2020-04-08 19:00:30 [hystrix-Controller-10] INFO  ms.contract.controller.Controller - Called endpoint: 'contractByDocument' | Port: '8002'
2020-04-08 19:00:46 [hystrix-Controller-10] INFO  ms.contract.controller.Controller - Called endpoint: 'contractByDocument' | Port: '8002'
2020-04-08 19:01:44 [hystrix-Controller-10] INFO  ms.contract.controller.Controller - Called endpoint: 'contractAll' | Port: '8002'
2020-04-08 19:02:14 [hystrix-Controller-10] INFO  ms.contract.controller.Controller - Called endpoint: 'contractByDocument' | Port: '8002'
2020-04-08 19:02:16 [hystrix-Controller-10] INFO  ms.contract.controller.Controller - Called endpoint: 'contractByDocument' | Port: '8002'
2020-04-08 19:02:49 [hystrix-Controller-10] INFO  ms.contract.controller.Controller - Called endpoint: 'contractByDocument' | Port: '8002'
2020-04-08 19:02:53 [hystrix-Controller-10] INFO  ms.contract.controller.Controller - Called endpoint: 'contractByDocument' | Port: '8002'
2020-04-08 19:03:10 [hystrix-Controller-10] INFO  ms.contract.controller.Controller - Called endpoint: 'contractByDocument' | Port: '8002'
2020-04-08 19:03:41 [hystrix-Controller-10] INFO  ms.contract.controller.Controller - Called endpoint: 'contractByDocument' | Port: '8002'
2020-04-08 19:08:01 [hystrix-Controller-10] INFO  ms.contract.controller.Controller - Called endpoint: 'contractByDocument' | Port: '8002'
2020-04-08 19:08:10 [hystrix-Controller-10] INFO  ms.contract.controller.Controller - Called endpoint: 'contractByDocument' | Port: '8002'
2020-04-08 19:08:14 [hystrix-Controller-10] INFO  ms.contract.controller.Controller - Called endpoint: 'contractByDocument' | Port: '8002'
2020-04-08 19:08:17 [hystrix-Controller-10] INFO  ms.contract.controller.Controller - Called endpoint: 'contractByDocument' | Port: '8002'
2020-04-08 19:08:44 [hystrix-Controller-10] INFO  ms.contract.controller.Controller - Called endpoint: 'contractByDocument' | Port: '8002'
2020-04-08 19:08:48 [hystrix-Controller-10] INFO  ms.contract.controller.Controller - Called endpoint: 'contractByDocument' | Port: '8002'
2020-04-08 19:09:41 [hystrix-Controller-10] INFO  ms.contract.controller.Controller - Called endpoint: 'contractByDocument' | Port: '8002'
2020-04-08 19:09:44 [hystrix-Controller-10] INFO  ms.contract.controller.Controller - Called endpoint: 'contractByDocument' | Port: '8002'
2020-04-08 19:10:39 [hystrix-Controller-10] INFO  ms.contract.controller.Controller - Called endpoint: 'contractByDocument' | Port: '8002'
2020-04-08 19:11:13 [hystrix-Controller-10] INFO  ms.contract.controller.Controller - Called endpoint: 'contractByDocument' | Port: '8002'
2020-04-08 19:11:23 [hystrix-Controller-10] INFO  ms.contract.controller.Controller - Called endpoint: 'contractByDocument' | Port: '8002'
2020-04-08 19:12:55 [hystrix-Controller-10] INFO  ms.contract.controller.Controller - Called endpoint: 'contractByDocument' | Port: '8002'
2020-04-08 19:12:58 [hystrix-Controller-10] INFO  ms.contract.controller.Controller - Called endpoint: 'contractByDocument' | Port: '8002'
2020-04-08 19:17:21 [hystrix-Controller-10] INFO  ms.contract.controller.Controller - Called endpoint: 'contractByDocument' | Port: '8002'
2020-04-08 19:18:16 [hystrix-Controller-10] INFO  ms.contract.controller.Controller - Called endpoint: 'contractByDocument' | Port: '8002'
2020-04-08 19:18:20 [hystrix-Controller-10] INFO  ms.contract.controller.Controller - Called endpoint: 'contractByDocument' | Port: '8002'
2020-04-08 19:19:29 [hystrix-Controller-10] INFO  ms.contract.controller.Controller - Called endpoint: 'contractByDocument' | Port: '8002'
2020-04-08 19:20:03 [hystrix-Controller-10] INFO  ms.contract.controller.Controller - Called endpoint: 'contractByDocument' | Port: '8002'
2020-04-08 19:20:23 [hystrix-Controller-10] INFO  ms.contract.controller.Controller - Called endpoint: 'contractByDocument' | Port: '8002'
2020-04-08 19:20:43 [hystrix-Controller-10] INFO  ms.contract.controller.Controller - Called endpoint: 'contractByDocument' | Port: '8002'
2020-04-08 19:20:59 [hystrix-Controller-10] INFO  ms.contract.controller.Controller - Called endpoint: 'contractByDocument' | Port: '8002'
2020-04-08 19:29:08 [hystrix-Controller-10] INFO  ms.contract.controller.Controller - Called endpoint: 'contractByDocument' | Port: '8002'
2020-04-08 19:29:18 [hystrix-Controller-10] INFO  ms.contract.controller.Controller - Called endpoint: 'contractByDocument' | Port: '8002'
2020-04-08 19:29:55 [hystrix-Controller-10] INFO  ms.contract.controller.Controller - Called endpoint: 'contractByDocument' | Port: '8002'
2020-04-08 19:29:59 [hystrix-Controller-10] INFO  ms.contract.controller.Controller - Called endpoint: 'contractByDocument' | Port: '8002'
2020-04-08 19:30:19 [hystrix-Controller-10] INFO  ms.contract.controller.Controller - Called endpoint: 'contractByDocument' | Port: '8002'
2020-04-08 19:30:45 [hystrix-Controller-10] INFO  ms.contract.controller.Controller - Called endpoint: 'contractByDocument' | Port: '8002'
2020-04-08 19:31:52 [hystrix-Controller-10] INFO  ms.contract.controller.Controller - Called endpoint: 'contractByDocument' | Port: '8002'
2020-04-08 19:32:05 [hystrix-Controller-10] INFO  ms.contract.controller.Controller - Called endpoint: 'contractByDocument' | Port: '8002'
2020-04-08 19:32:11 [hystrix-Controller-10] INFO  ms.contract.controller.Controller - Called endpoint: 'contractByDocument' | Port: '8002'
2020-04-08 19:32:44 [hystrix-Controller-10] INFO  ms.contract.controller.Controller - Called endpoint: 'contractByDocument' | Port: '8002'
2020-04-08 19:33:19 [hystrix-Controller-10] INFO  ms.contract.controller.Controller - Called endpoint: 'contractByDocument' | Port: '8002'
2020-04-08 19:33:34 [hystrix-Controller-10] INFO  ms.contract.controller.Controller - Called endpoint: 'contractByDocument' | Port: '8002'
2020-04-08 19:33:47 [hystrix-Controller-10] INFO  ms.contract.controller.Controller - Called endpoint: 'contractByDocument' | Port: '8002'
2020-04-08 19:34:38 [hystrix-Controller-10] INFO  ms.contract.controller.Controller - Called endpoint: 'contractByDocument' | Port: '8002'
2020-04-08 19:34:46 [hystrix-Controller-10] INFO  ms.contract.controller.Controller - Called endpoint: 'contractByDocument' | Port: '8002'
2020-04-08 19:35:42 [hystrix-Controller-10] INFO  ms.contract.controller.Controller - Called endpoint: 'contractByDocument' | Port: '8002'
2020-04-08 19:36:10 [hystrix-Controller-10] INFO  ms.contract.controller.Controller - Called endpoint: 'contractByDocument' | Port: '8002'
2020-04-08 19:36:40 [hystrix-Controller-10] INFO  ms.contract.controller.Controller - Called endpoint: 'contractByDocument' | Port: '8002'
2020-04-08 19:37:04 [hystrix-Controller-10] INFO  ms.contract.controller.Controller - Called endpoint: 'contractByDocument' | Port: '8002'
2020-04-08 19:37:13 [hystrix-Controller-10] INFO  ms.contract.controller.Controller - Called endpoint: 'contractByDocument' | Port: '8002'
2020-04-08 19:37:24 [hystrix-Controller-10] INFO  ms.contract.controller.Controller - Called endpoint: 'contractByDocument' | Port: '8002'
2020-04-08 19:37:32 [hystrix-Controller-10] INFO  ms.contract.controller.Controller - Called endpoint: 'contractByDocument' | Port: '8002'
2020-04-08 19:37:47 [hystrix-Controller-10] INFO  ms.contract.controller.Controller - Called endpoint: 'contractByDocument' | Port: '8002'
2020-04-08 19:37:59 [hystrix-Controller-10] INFO  ms.contract.controller.Controller - Called endpoint: 'contractByDocument' | Port: '8002'
2020-04-08 19:38:11 [hystrix-Controller-10] INFO  ms.contract.controller.Controller - Called endpoint: 'contractByDocument' | Port: '8002'
2020-04-08 19:38:14 [hystrix-Controller-10] INFO  ms.contract.controller.Controller - Called endpoint: 'contractByDocument' | Port: '8002'
2020-04-08 19:38:28 [hystrix-Controller-10] INFO  ms.contract.controller.Controller - Called endpoint: 'contractByDocument' | Port: '8002'
2020-04-08 19:38:34 [hystrix-Controller-10] INFO  ms.contract.controller.Controller - Called endpoint: 'contractByDocument' | Port: '8002'
2020-04-08 19:38:37 [hystrix-Controller-10] INFO  ms.contract.controller.Controller - Called endpoint: 'contractByDocument' | Port: '8002'
2020-04-08 19:38:44 [hystrix-Controller-10] INFO  ms.contract.controller.Controller - Called endpoint: 'contractByDocument' | Port: '8002'
2020-04-08 19:39:13 [hystrix-Controller-10] INFO  ms.contract.controller.Controller - Called endpoint: 'contractByDocument' | Port: '8002'
2020-04-08 19:39:28 [hystrix-Controller-10] INFO  ms.contract.controller.Controller - Called endpoint: 'contractByDocument' | Port: '8002'
2020-04-08 19:39:54 [hystrix-Controller-10] INFO  ms.contract.controller.Controller - Called endpoint: 'contractByDocument' | Port: '8002'
2020-04-08 19:39:58 [hystrix-Controller-10] INFO  ms.contract.controller.Controller - Called endpoint: 'contractByDocument' | Port: '8002'
2020-04-08 19:40:01 [hystrix-Controller-10] INFO  ms.contract.controller.Controller - Called endpoint: 'contractByDocument' | Port: '8002'
2020-04-08 19:40:11 [hystrix-Controller-10] INFO  ms.contract.controller.Controller - Called endpoint: 'contractByDocument' | Port: '8002'
2020-04-08 19:40:21 [hystrix-Controller-10] INFO  ms.contract.controller.Controller - Called endpoint: 'contractByDocument' | Port: '8002'
2020-04-08 19:40:28 [hystrix-Controller-10] INFO  ms.contract.controller.Controller - Called endpoint: 'contractByDocument' | Port: '8002'
2020-04-08 19:40:33 [hystrix-Controller-10] INFO  ms.contract.controller.Controller - Called endpoint: 'contractByDocument' | Port: '8002'
2020-04-08 19:40:42 [hystrix-Controller-10] INFO  ms.contract.controller.Controller - Called endpoint: 'contractByDocument' | Port: '8002'
2020-04-08 19:40:54 [hystrix-Controller-10] INFO  ms.contract.controller.Controller - Called endpoint: 'contractByDocument' | Port: '8002'
2020-04-08 19:44:18 [hystrix-Controller-10] INFO  ms.contract.controller.Controller - Called endpoint: 'contractByDocument' | Port: '8002'
2020-04-08 19:44:52 [hystrix-Controller-10] INFO  ms.contract.controller.Controller - Called endpoint: 'contractByDocument' | Port: '8002'
2020-04-08 19:45:01 [hystrix-Controller-10] INFO  ms.contract.controller.Controller - Called endpoint: 'contractByDocument' | Port: '8002'
2020-04-08 19:46:05 [hystrix-Controller-10] INFO  ms.contract.controller.Controller - Called endpoint: 'contractByDocument' | Port: '8002'
2020-04-08 19:46:20 [hystrix-Controller-10] INFO  ms.contract.controller.Controller - Called endpoint: 'contractByDocument' | Port: '8002'
2020-04-08 19:46:21 [hystrix-Controller-10] INFO  ms.contract.controller.Controller - Called endpoint: 'contractByDocument' | Port: '8002'
2020-04-08 19:46:42 [hystrix-Controller-10] INFO  ms.contract.controller.Controller - Called endpoint: 'contractByDocument' | Port: '8002'
2020-04-08 19:46:57 [hystrix-Controller-10] INFO  ms.contract.controller.Controller - Called endpoint: 'contractByDocument' | Port: '8002'
2020-04-08 19:47:28 [hystrix-Controller-10] INFO  ms.contract.controller.Controller - Called endpoint: 'contractByDocument' | Port: '8002'
2020-04-08 19:48:29 [hystrix-Controller-10] INFO  ms.contract.controller.Controller - Called endpoint: 'contractByDocument' | Port: '8002'
2020-04-08 19:48:57 [hystrix-Controller-10] INFO  ms.contract.controller.Controller - Called endpoint: 'contractByDocument' | Port: '8002'
2020-04-08 19:50:04 [hystrix-Controller-10] INFO  ms.contract.controller.Controller - Called endpoint: 'contractByDocument' | Port: '8002'
2020-04-08 19:51:35 [hystrix-Controller-10] INFO  ms.contract.controller.Controller - Called endpoint: 'contractByDocument' | Port: '8002'
2020-04-08 19:53:27 [hystrix-Controller-10] INFO  ms.contract.controller.Controller - Called endpoint: 'contractByDocument' | Port: '8002'
2020-04-08 19:54:25 [hystrix-Controller-10] INFO  ms.contract.controller.Controller - Called endpoint: 'contractByDocument' | Port: '8002'
2020-04-08 19:54:31 [hystrix-Controller-10] INFO  ms.contract.controller.Controller - Called endpoint: 'contractByDocument' | Port: '8002'
2020-04-08 19:55:25 [hystrix-Controller-10] INFO  ms.contract.controller.Controller - Called endpoint: 'contractByDocument' | Port: '8002'
2020-04-08 19:55:37 [hystrix-Controller-10] INFO  ms.contract.controller.Controller - Called endpoint: 'contractByDocument' | Port: '8002'
2020-04-08 19:56:05 [hystrix-Controller-10] INFO  ms.contract.controller.Controller - Called endpoint: 'contractByDocument' | Port: '8002'
2020-04-08 19:56:07 [hystrix-Controller-10] INFO  ms.contract.controller.Controller - Called endpoint: 'contractByDocument' | Port: '8002'
2020-04-08 19:57:32 [hystrix-Controller-10] INFO  ms.contract.controller.Controller - Called endpoint: 'contractByDocument' | Port: '8002'
2020-04-08 19:57:42 [hystrix-Controller-10] INFO  ms.contract.controller.Controller - Called endpoint: 'contractByDocument' | Port: '8002'
2020-04-08 19:58:09 [hystrix-Controller-10] INFO  ms.contract.controller.Controller - Called endpoint: 'contractByDocument' | Port: '8002'
2020-04-08 19:58:26 [hystrix-Controller-10] INFO  ms.contract.controller.Controller - Called endpoint: 'contractByDocument' | Port: '8002'
2020-04-08 19:58:37 [hystrix-Controller-10] INFO  ms.contract.controller.Controller - Called endpoint: 'contractByDocument' | Port: '8002'
2020-04-08 19:58:53 [hystrix-Controller-10] INFO  ms.contract.controller.Controller - Called endpoint: 'contractByDocument' | Port: '8002'
2020-04-08 19:59:13 [hystrix-Controller-10] INFO  ms.contract.controller.Controller - Called endpoint: 'contractByDocument' | Port: '8002'
2020-04-08 19:59:20 [hystrix-Controller-10] INFO  ms.contract.controller.Controller - Called endpoint: 'contractByDocument' | Port: '8002'
2020-04-08 19:59:55 [hystrix-Controller-10] INFO  ms.contract.controller.Controller - Called endpoint: 'contractByDocument' | Port: '8002'
2020-04-08 20:01:15 [hystrix-Controller-10] INFO  ms.contract.controller.Controller - Called endpoint: 'contractByDocument' | Port: '8002'
2020-04-08 20:01:28 [hystrix-Controller-10] INFO  ms.contract.controller.Controller - Called endpoint: 'contractByDocument' | Port: '8002'
2020-04-08 20:01:50 [hystrix-Controller-10] INFO  ms.contract.controller.Controller - Called endpoint: 'contractByDocument' | Port: '8002'
2020-04-08 20:01:53 [hystrix-Controller-10] INFO  ms.contract.controller.Controller - Called endpoint: 'contractByDocument' | Port: '8002'
2020-04-08 20:02:04 [hystrix-Controller-10] INFO  ms.contract.controller.Controller - Called endpoint: 'contractByDocument' | Port: '8002'
2020-04-08 20:02:08 [hystrix-Controller-10] INFO  ms.contract.controller.Controller - Called endpoint: 'contractByDocument' | Port: '8002'
2020-04-08 20:02:44 [hystrix-Controller-10] INFO  ms.contract.controller.Controller - Called endpoint: 'contractByDocument' | Port: '8002'
2020-04-08 20:03:05 [hystrix-Controller-10] INFO  ms.contract.controller.Controller - Called endpoint: 'contractByDocument' | Port: '8002'
2020-04-08 20:03:15 [hystrix-Controller-10] INFO  ms.contract.controller.Controller - Called endpoint: 'contractByDocument' | Port: '8002'
2020-04-08 20:03:22 [hystrix-Controller-10] INFO  ms.contract.controller.Controller - Called endpoint: 'contractByDocument' | Port: '8002'
2020-04-08 20:04:55 [hystrix-Controller-10] INFO  ms.contract.controller.Controller - Called endpoint: 'contractByDocument' | Port: '8002'
2020-04-08 20:04:58 [hystrix-Controller-10] INFO  ms.contract.controller.Controller - Called endpoint: 'contractByDocument' | Port: '8002'
2020-04-08 20:05:02 [hystrix-Controller-10] INFO  ms.contract.controller.Controller - Called endpoint: 'contractByDocument' | Port: '8002'
2020-04-08 20:05:11 [hystrix-Controller-10] INFO  ms.contract.controller.Controller - Called endpoint: 'contractByDocument' | Port: '8002'
2020-04-08 20:05:18 [hystrix-Controller-10] INFO  ms.contract.controller.Controller - Called endpoint: 'contractByDocument' | Port: '8002'
2020-04-08 20:05:42 [hystrix-Controller-10] INFO  ms.contract.controller.Controller - Called endpoint: 'contractByDocument' | Port: '8002'
2020-04-08 20:05:44 [hystrix-Controller-10] INFO  ms.contract.controller.Controller - Called endpoint: 'contractByDocument' | Port: '8002'
2020-04-08 20:06:36 [hystrix-Controller-10] INFO  ms.contract.controller.Controller - Called endpoint: 'contractByDocument' | Port: '8002'
2020-04-08 20:06:48 [hystrix-Controller-10] INFO  ms.contract.controller.Controller - Called endpoint: 'contractByDocument' | Port: '8002'
2020-04-08 20:07:12 [hystrix-Controller-10] INFO  ms.contract.controller.Controller - Called endpoint: 'contractByDocument' | Port: '8002'
2020-04-08 20:07:16 [hystrix-Controller-10] INFO  ms.contract.controller.Controller - Called endpoint: 'contractByDocument' | Port: '8002'
2020-04-08 20:07:19 [hystrix-Controller-10] INFO  ms.contract.controller.Controller - Called endpoint: 'contractByDocument' | Port: '8002'
2020-04-08 20:07:29 [hystrix-Controller-10] INFO  ms.contract.controller.Controller - Called endpoint: 'contractByDocument' | Port: '8002'
2020-04-08 20:07:50 [hystrix-Controller-10] INFO  ms.contract.controller.Controller - Called endpoint: 'contractByDocument' | Port: '8002'
2020-04-08 20:08:01 [hystrix-Controller-10] INFO  ms.contract.controller.Controller - Called endpoint: 'contractByDocument' | Port: '8002'
2020-04-08 20:08:59 [hystrix-Controller-10] INFO  ms.contract.controller.Controller - Called endpoint: 'contractByDocument' | Port: '8002'
2020-04-08 20:09:34 [hystrix-Controller-10] INFO  ms.contract.controller.Controller - Called endpoint: 'contractByDocument' | Port: '8002'
2020-04-08 20:10:08 [hystrix-Controller-10] INFO  ms.contract.controller.Controller - Called endpoint: 'contractByDocument' | Port: '8002'
2020-04-08 20:10:15 [hystrix-Controller-10] INFO  ms.contract.controller.Controller - Called endpoint: 'contractByDocument' | Port: '8002'
2020-04-08 20:10:29 [hystrix-Controller-10] INFO  ms.contract.controller.Controller - Called endpoint: 'contractByDocument' | Port: '8002'
2020-04-08 20:10:34 [hystrix-Controller-10] INFO  ms.contract.controller.Controller - Called endpoint: 'contractByDocument' | Port: '8002'
2020-04-08 20:10:38 [hystrix-Controller-10] INFO  ms.contract.controller.Controller - Called endpoint: 'contractByDocument' | Port: '8002'
2020-04-08 20:10:52 [hystrix-Controller-10] INFO  ms.contract.controller.Controller - Called endpoint: 'contractByDocument' | Port: '8002'
2020-04-08 20:11:00 [hystrix-Controller-10] INFO  ms.contract.controller.Controller - Called endpoint: 'contractByDocument' | Port: '8002'
2020-04-08 20:11:16 [hystrix-Controller-10] INFO  ms.contract.controller.Controller - Called endpoint: 'contractByDocument' | Port: '8002'
2020-04-08 20:11:20 [hystrix-Controller-10] INFO  ms.contract.controller.Controller - Called endpoint: 'contractByDocument' | Port: '8002'
2020-04-08 20:11:25 [hystrix-Controller-10] INFO  ms.contract.controller.Controller - Called endpoint: 'contractByDocument' | Port: '8002'
2020-04-08 20:11:40 [hystrix-Controller-10] INFO  ms.contract.controller.Controller - Called endpoint: 'contractByDocument' | Port: '8002'
2020-04-08 20:20:05 [hystrix-Controller-10] INFO  ms.contract.controller.Controller - Called endpoint: 'contractByDocument' | Port: '8002'
2020-04-08 20:20:27 [hystrix-Controller-10] INFO  ms.contract.controller.Controller - Called endpoint: 'contractByDocument' | Port: '8002'
2020-04-08 20:22:52 [hystrix-Controller-10] INFO  ms.contract.controller.Controller - Called endpoint: 'contractByDocument' | Port: '8002'
2020-04-08 20:25:04 [hystrix-Controller-10] INFO  ms.contract.controller.Controller - Called endpoint: 'contractByDocument' | Port: '8002'
2020-04-08 20:25:30 [hystrix-Controller-10] INFO  ms.contract.controller.Controller - Called endpoint: 'contractByDocument' | Port: '8002'
2020-04-08 20:25:59 [hystrix-Controller-10] INFO  ms.contract.controller.Controller - Called endpoint: 'contractByDocument' | Port: '8002'
2020-04-08 20:26:28 [hystrix-Controller-10] INFO  ms.contract.controller.Controller - Called endpoint: 'contractByDocument' | Port: '8002'
2020-04-08 20:26:36 [hystrix-Controller-10] INFO  ms.contract.controller.Controller - Called endpoint: 'contractByDocument' | Port: '8002'
2020-04-08 20:27:06 [hystrix-Controller-10] INFO  ms.contract.controller.Controller - Called endpoint: 'contractByDocument' | Port: '8002'
2020-04-08 20:27:16 [hystrix-Controller-10] INFO  ms.contract.controller.Controller - Called endpoint: 'contractByDocument' | Port: '8002'
2020-04-08 20:28:36 [hystrix-Controller-10] INFO  ms.contract.controller.Controller - Called endpoint: 'contractByDocument' | Port: '8002'
2020-04-08 20:28:36 [hystrix-Controller-10] INFO  ms.contract.controller.Controller - Called endpoint: 'contractByDocument' | Port: '8002'
2020-04-08 20:28:52 [hystrix-Controller-10] INFO  ms.contract.controller.Controller - Called endpoint: 'contractByDocument' | Port: '8002'
2020-04-08 20:29:41 [hystrix-Controller-10] INFO  ms.contract.controller.Controller - Called endpoint: 'contractByDocument' | Port: '8002'
2020-04-08 20:33:46 [hystrix-Controller-10] INFO  ms.contract.controller.Controller - Called endpoint: 'contractByDocument' | Port: '8002'
2020-04-08 21:06:48 [hystrix-Controller-10] INFO  ms.contract.controller.Controller - Called endpoint: 'contractByDocument' | Port: '8002'
2020-04-08 21:09:07 [hystrix-Controller-10] INFO  ms.contract.controller.Controller - Called endpoint: 'contractByDocument' | Port: '8002'
2020-04-08 21:12:44 [hystrix-Controller-10] INFO  ms.contract.controller.Controller - Called endpoint: 'contractByDocument' | Port: '8002'
2020-04-08 21:12:49 [hystrix-Controller-10] INFO  ms.contract.controller.Controller - Called endpoint: 'contractByDocument' | Port: '8002'
2020-04-08 21:13:30 [hystrix-Controller-10] INFO  ms.contract.controller.Controller - Called endpoint: 'contractByDocument' | Port: '8002'
2020-04-08 21:15:00 [hystrix-Controller-10] INFO  ms.contract.controller.Controller - Called endpoint: 'contractByDocument' | Port: '8002'
2020-04-08 21:15:35 [hystrix-Controller-10] INFO  ms.contract.controller.Controller - Called endpoint: 'contractByDocument' | Port: '8002'
2020-04-08 21:15:59 [hystrix-Controller-10] INFO  ms.contract.controller.Controller - Called endpoint: 'contractByDocument' | Port: '8002'
2020-04-08 21:16:08 [hystrix-Controller-10] INFO  ms.contract.controller.Controller - Called endpoint: 'contractByDocument' | Port: '8002'
2020-04-08 21:17:57 [hystrix-Controller-10] INFO  ms.contract.controller.Controller - Called endpoint: 'contractByDocument' | Port: '8002'
2020-04-08 21:18:10 [hystrix-Controller-10] INFO  ms.contract.controller.Controller - Called endpoint: 'contractByDocument' | Port: '8002'
2020-04-08 21:18:37 [hystrix-Controller-10] INFO  ms.contract.controller.Controller - Called endpoint: 'contractByDocument' | Port: '8002'
2020-04-08 21:18:41 [hystrix-Controller-10] INFO  ms.contract.controller.Controller - Called endpoint: 'contractByDocument' | Port: '8002'
2020-04-08 21:20:13 [hystrix-Controller-10] INFO  ms.contract.controller.Controller - Called endpoint: 'contractByDocument' | Port: '8002'
2020-04-08 21:20:38 [hystrix-Controller-10] INFO  ms.contract.controller.Controller - Called endpoint: 'contractByDocument' | Port: '8002'
2020-04-08 21:22:06 [hystrix-Controller-10] INFO  ms.contract.controller.Controller - Called endpoint: 'contractByDocument' | Port: '8002'
