2020-04-16 11:25:55 [restartedMain] INFO  m.a.MsAuthenticationApplication - No active profile set, falling back to default profiles: default
2020-04-16 11:26:02 [restartedMain] INFO  m.a.MsAuthenticationApplication - Started MsAuthenticationApplication in 13.057 seconds (JVM running for 13.847)
2020-04-16 11:27:27 [restartedMain] INFO  m.a.MsAuthenticationApplication - No active profile set, falling back to default profiles: default
2020-04-16 11:27:30 [restartedMain] INFO  m.a.MsAuthenticationApplication - Started MsAuthenticationApplication in 8.109 seconds (JVM running for 101.653)
2020-04-16 11:27:39 [restartedMain] INFO  m.a.MsAuthenticationApplication - No active profile set, falling back to default profiles: default
2020-04-16 11:27:49 [restartedMain] INFO  m.a.MsAuthenticationApplication - No active profile set, falling back to default profiles: default
2020-04-16 11:28:02 [restartedMain] INFO  m.a.MsAuthenticationApplication - No active profile set, falling back to default profiles: default
2020-04-16 11:28:06 [restartedMain] INFO  m.a.MsAuthenticationApplication - Started MsAuthenticationApplication in 7.983 seconds (JVM running for 137.548)
2020-04-16 11:28:19 [restartedMain] INFO  m.a.MsAuthenticationApplication - No active profile set, falling back to default profiles: default
2020-04-16 11:28:22 [restartedMain] INFO  m.a.MsAuthenticationApplication - Started MsAuthenticationApplication in 7.9 seconds (JVM running for 153.891)
2020-04-16 11:28:39 [restartedMain] INFO  m.a.MsAuthenticationApplication - No active profile set, falling back to default profiles: default
2020-04-16 11:28:43 [restartedMain] INFO  m.a.MsAuthenticationApplication - Started MsAuthenticationApplication in 8.034 seconds (JVM running for 174.408)
2020-04-16 11:29:12 [restartedMain] INFO  m.a.MsAuthenticationApplication - No active profile set, falling back to default profiles: default
2020-04-16 11:29:15 [restartedMain] INFO  m.a.MsAuthenticationApplication - Started MsAuthenticationApplication in 7.968 seconds (JVM running for 206.911)
2020-04-16 11:29:36 [restartedMain] INFO  m.a.MsAuthenticationApplication - No active profile set, falling back to default profiles: default
2020-04-16 11:29:53 [restartedMain] INFO  m.a.MsAuthenticationApplication - No active profile set, falling back to default profiles: default
2020-04-16 11:30:15 [restartedMain] INFO  m.a.MsAuthenticationApplication - No active profile set, falling back to default profiles: default
2020-04-16 11:30:19 [restartedMain] INFO  m.a.MsAuthenticationApplication - Started MsAuthenticationApplication in 7.906 seconds (JVM running for 269.974)
2020-04-16 11:31:00 [restartedMain] INFO  m.a.MsAuthenticationApplication - No active profile set, falling back to default profiles: default
2020-04-16 11:31:03 [restartedMain] INFO  m.a.MsAuthenticationApplication - Started MsAuthenticationApplication in 7.966 seconds (JVM running for 314.589)
2020-04-16 11:31:29 [restartedMain] INFO  m.a.MsAuthenticationApplication - No active profile set, falling back to default profiles: default
2020-04-16 11:31:33 [restartedMain] INFO  m.a.MsAuthenticationApplication - Started MsAuthenticationApplication in 7.925 seconds (JVM running for 344.048)
2020-04-16 11:32:26 [restartedMain] INFO  m.a.MsAuthenticationApplication - No active profile set, falling back to default profiles: default
2020-04-16 11:32:29 [restartedMain] INFO  m.a.MsAuthenticationApplication - Started MsAuthenticationApplication in 7.934 seconds (JVM running for 400.68)
2020-04-16 11:32:43 [restartedMain] INFO  m.a.MsAuthenticationApplication - No active profile set, falling back to default profiles: default
2020-04-16 11:32:51 [restartedMain] INFO  m.a.MsAuthenticationApplication - Started MsAuthenticationApplication in 12.314 seconds (JVM running for 13.193)
2020-04-16 11:33:26 [restartedMain] INFO  m.a.MsAuthenticationApplication - No active profile set, falling back to default profiles: default
2020-04-16 11:33:34 [restartedMain] INFO  m.a.MsAuthenticationApplication - Started MsAuthenticationApplication in 12.364 seconds (JVM running for 13.183)
2020-04-16 11:33:37 [hystrix-Controller-1] INFO  m.a.controller.Controller - Called endpoint: 'getToken' | Port: '8000'
2020-04-16 11:34:38 [hystrix-Controller-2] INFO  m.a.controller.Controller - Called endpoint: 'getToken' | Port: '8000'
2020-04-16 11:34:39 [hystrix-Controller-3] INFO  m.a.controller.Controller - Called endpoint: 'getToken' | Port: '8000'
2020-04-16 11:34:39 [hystrix-Controller-4] INFO  m.a.controller.Controller - Called endpoint: 'getToken' | Port: '8000'
2020-04-16 11:34:44 [hystrix-Controller-5] INFO  m.a.controller.Controller - Called endpoint: 'checkLogin' | Port: '8000'
2020-04-16 11:34:44 [hystrix-Controller-6] INFO  m.a.controller.Controller - Called endpoint: 'getToken' | Port: '8000'
2020-04-16 11:35:18 [hystrix-Controller-7] INFO  m.a.controller.Controller - Called endpoint: 'getToken' | Port: '8000'
2020-04-16 11:36:04 [hystrix-Controller-8] INFO  m.a.controller.Controller - Called endpoint: 'getToken' | Port: '8000'
2020-04-16 11:36:42 [hystrix-Controller-9] INFO  m.a.controller.Controller - Called endpoint: 'getToken' | Port: '8000'
2020-04-16 11:36:58 [hystrix-Controller-10] INFO  m.a.controller.Controller - Called endpoint: 'getToken' | Port: '8000'
2020-04-16 11:37:19 [hystrix-Controller-10] INFO  m.a.controller.Controller - Called endpoint: 'getToken' | Port: '8000'
2020-04-16 11:37:24 [hystrix-Controller-10] INFO  m.a.controller.Controller - Called endpoint: 'getToken' | Port: '8000'
2020-04-16 11:37:28 [hystrix-Controller-10] INFO  m.a.controller.Controller - Called endpoint: 'getToken' | Port: '8000'
2020-04-16 11:37:32 [hystrix-Controller-10] INFO  m.a.controller.Controller - Called endpoint: 'getToken' | Port: '8000'
2020-04-16 11:37:39 [hystrix-Controller-10] INFO  m.a.controller.Controller - Called endpoint: 'getToken' | Port: '8000'
2020-04-16 11:37:58 [restartedMain] INFO  m.a.MsAuthenticationApplication - No active profile set, falling back to default profiles: default
2020-04-16 11:38:05 [restartedMain] INFO  m.a.MsAuthenticationApplication - Started MsAuthenticationApplication in 12.328 seconds (JVM running for 13.167)
2020-04-16 11:38:16 [hystrix-Controller-1] INFO  m.a.controller.Controller - Called endpoint: 'getToken' | Port: '8000'
2020-04-16 11:38:27 [hystrix-Controller-2] INFO  m.a.controller.Controller - Called endpoint: 'getToken' | Port: '8000'
2020-04-16 11:38:45 [hystrix-Controller-3] INFO  m.a.controller.Controller - Called endpoint: 'getToken' | Port: '8000'
2020-04-16 11:39:09 [hystrix-Controller-4] INFO  m.a.controller.Controller - Called endpoint: 'getToken' | Port: '8000'
2020-04-16 11:39:34 [restartedMain] INFO  m.a.MsAuthenticationApplication - No active profile set, falling back to default profiles: default
2020-04-16 11:39:38 [restartedMain] INFO  m.a.MsAuthenticationApplication - Started MsAuthenticationApplication in 8.328 seconds (JVM running for 106.572)
2020-04-16 11:40:42 [hystrix-Controller-1] INFO  m.a.controller.Controller - Called endpoint: 'getToken' | Port: '8000'
2020-04-16 11:40:42 [hystrix-Controller-2] INFO  m.a.controller.Controller - Called endpoint: 'getToken' | Port: '8000'
2020-04-16 11:40:42 [hystrix-Controller-3] INFO  m.a.controller.Controller - Called endpoint: 'getToken' | Port: '8000'
2020-04-16 11:40:47 [hystrix-Controller-4] INFO  m.a.controller.Controller - Called endpoint: 'checkLogin' | Port: '8000'
2020-04-16 11:40:47 [hystrix-Controller-5] INFO  m.a.controller.Controller - Called endpoint: 'getToken' | Port: '8000'
2020-04-16 11:41:18 [hystrix-Controller-6] INFO  m.a.controller.Controller - Called endpoint: 'getToken' | Port: '8000'
2020-04-16 11:42:16 [hystrix-Controller-7] INFO  m.a.controller.Controller - Called endpoint: 'getToken' | Port: '8000'
2020-04-16 11:42:54 [hystrix-Controller-8] INFO  m.a.controller.Controller - Called endpoint: 'getToken' | Port: '8000'
2020-04-16 11:42:57 [hystrix-Controller-9] INFO  m.a.controller.Controller - Called endpoint: 'getToken' | Port: '8000'
2020-04-16 11:52:39 [restartedMain] INFO  m.a.MsAuthenticationApplication - No active profile set, falling back to default profiles: default
2020-04-16 11:52:52 [restartedMain] INFO  m.a.MsAuthenticationApplication - No active profile set, falling back to default profiles: default
2020-04-16 11:52:59 [restartedMain] INFO  m.a.MsAuthenticationApplication - Started MsAuthenticationApplication in 12.478 seconds (JVM running for 13.316)
2020-04-16 11:53:48 [restartedMain] INFO  m.a.MsAuthenticationApplication - No active profile set, falling back to default profiles: default
2020-04-16 11:53:52 [restartedMain] INFO  m.a.MsAuthenticationApplication - Started MsAuthenticationApplication in 8.398 seconds (JVM running for 65.602)
2020-04-16 11:54:09 [restartedMain] INFO  m.a.MsAuthenticationApplication - No active profile set, falling back to default profiles: default
2020-04-16 11:54:13 [restartedMain] INFO  m.a.MsAuthenticationApplication - Started MsAuthenticationApplication in 8.296 seconds (JVM running for 87.296)
2020-04-16 11:55:45 [restartedMain] INFO  m.a.MsAuthenticationApplication - No active profile set, falling back to default profiles: default
2020-04-16 11:55:49 [restartedMain] INFO  m.a.MsAuthenticationApplication - Started MsAuthenticationApplication in 8.371 seconds (JVM running for 182.634)
2020-04-16 11:56:16 [restartedMain] INFO  m.a.MsAuthenticationApplication - No active profile set, falling back to default profiles: default
2020-04-16 11:56:23 [restartedMain] INFO  m.a.MsAuthenticationApplication - Started MsAuthenticationApplication in 12.553 seconds (JVM running for 13.382)
2020-04-16 11:57:27 [restartedMain] INFO  m.a.MsAuthenticationApplication - No active profile set, falling back to default profiles: default
2020-04-16 11:57:35 [restartedMain] INFO  m.a.MsAuthenticationApplication - Started MsAuthenticationApplication in 12.726 seconds (JVM running for 13.55)
2020-04-16 11:57:43 [hystrix-Controller-1] INFO  m.a.controller.Controller - Called endpoint: 'getToken' | Port: '8000'
2020-04-16 11:57:50 [hystrix-Controller-2] INFO  m.a.controller.Controller - Called endpoint: 'getToken' | Port: '8000'
2020-04-16 11:59:40 [restartedMain] INFO  m.a.MsAuthenticationApplication - No active profile set, falling back to default profiles: default
2020-04-16 11:59:47 [restartedMain] INFO  m.a.MsAuthenticationApplication - Started MsAuthenticationApplication in 12.639 seconds (JVM running for 13.628)
2020-04-16 11:59:50 [hystrix-Controller-1] INFO  m.a.controller.Controller - Called endpoint: 'getToken' | Port: '8000'
2020-04-16 11:59:56 [hystrix-Controller-2] INFO  m.a.controller.Controller - Called endpoint: 'getToken' | Port: '8000'
2020-04-16 12:00:24 [restartedMain] INFO  m.a.MsAuthenticationApplication - No active profile set, falling back to default profiles: default
2020-04-16 12:00:32 [restartedMain] INFO  m.a.MsAuthenticationApplication - Started MsAuthenticationApplication in 12.628 seconds (JVM running for 13.459)
2020-04-16 12:00:41 [hystrix-Controller-1] INFO  m.a.controller.Controller - Called endpoint: 'getToken' | Port: '8000'
2020-04-16 12:01:23 [restartedMain] INFO  m.a.MsAuthenticationApplication - No active profile set, falling back to default profiles: default
2020-04-16 12:01:31 [restartedMain] INFO  m.a.MsAuthenticationApplication - Started MsAuthenticationApplication in 12.604 seconds (JVM running for 13.498)
2020-04-16 12:01:33 [hystrix-Controller-1] INFO  m.a.controller.Controller - Called endpoint: 'getToken' | Port: '8000'
2020-04-16 12:02:57 [restartedMain] INFO  m.a.MsAuthenticationApplication - No active profile set, falling back to default profiles: default
2020-04-16 12:03:07 [restartedMain] INFO  m.a.MsAuthenticationApplication - No active profile set, falling back to default profiles: default
2020-04-16 12:03:14 [restartedMain] INFO  m.a.MsAuthenticationApplication - Started MsAuthenticationApplication in 12.514 seconds (JVM running for 13.351)
2020-04-16 12:03:14 [hystrix-Controller-1] INFO  m.a.controller.Controller - Called endpoint: 'getToken' | Port: '8000'
2020-04-16 12:03:49 [restartedMain] INFO  m.a.MsAuthenticationApplication - No active profile set, falling back to default profiles: default
2020-04-16 12:03:53 [restartedMain] INFO  m.a.MsAuthenticationApplication - Started MsAuthenticationApplication in 8.411 seconds (JVM running for 52.579)
2020-04-16 12:04:30 [restartedMain] INFO  m.a.MsAuthenticationApplication - No active profile set, falling back to default profiles: default
2020-04-16 12:04:35 [restartedMain] INFO  m.a.MsAuthenticationApplication - Started MsAuthenticationApplication in 8.451 seconds (JVM running for 93.717)
2020-04-16 12:04:45 [restartedMain] INFO  m.a.MsAuthenticationApplication - No active profile set, falling back to default profiles: default
2020-04-16 12:04:49 [restartedMain] INFO  m.a.MsAuthenticationApplication - Started MsAuthenticationApplication in 8.375 seconds (JVM running for 108.474)
2020-04-16 12:05:01 [restartedMain] INFO  m.a.MsAuthenticationApplication - No active profile set, falling back to default profiles: default
2020-04-16 12:05:08 [restartedMain] INFO  m.a.MsAuthenticationApplication - Started MsAuthenticationApplication in 12.51 seconds (JVM running for 13.345)
2020-04-16 12:05:11 [hystrix-Controller-1] INFO  m.a.controller.Controller - Called endpoint: 'getToken' | Port: '8000'
2020-04-16 12:05:12 [hystrix-Controller-2] INFO  m.a.controller.Controller - Called endpoint: 'getToken' | Port: '8000'
2020-04-16 12:11:27 [restartedMain] INFO  m.a.MsAuthenticationApplication - No active profile set, falling back to default profiles: default
2020-04-16 12:11:35 [restartedMain] INFO  m.a.MsAuthenticationApplication - Started MsAuthenticationApplication in 12.68 seconds (JVM running for 13.521)
2020-04-16 12:11:35 [hystrix-Controller-1] INFO  m.a.controller.Controller - Called endpoint: 'getBlackList' | Port: '8000'
2020-04-16 12:11:38 [hystrix-Controller-2] INFO  m.a.controller.Controller - Called endpoint: 'getBlackList' | Port: '8000'
2020-04-16 12:11:47 [hystrix-Controller-3] INFO  m.a.controller.Controller - Called endpoint: 'getBlackList' | Port: '8000'
2020-04-16 12:11:47 [hystrix-Controller-4] INFO  m.a.controller.Controller - Called endpoint: 'getBlackList' | Port: '8000'
2020-04-16 12:11:48 [hystrix-Controller-5] INFO  m.a.controller.Controller - Called endpoint: 'getBlackList' | Port: '8000'
2020-04-16 12:12:00 [hystrix-Controller-6] INFO  m.a.controller.Controller - Called endpoint: 'getBlackList' | Port: '8000'
2020-04-16 12:12:00 [hystrix-Controller-7] INFO  m.a.controller.Controller - Called endpoint: 'getBlackList' | Port: '8000'
2020-04-16 12:12:04 [hystrix-Controller-8] INFO  m.a.controller.Controller - Called endpoint: 'getBlackList' | Port: '8000'
2020-04-16 12:12:04 [hystrix-Controller-9] INFO  m.a.controller.Controller - Called endpoint: 'getBlackList' | Port: '8000'
2020-04-16 12:14:10 [restartedMain] INFO  m.a.MsAuthenticationApplication - No active profile set, falling back to default profiles: default
2020-04-16 12:14:18 [restartedMain] INFO  m.a.MsAuthenticationApplication - Started MsAuthenticationApplication in 12.658 seconds (JVM running for 13.493)
2020-04-16 12:14:55 [restartedMain] INFO  m.a.MsAuthenticationApplication - No active profile set, falling back to default profiles: default
2020-04-16 12:15:02 [restartedMain] INFO  m.a.MsAuthenticationApplication - Started MsAuthenticationApplication in 12.504 seconds (JVM running for 13.336)
2020-04-16 12:15:02 [hystrix-Controller-1] INFO  m.a.controller.Controller - Called endpoint: 'getBlackList' | Port: '8000'
2020-04-16 12:15:57 [restartedMain] INFO  m.a.MsAuthenticationApplication - No active profile set, falling back to default profiles: default
2020-04-16 12:16:35 [restartedMain] INFO  m.a.MsAuthenticationApplication - No active profile set, falling back to default profiles: default
2020-04-16 12:16:42 [restartedMain] INFO  m.a.MsAuthenticationApplication - Started MsAuthenticationApplication in 12.528 seconds (JVM running for 13.375)
2020-04-16 12:16:48 [hystrix-Controller-1] INFO  m.a.controller.Controller - Called endpoint: 'getBlackList' | Port: '8000'
2020-04-16 12:16:49 [hystrix-Controller-2] INFO  m.a.controller.Controller - Called endpoint: 'getBlackList' | Port: '8000'
2020-04-16 12:16:50 [hystrix-Controller-3] INFO  m.a.controller.Controller - Called endpoint: 'getBlackList' | Port: '8000'
2020-04-16 12:16:50 [hystrix-Controller-4] INFO  m.a.controller.Controller - Called endpoint: 'getBlackList' | Port: '8000'
2020-04-16 12:16:51 [hystrix-Controller-5] INFO  m.a.controller.Controller - Called endpoint: 'getBlackList' | Port: '8000'
2020-04-16 12:16:51 [hystrix-Controller-6] INFO  m.a.controller.Controller - Called endpoint: 'getBlackList' | Port: '8000'
2020-04-16 12:17:04 [hystrix-Controller-7] INFO  m.a.controller.Controller - Called endpoint: 'getBlackList' | Port: '8000'
2020-04-16 12:19:11 [restartedMain] INFO  m.a.MsAuthenticationApplication - No active profile set, falling back to default profiles: default
2020-04-16 12:19:15 [restartedMain] INFO  m.a.MsAuthenticationApplication - Started MsAuthenticationApplication in 8.425 seconds (JVM running for 166.382)
2020-04-16 12:19:25 [restartedMain] INFO  m.a.MsAuthenticationApplication - No active profile set, falling back to default profiles: default
2020-04-16 12:19:29 [restartedMain] INFO  m.a.MsAuthenticationApplication - Started MsAuthenticationApplication in 8.341 seconds (JVM running for 180.068)
2020-04-16 12:19:33 [hystrix-Controller-1] INFO  m.a.controller.Controller - Called endpoint: 'getBlackList' | Port: '8000'
2020-04-16 12:19:34 [hystrix-Controller-2] INFO  m.a.controller.Controller - Called endpoint: 'getBlackList' | Port: '8000'
2020-04-16 12:19:35 [hystrix-Controller-3] INFO  m.a.controller.Controller - Called endpoint: 'getBlackList' | Port: '8000'
2020-04-16 12:19:35 [hystrix-Controller-4] INFO  m.a.controller.Controller - Called endpoint: 'getBlackList' | Port: '8000'
2020-04-16 12:19:35 [hystrix-Controller-5] INFO  m.a.controller.Controller - Called endpoint: 'getBlackList' | Port: '8000'
2020-04-16 12:21:03 [hystrix-Controller-6] INFO  m.a.controller.Controller - Called endpoint: 'getToken' | Port: '8000'
2020-04-16 12:22:17 [hystrix-Controller-7] INFO  m.a.controller.Controller - Called endpoint: 'checkLogin' | Port: '8000'
2020-04-16 12:22:17 [hystrix-Controller-8] INFO  m.a.controller.Controller - Called endpoint: 'getToken' | Port: '8000'
2020-04-16 12:22:31 [hystrix-Controller-9] INFO  m.a.controller.Controller - Called endpoint: 'getToken' | Port: '8000'
2020-04-16 12:23:14 [hystrix-Controller-10] INFO  m.a.controller.Controller - Called endpoint: 'getToken' | Port: '8000'
2020-04-16 12:23:36 [hystrix-Controller-10] INFO  m.a.controller.Controller - Called endpoint: 'getToken' | Port: '8000'
2020-04-16 12:23:41 [hystrix-Controller-10] INFO  m.a.controller.Controller - Called endpoint: 'checkLogin' | Port: '8000'
2020-04-16 12:23:41 [hystrix-Controller-10] INFO  m.a.controller.Controller - Called endpoint: 'getBlackList' | Port: '8000'
2020-04-16 12:25:20 [hystrix-Controller-10] INFO  m.a.controller.Controller - Called endpoint: 'checkLogin' | Port: '8000'
2020-04-16 12:25:20 [hystrix-Controller-10] INFO  m.a.controller.Controller - Called endpoint: 'getBlackList' | Port: '8000'
2020-04-16 12:27:16 [hystrix-Controller-10] INFO  m.a.controller.Controller - Called endpoint: 'checkLogin' | Port: '8000'
2020-04-16 12:27:20 [hystrix-Controller-10] INFO  m.a.controller.Controller - Called endpoint: 'checkLogin' | Port: '8000'
2020-04-16 12:27:20 [hystrix-Controller-10] INFO  m.a.controller.Controller - Called endpoint: 'getBlackList' | Port: '8000'
2020-04-16 12:27:37 [hystrix-Controller-10] INFO  m.a.controller.Controller - Called endpoint: 'checkLogin' | Port: '8000'
2020-04-16 12:27:37 [hystrix-Controller-10] INFO  m.a.controller.Controller - Called endpoint: 'getBlackList' | Port: '8000'
2020-04-16 12:28:00 [hystrix-Controller-10] INFO  m.a.controller.Controller - Called endpoint: 'checkLogin' | Port: '8000'
2020-04-16 12:28:00 [hystrix-Controller-10] INFO  m.a.controller.Controller - Called endpoint: 'getBlackList' | Port: '8000'
2020-04-16 12:29:35 [hystrix-Controller-10] INFO  m.a.controller.Controller - Called endpoint: 'checkLogin' | Port: '8000'
2020-04-16 12:29:35 [hystrix-Controller-10] INFO  m.a.controller.Controller - Called endpoint: 'getBlackList' | Port: '8000'
2020-04-16 12:29:35 [hystrix-Controller-10] INFO  m.a.controller.Controller - Called endpoint: 'getToken' | Port: '8000'
2020-04-16 12:29:53 [hystrix-Controller-10] INFO  m.a.controller.Controller - Called endpoint: 'checkLogin' | Port: '8000'
2020-04-16 12:29:53 [hystrix-Controller-10] INFO  m.a.controller.Controller - Called endpoint: 'getBlackList' | Port: '8000'
2020-04-16 12:29:54 [hystrix-Controller-10] INFO  m.a.controller.Controller - Called endpoint: 'getToken' | Port: '8000'
2020-04-16 12:30:16 [hystrix-Controller-10] INFO  m.a.controller.Controller - Called endpoint: 'getBlackList' | Port: '8000'
2020-04-16 12:30:17 [hystrix-Controller-10] INFO  m.a.controller.Controller - Called endpoint: 'getBlackList' | Port: '8000'
2020-04-16 12:30:17 [hystrix-Controller-10] INFO  m.a.controller.Controller - Called endpoint: 'getBlackList' | Port: '8000'
2020-04-16 12:30:17 [hystrix-Controller-10] INFO  m.a.controller.Controller - Called endpoint: 'getBlackList' | Port: '8000'
2020-04-16 12:30:26 [hystrix-Controller-10] INFO  m.a.controller.Controller - Called endpoint: 'checkLogin' | Port: '8000'
2020-04-16 12:30:26 [hystrix-Controller-10] INFO  m.a.controller.Controller - Called endpoint: 'getBlackList' | Port: '8000'
2020-04-16 12:30:26 [hystrix-Controller-10] INFO  m.a.controller.Controller - Called endpoint: 'getToken' | Port: '8000'
2020-04-16 12:30:35 [hystrix-Controller-10] INFO  m.a.controller.Controller - Called endpoint: 'checkLogin' | Port: '8000'
2020-04-16 12:30:35 [hystrix-Controller-10] INFO  m.a.controller.Controller - Called endpoint: 'getBlackList' | Port: '8000'
2020-04-16 12:30:36 [hystrix-Controller-10] INFO  m.a.controller.Controller - Called endpoint: 'getToken' | Port: '8000'
2020-04-16 12:31:38 [hystrix-Controller-10] INFO  m.a.controller.Controller - Called endpoint: 'checkLogin' | Port: '8000'
2020-04-16 12:31:38 [hystrix-Controller-10] INFO  m.a.controller.Controller - Called endpoint: 'getBlackList' | Port: '8000'
2020-04-16 12:33:28 [hystrix-Controller-10] INFO  m.a.controller.Controller - Called endpoint: 'getToken' | Port: '8000'
2020-04-16 12:33:34 [hystrix-Controller-10] INFO  m.a.controller.Controller - Called endpoint: 'checkLogin' | Port: '8000'
2020-04-16 12:33:34 [hystrix-Controller-10] INFO  m.a.controller.Controller - Called endpoint: 'getBlackList' | Port: '8000'
2020-04-16 12:33:34 [hystrix-Controller-10] INFO  m.a.controller.Controller - Called endpoint: 'getToken' | Port: '8000'
2020-04-16 12:34:35 [restartedMain] INFO  m.a.MsAuthenticationApplication - No active profile set, falling back to default profiles: default
2020-04-16 12:34:42 [restartedMain] INFO  m.a.MsAuthenticationApplication - Started MsAuthenticationApplication in 13.213 seconds (JVM running for 14.054)
2020-04-16 12:34:43 [hystrix-Controller-1] INFO  m.a.controller.Controller - Called endpoint: 'getBlackList' | Port: '8000'
2020-04-16 12:34:44 [hystrix-Controller-2] INFO  m.a.controller.Controller - Called endpoint: 'getBlackList' | Port: '8000'
2020-04-16 12:34:44 [hystrix-Controller-3] INFO  m.a.controller.Controller - Called endpoint: 'getBlackList' | Port: '8000'
2020-04-16 12:34:44 [hystrix-Controller-4] INFO  m.a.controller.Controller - Called endpoint: 'getBlackList' | Port: '8000'
2020-04-16 12:34:45 [hystrix-Controller-5] INFO  m.a.controller.Controller - Called endpoint: 'getBlackList' | Port: '8000'
2020-04-16 12:34:46 [hystrix-Controller-6] INFO  m.a.controller.Controller - Called endpoint: 'getBlackList' | Port: '8000'
2020-04-16 12:34:47 [hystrix-Controller-7] INFO  m.a.controller.Controller - Called endpoint: 'getBlackList' | Port: '8000'
2020-04-16 12:34:47 [hystrix-Controller-8] INFO  m.a.controller.Controller - Called endpoint: 'getBlackList' | Port: '8000'
2020-04-16 12:34:47 [hystrix-Controller-9] INFO  m.a.controller.Controller - Called endpoint: 'getBlackList' | Port: '8000'
2020-04-16 12:34:48 [hystrix-Controller-10] INFO  m.a.controller.Controller - Called endpoint: 'getBlackList' | Port: '8000'
2020-04-16 12:34:48 [hystrix-Controller-10] INFO  m.a.controller.Controller - Called endpoint: 'getBlackList' | Port: '8000'
2020-04-16 12:34:48 [hystrix-Controller-10] INFO  m.a.controller.Controller - Called endpoint: 'getBlackList' | Port: '8000'
2020-04-16 12:34:49 [hystrix-Controller-10] INFO  m.a.controller.Controller - Called endpoint: 'getBlackList' | Port: '8000'
2020-04-16 12:34:50 [hystrix-Controller-10] INFO  m.a.controller.Controller - Called endpoint: 'getBlackList' | Port: '8000'
2020-04-16 12:34:50 [hystrix-Controller-10] INFO  m.a.controller.Controller - Called endpoint: 'getBlackList' | Port: '8000'
2020-04-16 12:34:51 [hystrix-Controller-10] INFO  m.a.controller.Controller - Called endpoint: 'getBlackList' | Port: '8000'
2020-04-16 12:34:53 [hystrix-Controller-10] INFO  m.a.controller.Controller - Called endpoint: 'getBlackList' | Port: '8000'
2020-04-16 12:34:54 [hystrix-Controller-10] INFO  m.a.controller.Controller - Called endpoint: 'getBlackList' | Port: '8000'
2020-04-16 12:35:01 [hystrix-Controller-10] INFO  m.a.controller.Controller - Called endpoint: 'getBlackList' | Port: '8000'
2020-04-16 12:35:36 [hystrix-Controller-10] INFO  m.a.controller.Controller - Called endpoint: 'getBlackList' | Port: '8000'
2020-04-16 12:36:04 [hystrix-Controller-10] INFO  m.a.controller.Controller - Called endpoint: 'getBlackList' | Port: '8000'
2020-04-16 12:36:05 [hystrix-Controller-10] INFO  m.a.controller.Controller - Called endpoint: 'getBlackList' | Port: '8000'
2020-04-16 12:36:06 [hystrix-Controller-10] INFO  m.a.controller.Controller - Called endpoint: 'getBlackList' | Port: '8000'
2020-04-16 12:36:08 [hystrix-Controller-10] INFO  m.a.controller.Controller - Called endpoint: 'getBlackList' | Port: '8000'
2020-04-16 12:36:08 [hystrix-Controller-10] INFO  m.a.controller.Controller - Called endpoint: 'getBlackList' | Port: '8000'
2020-04-16 12:36:08 [hystrix-Controller-10] INFO  m.a.controller.Controller - Called endpoint: 'getBlackList' | Port: '8000'
2020-04-16 12:36:08 [hystrix-Controller-10] INFO  m.a.controller.Controller - Called endpoint: 'getBlackList' | Port: '8000'
2020-04-16 12:36:08 [hystrix-Controller-10] INFO  m.a.controller.Controller - Called endpoint: 'getBlackList' | Port: '8000'
2020-04-16 12:36:09 [hystrix-Controller-10] INFO  m.a.controller.Controller - Called endpoint: 'getBlackList' | Port: '8000'
2020-04-16 12:36:10 [hystrix-Controller-10] INFO  m.a.controller.Controller - Called endpoint: 'getBlackList' | Port: '8000'
2020-04-16 12:36:11 [hystrix-Controller-10] INFO  m.a.controller.Controller - Called endpoint: 'getBlackList' | Port: '8000'
2020-04-16 12:36:11 [hystrix-Controller-10] INFO  m.a.controller.Controller - Called endpoint: 'getBlackList' | Port: '8000'
2020-04-16 12:36:12 [hystrix-Controller-10] INFO  m.a.controller.Controller - Called endpoint: 'getBlackList' | Port: '8000'
2020-04-16 12:36:12 [hystrix-Controller-10] INFO  m.a.controller.Controller - Called endpoint: 'getBlackList' | Port: '8000'
2020-04-16 12:36:12 [hystrix-Controller-10] INFO  m.a.controller.Controller - Called endpoint: 'getBlackList' | Port: '8000'
2020-04-16 12:36:13 [hystrix-Controller-10] INFO  m.a.controller.Controller - Called endpoint: 'getBlackList' | Port: '8000'
2020-04-16 12:36:13 [hystrix-Controller-10] INFO  m.a.controller.Controller - Called endpoint: 'getBlackList' | Port: '8000'
2020-04-16 12:36:14 [hystrix-Controller-10] INFO  m.a.controller.Controller - Called endpoint: 'getBlackList' | Port: '8000'
2020-04-16 12:36:14 [hystrix-Controller-10] INFO  m.a.controller.Controller - Called endpoint: 'getBlackList' | Port: '8000'
2020-04-16 12:36:14 [hystrix-Controller-10] INFO  m.a.controller.Controller - Called endpoint: 'getBlackList' | Port: '8000'
2020-04-16 12:36:14 [hystrix-Controller-10] INFO  m.a.controller.Controller - Called endpoint: 'getBlackList' | Port: '8000'
2020-04-16 12:36:16 [hystrix-Controller-10] INFO  m.a.controller.Controller - Called endpoint: 'getToken' | Port: '8000'
2020-04-16 12:36:20 [hystrix-Controller-10] INFO  m.a.controller.Controller - Called endpoint: 'checkLogin' | Port: '8000'
2020-04-16 12:36:20 [hystrix-Controller-10] INFO  m.a.controller.Controller - Called endpoint: 'getBlackList' | Port: '8000'
2020-04-16 12:36:36 [hystrix-Controller-10] INFO  m.a.controller.Controller - Called endpoint: 'checkLogin' | Port: '8000'
2020-04-16 12:36:36 [hystrix-Controller-10] INFO  m.a.controller.Controller - Called endpoint: 'getBlackList' | Port: '8000'
2020-04-16 12:36:37 [hystrix-Controller-10] INFO  m.a.controller.Controller - Called endpoint: 'getToken' | Port: '8000'
2020-04-16 12:36:44 [hystrix-Controller-10] INFO  m.a.controller.Controller - Called endpoint: 'checkLogin' | Port: '8000'
2020-04-16 12:36:44 [hystrix-Controller-10] INFO  m.a.controller.Controller - Called endpoint: 'getBlackList' | Port: '8000'
2020-04-16 12:36:57 [hystrix-Controller-10] INFO  m.a.controller.Controller - Called endpoint: 'getBlackList' | Port: '8000'
2020-04-16 12:36:58 [hystrix-Controller-10] INFO  m.a.controller.Controller - Called endpoint: 'getBlackList' | Port: '8000'
2020-04-16 12:40:02 [hystrix-Controller-10] INFO  m.a.controller.Controller - Called endpoint: 'checkLogin' | Port: '8000'
2020-04-16 12:40:02 [hystrix-Controller-10] INFO  m.a.controller.Controller - Called endpoint: 'getBlackList' | Port: '8000'
2020-04-16 12:40:03 [hystrix-Controller-10] INFO  m.a.controller.Controller - Called endpoint: 'getToken' | Port: '8000'
2020-04-16 12:41:32 [hystrix-Controller-10] INFO  m.a.controller.Controller - Called endpoint: 'getToken' | Port: '8000'
2020-04-16 12:42:41 [hystrix-Controller-10] INFO  m.a.controller.Controller - Called endpoint: 'getToken' | Port: '8000'
2020-04-16 12:42:50 [hystrix-Controller-10] INFO  m.a.controller.Controller - Called endpoint: 'getToken' | Port: '8000'
2020-04-16 12:42:56 [hystrix-Controller-10] INFO  m.a.controller.Controller - Called endpoint: 'getToken' | Port: '8000'
2020-04-16 12:43:34 [hystrix-Controller-10] INFO  m.a.controller.Controller - Called endpoint: 'getToken' | Port: '8000'
2020-04-16 12:44:35 [hystrix-Controller-10] INFO  m.a.controller.Controller - Called endpoint: 'getToken' | Port: '8000'
2020-04-16 12:45:00 [hystrix-Controller-10] INFO  m.a.controller.Controller - Called endpoint: 'getToken' | Port: '8000'
2020-04-16 12:45:13 [hystrix-Controller-10] INFO  m.a.controller.Controller - Called endpoint: 'getToken' | Port: '8000'
2020-04-16 12:46:16 [hystrix-Controller-10] INFO  m.a.controller.Controller - Called endpoint: 'getToken' | Port: '8000'
2020-04-16 12:46:41 [hystrix-Controller-10] INFO  m.a.controller.Controller - Called endpoint: 'getToken' | Port: '8000'
2020-04-16 12:46:51 [hystrix-Controller-10] INFO  m.a.controller.Controller - Called endpoint: 'getToken' | Port: '8000'
2020-04-16 12:46:55 [hystrix-Controller-10] INFO  m.a.controller.Controller - Called endpoint: 'getToken' | Port: '8000'
2020-04-16 12:46:59 [hystrix-Controller-10] INFO  m.a.controller.Controller - Called endpoint: 'getToken' | Port: '8000'
2020-04-16 12:47:16 [hystrix-Controller-10] INFO  m.a.controller.Controller - Called endpoint: 'getToken' | Port: '8000'
2020-04-16 12:47:23 [hystrix-Controller-10] INFO  m.a.controller.Controller - Called endpoint: 'getToken' | Port: '8000'
2020-04-16 12:47:35 [restartedMain] INFO  m.a.MsAuthenticationApplication - No active profile set, falling back to default profiles: default
2020-04-16 12:47:42 [restartedMain] INFO  m.a.MsAuthenticationApplication - Started MsAuthenticationApplication in 12.666 seconds (JVM running for 13.491)
2020-04-16 12:47:43 [hystrix-Controller-1] INFO  m.a.controller.Controller - Called endpoint: 'getToken' | Port: '8000'
2020-04-16 12:47:49 [hystrix-Controller-2] INFO  m.a.controller.Controller - Called endpoint: 'checkLogin' | Port: '8000'
2020-04-16 12:47:49 [hystrix-Controller-3] INFO  m.a.controller.Controller - Called endpoint: 'getBlackList' | Port: '8000'
2020-04-16 12:47:50 [hystrix-Controller-4] INFO  m.a.controller.Controller - Called endpoint: 'getToken' | Port: '8000'
2020-04-16 12:48:03 [hystrix-Controller-5] INFO  m.a.controller.Controller - Called endpoint: 'getToken' | Port: '8000'
2020-04-16 12:48:24 [hystrix-Controller-6] INFO  m.a.controller.Controller - Called endpoint: 'getToken' | Port: '8000'
2020-04-16 12:48:26 [hystrix-Controller-7] INFO  m.a.controller.Controller - Called endpoint: 'getToken' | Port: '8000'
2020-04-16 12:48:26 [hystrix-Controller-8] INFO  m.a.controller.Controller - Called endpoint: 'getToken' | Port: '8000'
2020-04-16 12:48:27 [hystrix-Controller-9] INFO  m.a.controller.Controller - Called endpoint: 'getToken' | Port: '8000'
2020-04-16 12:48:28 [hystrix-Controller-10] INFO  m.a.controller.Controller - Called endpoint: 'getToken' | Port: '8000'
2020-04-16 12:48:28 [hystrix-Controller-10] INFO  m.a.controller.Controller - Called endpoint: 'getToken' | Port: '8000'
2020-04-16 12:48:29 [hystrix-Controller-10] INFO  m.a.controller.Controller - Called endpoint: 'getToken' | Port: '8000'
2020-04-16 12:48:30 [hystrix-Controller-10] INFO  m.a.controller.Controller - Called endpoint: 'getToken' | Port: '8000'
2020-04-16 12:48:31 [hystrix-Controller-10] INFO  m.a.controller.Controller - Called endpoint: 'getToken' | Port: '8000'
2020-04-16 12:48:31 [hystrix-Controller-10] INFO  m.a.controller.Controller - Called endpoint: 'getToken' | Port: '8000'
2020-04-16 12:48:32 [hystrix-Controller-10] INFO  m.a.controller.Controller - Called endpoint: 'getToken' | Port: '8000'
2020-04-16 12:48:32 [hystrix-Controller-10] INFO  m.a.controller.Controller - Called endpoint: 'getToken' | Port: '8000'
2020-04-16 12:48:36 [hystrix-Controller-10] INFO  m.a.controller.Controller - Called endpoint: 'getToken' | Port: '8000'
2020-04-16 12:48:37 [hystrix-Controller-10] INFO  m.a.controller.Controller - Called endpoint: 'getToken' | Port: '8000'
2020-04-16 12:48:37 [hystrix-Controller-10] INFO  m.a.controller.Controller - Called endpoint: 'getToken' | Port: '8000'
2020-04-16 12:48:38 [hystrix-Controller-10] INFO  m.a.controller.Controller - Called endpoint: 'getToken' | Port: '8000'
2020-04-16 12:48:39 [hystrix-Controller-10] INFO  m.a.controller.Controller - Called endpoint: 'getToken' | Port: '8000'
2020-04-16 12:48:39 [hystrix-Controller-10] INFO  m.a.controller.Controller - Called endpoint: 'getToken' | Port: '8000'
2020-04-16 12:48:40 [hystrix-Controller-10] INFO  m.a.controller.Controller - Called endpoint: 'getToken' | Port: '8000'
2020-04-16 12:48:41 [hystrix-Controller-10] INFO  m.a.controller.Controller - Called endpoint: 'getToken' | Port: '8000'
2020-04-16 12:48:41 [hystrix-Controller-10] INFO  m.a.controller.Controller - Called endpoint: 'getToken' | Port: '8000'
2020-04-16 12:48:41 [hystrix-Controller-10] INFO  m.a.controller.Controller - Called endpoint: 'getToken' | Port: '8000'
2020-04-16 12:48:41 [hystrix-Controller-10] INFO  m.a.controller.Controller - Called endpoint: 'getToken' | Port: '8000'
2020-04-16 12:48:42 [hystrix-Controller-10] INFO  m.a.controller.Controller - Called endpoint: 'getToken' | Port: '8000'
2020-04-16 12:48:42 [hystrix-Controller-10] INFO  m.a.controller.Controller - Called endpoint: 'getToken' | Port: '8000'
2020-04-16 12:48:42 [hystrix-Controller-10] INFO  m.a.controller.Controller - Called endpoint: 'getToken' | Port: '8000'
2020-04-16 12:48:43 [hystrix-Controller-10] INFO  m.a.controller.Controller - Called endpoint: 'getToken' | Port: '8000'
2020-04-16 12:48:43 [hystrix-Controller-10] INFO  m.a.controller.Controller - Called endpoint: 'getToken' | Port: '8000'
2020-04-16 12:48:43 [hystrix-Controller-10] INFO  m.a.controller.Controller - Called endpoint: 'getToken' | Port: '8000'
2020-04-16 12:48:43 [hystrix-Controller-10] INFO  m.a.controller.Controller - Called endpoint: 'getToken' | Port: '8000'
2020-04-16 12:48:44 [hystrix-Controller-10] INFO  m.a.controller.Controller - Called endpoint: 'getToken' | Port: '8000'
2020-04-16 12:48:45 [hystrix-Controller-10] INFO  m.a.controller.Controller - Called endpoint: 'getToken' | Port: '8000'
2020-04-16 12:48:45 [hystrix-Controller-10] INFO  m.a.controller.Controller - Called endpoint: 'getToken' | Port: '8000'
2020-04-16 12:48:46 [hystrix-Controller-10] INFO  m.a.controller.Controller - Called endpoint: 'getToken' | Port: '8000'
2020-04-16 12:48:54 [hystrix-Controller-10] INFO  m.a.controller.Controller - Called endpoint: 'getToken' | Port: '8000'
2020-04-16 12:58:17 [hystrix-Controller-10] INFO  m.a.controller.Controller - Called endpoint: 'getToken' | Port: '8000'
2020-04-16 12:58:20 [hystrix-Controller-10] INFO  m.a.controller.Controller - Called endpoint: 'checkLogin' | Port: '8000'
2020-04-16 12:58:20 [hystrix-Controller-10] INFO  m.a.controller.Controller - Called endpoint: 'getBlackList' | Port: '8000'
2020-04-16 12:58:20 [hystrix-Controller-10] INFO  m.a.controller.Controller - Called endpoint: 'getToken' | Port: '8000'
2020-04-16 12:58:26 [hystrix-Controller-10] INFO  m.a.controller.Controller - Called endpoint: 'getToken' | Port: '8000'
2020-04-16 13:01:05 [hystrix-Controller-10] INFO  m.a.controller.Controller - Called endpoint: 'getToken' | Port: '8000'
2020-04-16 13:01:27 [hystrix-Controller-10] INFO  m.a.controller.Controller - Called endpoint: 'getToken' | Port: '8000'
2020-04-16 13:01:52 [hystrix-Controller-10] INFO  m.a.controller.Controller - Called endpoint: 'getToken' | Port: '8000'
2020-04-16 13:01:57 [hystrix-Controller-10] INFO  m.a.controller.Controller - Called endpoint: 'getToken' | Port: '8000'
2020-04-16 13:02:05 [hystrix-Controller-10] INFO  m.a.controller.Controller - Called endpoint: 'getToken' | Port: '8000'
2020-04-16 13:02:52 [hystrix-Controller-10] INFO  m.a.controller.Controller - Called endpoint: 'getToken' | Port: '8000'
2020-04-16 13:03:18 [hystrix-Controller-10] INFO  m.a.controller.Controller - Called endpoint: 'getToken' | Port: '8000'
2020-04-16 13:03:22 [hystrix-Controller-10] INFO  m.a.controller.Controller - Called endpoint: 'getToken' | Port: '8000'
2020-04-16 13:03:27 [hystrix-Controller-10] INFO  m.a.controller.Controller - Called endpoint: 'getToken' | Port: '8000'
2020-04-16 13:03:37 [hystrix-Controller-10] INFO  m.a.controller.Controller - Called endpoint: 'getToken' | Port: '8000'
2020-04-16 13:03:42 [hystrix-Controller-10] INFO  m.a.controller.Controller - Called endpoint: 'getToken' | Port: '8000'
2020-04-16 13:03:44 [hystrix-Controller-10] INFO  m.a.controller.Controller - Called endpoint: 'getToken' | Port: '8000'
2020-04-16 13:04:06 [hystrix-Controller-10] INFO  m.a.controller.Controller - Called endpoint: 'getToken' | Port: '8000'
2020-04-16 13:04:19 [hystrix-Controller-10] INFO  m.a.controller.Controller - Called endpoint: 'getToken' | Port: '8000'
2020-04-16 13:04:57 [hystrix-Controller-10] INFO  m.a.controller.Controller - Called endpoint: 'getToken' | Port: '8000'
2020-04-16 13:05:12 [hystrix-Controller-10] INFO  m.a.controller.Controller - Called endpoint: 'getToken' | Port: '8000'
2020-04-16 13:05:15 [hystrix-Controller-10] INFO  m.a.controller.Controller - Called endpoint: 'getToken' | Port: '8000'
2020-04-16 13:06:34 [hystrix-Controller-10] INFO  m.a.controller.Controller - Called endpoint: 'getToken' | Port: '8000'
2020-04-16 13:07:04 [hystrix-Controller-10] INFO  m.a.controller.Controller - Called endpoint: 'getToken' | Port: '8000'
2020-04-16 13:07:13 [hystrix-Controller-10] INFO  m.a.controller.Controller - Called endpoint: 'getToken' | Port: '8000'
2020-04-16 13:07:31 [hystrix-Controller-10] INFO  m.a.controller.Controller - Called endpoint: 'getToken' | Port: '8000'
2020-04-16 13:07:44 [hystrix-Controller-10] INFO  m.a.controller.Controller - Called endpoint: 'getToken' | Port: '8000'
2020-04-16 13:07:54 [hystrix-Controller-10] INFO  m.a.controller.Controller - Called endpoint: 'getToken' | Port: '8000'
2020-04-16 13:08:02 [hystrix-Controller-10] INFO  m.a.controller.Controller - Called endpoint: 'getToken' | Port: '8000'
2020-04-16 13:08:22 [hystrix-Controller-10] INFO  m.a.controller.Controller - Called endpoint: 'getToken' | Port: '8000'
2020-04-16 13:08:30 [hystrix-Controller-10] INFO  m.a.controller.Controller - Called endpoint: 'getToken' | Port: '8000'
2020-04-16 13:08:42 [hystrix-Controller-10] INFO  m.a.controller.Controller - Called endpoint: 'checkLogin' | Port: '8000'
2020-04-16 13:08:42 [hystrix-Controller-10] INFO  m.a.controller.Controller - Called endpoint: 'getBlackList' | Port: '8000'
2020-04-16 13:08:43 [hystrix-Controller-10] INFO  m.a.controller.Controller - Called endpoint: 'getToken' | Port: '8000'
2020-04-16 13:08:55 [hystrix-Controller-10] INFO  m.a.controller.Controller - Called endpoint: 'getToken' | Port: '8000'
2020-04-16 13:09:03 [hystrix-Controller-10] INFO  m.a.controller.Controller - Called endpoint: 'getToken' | Port: '8000'
2020-04-16 13:09:43 [hystrix-Controller-10] INFO  m.a.controller.Controller - Called endpoint: 'checkLogin' | Port: '8000'
2020-04-16 13:09:43 [hystrix-Controller-10] INFO  m.a.controller.Controller - Called endpoint: 'getBlackList' | Port: '8000'
2020-04-16 13:09:44 [hystrix-Controller-10] INFO  m.a.controller.Controller - Called endpoint: 'getToken' | Port: '8000'
2020-04-16 13:10:08 [hystrix-Controller-10] INFO  m.a.controller.Controller - Called endpoint: 'getToken' | Port: '8000'
2020-04-16 13:10:13 [hystrix-Controller-10] INFO  m.a.controller.Controller - Called endpoint: 'checkLogin' | Port: '8000'
2020-04-16 13:10:13 [hystrix-Controller-10] INFO  m.a.controller.Controller - Called endpoint: 'getBlackList' | Port: '8000'
2020-04-16 13:10:58 [hystrix-Controller-10] INFO  m.a.controller.Controller - Called endpoint: 'getToken' | Port: '8000'
2020-04-16 13:15:34 [hystrix-Controller-10] INFO  m.a.controller.Controller - Called endpoint: 'getToken' | Port: '8000'
2020-04-16 13:17:20 [hystrix-Controller-10] INFO  m.a.controller.Controller - Called endpoint: 'userAll' | Port: '8000'
2020-04-16 13:32:07 [hystrix-Controller-10] INFO  m.a.controller.Controller - Called endpoint: 'getToken' | Port: '8000'
2020-04-16 13:37:15 [hystrix-Controller-10] INFO  m.a.controller.Controller - Called endpoint: 'checkLogin' | Port: '8000'
2020-04-16 13:37:15 [hystrix-Controller-10] INFO  m.a.controller.Controller - Called endpoint: 'getBlackList' | Port: '8000'
2020-04-16 13:37:15 [hystrix-Controller-10] INFO  m.a.controller.Controller - Called endpoint: 'getToken' | Port: '8000'
2020-04-16 13:38:55 [hystrix-Controller-10] INFO  m.a.controller.Controller - Called endpoint: 'getToken' | Port: '8000'
2020-04-16 13:39:22 [hystrix-Controller-10] INFO  m.a.controller.Controller - Called endpoint: 'getToken' | Port: '8000'
2020-04-16 13:39:59 [hystrix-Controller-10] INFO  m.a.controller.Controller - Called endpoint: 'getToken' | Port: '8000'
2020-04-16 13:40:25 [hystrix-Controller-10] INFO  m.a.controller.Controller - Called endpoint: 'getToken' | Port: '8000'
2020-04-16 13:40:40 [hystrix-Controller-10] INFO  m.a.controller.Controller - Called endpoint: 'getToken' | Port: '8000'
2020-04-16 13:40:43 [hystrix-Controller-10] INFO  m.a.controller.Controller - Called endpoint: 'getToken' | Port: '8000'
2020-04-16 13:40:47 [hystrix-Controller-10] INFO  m.a.controller.Controller - Called endpoint: 'getToken' | Port: '8000'
2020-04-16 13:40:50 [hystrix-Controller-10] INFO  m.a.controller.Controller - Called endpoint: 'getToken' | Port: '8000'
2020-04-16 13:40:56 [hystrix-Controller-10] INFO  m.a.controller.Controller - Called endpoint: 'getToken' | Port: '8000'
2020-04-16 13:47:56 [hystrix-Controller-10] INFO  m.a.controller.Controller - Called endpoint: 'getToken' | Port: '8000'
2020-04-16 13:53:14 [hystrix-Controller-10] INFO  m.a.controller.Controller - Called endpoint: 'checkLogin' | Port: '8000'
2020-04-16 13:53:14 [hystrix-Controller-10] INFO  m.a.controller.Controller - Called endpoint: 'getBlackList' | Port: '8000'
2020-04-16 13:53:15 [hystrix-Controller-10] INFO  m.a.controller.Controller - Called endpoint: 'getToken' | Port: '8000'
2020-04-16 13:53:28 [hystrix-Controller-10] INFO  m.a.controller.Controller - Called endpoint: 'getToken' | Port: '8000'
2020-04-16 13:53:38 [hystrix-Controller-10] INFO  m.a.controller.Controller - Called endpoint: 'getToken' | Port: '8000'
2020-04-16 13:53:45 [hystrix-Controller-10] INFO  m.a.controller.Controller - Called endpoint: 'getToken' | Port: '8000'
2020-04-16 13:53:46 [hystrix-Controller-10] INFO  m.a.controller.Controller - Called endpoint: 'getToken' | Port: '8000'
2020-04-16 13:53:58 [hystrix-Controller-10] INFO  m.a.controller.Controller - Called endpoint: 'getToken' | Port: '8000'
2020-04-16 13:54:03 [hystrix-Controller-10] INFO  m.a.controller.Controller - Called endpoint: 'getToken' | Port: '8000'
2020-04-16 13:54:57 [hystrix-Controller-10] INFO  m.a.controller.Controller - Called endpoint: 'getToken' | Port: '8000'
2020-04-16 13:55:10 [hystrix-Controller-10] INFO  m.a.controller.Controller - Called endpoint: 'getToken' | Port: '8000'
2020-04-16 13:56:11 [hystrix-Controller-10] INFO  m.a.controller.Controller - Called endpoint: 'getToken' | Port: '8000'
2020-04-16 13:56:28 [hystrix-Controller-10] INFO  m.a.controller.Controller - Called endpoint: 'getToken' | Port: '8000'
2020-04-16 13:56:43 [hystrix-Controller-10] INFO  m.a.controller.Controller - Called endpoint: 'getToken' | Port: '8000'
2020-04-16 13:56:50 [hystrix-Controller-10] INFO  m.a.controller.Controller - Called endpoint: 'getToken' | Port: '8000'
2020-04-16 13:57:17 [hystrix-Controller-10] INFO  m.a.controller.Controller - Called endpoint: 'getToken' | Port: '8000'
2020-04-16 13:57:56 [hystrix-Controller-10] INFO  m.a.controller.Controller - Called endpoint: 'getToken' | Port: '8000'
2020-04-16 13:59:01 [hystrix-Controller-10] INFO  m.a.controller.Controller - Called endpoint: 'getToken' | Port: '8000'
2020-04-16 13:59:11 [hystrix-Controller-10] INFO  m.a.controller.Controller - Called endpoint: 'getToken' | Port: '8000'
2020-04-16 13:59:24 [hystrix-Controller-10] INFO  m.a.controller.Controller - Called endpoint: 'getToken' | Port: '8000'
2020-04-16 13:59:28 [hystrix-Controller-10] INFO  m.a.controller.Controller - Called endpoint: 'getToken' | Port: '8000'
2020-04-16 13:59:32 [hystrix-Controller-10] INFO  m.a.controller.Controller - Called endpoint: 'getToken' | Port: '8000'
2020-04-16 13:59:39 [hystrix-Controller-10] INFO  m.a.controller.Controller - Called endpoint: 'getToken' | Port: '8000'
2020-04-16 13:59:52 [hystrix-Controller-10] INFO  m.a.controller.Controller - Called endpoint: 'getToken' | Port: '8000'
2020-04-16 13:59:59 [hystrix-Controller-10] INFO  m.a.controller.Controller - Called endpoint: 'getToken' | Port: '8000'
2020-04-16 14:00:47 [hystrix-Controller-10] INFO  m.a.controller.Controller - Called endpoint: 'getToken' | Port: '8000'
2020-04-16 14:01:45 [hystrix-Controller-10] INFO  m.a.controller.Controller - Called endpoint: 'getToken' | Port: '8000'
2020-04-16 14:01:57 [hystrix-Controller-10] INFO  m.a.controller.Controller - Called endpoint: 'getToken' | Port: '8000'
2020-04-16 14:02:19 [hystrix-Controller-10] INFO  m.a.controller.Controller - Called endpoint: 'getToken' | Port: '8000'
2020-04-16 14:02:40 [hystrix-Controller-10] INFO  m.a.controller.Controller - Called endpoint: 'getToken' | Port: '8000'
2020-04-16 14:03:18 [hystrix-Controller-10] INFO  m.a.controller.Controller - Called endpoint: 'getToken' | Port: '8000'
2020-04-16 14:03:42 [hystrix-Controller-10] INFO  m.a.controller.Controller - Called endpoint: 'getToken' | Port: '8000'
2020-04-16 14:04:21 [hystrix-Controller-10] INFO  m.a.controller.Controller - Called endpoint: 'getToken' | Port: '8000'
2020-04-16 14:05:09 [hystrix-Controller-10] INFO  m.a.controller.Controller - Called endpoint: 'getToken' | Port: '8000'
2020-04-16 14:05:30 [hystrix-Controller-10] INFO  m.a.controller.Controller - Called endpoint: 'getToken' | Port: '8000'
2020-04-16 14:06:10 [hystrix-Controller-10] INFO  m.a.controller.Controller - Called endpoint: 'getToken' | Port: '8000'
2020-04-16 14:06:29 [hystrix-Controller-10] INFO  m.a.controller.Controller - Called endpoint: 'getToken' | Port: '8000'
2020-04-16 14:06:46 [hystrix-Controller-10] INFO  m.a.controller.Controller - Called endpoint: 'getToken' | Port: '8000'
2020-04-16 14:06:58 [hystrix-Controller-10] INFO  m.a.controller.Controller - Called endpoint: 'getToken' | Port: '8000'
2020-04-16 14:07:06 [hystrix-Controller-10] INFO  m.a.controller.Controller - Called endpoint: 'getToken' | Port: '8000'
2020-04-16 14:07:09 [hystrix-Controller-10] INFO  m.a.controller.Controller - Called endpoint: 'getToken' | Port: '8000'
2020-04-16 14:08:14 [hystrix-Controller-10] INFO  m.a.controller.Controller - Called endpoint: 'getToken' | Port: '8000'
2020-04-16 14:08:27 [hystrix-Controller-10] INFO  m.a.controller.Controller - Called endpoint: 'getToken' | Port: '8000'
2020-04-16 14:09:00 [hystrix-Controller-10] INFO  m.a.controller.Controller - Called endpoint: 'getToken' | Port: '8000'
2020-04-16 14:09:10 [hystrix-Controller-10] INFO  m.a.controller.Controller - Called endpoint: 'getToken' | Port: '8000'
2020-04-16 14:09:19 [hystrix-Controller-10] INFO  m.a.controller.Controller - Called endpoint: 'getToken' | Port: '8000'
2020-04-16 14:09:23 [hystrix-Controller-10] INFO  m.a.controller.Controller - Called endpoint: 'getToken' | Port: '8000'
2020-04-16 14:09:34 [hystrix-Controller-10] INFO  m.a.controller.Controller - Called endpoint: 'getToken' | Port: '8000'
2020-04-16 14:10:14 [hystrix-Controller-10] INFO  m.a.controller.Controller - Called endpoint: 'getToken' | Port: '8000'
2020-04-16 14:11:01 [hystrix-Controller-10] INFO  m.a.controller.Controller - Called endpoint: 'getToken' | Port: '8000'
2020-04-16 14:12:22 [hystrix-Controller-10] INFO  m.a.controller.Controller - Called endpoint: 'getToken' | Port: '8000'
2020-04-16 14:12:52 [hystrix-Controller-10] INFO  m.a.controller.Controller - Called endpoint: 'getToken' | Port: '8000'
2020-04-16 14:13:17 [hystrix-Controller-10] INFO  m.a.controller.Controller - Called endpoint: 'getToken' | Port: '8000'
2020-04-16 14:13:37 [hystrix-Controller-10] INFO  m.a.controller.Controller - Called endpoint: 'getToken' | Port: '8000'
2020-04-16 14:13:38 [hystrix-Controller-10] INFO  m.a.controller.Controller - Called endpoint: 'getToken' | Port: '8000'
2020-04-16 14:15:04 [hystrix-Controller-10] INFO  m.a.controller.Controller - Called endpoint: 'getToken' | Port: '8000'
2020-04-16 14:15:34 [hystrix-Controller-10] INFO  m.a.controller.Controller - Called endpoint: 'getToken' | Port: '8000'
2020-04-16 14:15:37 [hystrix-Controller-10] INFO  m.a.controller.Controller - Called endpoint: 'getToken' | Port: '8000'
2020-04-16 14:15:55 [hystrix-Controller-10] INFO  m.a.controller.Controller - Called endpoint: 'getToken' | Port: '8000'
2020-04-16 14:16:14 [hystrix-Controller-10] INFO  m.a.controller.Controller - Called endpoint: 'getToken' | Port: '8000'
2020-04-16 14:16:51 [hystrix-Controller-10] INFO  m.a.controller.Controller - Called endpoint: 'getToken' | Port: '8000'
2020-04-16 14:16:52 [hystrix-Controller-10] INFO  m.a.controller.Controller - Called endpoint: 'getToken' | Port: '8000'
2020-04-16 14:17:37 [hystrix-Controller-10] INFO  m.a.controller.Controller - Called endpoint: 'getToken' | Port: '8000'
2020-04-16 15:18:23 [hystrix-Controller-10] INFO  m.a.controller.Controller - Called endpoint: 'checkLogin' | Port: '8000'
2020-04-16 15:18:23 [hystrix-Controller-10] INFO  m.a.controller.Controller - Called endpoint: 'getBlackList' | Port: '8000'
2020-04-16 15:18:23 [hystrix-Controller-10] INFO  m.a.controller.Controller - Called endpoint: 'getToken' | Port: '8000'
2020-04-16 15:19:03 [hystrix-Controller-10] INFO  m.a.controller.Controller - Called endpoint: 'getToken' | Port: '8000'
2020-04-16 15:19:39 [hystrix-Controller-10] INFO  m.a.controller.Controller - Called endpoint: 'getToken' | Port: '8000'
2020-04-16 15:19:55 [hystrix-Controller-10] INFO  m.a.controller.Controller - Called endpoint: 'getToken' | Port: '8000'
2020-04-16 15:19:59 [hystrix-Controller-10] INFO  m.a.controller.Controller - Called endpoint: 'getToken' | Port: '8000'
2020-04-16 15:20:13 [hystrix-Controller-10] INFO  m.a.controller.Controller - Called endpoint: 'getToken' | Port: '8000'
2020-04-16 15:20:16 [hystrix-Controller-10] INFO  m.a.controller.Controller - Called endpoint: 'getToken' | Port: '8000'
2020-04-16 15:21:42 [hystrix-Controller-10] INFO  m.a.controller.Controller - Called endpoint: 'getToken' | Port: '8000'
2020-04-16 15:21:49 [hystrix-Controller-10] INFO  m.a.controller.Controller - Called endpoint: 'getToken' | Port: '8000'
2020-04-16 15:21:53 [hystrix-Controller-10] INFO  m.a.controller.Controller - Called endpoint: 'getToken' | Port: '8000'
2020-04-16 15:23:34 [hystrix-Controller-10] INFO  m.a.controller.Controller - Called endpoint: 'getToken' | Port: '8000'
2020-04-16 15:23:43 [hystrix-Controller-10] INFO  m.a.controller.Controller - Called endpoint: 'getToken' | Port: '8000'
2020-04-16 15:23:59 [hystrix-Controller-10] INFO  m.a.controller.Controller - Called endpoint: 'getToken' | Port: '8000'
2020-04-16 15:24:14 [hystrix-Controller-10] INFO  m.a.controller.Controller - Called endpoint: 'getToken' | Port: '8000'
2020-04-16 15:25:07 [hystrix-Controller-10] INFO  m.a.controller.Controller - Called endpoint: 'getToken' | Port: '8000'
2020-04-16 15:25:19 [hystrix-Controller-10] INFO  m.a.controller.Controller - Called endpoint: 'getToken' | Port: '8000'
2020-04-16 15:25:51 [hystrix-Controller-10] INFO  m.a.controller.Controller - Called endpoint: 'getToken' | Port: '8000'
2020-04-16 15:26:13 [hystrix-Controller-10] INFO  m.a.controller.Controller - Called endpoint: 'getToken' | Port: '8000'
2020-04-16 15:26:32 [hystrix-Controller-10] INFO  m.a.controller.Controller - Called endpoint: 'getToken' | Port: '8000'
2020-04-16 15:26:36 [hystrix-Controller-10] INFO  m.a.controller.Controller - Called endpoint: 'getToken' | Port: '8000'
2020-04-16 15:26:41 [hystrix-Controller-10] INFO  m.a.controller.Controller - Called endpoint: 'getToken' | Port: '8000'
2020-04-16 15:26:44 [hystrix-Controller-10] INFO  m.a.controller.Controller - Called endpoint: 'getToken' | Port: '8000'
2020-04-16 15:27:22 [hystrix-Controller-10] INFO  m.a.controller.Controller - Called endpoint: 'getToken' | Port: '8000'
2020-04-16 15:27:38 [hystrix-Controller-10] INFO  m.a.controller.Controller - Called endpoint: 'getToken' | Port: '8000'
2020-04-16 15:27:49 [hystrix-Controller-10] INFO  m.a.controller.Controller - Called endpoint: 'getToken' | Port: '8000'
2020-04-16 15:28:16 [hystrix-Controller-10] INFO  m.a.controller.Controller - Called endpoint: 'getToken' | Port: '8000'
2020-04-16 15:28:26 [hystrix-Controller-10] INFO  m.a.controller.Controller - Called endpoint: 'getToken' | Port: '8000'
2020-04-16 15:28:29 [hystrix-Controller-10] INFO  m.a.controller.Controller - Called endpoint: 'getToken' | Port: '8000'
2020-04-16 15:28:54 [hystrix-Controller-10] INFO  m.a.controller.Controller - Called endpoint: 'getToken' | Port: '8000'
2020-04-16 15:29:00 [hystrix-Controller-10] INFO  m.a.controller.Controller - Called endpoint: 'getToken' | Port: '8000'
2020-04-16 15:29:16 [hystrix-Controller-10] INFO  m.a.controller.Controller - Called endpoint: 'getToken' | Port: '8000'
2020-04-16 15:29:24 [hystrix-Controller-10] INFO  m.a.controller.Controller - Called endpoint: 'getToken' | Port: '8000'
2020-04-16 15:29:35 [hystrix-Controller-10] INFO  m.a.controller.Controller - Called endpoint: 'getToken' | Port: '8000'
2020-04-16 15:29:52 [hystrix-Controller-10] INFO  m.a.controller.Controller - Called endpoint: 'getToken' | Port: '8000'
2020-04-16 15:30:03 [hystrix-Controller-10] INFO  m.a.controller.Controller - Called endpoint: 'getToken' | Port: '8000'
2020-04-16 15:30:27 [hystrix-Controller-10] INFO  m.a.controller.Controller - Called endpoint: 'getToken' | Port: '8000'
2020-04-16 15:30:34 [hystrix-Controller-10] INFO  m.a.controller.Controller - Called endpoint: 'getToken' | Port: '8000'
2020-04-16 15:30:53 [hystrix-Controller-10] INFO  m.a.controller.Controller - Called endpoint: 'getToken' | Port: '8000'
2020-04-16 15:31:20 [hystrix-Controller-10] INFO  m.a.controller.Controller - Called endpoint: 'getToken' | Port: '8000'
2020-04-16 15:31:33 [hystrix-Controller-10] INFO  m.a.controller.Controller - Called endpoint: 'getToken' | Port: '8000'
2020-04-16 15:32:05 [hystrix-Controller-10] INFO  m.a.controller.Controller - Called endpoint: 'getToken' | Port: '8000'
2020-04-16 15:32:16 [hystrix-Controller-10] INFO  m.a.controller.Controller - Called endpoint: 'getToken' | Port: '8000'
2020-04-16 15:32:58 [hystrix-Controller-10] INFO  m.a.controller.Controller - Called endpoint: 'getToken' | Port: '8000'
2020-04-16 15:33:03 [hystrix-Controller-10] INFO  m.a.controller.Controller - Called endpoint: 'getToken' | Port: '8000'
2020-04-16 15:33:11 [hystrix-Controller-10] INFO  m.a.controller.Controller - Called endpoint: 'getToken' | Port: '8000'
2020-04-16 15:34:05 [hystrix-Controller-10] INFO  m.a.controller.Controller - Called endpoint: 'getToken' | Port: '8000'
2020-04-16 15:34:21 [hystrix-Controller-10] INFO  m.a.controller.Controller - Called endpoint: 'getToken' | Port: '8000'
2020-04-16 15:34:32 [hystrix-Controller-10] INFO  m.a.controller.Controller - Called endpoint: 'getToken' | Port: '8000'
2020-04-16 15:34:39 [hystrix-Controller-10] INFO  m.a.controller.Controller - Called endpoint: 'getToken' | Port: '8000'
2020-04-16 15:35:03 [hystrix-Controller-10] INFO  m.a.controller.Controller - Called endpoint: 'getToken' | Port: '8000'
2020-04-16 15:35:10 [hystrix-Controller-10] INFO  m.a.controller.Controller - Called endpoint: 'getToken' | Port: '8000'
2020-04-16 15:35:23 [hystrix-Controller-10] INFO  m.a.controller.Controller - Called endpoint: 'getToken' | Port: '8000'
2020-04-16 15:35:36 [hystrix-Controller-10] INFO  m.a.controller.Controller - Called endpoint: 'getToken' | Port: '8000'
2020-04-16 15:35:52 [hystrix-Controller-10] INFO  m.a.controller.Controller - Called endpoint: 'getToken' | Port: '8000'
2020-04-16 15:35:59 [hystrix-Controller-10] INFO  m.a.controller.Controller - Called endpoint: 'getToken' | Port: '8000'
2020-04-16 15:36:06 [hystrix-Controller-10] INFO  m.a.controller.Controller - Called endpoint: 'getToken' | Port: '8000'
2020-04-16 15:36:12 [hystrix-Controller-10] INFO  m.a.controller.Controller - Called endpoint: 'getToken' | Port: '8000'
2020-04-16 15:36:19 [hystrix-Controller-10] INFO  m.a.controller.Controller - Called endpoint: 'getToken' | Port: '8000'
2020-04-16 15:36:43 [hystrix-Controller-10] INFO  m.a.controller.Controller - Called endpoint: 'getToken' | Port: '8000'
2020-04-16 15:36:50 [hystrix-Controller-10] INFO  m.a.controller.Controller - Called endpoint: 'getToken' | Port: '8000'
2020-04-16 15:36:57 [hystrix-Controller-10] INFO  m.a.controller.Controller - Called endpoint: 'getToken' | Port: '8000'
2020-04-16 15:37:43 [hystrix-Controller-10] INFO  m.a.controller.Controller - Called endpoint: 'getToken' | Port: '8000'
2020-04-16 15:40:54 [hystrix-Controller-10] INFO  m.a.controller.Controller - Called endpoint: 'getToken' | Port: '8000'
2020-04-16 15:41:01 [hystrix-Controller-10] INFO  m.a.controller.Controller - Called endpoint: 'getToken' | Port: '8000'
2020-04-16 15:41:07 [hystrix-Controller-10] INFO  m.a.controller.Controller - Called endpoint: 'getToken' | Port: '8000'
2020-04-16 15:41:25 [hystrix-Controller-10] INFO  m.a.controller.Controller - Called endpoint: 'getToken' | Port: '8000'
2020-04-16 15:41:51 [hystrix-Controller-10] INFO  m.a.controller.Controller - Called endpoint: 'getToken' | Port: '8000'
2020-04-16 15:42:25 [hystrix-Controller-10] INFO  m.a.controller.Controller - Called endpoint: 'getToken' | Port: '8000'
2020-04-16 15:42:47 [hystrix-Controller-10] INFO  m.a.controller.Controller - Called endpoint: 'getToken' | Port: '8000'
2020-04-16 15:43:08 [hystrix-Controller-10] INFO  m.a.controller.Controller - Called endpoint: 'getToken' | Port: '8000'
2020-04-16 15:43:26 [hystrix-Controller-10] INFO  m.a.controller.Controller - Called endpoint: 'getToken' | Port: '8000'
2020-04-16 15:45:20 [hystrix-Controller-10] INFO  m.a.controller.Controller - Called endpoint: 'getToken' | Port: '8000'
2020-04-16 15:45:40 [hystrix-Controller-10] INFO  m.a.controller.Controller - Called endpoint: 'getToken' | Port: '8000'
2020-04-16 15:45:43 [hystrix-Controller-10] INFO  m.a.controller.Controller - Called endpoint: 'getToken' | Port: '8000'
2020-04-16 15:46:31 [hystrix-Controller-10] INFO  m.a.controller.Controller - Called endpoint: 'getToken' | Port: '8000'
2020-04-16 15:46:42 [hystrix-Controller-10] INFO  m.a.controller.Controller - Called endpoint: 'getToken' | Port: '8000'
2020-04-16 15:47:06 [hystrix-Controller-10] INFO  m.a.controller.Controller - Called endpoint: 'getToken' | Port: '8000'
2020-04-16 15:47:36 [hystrix-Controller-10] INFO  m.a.controller.Controller - Called endpoint: 'getToken' | Port: '8000'
2020-04-16 15:47:45 [hystrix-Controller-10] INFO  m.a.controller.Controller - Called endpoint: 'getToken' | Port: '8000'
2020-04-16 15:48:16 [hystrix-Controller-10] INFO  m.a.controller.Controller - Called endpoint: 'getToken' | Port: '8000'
2020-04-16 15:48:34 [hystrix-Controller-10] INFO  m.a.controller.Controller - Called endpoint: 'getToken' | Port: '8000'
2020-04-16 15:49:02 [hystrix-Controller-10] INFO  m.a.controller.Controller - Called endpoint: 'getToken' | Port: '8000'
2020-04-16 15:49:31 [hystrix-Controller-10] INFO  m.a.controller.Controller - Called endpoint: 'userAll' | Port: '8000'
2020-04-16 15:49:49 [hystrix-Controller-10] INFO  m.a.controller.Controller - Called endpoint: 'getToken' | Port: '8000'
2020-04-16 15:50:23 [hystrix-Controller-10] INFO  m.a.controller.Controller - Called endpoint: 'getToken' | Port: '8000'
2020-04-16 15:50:47 [hystrix-Controller-10] INFO  m.a.controller.Controller - Called endpoint: 'getToken' | Port: '8000'
2020-04-16 15:51:01 [hystrix-Controller-10] INFO  m.a.controller.Controller - Called endpoint: 'getToken' | Port: '8000'
2020-04-16 15:51:48 [hystrix-Controller-10] INFO  m.a.controller.Controller - Called endpoint: 'getToken' | Port: '8000'
2020-04-16 15:53:06 [hystrix-Controller-10] INFO  m.a.controller.Controller - Called endpoint: 'getToken' | Port: '8000'
2020-04-16 15:53:19 [hystrix-Controller-10] INFO  m.a.controller.Controller - Called endpoint: 'getToken' | Port: '8000'
2020-04-16 15:53:31 [hystrix-Controller-10] INFO  m.a.controller.Controller - Called endpoint: 'checkLogin' | Port: '8000'
2020-04-16 15:53:31 [hystrix-Controller-10] INFO  m.a.controller.Controller - Called endpoint: 'getBlackList' | Port: '8000'
2020-04-16 15:53:32 [hystrix-Controller-10] INFO  m.a.controller.Controller - Called endpoint: 'getToken' | Port: '8000'
2020-04-16 15:55:05 [hystrix-Controller-10] INFO  m.a.controller.Controller - Called endpoint: 'getToken' | Port: '8000'
2020-04-16 15:55:44 [hystrix-Controller-10] INFO  m.a.controller.Controller - Called endpoint: 'getToken' | Port: '8000'
2020-04-16 15:55:52 [hystrix-Controller-10] INFO  m.a.controller.Controller - Called endpoint: 'getToken' | Port: '8000'
2020-04-16 15:56:04 [hystrix-Controller-10] INFO  m.a.controller.Controller - Called endpoint: 'getToken' | Port: '8000'
2020-04-16 15:57:25 [hystrix-Controller-10] INFO  m.a.controller.Controller - Called endpoint: 'getToken' | Port: '8000'
2020-04-16 15:57:37 [hystrix-Controller-10] INFO  m.a.controller.Controller - Called endpoint: 'getToken' | Port: '8000'
2020-04-16 15:58:24 [hystrix-Controller-10] INFO  m.a.controller.Controller - Called endpoint: 'getToken' | Port: '8000'
2020-04-16 15:58:40 [hystrix-Controller-10] INFO  m.a.controller.Controller - Called endpoint: 'getToken' | Port: '8000'
2020-04-16 15:59:03 [hystrix-Controller-10] INFO  m.a.controller.Controller - Called endpoint: 'getToken' | Port: '8000'
2020-04-16 15:59:33 [hystrix-Controller-10] INFO  m.a.controller.Controller - Called endpoint: 'getToken' | Port: '8000'
2020-04-16 15:59:51 [hystrix-Controller-10] INFO  m.a.controller.Controller - Called endpoint: 'getToken' | Port: '8000'
2020-04-16 16:01:30 [hystrix-Controller-10] INFO  m.a.controller.Controller - Called endpoint: 'getToken' | Port: '8000'
2020-04-16 16:01:45 [hystrix-Controller-10] INFO  m.a.controller.Controller - Called endpoint: 'getToken' | Port: '8000'
2020-04-16 16:02:25 [hystrix-Controller-10] INFO  m.a.controller.Controller - Called endpoint: 'getToken' | Port: '8000'
2020-04-16 16:02:36 [hystrix-Controller-10] INFO  m.a.controller.Controller - Called endpoint: 'getToken' | Port: '8000'
2020-04-16 16:02:54 [hystrix-Controller-10] INFO  m.a.controller.Controller - Called endpoint: 'getToken' | Port: '8000'
2020-04-16 16:03:20 [hystrix-Controller-10] INFO  m.a.controller.Controller - Called endpoint: 'getToken' | Port: '8000'
2020-04-16 16:03:46 [hystrix-Controller-10] INFO  m.a.controller.Controller - Called endpoint: 'getToken' | Port: '8000'
2020-04-16 16:03:57 [hystrix-Controller-10] INFO  m.a.controller.Controller - Called endpoint: 'getToken' | Port: '8000'
2020-04-16 16:05:17 [hystrix-Controller-10] INFO  m.a.controller.Controller - Called endpoint: 'getToken' | Port: '8000'
2020-04-16 16:05:36 [hystrix-Controller-10] INFO  m.a.controller.Controller - Called endpoint: 'getToken' | Port: '8000'
2020-04-16 16:06:02 [hystrix-Controller-10] INFO  m.a.controller.Controller - Called endpoint: 'getToken' | Port: '8000'
2020-04-16 16:06:28 [hystrix-Controller-10] INFO  m.a.controller.Controller - Called endpoint: 'getToken' | Port: '8000'
2020-04-16 16:06:35 [hystrix-Controller-10] INFO  m.a.controller.Controller - Called endpoint: 'getToken' | Port: '8000'
2020-04-16 16:06:47 [hystrix-Controller-10] INFO  m.a.controller.Controller - Called endpoint: 'getToken' | Port: '8000'
2020-04-16 16:06:54 [hystrix-Controller-10] INFO  m.a.controller.Controller - Called endpoint: 'getToken' | Port: '8000'
2020-04-16 16:07:00 [hystrix-Controller-10] INFO  m.a.controller.Controller - Called endpoint: 'getToken' | Port: '8000'
2020-04-16 16:07:03 [hystrix-Controller-10] INFO  m.a.controller.Controller - Called endpoint: 'getToken' | Port: '8000'
2020-04-16 16:07:32 [hystrix-Controller-10] INFO  m.a.controller.Controller - Called endpoint: 'getToken' | Port: '8000'
2020-04-16 16:08:21 [hystrix-Controller-10] INFO  m.a.controller.Controller - Called endpoint: 'getToken' | Port: '8000'
2020-04-16 16:08:51 [hystrix-Controller-10] INFO  m.a.controller.Controller - Called endpoint: 'getToken' | Port: '8000'
2020-04-16 16:09:03 [hystrix-Controller-10] INFO  m.a.controller.Controller - Called endpoint: 'getToken' | Port: '8000'
2020-04-16 16:09:10 [hystrix-Controller-10] INFO  m.a.controller.Controller - Called endpoint: 'getToken' | Port: '8000'
2020-04-16 16:09:31 [hystrix-Controller-10] INFO  m.a.controller.Controller - Called endpoint: 'getToken' | Port: '8000'
2020-04-16 16:10:23 [hystrix-Controller-10] INFO  m.a.controller.Controller - Called endpoint: 'getToken' | Port: '8000'
