2020-05-31 13:51:18 [restartedMain] INFO  m.a.MsAuthenticationApplication - No active profile set, falling back to default profiles: default
2020-05-31 13:51:25 [restartedMain] INFO  m.a.MsAuthenticationApplication - Started MsAuthenticationApplication in 12.35 seconds (JVM running for 13.178)
2020-05-31 13:52:02 [hystrix-Controller-1] INFO  m.a.controller.Controller - Called endpoint: 'checkLogin' | Port: '8000'
2020-05-31 13:52:03 [hystrix-Controller-2] INFO  m.a.controller.Controller - Called endpoint: 'getBlackList' | Port: '8000'
2020-05-31 13:52:03 [hystrix-Controller-3] INFO  m.a.controller.Controller - Called endpoint: 'userByDocument' | Port: '8000'
2020-05-31 13:52:03 [hystrix-Controller-4] INFO  m.a.controller.Controller - Called endpoint: 'getToken' | Port: '8000'
2020-05-31 14:12:41 [hystrix-Controller-5] INFO  m.a.controller.Controller - Called endpoint: 'checkLogin' | Port: '8000'
2020-05-31 14:12:41 [hystrix-Controller-6] INFO  m.a.controller.Controller - Called endpoint: 'getBlackList' | Port: '8000'
2020-05-31 14:12:41 [hystrix-Controller-7] INFO  m.a.controller.Controller - Called endpoint: 'userByDocument' | Port: '8000'
2020-05-31 14:12:41 [hystrix-Controller-8] INFO  m.a.controller.Controller - Called endpoint: 'getToken' | Port: '8000'
2020-05-31 15:17:48 [hystrix-Controller-9] INFO  m.a.controller.Controller - Called endpoint: 'checkLogin' | Port: '8000'
2020-05-31 15:17:48 [hystrix-Controller-10] INFO  m.a.controller.Controller - Called endpoint: 'getBlackList' | Port: '8000'
2020-05-31 15:17:48 [hystrix-Controller-9] INFO  m.a.controller.Controller - Called endpoint: 'userByDocument' | Port: '8000'
2020-05-31 15:17:49 [hystrix-Controller-10] INFO  m.a.controller.Controller - Called endpoint: 'getToken' | Port: '8000'
2020-05-31 15:18:16 [hystrix-Controller-10] INFO  m.a.controller.Controller - Called endpoint: 'getToken' | Port: '8000'
2020-05-31 15:18:19 [hystrix-Controller-10] INFO  m.a.controller.Controller - Called endpoint: 'checkLogin' | Port: '8000'
2020-05-31 15:18:19 [hystrix-Controller-10] INFO  m.a.controller.Controller - Called endpoint: 'getBlackList' | Port: '8000'
2020-05-31 15:18:19 [hystrix-Controller-9] INFO  m.a.controller.Controller - Called endpoint: 'userByDocument' | Port: '8000'
2020-05-31 15:18:20 [hystrix-Controller-10] INFO  m.a.controller.Controller - Called endpoint: 'getToken' | Port: '8000'
2020-05-31 15:25:13 [hystrix-Controller-10] INFO  m.a.controller.Controller - Called endpoint: 'checkLogin' | Port: '8000'
2020-05-31 15:25:13 [hystrix-Controller-10] INFO  m.a.controller.Controller - Called endpoint: 'getBlackList' | Port: '8000'
2020-05-31 15:25:13 [hystrix-Controller-9] INFO  m.a.controller.Controller - Called endpoint: 'userByDocument' | Port: '8000'
2020-05-31 15:25:14 [hystrix-Controller-10] INFO  m.a.controller.Controller - Called endpoint: 'getToken' | Port: '8000'
2020-05-31 15:31:33 [hystrix-Controller-10] INFO  m.a.controller.Controller - Called endpoint: 'checkLogin' | Port: '8000'
2020-05-31 15:31:33 [hystrix-Controller-10] INFO  m.a.controller.Controller - Called endpoint: 'getBlackList' | Port: '8000'
2020-05-31 15:31:33 [hystrix-Controller-9] INFO  m.a.controller.Controller - Called endpoint: 'userByDocument' | Port: '8000'
2020-05-31 15:31:34 [hystrix-Controller-10] INFO  m.a.controller.Controller - Called endpoint: 'getToken' | Port: '8000'
2020-05-31 18:08:28 [hystrix-Controller-10] INFO  m.a.controller.Controller - Called endpoint: 'checkLogin' | Port: '8000'
2020-05-31 18:08:28 [hystrix-Controller-10] INFO  m.a.controller.Controller - Called endpoint: 'getBlackList' | Port: '8000'
2020-05-31 18:08:28 [hystrix-Controller-9] INFO  m.a.controller.Controller - Called endpoint: 'userByDocument' | Port: '8000'
2020-05-31 18:08:28 [hystrix-Controller-10] INFO  m.a.controller.Controller - Called endpoint: 'getToken' | Port: '8000'
2020-05-31 18:38:53 [hystrix-Controller-10] INFO  m.a.controller.Controller - Called endpoint: 'getToken' | Port: '8000'
2020-05-31 18:38:56 [hystrix-Controller-10] INFO  m.a.controller.Controller - Called endpoint: 'checkLogin' | Port: '8000'
2020-05-31 18:38:56 [hystrix-Controller-10] INFO  m.a.controller.Controller - Called endpoint: 'getBlackList' | Port: '8000'
2020-05-31 18:38:56 [hystrix-Controller-9] INFO  m.a.controller.Controller - Called endpoint: 'userByDocument' | Port: '8000'
2020-05-31 18:38:56 [hystrix-Controller-10] INFO  m.a.controller.Controller - Called endpoint: 'getToken' | Port: '8000'
2020-05-31 18:38:56 [hystrix-Controller-10] INFO  m.a.controller.Controller - Called endpoint: 'getToken' | Port: '8000'
2020-05-31 18:39:00 [hystrix-Controller-10] INFO  m.a.controller.Controller - Called endpoint: 'getToken' | Port: '8000'
2020-05-31 18:39:10 [hystrix-Controller-10] INFO  m.a.controller.Controller - Called endpoint: 'getToken' | Port: '8000'
2020-05-31 18:39:11 [hystrix-Controller-10] INFO  m.a.controller.Controller - Called endpoint: 'getToken' | Port: '8000'
2020-05-31 18:39:11 [hystrix-Controller-10] INFO  m.a.controller.Controller - Called endpoint: 'getToken' | Port: '8000'
2020-05-31 18:39:11 [hystrix-Controller-10] INFO  m.a.controller.Controller - Called endpoint: 'getToken' | Port: '8000'
