2020-04-11 13:21:13 [restartedMain] INFO  m.c.m.MsClientManagementApplication - No active profile set, falling back to default profiles: default
2020-04-11 13:21:21 [restartedMain] INFO  m.c.m.MsClientManagementApplication - Started MsClientManagementApplication in 14.912 seconds (JVM running for 15.692)
2020-04-11 13:23:49 [hystrix-Controller-1] INFO  m.c.management.controller.Controller - Called endpoint: 'clientByDocument' | Port: '8001'
2020-04-11 13:24:56 [hystrix-Controller-2] INFO  m.c.management.controller.Controller - Called endpoint: 'clientByDocument' | Port: '8001'
2020-04-11 13:26:00 [hystrix-Controller-3] INFO  m.c.management.controller.Controller - Called endpoint: 'clientByDocument' | Port: '8001'
2020-04-11 13:27:25 [hystrix-Controller-4] INFO  m.c.management.controller.Controller - Called endpoint: 'clientByDocument' | Port: '8001'
2020-04-11 13:28:44 [hystrix-Controller-5] INFO  m.c.management.controller.Controller - Called endpoint: 'clientByDocument' | Port: '8001'
2020-04-11 13:28:57 [hystrix-Controller-6] INFO  m.c.management.controller.Controller - Called endpoint: 'clientByDocument' | Port: '8001'
2020-04-11 13:29:11 [hystrix-Controller-7] INFO  m.c.management.controller.Controller - Called endpoint: 'clientByDocument' | Port: '8001'
2020-04-11 13:30:06 [hystrix-Controller-8] INFO  m.c.management.controller.Controller - Called endpoint: 'clientByDocument' | Port: '8001'
2020-04-11 13:30:10 [hystrix-Controller-9] INFO  m.c.management.controller.Controller - Called endpoint: 'clientByDocument' | Port: '8001'
2020-04-11 13:30:12 [hystrix-Controller-10] INFO  m.c.management.controller.Controller - Called endpoint: 'clientByDocument' | Port: '8001'
2020-04-11 13:30:40 [hystrix-Controller-10] INFO  m.c.management.controller.Controller - Called endpoint: 'clientByDocument' | Port: '8001'
2020-04-11 13:30:47 [hystrix-Controller-10] INFO  m.c.management.controller.Controller - Called endpoint: 'clientByDocument' | Port: '8001'
2020-04-11 13:30:51 [hystrix-Controller-10] INFO  m.c.management.controller.Controller - Called endpoint: 'clientByDocument' | Port: '8001'
2020-04-11 13:43:33 [hystrix-Controller-10] INFO  m.c.management.controller.Controller - Called endpoint: 'clientByDocument' | Port: '8001'
2020-04-11 13:46:16 [hystrix-Controller-10] INFO  m.c.management.controller.Controller - Called endpoint: 'clientByDocument' | Port: '8001'
2020-04-11 13:46:28 [hystrix-Controller-10] INFO  m.c.management.controller.Controller - Called endpoint: 'clientByDocument' | Port: '8001'
2020-04-11 13:46:41 [hystrix-Controller-10] INFO  m.c.management.controller.Controller - Called endpoint: 'clientByDocument' | Port: '8001'
2020-04-11 13:47:06 [hystrix-Controller-10] INFO  m.c.management.controller.Controller - Called endpoint: 'clientByDocument' | Port: '8001'
2020-04-11 13:47:08 [hystrix-Controller-10] INFO  m.c.management.controller.Controller - Called endpoint: 'clientByDocument' | Port: '8001'
2020-04-11 13:47:10 [hystrix-Controller-10] INFO  m.c.management.controller.Controller - Called endpoint: 'clientByDocument' | Port: '8001'
2020-04-11 13:47:15 [hystrix-Controller-10] INFO  m.c.management.controller.Controller - Called endpoint: 'clientByDocument' | Port: '8001'
2020-04-11 13:47:17 [hystrix-Controller-10] INFO  m.c.management.controller.Controller - Called endpoint: 'clientByDocument' | Port: '8001'
2020-04-11 13:47:55 [hystrix-Controller-10] INFO  m.c.management.controller.Controller - Called endpoint: 'clientByDocument' | Port: '8001'
2020-04-11 13:48:16 [hystrix-Controller-10] INFO  m.c.management.controller.Controller - Called endpoint: 'clientByDocument' | Port: '8001'
2020-04-11 13:50:25 [hystrix-Controller-10] INFO  m.c.management.controller.Controller - Called endpoint: 'clientByDocument' | Port: '8001'
2020-04-11 13:50:39 [hystrix-Controller-10] INFO  m.c.management.controller.Controller - Called endpoint: 'clientByDocument' | Port: '8001'
2020-04-11 13:50:45 [hystrix-Controller-10] INFO  m.c.management.controller.Controller - Called endpoint: 'clientByDocument' | Port: '8001'
2020-04-11 13:51:14 [hystrix-Controller-10] INFO  m.c.management.controller.Controller - Called endpoint: 'clientByDocument' | Port: '8001'
2020-04-11 13:51:16 [hystrix-Controller-10] INFO  m.c.management.controller.Controller - Called endpoint: 'clientByDocument' | Port: '8001'
2020-04-11 13:51:30 [hystrix-Controller-10] INFO  m.c.management.controller.Controller - Called endpoint: 'clientByDocument' | Port: '8001'
2020-04-11 13:51:54 [hystrix-Controller-10] INFO  m.c.management.controller.Controller - Called endpoint: 'clientByDocument' | Port: '8001'
2020-04-11 13:52:03 [hystrix-Controller-10] INFO  m.c.management.controller.Controller - Called endpoint: 'clientByDocument' | Port: '8001'
2020-04-11 13:52:41 [hystrix-Controller-10] INFO  m.c.management.controller.Controller - Called endpoint: 'clientByDocument' | Port: '8001'
2020-04-11 13:52:54 [hystrix-Controller-10] INFO  m.c.management.controller.Controller - Called endpoint: 'clientByDocument' | Port: '8001'
2020-04-11 13:53:08 [hystrix-Controller-10] INFO  m.c.management.controller.Controller - Called endpoint: 'clientByDocument' | Port: '8001'
2020-04-11 13:53:24 [hystrix-Controller-10] INFO  m.c.management.controller.Controller - Called endpoint: 'clientByDocument' | Port: '8001'
2020-04-11 13:53:28 [hystrix-Controller-10] INFO  m.c.management.controller.Controller - Called endpoint: 'clientByDocument' | Port: '8001'
2020-04-11 13:53:36 [hystrix-Controller-10] INFO  m.c.management.controller.Controller - Called endpoint: 'clientByDocument' | Port: '8001'
2020-04-11 13:53:44 [hystrix-Controller-10] INFO  m.c.management.controller.Controller - Called endpoint: 'clientByDocument' | Port: '8001'
2020-04-11 13:54:38 [hystrix-Controller-10] INFO  m.c.management.controller.Controller - Called endpoint: 'clientByDocument' | Port: '8001'
2020-04-11 13:54:53 [hystrix-Controller-10] INFO  m.c.management.controller.Controller - Called endpoint: 'clientByDocument' | Port: '8001'
2020-04-11 13:55:15 [hystrix-Controller-10] INFO  m.c.management.controller.Controller - Called endpoint: 'clientByDocument' | Port: '8001'
2020-04-11 13:55:22 [hystrix-Controller-10] INFO  m.c.management.controller.Controller - Called endpoint: 'clientByDocument' | Port: '8001'
2020-04-11 13:55:33 [hystrix-Controller-10] INFO  m.c.management.controller.Controller - Called endpoint: 'clientByDocument' | Port: '8001'
2020-04-11 13:55:41 [hystrix-Controller-10] INFO  m.c.management.controller.Controller - Called endpoint: 'clientByDocument' | Port: '8001'
2020-04-11 13:55:51 [hystrix-Controller-10] INFO  m.c.management.controller.Controller - Called endpoint: 'clientByDocument' | Port: '8001'
2020-04-11 13:56:06 [hystrix-Controller-10] INFO  m.c.management.controller.Controller - Called endpoint: 'clientByDocument' | Port: '8001'
2020-04-11 13:56:09 [hystrix-Controller-10] INFO  m.c.management.controller.Controller - Called endpoint: 'clientByDocument' | Port: '8001'
2020-04-11 13:56:19 [hystrix-Controller-10] INFO  m.c.management.controller.Controller - Called endpoint: 'clientByDocument' | Port: '8001'
2020-04-11 13:56:26 [hystrix-Controller-10] INFO  m.c.management.controller.Controller - Called endpoint: 'clientByDocument' | Port: '8001'
2020-04-11 13:56:58 [hystrix-Controller-10] INFO  m.c.management.controller.Controller - Called endpoint: 'clientByDocument' | Port: '8001'
2020-04-11 13:57:09 [hystrix-Controller-10] INFO  m.c.management.controller.Controller - Called endpoint: 'clientByDocument' | Port: '8001'
2020-04-11 13:57:19 [hystrix-Controller-10] INFO  m.c.management.controller.Controller - Called endpoint: 'clientByDocument' | Port: '8001'
2020-04-11 13:57:23 [hystrix-Controller-10] INFO  m.c.management.controller.Controller - Called endpoint: 'clientByDocument' | Port: '8001'
2020-04-11 13:57:34 [hystrix-Controller-10] INFO  m.c.management.controller.Controller - Called endpoint: 'clientByDocument' | Port: '8001'
2020-04-11 13:57:44 [hystrix-Controller-10] INFO  m.c.management.controller.Controller - Called endpoint: 'clientByDocument' | Port: '8001'
2020-04-11 13:57:45 [hystrix-Controller-10] INFO  m.c.management.controller.Controller - Called endpoint: 'clientByDocument' | Port: '8001'
2020-04-11 13:58:00 [hystrix-Controller-10] INFO  m.c.management.controller.Controller - Called endpoint: 'clientByDocument' | Port: '8001'
2020-04-11 13:58:14 [hystrix-Controller-10] INFO  m.c.management.controller.Controller - Called endpoint: 'clientByDocument' | Port: '8001'
2020-04-11 13:59:05 [hystrix-Controller-10] INFO  m.c.management.controller.Controller - Called endpoint: 'clientByDocument' | Port: '8001'
2020-04-11 13:59:11 [hystrix-Controller-10] INFO  m.c.management.controller.Controller - Called endpoint: 'clientByDocument' | Port: '8001'
2020-04-11 13:59:14 [hystrix-Controller-10] INFO  m.c.management.controller.Controller - Called endpoint: 'clientByDocument' | Port: '8001'
2020-04-11 13:59:16 [hystrix-Controller-10] INFO  m.c.management.controller.Controller - Called endpoint: 'clientByDocument' | Port: '8001'
2020-04-11 13:59:16 [hystrix-Controller-10] INFO  m.c.management.controller.Controller - Called endpoint: 'clientByDocument' | Port: '8001'
2020-04-11 13:59:21 [hystrix-Controller-10] INFO  m.c.management.controller.Controller - Called endpoint: 'clientByDocument' | Port: '8001'
2020-04-11 13:59:35 [hystrix-Controller-10] INFO  m.c.management.controller.Controller - Called endpoint: 'clientByDocument' | Port: '8001'
2020-04-11 13:59:59 [hystrix-Controller-10] INFO  m.c.management.controller.Controller - Called endpoint: 'clientByDocument' | Port: '8001'
2020-04-11 14:00:13 [hystrix-Controller-10] INFO  m.c.management.controller.Controller - Called endpoint: 'clientByDocument' | Port: '8001'
2020-04-11 14:00:22 [hystrix-Controller-10] INFO  m.c.management.controller.Controller - Called endpoint: 'clientByDocument' | Port: '8001'
2020-04-11 14:01:06 [hystrix-Controller-10] INFO  m.c.management.controller.Controller - Called endpoint: 'clientByDocument' | Port: '8001'
2020-04-11 14:01:10 [hystrix-Controller-10] INFO  m.c.management.controller.Controller - Called endpoint: 'clientByDocument' | Port: '8001'
2020-04-11 14:01:17 [hystrix-Controller-10] INFO  m.c.management.controller.Controller - Called endpoint: 'clientByDocument' | Port: '8001'
2020-04-11 14:01:30 [hystrix-Controller-10] INFO  m.c.management.controller.Controller - Called endpoint: 'clientByDocument' | Port: '8001'
2020-04-11 14:01:32 [hystrix-Controller-10] INFO  m.c.management.controller.Controller - Called endpoint: 'clientByDocument' | Port: '8001'
2020-04-11 14:02:02 [hystrix-Controller-10] INFO  m.c.management.controller.Controller - Called endpoint: 'clientByDocument' | Port: '8001'
2020-04-11 14:02:08 [hystrix-Controller-10] INFO  m.c.management.controller.Controller - Called endpoint: 'clientByDocument' | Port: '8001'
2020-04-11 14:03:40 [hystrix-Controller-10] INFO  m.c.management.controller.Controller - Called endpoint: 'clientByDocument' | Port: '8001'
2020-04-11 14:05:01 [hystrix-Controller-10] INFO  m.c.management.controller.Controller - Called endpoint: 'clientByDocument' | Port: '8001'
2020-04-11 14:11:06 [hystrix-Controller-10] INFO  m.c.management.controller.Controller - Called endpoint: 'clientByDocument' | Port: '8001'
2020-04-11 14:11:08 [hystrix-Controller-10] INFO  m.c.management.controller.Controller - Called endpoint: 'clientByDocument' | Port: '8001'
2020-04-11 14:11:10 [hystrix-Controller-10] INFO  m.c.management.controller.Controller - Called endpoint: 'clientByDocument' | Port: '8001'
2020-04-11 14:11:11 [hystrix-Controller-10] INFO  m.c.management.controller.Controller - Called endpoint: 'clientByDocument' | Port: '8001'
2020-04-11 14:11:12 [hystrix-Controller-10] INFO  m.c.management.controller.Controller - Called endpoint: 'clientByDocument' | Port: '8001'
2020-04-11 14:11:23 [hystrix-Controller-10] INFO  m.c.management.controller.Controller - Called endpoint: 'clientByDocument' | Port: '8001'
2020-04-11 14:11:29 [hystrix-Controller-10] INFO  m.c.management.controller.Controller - Called endpoint: 'clientByDocument' | Port: '8001'
2020-04-11 14:11:31 [hystrix-Controller-10] INFO  m.c.management.controller.Controller - Called endpoint: 'clientByDocument' | Port: '8001'
2020-04-11 14:11:33 [hystrix-Controller-10] INFO  m.c.management.controller.Controller - Called endpoint: 'clientByDocument' | Port: '8001'
2020-04-11 14:11:34 [hystrix-Controller-10] INFO  m.c.management.controller.Controller - Called endpoint: 'clientByDocument' | Port: '8001'
2020-04-11 14:12:54 [hystrix-Controller-10] INFO  m.c.management.controller.Controller - Called endpoint: 'clientByDocument' | Port: '8001'
2020-04-11 14:19:54 [hystrix-Controller-10] INFO  m.c.management.controller.Controller - Called endpoint: 'clientByDocument' | Port: '8001'
2020-04-11 14:21:18 [hystrix-Controller-10] INFO  m.c.management.controller.Controller - Called endpoint: 'clientByDocument' | Port: '8001'
2020-04-11 14:24:53 [hystrix-Controller-10] INFO  m.c.management.controller.Controller - Called endpoint: 'clientByDocument' | Port: '8001'
2020-04-11 14:25:00 [hystrix-Controller-10] INFO  m.c.management.controller.Controller - Called endpoint: 'clientByDocument' | Port: '8001'
2020-04-11 14:25:01 [hystrix-Controller-10] INFO  m.c.management.controller.Controller - Called endpoint: 'clientByDocument' | Port: '8001'
2020-04-11 14:25:02 [hystrix-Controller-10] INFO  m.c.management.controller.Controller - Called endpoint: 'clientByDocument' | Port: '8001'
2020-04-11 14:25:20 [hystrix-Controller-10] INFO  m.c.management.controller.Controller - Called endpoint: 'clientByDocument' | Port: '8001'
2020-04-11 14:31:37 [hystrix-Controller-10] INFO  m.c.management.controller.Controller - Called endpoint: 'clientByDocument' | Port: '8001'
2020-04-11 14:31:52 [hystrix-Controller-10] INFO  m.c.management.controller.Controller - Called endpoint: 'clientByDocument' | Port: '8001'
2020-04-11 14:32:01 [hystrix-Controller-10] INFO  m.c.management.controller.Controller - Called endpoint: 'clientByDocument' | Port: '8001'
2020-04-11 14:32:13 [hystrix-Controller-10] INFO  m.c.management.controller.Controller - Called endpoint: 'clientByDocument' | Port: '8001'
2020-04-11 14:32:56 [hystrix-Controller-10] INFO  m.c.management.controller.Controller - Called endpoint: 'clientByDocument' | Port: '8001'
2020-04-11 14:33:17 [hystrix-Controller-10] INFO  m.c.management.controller.Controller - Called endpoint: 'clientByDocument' | Port: '8001'
2020-04-11 14:33:34 [hystrix-Controller-10] INFO  m.c.management.controller.Controller - Called endpoint: 'clientByDocument' | Port: '8001'
2020-04-11 14:33:36 [hystrix-Controller-10] INFO  m.c.management.controller.Controller - Called endpoint: 'clientByDocument' | Port: '8001'
2020-04-11 14:33:41 [hystrix-Controller-10] INFO  m.c.management.controller.Controller - Called endpoint: 'clientByDocument' | Port: '8001'
2020-04-11 14:39:33 [hystrix-Controller-10] INFO  m.c.management.controller.Controller - Called endpoint: 'clientByDocument' | Port: '8001'
2020-04-11 14:39:58 [hystrix-Controller-10] INFO  m.c.management.controller.Controller - Called endpoint: 'clientByDocument' | Port: '8001'
2020-04-11 14:40:00 [hystrix-Controller-10] INFO  m.c.management.controller.Controller - Called endpoint: 'clientByDocument' | Port: '8001'
2020-04-11 14:40:02 [hystrix-Controller-10] INFO  m.c.management.controller.Controller - Called endpoint: 'clientByDocument' | Port: '8001'
2020-04-11 14:40:07 [hystrix-Controller-10] INFO  m.c.management.controller.Controller - Called endpoint: 'clientByDocument' | Port: '8001'
2020-04-11 14:40:09 [hystrix-Controller-10] INFO  m.c.management.controller.Controller - Called endpoint: 'clientByDocument' | Port: '8001'
2020-04-11 14:42:30 [hystrix-Controller-10] INFO  m.c.management.controller.Controller - Called endpoint: 'clientByDocument' | Port: '8001'
2020-04-11 14:43:22 [hystrix-Controller-10] INFO  m.c.management.controller.Controller - Called endpoint: 'clientByDocument' | Port: '8001'
2020-04-11 14:43:45 [hystrix-Controller-10] INFO  m.c.management.controller.Controller - Called endpoint: 'clientByDocument' | Port: '8001'
2020-04-11 14:43:54 [hystrix-Controller-10] INFO  m.c.management.controller.Controller - Called endpoint: 'clientByDocument' | Port: '8001'
2020-04-11 14:43:57 [hystrix-Controller-10] INFO  m.c.management.controller.Controller - Called endpoint: 'clientByDocument' | Port: '8001'
2020-04-11 14:43:59 [hystrix-Controller-10] INFO  m.c.management.controller.Controller - Called endpoint: 'clientByDocument' | Port: '8001'
2020-04-11 14:44:02 [hystrix-Controller-10] INFO  m.c.management.controller.Controller - Called endpoint: 'clientByDocument' | Port: '8001'
2020-04-11 14:44:48 [hystrix-Controller-10] INFO  m.c.management.controller.Controller - Called endpoint: 'clientByDocument' | Port: '8001'
2020-04-11 14:44:51 [hystrix-Controller-10] INFO  m.c.management.controller.Controller - Called endpoint: 'clientByDocument' | Port: '8001'
2020-04-11 14:46:59 [hystrix-Controller-10] INFO  m.c.management.controller.Controller - Called endpoint: 'clientByDocument' | Port: '8001'
2020-04-11 14:47:03 [hystrix-Controller-10] INFO  m.c.management.controller.Controller - Called endpoint: 'clientByDocument' | Port: '8001'
2020-04-11 14:47:04 [hystrix-Controller-10] INFO  m.c.management.controller.Controller - Called endpoint: 'clientByDocument' | Port: '8001'
2020-04-11 14:48:19 [hystrix-Controller-10] INFO  m.c.management.controller.Controller - Called endpoint: 'clientByDocument' | Port: '8001'
2020-04-11 14:48:21 [hystrix-Controller-10] INFO  m.c.management.controller.Controller - Called endpoint: 'clientByDocument' | Port: '8001'
2020-04-11 14:49:02 [hystrix-Controller-10] INFO  m.c.management.controller.Controller - Called endpoint: 'clientByDocument' | Port: '8001'
2020-04-11 14:49:05 [hystrix-Controller-10] INFO  m.c.management.controller.Controller - Called endpoint: 'clientByDocument' | Port: '8001'
2020-04-11 14:49:25 [hystrix-Controller-10] INFO  m.c.management.controller.Controller - Called endpoint: 'clientByDocument' | Port: '8001'
2020-04-11 14:50:46 [hystrix-Controller-10] INFO  m.c.management.controller.Controller - Called endpoint: 'clientByDocument' | Port: '8001'
2020-04-11 14:50:49 [hystrix-Controller-10] INFO  m.c.management.controller.Controller - Called endpoint: 'clientByDocument' | Port: '8001'
2020-04-11 17:53:49 [restartedMain] INFO  m.c.m.MsClientManagementApplication - No active profile set, falling back to default profiles: default
2020-04-11 17:53:56 [restartedMain] INFO  m.c.m.MsClientManagementApplication - Started MsClientManagementApplication in 14.052 seconds (JVM running for 14.937)
2020-04-11 17:55:04 [hystrix-Controller-1] INFO  m.c.management.controller.Controller - Called endpoint: 'clientByDocument' | Port: '8001'
2020-04-11 17:55:11 [hystrix-Controller-2] INFO  m.c.management.controller.Controller - Called endpoint: 'clientByDocument' | Port: '8001'
2020-04-11 17:55:51 [hystrix-Controller-3] INFO  m.c.management.controller.Controller - Called endpoint: 'clientByDocument' | Port: '8001'
2020-04-11 17:56:02 [hystrix-Controller-4] INFO  m.c.management.controller.Controller - Called endpoint: 'clientByDocument' | Port: '8001'
2020-04-11 17:56:07 [hystrix-Controller-5] INFO  m.c.management.controller.Controller - Called endpoint: 'clientByDocument' | Port: '8001'
2020-04-11 17:57:00 [hystrix-Controller-6] INFO  m.c.management.controller.Controller - Called endpoint: 'clientByDocument' | Port: '8001'
2020-04-11 17:57:13 [hystrix-Controller-7] INFO  m.c.management.controller.Controller - Called endpoint: 'clientByDocument' | Port: '8001'
2020-04-11 17:57:20 [hystrix-Controller-8] INFO  m.c.management.controller.Controller - Called endpoint: 'clientByDocument' | Port: '8001'
2020-04-11 17:57:38 [hystrix-Controller-9] INFO  m.c.management.controller.Controller - Called endpoint: 'clientByDocument' | Port: '8001'
2020-04-11 17:57:49 [hystrix-Controller-10] INFO  m.c.management.controller.Controller - Called endpoint: 'clientByDocument' | Port: '8001'
2020-04-11 17:58:16 [hystrix-Controller-10] INFO  m.c.management.controller.Controller - Called endpoint: 'clientByDocument' | Port: '8001'
2020-04-11 17:58:21 [hystrix-Controller-10] INFO  m.c.management.controller.Controller - Called endpoint: 'clientByDocument' | Port: '8001'
2020-04-11 17:58:53 [hystrix-Controller-10] INFO  m.c.management.controller.Controller - Called endpoint: 'clientByDocument' | Port: '8001'
2020-04-11 17:59:01 [hystrix-Controller-10] INFO  m.c.management.controller.Controller - Called endpoint: 'clientByDocument' | Port: '8001'
2020-04-11 17:59:25 [hystrix-Controller-10] INFO  m.c.management.controller.Controller - Called endpoint: 'clientByDocument' | Port: '8001'
2020-04-11 17:59:52 [hystrix-Controller-10] INFO  m.c.management.controller.Controller - Called endpoint: 'clientByDocument' | Port: '8001'
2020-04-11 18:02:43 [hystrix-Controller-10] INFO  m.c.management.controller.Controller - Called endpoint: 'clientByDocument' | Port: '8001'
2020-04-11 18:04:41 [hystrix-Controller-10] INFO  m.c.management.controller.Controller - Called endpoint: 'clientByDocument' | Port: '8001'
2020-04-11 18:05:07 [hystrix-Controller-10] INFO  m.c.management.controller.Controller - Called endpoint: 'clientByDocument' | Port: '8001'
2020-04-11 18:05:56 [hystrix-Controller-10] INFO  m.c.management.controller.Controller - Called endpoint: 'clientByDocument' | Port: '8001'
2020-04-11 18:08:15 [hystrix-Controller-10] INFO  m.c.management.controller.Controller - Called endpoint: 'clientByDocument' | Port: '8001'
2020-04-11 18:08:39 [hystrix-Controller-10] INFO  m.c.management.controller.Controller - Called endpoint: 'clientByDocument' | Port: '8001'
2020-04-11 18:08:44 [hystrix-Controller-10] INFO  m.c.management.controller.Controller - Called endpoint: 'clientByDocument' | Port: '8001'
2020-04-11 18:08:53 [hystrix-Controller-10] INFO  m.c.management.controller.Controller - Called endpoint: 'clientByDocument' | Port: '8001'
2020-04-11 18:08:58 [hystrix-Controller-10] INFO  m.c.management.controller.Controller - Called endpoint: 'clientByDocument' | Port: '8001'
2020-04-11 18:09:02 [hystrix-Controller-10] INFO  m.c.management.controller.Controller - Called endpoint: 'clientByDocument' | Port: '8001'
2020-04-11 18:09:21 [hystrix-Controller-10] INFO  m.c.management.controller.Controller - Called endpoint: 'clientByDocument' | Port: '8001'
2020-04-11 18:09:23 [hystrix-Controller-10] INFO  m.c.management.controller.Controller - Called endpoint: 'clientByDocument' | Port: '8001'
2020-04-11 18:09:26 [hystrix-Controller-10] INFO  m.c.management.controller.Controller - Called endpoint: 'clientByDocument' | Port: '8001'
2020-04-11 18:09:48 [hystrix-Controller-10] INFO  m.c.management.controller.Controller - Called endpoint: 'clientByDocument' | Port: '8001'
2020-04-11 18:13:06 [hystrix-Controller-10] INFO  m.c.management.controller.Controller - Called endpoint: 'clientAll' | Port: '8001'
2020-04-11 18:13:28 [hystrix-Controller-10] INFO  m.c.management.controller.Controller - Called endpoint: 'clientByDocument' | Port: '8001'
2020-04-11 18:22:14 [hystrix-Controller-10] INFO  m.c.management.controller.Controller - Called endpoint: 'clientByDocument' | Port: '8001'
2020-04-11 18:23:49 [hystrix-Controller-10] INFO  m.c.management.controller.Controller - Called endpoint: 'clientByDocument' | Port: '8001'
2020-04-11 18:24:13 [hystrix-Controller-10] INFO  m.c.management.controller.Controller - Called endpoint: 'clientByDocument' | Port: '8001'
2020-04-11 18:24:47 [hystrix-Controller-10] INFO  m.c.management.controller.Controller - Called endpoint: 'clientByDocument' | Port: '8001'
2020-04-11 18:25:06 [hystrix-Controller-10] INFO  m.c.management.controller.Controller - Called endpoint: 'clientByDocument' | Port: '8001'
2020-04-11 18:25:12 [hystrix-Controller-10] INFO  m.c.management.controller.Controller - Called endpoint: 'clientByDocument' | Port: '8001'
2020-04-11 18:25:18 [hystrix-Controller-10] INFO  m.c.management.controller.Controller - Called endpoint: 'clientByDocument' | Port: '8001'
2020-04-11 18:25:25 [hystrix-Controller-10] INFO  m.c.management.controller.Controller - Called endpoint: 'clientByDocument' | Port: '8001'
2020-04-11 18:26:10 [hystrix-Controller-10] INFO  m.c.management.controller.Controller - Called endpoint: 'clientByDocument' | Port: '8001'
2020-04-11 18:26:50 [hystrix-Controller-10] INFO  m.c.management.controller.Controller - Called endpoint: 'clientByDocument' | Port: '8001'
2020-04-11 18:26:54 [hystrix-Controller-10] INFO  m.c.management.controller.Controller - Called endpoint: 'clientByDocument' | Port: '8001'
2020-04-11 18:27:04 [hystrix-Controller-10] INFO  m.c.management.controller.Controller - Called endpoint: 'clientByDocument' | Port: '8001'
2020-04-11 18:27:11 [hystrix-Controller-10] INFO  m.c.management.controller.Controller - Called endpoint: 'clientByDocument' | Port: '8001'
2020-04-11 18:27:29 [hystrix-Controller-10] INFO  m.c.management.controller.Controller - Called endpoint: 'clientByDocument' | Port: '8001'
2020-04-11 18:27:38 [hystrix-Controller-10] INFO  m.c.management.controller.Controller - Called endpoint: 'clientByDocument' | Port: '8001'
2020-04-11 18:27:42 [hystrix-Controller-10] INFO  m.c.management.controller.Controller - Called endpoint: 'clientByDocument' | Port: '8001'
2020-04-11 18:29:26 [hystrix-Controller-10] INFO  m.c.management.controller.Controller - Called endpoint: 'clientByDocument' | Port: '8001'
2020-04-11 18:29:44 [hystrix-Controller-10] INFO  m.c.management.controller.Controller - Called endpoint: 'clientByDocument' | Port: '8001'
2020-04-11 18:30:02 [hystrix-Controller-10] INFO  m.c.management.controller.Controller - Called endpoint: 'clientByDocument' | Port: '8001'
2020-04-11 18:30:19 [hystrix-Controller-10] INFO  m.c.management.controller.Controller - Called endpoint: 'clientByDocument' | Port: '8001'
2020-04-11 18:30:24 [hystrix-Controller-10] INFO  m.c.management.controller.Controller - Called endpoint: 'clientByDocument' | Port: '8001'
2020-04-11 18:31:34 [hystrix-Controller-10] INFO  m.c.management.controller.Controller - Called endpoint: 'clientByDocument' | Port: '8001'
2020-04-11 18:32:17 [hystrix-Controller-10] INFO  m.c.management.controller.Controller - Called endpoint: 'clientByDocument' | Port: '8001'
2020-04-11 18:32:45 [hystrix-Controller-10] INFO  m.c.management.controller.Controller - Called endpoint: 'clientByDocument' | Port: '8001'
2020-04-11 18:32:54 [hystrix-Controller-10] INFO  m.c.management.controller.Controller - Called endpoint: 'clientByDocument' | Port: '8001'
2020-04-11 18:33:05 [hystrix-Controller-10] INFO  m.c.management.controller.Controller - Called endpoint: 'clientByDocument' | Port: '8001'
2020-04-11 18:33:22 [hystrix-Controller-10] INFO  m.c.management.controller.Controller - Called endpoint: 'clientByDocument' | Port: '8001'
2020-04-11 18:33:32 [hystrix-Controller-10] INFO  m.c.management.controller.Controller - Called endpoint: 'clientByDocument' | Port: '8001'
2020-04-11 18:33:46 [hystrix-Controller-10] INFO  m.c.management.controller.Controller - Called endpoint: 'clientByDocument' | Port: '8001'
2020-04-11 18:34:02 [hystrix-Controller-10] INFO  m.c.management.controller.Controller - Called endpoint: 'clientByDocument' | Port: '8001'
2020-04-11 18:34:15 [hystrix-Controller-10] INFO  m.c.management.controller.Controller - Called endpoint: 'clientByDocument' | Port: '8001'
2020-04-11 18:34:18 [hystrix-Controller-10] INFO  m.c.management.controller.Controller - Called endpoint: 'clientByDocument' | Port: '8001'
2020-04-11 18:34:33 [hystrix-Controller-10] INFO  m.c.management.controller.Controller - Called endpoint: 'clientByDocument' | Port: '8001'
2020-04-11 18:34:40 [hystrix-Controller-10] INFO  m.c.management.controller.Controller - Called endpoint: 'clientByDocument' | Port: '8001'
2020-04-11 18:34:43 [hystrix-Controller-10] INFO  m.c.management.controller.Controller - Called endpoint: 'clientByDocument' | Port: '8001'
2020-04-11 18:34:48 [hystrix-Controller-10] INFO  m.c.management.controller.Controller - Called endpoint: 'clientByDocument' | Port: '8001'
2020-04-11 18:34:54 [hystrix-Controller-10] INFO  m.c.management.controller.Controller - Called endpoint: 'clientByDocument' | Port: '8001'
2020-04-11 18:35:01 [hystrix-Controller-10] INFO  m.c.management.controller.Controller - Called endpoint: 'clientByDocument' | Port: '8001'
2020-04-11 18:35:04 [hystrix-Controller-10] INFO  m.c.management.controller.Controller - Called endpoint: 'clientByDocument' | Port: '8001'
2020-04-11 18:35:16 [hystrix-Controller-10] INFO  m.c.management.controller.Controller - Called endpoint: 'clientByDocument' | Port: '8001'
2020-04-11 18:35:24 [hystrix-Controller-10] INFO  m.c.management.controller.Controller - Called endpoint: 'clientByDocument' | Port: '8001'
2020-04-11 18:35:31 [hystrix-Controller-10] INFO  m.c.management.controller.Controller - Called endpoint: 'clientByDocument' | Port: '8001'
2020-04-11 18:35:40 [hystrix-Controller-10] INFO  m.c.management.controller.Controller - Called endpoint: 'clientByDocument' | Port: '8001'
2020-04-11 18:35:45 [hystrix-Controller-10] INFO  m.c.management.controller.Controller - Called endpoint: 'clientByDocument' | Port: '8001'
2020-04-11 18:35:49 [hystrix-Controller-10] INFO  m.c.management.controller.Controller - Called endpoint: 'clientByDocument' | Port: '8001'
2020-04-11 18:35:53 [hystrix-Controller-10] INFO  m.c.management.controller.Controller - Called endpoint: 'clientByDocument' | Port: '8001'
2020-04-11 18:36:05 [hystrix-Controller-10] INFO  m.c.management.controller.Controller - Called endpoint: 'clientByDocument' | Port: '8001'
2020-04-11 18:36:12 [hystrix-Controller-10] INFO  m.c.management.controller.Controller - Called endpoint: 'clientByDocument' | Port: '8001'
2020-04-11 18:36:24 [hystrix-Controller-10] INFO  m.c.management.controller.Controller - Called endpoint: 'clientByDocument' | Port: '8001'
2020-04-11 18:36:52 [hystrix-Controller-10] INFO  m.c.management.controller.Controller - Called endpoint: 'clientByDocument' | Port: '8001'
2020-04-11 18:37:03 [hystrix-Controller-10] INFO  m.c.management.controller.Controller - Called endpoint: 'clientByDocument' | Port: '8001'
2020-04-11 18:39:16 [hystrix-Controller-10] INFO  m.c.management.controller.Controller - Called endpoint: 'clientByDocument' | Port: '8001'
2020-04-11 18:39:39 [hystrix-Controller-10] INFO  m.c.management.controller.Controller - Called endpoint: 'clientByDocument' | Port: '8001'
2020-04-11 18:39:47 [hystrix-Controller-10] INFO  m.c.management.controller.Controller - Called endpoint: 'clientByDocument' | Port: '8001'
2020-04-11 18:40:11 [hystrix-Controller-10] INFO  m.c.management.controller.Controller - Called endpoint: 'clientByDocument' | Port: '8001'
2020-04-11 18:40:38 [hystrix-Controller-10] INFO  m.c.management.controller.Controller - Called endpoint: 'clientByDocument' | Port: '8001'
2020-04-11 18:40:42 [hystrix-Controller-10] INFO  m.c.management.controller.Controller - Called endpoint: 'clientByDocument' | Port: '8001'
2020-04-11 18:40:48 [hystrix-Controller-10] INFO  m.c.management.controller.Controller - Called endpoint: 'clientByDocument' | Port: '8001'
2020-04-11 18:40:54 [hystrix-Controller-10] INFO  m.c.management.controller.Controller - Called endpoint: 'clientByDocument' | Port: '8001'
2020-04-11 18:41:03 [hystrix-Controller-10] INFO  m.c.management.controller.Controller - Called endpoint: 'clientByDocument' | Port: '8001'
2020-04-11 18:41:17 [hystrix-Controller-10] INFO  m.c.management.controller.Controller - Called endpoint: 'clientByDocument' | Port: '8001'
2020-04-11 18:41:22 [hystrix-Controller-10] INFO  m.c.management.controller.Controller - Called endpoint: 'clientByDocument' | Port: '8001'
2020-04-11 18:50:17 [hystrix-Controller-10] INFO  m.c.management.controller.Controller - Called endpoint: 'clientByDocument' | Port: '8001'
2020-04-11 18:50:27 [hystrix-Controller-10] INFO  m.c.management.controller.Controller - Called endpoint: 'clientByDocument' | Port: '8001'
2020-04-11 18:50:41 [hystrix-Controller-10] INFO  m.c.management.controller.Controller - Called endpoint: 'clientByDocument' | Port: '8001'
2020-04-11 18:50:55 [hystrix-Controller-10] INFO  m.c.management.controller.Controller - Called endpoint: 'clientByDocument' | Port: '8001'
2020-04-11 19:01:07 [hystrix-Controller-10] INFO  m.c.management.controller.Controller - Called endpoint: 'clientByDocument' | Port: '8001'
2020-04-11 19:02:00 [hystrix-Controller-10] INFO  m.c.management.controller.Controller - Called endpoint: 'clientByDocument' | Port: '8001'
2020-04-11 19:02:45 [hystrix-Controller-10] INFO  m.c.management.controller.Controller - Called endpoint: 'clientByDocument' | Port: '8001'
2020-04-11 19:03:04 [hystrix-Controller-10] INFO  m.c.management.controller.Controller - Called endpoint: 'clientByDocument' | Port: '8001'
2020-04-11 19:03:18 [hystrix-Controller-10] INFO  m.c.management.controller.Controller - Called endpoint: 'clientByDocument' | Port: '8001'
2020-04-11 19:03:30 [hystrix-Controller-10] INFO  m.c.management.controller.Controller - Called endpoint: 'clientByDocument' | Port: '8001'
2020-04-11 19:03:40 [hystrix-Controller-10] INFO  m.c.management.controller.Controller - Called endpoint: 'clientByDocument' | Port: '8001'
2020-04-11 19:05:34 [hystrix-Controller-10] INFO  m.c.management.controller.Controller - Called endpoint: 'clientByDocument' | Port: '8001'
2020-04-11 19:05:56 [hystrix-Controller-10] INFO  m.c.management.controller.Controller - Called endpoint: 'clientByDocument' | Port: '8001'
2020-04-11 19:06:41 [hystrix-Controller-10] INFO  m.c.management.controller.Controller - Called endpoint: 'clientByDocument' | Port: '8001'
2020-04-11 19:07:02 [hystrix-Controller-10] INFO  m.c.management.controller.Controller - Called endpoint: 'clientByDocument' | Port: '8001'
2020-04-11 19:07:08 [hystrix-Controller-10] INFO  m.c.management.controller.Controller - Called endpoint: 'clientByDocument' | Port: '8001'
2020-04-11 19:07:28 [hystrix-Controller-10] INFO  m.c.management.controller.Controller - Called endpoint: 'clientByDocument' | Port: '8001'
2020-04-11 19:09:05 [hystrix-Controller-10] INFO  m.c.management.controller.Controller - Called endpoint: 'clientByDocument' | Port: '8001'
2020-04-11 19:09:52 [hystrix-Controller-10] INFO  m.c.management.controller.Controller - Called endpoint: 'clientByDocument' | Port: '8001'
2020-04-11 19:09:58 [hystrix-Controller-10] INFO  m.c.management.controller.Controller - Called endpoint: 'clientByDocument' | Port: '8001'
2020-04-11 19:10:14 [hystrix-Controller-10] INFO  m.c.management.controller.Controller - Called endpoint: 'clientByDocument' | Port: '8001'
2020-04-11 19:10:38 [hystrix-Controller-10] INFO  m.c.management.controller.Controller - Called endpoint: 'clientByDocument' | Port: '8001'
2020-04-11 19:10:58 [hystrix-Controller-10] INFO  m.c.management.controller.Controller - Called endpoint: 'clientByDocument' | Port: '8001'
2020-04-11 19:11:04 [hystrix-Controller-10] INFO  m.c.management.controller.Controller - Called endpoint: 'clientByDocument' | Port: '8001'
2020-04-11 19:11:11 [hystrix-Controller-10] INFO  m.c.management.controller.Controller - Called endpoint: 'clientByDocument' | Port: '8001'
2020-04-11 19:11:24 [hystrix-Controller-10] INFO  m.c.management.controller.Controller - Called endpoint: 'clientByDocument' | Port: '8001'
2020-04-11 19:12:08 [hystrix-Controller-10] INFO  m.c.management.controller.Controller - Called endpoint: 'clientByDocument' | Port: '8001'
2020-04-11 19:12:28 [hystrix-Controller-10] INFO  m.c.management.controller.Controller - Called endpoint: 'clientByDocument' | Port: '8001'
2020-04-11 19:13:07 [hystrix-Controller-10] INFO  m.c.management.controller.Controller - Called endpoint: 'clientByDocument' | Port: '8001'
2020-04-11 19:13:15 [hystrix-Controller-10] INFO  m.c.management.controller.Controller - Called endpoint: 'clientByDocument' | Port: '8001'
2020-04-11 19:14:46 [hystrix-Controller-10] INFO  m.c.management.controller.Controller - Called endpoint: 'clientByDocument' | Port: '8001'
2020-04-11 19:16:20 [hystrix-Controller-10] INFO  m.c.management.controller.Controller - Called endpoint: 'clientByDocument' | Port: '8001'
2020-04-11 19:17:02 [hystrix-Controller-10] INFO  m.c.management.controller.Controller - Called endpoint: 'clientByDocument' | Port: '8001'
2020-04-11 19:17:20 [hystrix-Controller-10] INFO  m.c.management.controller.Controller - Called endpoint: 'clientByDocument' | Port: '8001'
2020-04-11 19:17:42 [hystrix-Controller-10] INFO  m.c.management.controller.Controller - Called endpoint: 'clientByDocument' | Port: '8001'
2020-04-11 19:17:55 [hystrix-Controller-10] INFO  m.c.management.controller.Controller - Called endpoint: 'clientByDocument' | Port: '8001'
2020-04-11 19:18:34 [hystrix-Controller-10] INFO  m.c.management.controller.Controller - Called endpoint: 'clientByDocument' | Port: '8001'
2020-04-11 19:20:07 [hystrix-Controller-10] INFO  m.c.management.controller.Controller - Called endpoint: 'clientByDocument' | Port: '8001'
2020-04-11 19:21:20 [hystrix-Controller-10] INFO  m.c.management.controller.Controller - Called endpoint: 'clientByDocument' | Port: '8001'
2020-04-11 19:21:32 [hystrix-Controller-10] INFO  m.c.management.controller.Controller - Called endpoint: 'clientByDocument' | Port: '8001'
2020-04-11 19:21:47 [hystrix-Controller-10] INFO  m.c.management.controller.Controller - Called endpoint: 'clientByDocument' | Port: '8001'
2020-04-11 19:21:51 [hystrix-Controller-10] INFO  m.c.management.controller.Controller - Called endpoint: 'clientByDocument' | Port: '8001'
2020-04-11 19:21:58 [hystrix-Controller-10] INFO  m.c.management.controller.Controller - Called endpoint: 'clientByDocument' | Port: '8001'
2020-04-11 19:22:01 [hystrix-Controller-10] INFO  m.c.management.controller.Controller - Called endpoint: 'clientByDocument' | Port: '8001'
2020-04-11 19:22:03 [hystrix-Controller-10] INFO  m.c.management.controller.Controller - Called endpoint: 'clientByDocument' | Port: '8001'
2020-04-11 19:22:07 [hystrix-Controller-10] INFO  m.c.management.controller.Controller - Called endpoint: 'clientByDocument' | Port: '8001'
2020-04-11 19:23:02 [hystrix-Controller-10] INFO  m.c.management.controller.Controller - Called endpoint: 'clientByDocument' | Port: '8001'
2020-04-11 19:23:12 [hystrix-Controller-10] INFO  m.c.management.controller.Controller - Called endpoint: 'clientByDocument' | Port: '8001'
2020-04-11 19:23:23 [hystrix-Controller-10] INFO  m.c.management.controller.Controller - Called endpoint: 'clientByDocument' | Port: '8001'
2020-04-11 19:23:30 [hystrix-Controller-10] INFO  m.c.management.controller.Controller - Called endpoint: 'clientByDocument' | Port: '8001'
2020-04-11 19:23:33 [hystrix-Controller-10] INFO  m.c.management.controller.Controller - Called endpoint: 'clientByDocument' | Port: '8001'
2020-04-11 19:23:50 [hystrix-Controller-10] INFO  m.c.management.controller.Controller - Called endpoint: 'clientByDocument' | Port: '8001'
2020-04-11 19:23:56 [hystrix-Controller-10] INFO  m.c.management.controller.Controller - Called endpoint: 'clientByDocument' | Port: '8001'
2020-04-11 19:24:09 [hystrix-Controller-10] INFO  m.c.management.controller.Controller - Called endpoint: 'clientByDocument' | Port: '8001'
2020-04-11 19:24:18 [hystrix-Controller-10] INFO  m.c.management.controller.Controller - Called endpoint: 'clientByDocument' | Port: '8001'
2020-04-11 19:24:50 [hystrix-Controller-10] INFO  m.c.management.controller.Controller - Called endpoint: 'clientByDocument' | Port: '8001'
2020-04-11 19:24:56 [hystrix-Controller-10] INFO  m.c.management.controller.Controller - Called endpoint: 'clientByDocument' | Port: '8001'
2020-04-11 19:25:07 [hystrix-Controller-10] INFO  m.c.management.controller.Controller - Called endpoint: 'clientByDocument' | Port: '8001'
2020-04-11 19:25:12 [hystrix-Controller-10] INFO  m.c.management.controller.Controller - Called endpoint: 'clientByDocument' | Port: '8001'
2020-04-11 19:25:19 [hystrix-Controller-10] INFO  m.c.management.controller.Controller - Called endpoint: 'clientByDocument' | Port: '8001'
2020-04-11 19:25:31 [hystrix-Controller-10] INFO  m.c.management.controller.Controller - Called endpoint: 'clientByDocument' | Port: '8001'
2020-04-11 19:25:49 [hystrix-Controller-10] INFO  m.c.management.controller.Controller - Called endpoint: 'clientByDocument' | Port: '8001'
2020-04-11 19:26:46 [hystrix-Controller-10] INFO  m.c.management.controller.Controller - Called endpoint: 'clientByDocument' | Port: '8001'
2020-04-11 19:26:56 [hystrix-Controller-10] INFO  m.c.management.controller.Controller - Called endpoint: 'clientByDocument' | Port: '8001'
2020-04-11 19:27:23 [hystrix-Controller-10] INFO  m.c.management.controller.Controller - Called endpoint: 'clientByDocument' | Port: '8001'
2020-04-11 19:29:38 [hystrix-Controller-10] INFO  m.c.management.controller.Controller - Called endpoint: 'clientByDocument' | Port: '8001'
2020-04-11 19:29:58 [hystrix-Controller-10] INFO  m.c.management.controller.Controller - Called endpoint: 'clientByDocument' | Port: '8001'
2020-04-11 19:30:33 [hystrix-Controller-10] INFO  m.c.management.controller.Controller - Called endpoint: 'clientByDocument' | Port: '8001'
2020-04-11 19:30:38 [hystrix-Controller-10] INFO  m.c.management.controller.Controller - Called endpoint: 'clientByDocument' | Port: '8001'
2020-04-11 19:30:41 [hystrix-Controller-10] INFO  m.c.management.controller.Controller - Called endpoint: 'clientByDocument' | Port: '8001'
2020-04-11 19:31:01 [hystrix-Controller-10] INFO  m.c.management.controller.Controller - Called endpoint: 'clientByDocument' | Port: '8001'
2020-04-11 19:31:14 [hystrix-Controller-10] INFO  m.c.management.controller.Controller - Called endpoint: 'clientByDocument' | Port: '8001'
2020-04-11 19:31:46 [hystrix-Controller-10] INFO  m.c.management.controller.Controller - Called endpoint: 'clientByDocument' | Port: '8001'
2020-04-11 19:32:02 [hystrix-Controller-10] INFO  m.c.management.controller.Controller - Called endpoint: 'clientByDocument' | Port: '8001'
2020-04-11 19:32:31 [hystrix-Controller-10] INFO  m.c.management.controller.Controller - Called endpoint: 'clientByDocument' | Port: '8001'
2020-04-11 19:32:37 [hystrix-Controller-10] INFO  m.c.management.controller.Controller - Called endpoint: 'clientByDocument' | Port: '8001'
2020-04-11 19:33:41 [hystrix-Controller-10] INFO  m.c.management.controller.Controller - Called endpoint: 'clientByDocument' | Port: '8001'
2020-04-11 19:34:04 [hystrix-Controller-10] INFO  m.c.management.controller.Controller - Called endpoint: 'clientByDocument' | Port: '8001'
2020-04-11 19:34:11 [hystrix-Controller-10] INFO  m.c.management.controller.Controller - Called endpoint: 'clientByDocument' | Port: '8001'
2020-04-11 19:34:23 [hystrix-Controller-10] INFO  m.c.management.controller.Controller - Called endpoint: 'clientByDocument' | Port: '8001'
2020-04-11 19:34:49 [hystrix-Controller-10] INFO  m.c.management.controller.Controller - Called endpoint: 'clientByDocument' | Port: '8001'
2020-04-11 19:38:41 [hystrix-Controller-10] INFO  m.c.management.controller.Controller - Called endpoint: 'clientByDocument' | Port: '8001'
2020-04-11 19:39:22 [hystrix-Controller-10] INFO  m.c.management.controller.Controller - Called endpoint: 'clientByDocument' | Port: '8001'
2020-04-11 19:39:29 [hystrix-Controller-10] INFO  m.c.management.controller.Controller - Called endpoint: 'clientByDocument' | Port: '8001'
2020-04-11 19:40:58 [hystrix-Controller-10] INFO  m.c.management.controller.Controller - Called endpoint: 'clientByDocument' | Port: '8001'
2020-04-11 19:42:24 [hystrix-Controller-10] INFO  m.c.management.controller.Controller - Called endpoint: 'clientByDocument' | Port: '8001'
2020-04-11 19:42:31 [hystrix-Controller-10] INFO  m.c.management.controller.Controller - Called endpoint: 'clientByDocument' | Port: '8001'
2020-04-11 19:43:37 [hystrix-Controller-10] INFO  m.c.management.controller.Controller - Called endpoint: 'clientByDocument' | Port: '8001'
2020-04-11 19:43:43 [hystrix-Controller-10] INFO  m.c.management.controller.Controller - Called endpoint: 'clientByDocument' | Port: '8001'
2020-04-11 19:43:49 [hystrix-Controller-10] INFO  m.c.management.controller.Controller - Called endpoint: 'clientByDocument' | Port: '8001'
2020-04-11 19:43:53 [hystrix-Controller-10] INFO  m.c.management.controller.Controller - Called endpoint: 'clientByDocument' | Port: '8001'
2020-04-11 19:44:02 [hystrix-Controller-10] INFO  m.c.management.controller.Controller - Called endpoint: 'clientByDocument' | Port: '8001'
2020-04-11 19:44:07 [hystrix-Controller-10] INFO  m.c.management.controller.Controller - Called endpoint: 'clientByDocument' | Port: '8001'
2020-04-11 19:44:34 [hystrix-Controller-10] INFO  m.c.management.controller.Controller - Called endpoint: 'clientByDocument' | Port: '8001'
2020-04-11 19:44:44 [hystrix-Controller-10] INFO  m.c.management.controller.Controller - Called endpoint: 'clientByDocument' | Port: '8001'
2020-04-11 19:45:08 [hystrix-Controller-10] INFO  m.c.management.controller.Controller - Called endpoint: 'clientByDocument' | Port: '8001'
2020-04-11 19:45:57 [hystrix-Controller-10] INFO  m.c.management.controller.Controller - Called endpoint: 'clientByDocument' | Port: '8001'
2020-04-11 19:46:56 [hystrix-Controller-10] INFO  m.c.management.controller.Controller - Called endpoint: 'clientByDocument' | Port: '8001'
2020-04-11 19:47:19 [hystrix-Controller-10] INFO  m.c.management.controller.Controller - Called endpoint: 'clientByDocument' | Port: '8001'
2020-04-11 19:47:45 [hystrix-Controller-10] INFO  m.c.management.controller.Controller - Called endpoint: 'clientByDocument' | Port: '8001'
2020-04-11 19:48:20 [hystrix-Controller-10] INFO  m.c.management.controller.Controller - Called endpoint: 'clientByDocument' | Port: '8001'
2020-04-11 19:49:10 [hystrix-Controller-10] INFO  m.c.management.controller.Controller - Called endpoint: 'clientByDocument' | Port: '8001'
2020-04-11 19:49:14 [hystrix-Controller-10] INFO  m.c.management.controller.Controller - Called endpoint: 'clientByDocument' | Port: '8001'
2020-04-11 19:51:09 [hystrix-Controller-10] INFO  m.c.management.controller.Controller - Called endpoint: 'clientByDocument' | Port: '8001'
2020-04-11 19:51:17 [hystrix-Controller-10] INFO  m.c.management.controller.Controller - Called endpoint: 'clientByDocument' | Port: '8001'
2020-04-11 19:51:36 [hystrix-Controller-10] INFO  m.c.management.controller.Controller - Called endpoint: 'clientByDocument' | Port: '8001'
2020-04-11 19:51:54 [hystrix-Controller-10] INFO  m.c.management.controller.Controller - Called endpoint: 'clientByDocument' | Port: '8001'
2020-04-11 19:53:25 [hystrix-Controller-10] INFO  m.c.management.controller.Controller - Called endpoint: 'clientByDocument' | Port: '8001'
2020-04-11 19:54:26 [hystrix-Controller-10] INFO  m.c.management.controller.Controller - Called endpoint: 'clientByDocument' | Port: '8001'
2020-04-11 19:54:36 [hystrix-Controller-10] INFO  m.c.management.controller.Controller - Called endpoint: 'clientByDocument' | Port: '8001'
2020-04-11 19:54:44 [hystrix-Controller-10] INFO  m.c.management.controller.Controller - Called endpoint: 'clientByDocument' | Port: '8001'
2020-04-11 19:55:00 [hystrix-Controller-10] INFO  m.c.management.controller.Controller - Called endpoint: 'clientByDocument' | Port: '8001'
2020-04-11 19:55:10 [hystrix-Controller-10] INFO  m.c.management.controller.Controller - Called endpoint: 'clientByDocument' | Port: '8001'
2020-04-11 19:56:37 [hystrix-Controller-10] INFO  m.c.management.controller.Controller - Called endpoint: 'clientByDocument' | Port: '8001'
2020-04-11 19:56:40 [hystrix-Controller-10] INFO  m.c.management.controller.Controller - Called endpoint: 'clientByDocument' | Port: '8001'
2020-04-11 19:56:54 [hystrix-Controller-10] INFO  m.c.management.controller.Controller - Called endpoint: 'clientByDocument' | Port: '8001'
2020-04-11 19:57:01 [hystrix-Controller-10] INFO  m.c.management.controller.Controller - Called endpoint: 'clientByDocument' | Port: '8001'
2020-04-11 19:57:06 [hystrix-Controller-10] INFO  m.c.management.controller.Controller - Called endpoint: 'clientByDocument' | Port: '8001'
2020-04-11 19:57:08 [hystrix-Controller-10] INFO  m.c.management.controller.Controller - Called endpoint: 'clientByDocument' | Port: '8001'
2020-04-11 19:57:10 [hystrix-Controller-10] INFO  m.c.management.controller.Controller - Called endpoint: 'clientByDocument' | Port: '8001'
2020-04-11 19:57:12 [hystrix-Controller-10] INFO  m.c.management.controller.Controller - Called endpoint: 'clientByDocument' | Port: '8001'
2020-04-11 19:57:13 [hystrix-Controller-10] INFO  m.c.management.controller.Controller - Called endpoint: 'clientByDocument' | Port: '8001'
2020-04-11 19:57:15 [hystrix-Controller-10] INFO  m.c.management.controller.Controller - Called endpoint: 'clientByDocument' | Port: '8001'
2020-04-11 19:57:16 [hystrix-Controller-10] INFO  m.c.management.controller.Controller - Called endpoint: 'clientByDocument' | Port: '8001'
2020-04-11 19:57:17 [hystrix-Controller-10] INFO  m.c.management.controller.Controller - Called endpoint: 'clientByDocument' | Port: '8001'
2020-04-11 19:57:18 [hystrix-Controller-10] INFO  m.c.management.controller.Controller - Called endpoint: 'clientByDocument' | Port: '8001'
2020-04-11 19:57:19 [hystrix-Controller-10] INFO  m.c.management.controller.Controller - Called endpoint: 'clientByDocument' | Port: '8001'
2020-04-11 19:57:21 [hystrix-Controller-10] INFO  m.c.management.controller.Controller - Called endpoint: 'clientByDocument' | Port: '8001'
2020-04-11 19:57:21 [hystrix-Controller-10] INFO  m.c.management.controller.Controller - Called endpoint: 'clientByDocument' | Port: '8001'
2020-04-11 19:57:23 [hystrix-Controller-10] INFO  m.c.management.controller.Controller - Called endpoint: 'clientByDocument' | Port: '8001'
2020-04-11 19:57:24 [hystrix-Controller-10] INFO  m.c.management.controller.Controller - Called endpoint: 'clientByDocument' | Port: '8001'
2020-04-11 19:57:25 [hystrix-Controller-10] INFO  m.c.management.controller.Controller - Called endpoint: 'clientByDocument' | Port: '8001'
2020-04-11 19:57:26 [hystrix-Controller-10] INFO  m.c.management.controller.Controller - Called endpoint: 'clientByDocument' | Port: '8001'
2020-04-11 19:57:28 [hystrix-Controller-10] INFO  m.c.management.controller.Controller - Called endpoint: 'clientByDocument' | Port: '8001'
2020-04-11 19:57:29 [hystrix-Controller-10] INFO  m.c.management.controller.Controller - Called endpoint: 'clientByDocument' | Port: '8001'
2020-04-11 19:57:30 [hystrix-Controller-10] INFO  m.c.management.controller.Controller - Called endpoint: 'clientByDocument' | Port: '8001'
2020-04-11 19:57:31 [hystrix-Controller-10] INFO  m.c.management.controller.Controller - Called endpoint: 'clientByDocument' | Port: '8001'
2020-04-11 19:57:33 [hystrix-Controller-10] INFO  m.c.management.controller.Controller - Called endpoint: 'clientByDocument' | Port: '8001'
2020-04-11 19:57:33 [hystrix-Controller-10] INFO  m.c.management.controller.Controller - Called endpoint: 'clientByDocument' | Port: '8001'
2020-04-11 19:57:34 [hystrix-Controller-10] INFO  m.c.management.controller.Controller - Called endpoint: 'clientByDocument' | Port: '8001'
2020-04-11 19:58:15 [hystrix-Controller-10] INFO  m.c.management.controller.Controller - Called endpoint: 'clientByDocument' | Port: '8001'
2020-04-11 19:58:56 [hystrix-Controller-10] INFO  m.c.management.controller.Controller - Called endpoint: 'clientByDocument' | Port: '8001'
2020-04-11 19:59:24 [hystrix-Controller-10] INFO  m.c.management.controller.Controller - Called endpoint: 'clientByDocument' | Port: '8001'
2020-04-11 19:59:35 [hystrix-Controller-10] INFO  m.c.management.controller.Controller - Called endpoint: 'clientByDocument' | Port: '8001'
2020-04-11 19:59:41 [hystrix-Controller-10] INFO  m.c.management.controller.Controller - Called endpoint: 'clientByDocument' | Port: '8001'
2020-04-11 20:03:38 [hystrix-Controller-10] INFO  m.c.management.controller.Controller - Called endpoint: 'clientByDocument' | Port: '8001'
2020-04-11 20:03:43 [hystrix-Controller-10] INFO  m.c.management.controller.Controller - Called endpoint: 'clientByDocument' | Port: '8001'
2020-04-11 20:03:46 [hystrix-Controller-10] INFO  m.c.management.controller.Controller - Called endpoint: 'clientByDocument' | Port: '8001'
2020-04-11 20:03:47 [hystrix-Controller-10] INFO  m.c.management.controller.Controller - Called endpoint: 'clientByDocument' | Port: '8001'
2020-04-11 20:04:43 [hystrix-Controller-10] INFO  m.c.management.controller.Controller - Called endpoint: 'clientByDocument' | Port: '8001'
2020-04-11 20:05:04 [hystrix-Controller-10] INFO  m.c.management.controller.Controller - Called endpoint: 'clientByDocument' | Port: '8001'
2020-04-11 20:05:09 [hystrix-Controller-10] INFO  m.c.management.controller.Controller - Called endpoint: 'clientByDocument' | Port: '8001'
2020-04-11 20:06:14 [hystrix-Controller-10] INFO  m.c.management.controller.Controller - Called endpoint: 'clientByDocument' | Port: '8001'
2020-04-11 20:06:53 [hystrix-Controller-10] INFO  m.c.management.controller.Controller - Called endpoint: 'clientByDocument' | Port: '8001'
2020-04-11 20:07:16 [hystrix-Controller-10] INFO  m.c.management.controller.Controller - Called endpoint: 'clientByDocument' | Port: '8001'
2020-04-11 20:08:35 [hystrix-Controller-10] INFO  m.c.management.controller.Controller - Called endpoint: 'clientByDocument' | Port: '8001'
2020-04-11 20:08:40 [hystrix-Controller-10] INFO  m.c.management.controller.Controller - Called endpoint: 'clientByDocument' | Port: '8001'
2020-04-11 20:09:38 [hystrix-Controller-10] INFO  m.c.management.controller.Controller - Called endpoint: 'clientByDocument' | Port: '8001'
2020-04-11 20:09:57 [hystrix-Controller-10] INFO  m.c.management.controller.Controller - Called endpoint: 'clientByDocument' | Port: '8001'
2020-04-11 20:10:03 [hystrix-Controller-10] INFO  m.c.management.controller.Controller - Called endpoint: 'clientByDocument' | Port: '8001'
2020-04-11 20:10:32 [hystrix-Controller-10] INFO  m.c.management.controller.Controller - Called endpoint: 'clientByDocument' | Port: '8001'
2020-04-11 20:15:54 [hystrix-Controller-10] INFO  m.c.management.controller.Controller - Called endpoint: 'clientByDocument' | Port: '8001'
2020-04-11 20:15:59 [hystrix-Controller-10] INFO  m.c.management.controller.Controller - Called endpoint: 'clientByDocument' | Port: '8001'
2020-04-11 20:16:07 [hystrix-Controller-10] INFO  m.c.management.controller.Controller - Called endpoint: 'clientByDocument' | Port: '8001'
2020-04-11 20:16:14 [hystrix-Controller-10] INFO  m.c.management.controller.Controller - Called endpoint: 'clientByDocument' | Port: '8001'
2020-04-11 20:16:17 [hystrix-Controller-10] INFO  m.c.management.controller.Controller - Called endpoint: 'clientByDocument' | Port: '8001'
2020-04-11 20:16:37 [hystrix-Controller-10] INFO  m.c.management.controller.Controller - Called endpoint: 'clientByDocument' | Port: '8001'
2020-04-11 20:16:42 [hystrix-Controller-10] INFO  m.c.management.controller.Controller - Called endpoint: 'clientByDocument' | Port: '8001'
2020-04-11 20:17:25 [hystrix-Controller-10] INFO  m.c.management.controller.Controller - Called endpoint: 'clientByDocument' | Port: '8001'
2020-04-11 20:17:33 [hystrix-Controller-10] INFO  m.c.management.controller.Controller - Called endpoint: 'clientByDocument' | Port: '8001'
2020-04-11 20:17:38 [hystrix-Controller-10] INFO  m.c.management.controller.Controller - Called endpoint: 'clientByDocument' | Port: '8001'
2020-04-11 20:17:40 [hystrix-Controller-10] INFO  m.c.management.controller.Controller - Called endpoint: 'clientByDocument' | Port: '8001'
2020-04-11 20:17:45 [hystrix-Controller-10] INFO  m.c.management.controller.Controller - Called endpoint: 'clientByDocument' | Port: '8001'
2020-04-11 20:17:51 [hystrix-Controller-10] INFO  m.c.management.controller.Controller - Called endpoint: 'clientByDocument' | Port: '8001'
2020-04-11 20:17:54 [hystrix-Controller-10] INFO  m.c.management.controller.Controller - Called endpoint: 'clientByDocument' | Port: '8001'
2020-04-11 20:17:56 [hystrix-Controller-10] INFO  m.c.management.controller.Controller - Called endpoint: 'clientByDocument' | Port: '8001'
2020-04-11 20:17:59 [hystrix-Controller-10] INFO  m.c.management.controller.Controller - Called endpoint: 'clientByDocument' | Port: '8001'
2020-04-11 20:18:21 [hystrix-Controller-10] INFO  m.c.management.controller.Controller - Called endpoint: 'clientByDocument' | Port: '8001'
2020-04-11 20:18:34 [hystrix-Controller-10] INFO  m.c.management.controller.Controller - Called endpoint: 'clientByDocument' | Port: '8001'
2020-04-11 20:18:48 [hystrix-Controller-10] INFO  m.c.management.controller.Controller - Called endpoint: 'clientByDocument' | Port: '8001'
2020-04-11 20:19:00 [hystrix-Controller-10] INFO  m.c.management.controller.Controller - Called endpoint: 'clientByDocument' | Port: '8001'
2020-04-11 20:19:05 [hystrix-Controller-10] INFO  m.c.management.controller.Controller - Called endpoint: 'clientByDocument' | Port: '8001'
2020-04-11 20:24:01 [hystrix-Controller-10] INFO  m.c.management.controller.Controller - Called endpoint: 'clientByDocument' | Port: '8001'
2020-04-11 20:28:56 [hystrix-Controller-10] INFO  m.c.management.controller.Controller - Called endpoint: 'clientByDocument' | Port: '8001'
2020-04-11 20:29:09 [hystrix-Controller-10] INFO  m.c.management.controller.Controller - Called endpoint: 'clientByDocument' | Port: '8001'
2020-04-11 20:29:15 [hystrix-Controller-10] INFO  m.c.management.controller.Controller - Called endpoint: 'clientByDocument' | Port: '8001'
2020-04-11 20:30:35 [hystrix-Controller-10] INFO  m.c.management.controller.Controller - Called endpoint: 'clientByDocument' | Port: '8001'
2020-04-11 20:31:02 [hystrix-Controller-10] INFO  m.c.management.controller.Controller - Called endpoint: 'clientByDocument' | Port: '8001'
2020-04-11 20:31:11 [hystrix-Controller-10] INFO  m.c.management.controller.Controller - Called endpoint: 'clientByDocument' | Port: '8001'
2020-04-11 20:31:39 [hystrix-Controller-10] INFO  m.c.management.controller.Controller - Called endpoint: 'clientByDocument' | Port: '8001'
2020-04-11 20:32:11 [hystrix-Controller-10] INFO  m.c.management.controller.Controller - Called endpoint: 'clientByDocument' | Port: '8001'
2020-04-11 20:32:20 [hystrix-Controller-10] INFO  m.c.management.controller.Controller - Called endpoint: 'clientByDocument' | Port: '8001'
2020-04-11 20:32:55 [hystrix-Controller-10] INFO  m.c.management.controller.Controller - Called endpoint: 'clientByDocument' | Port: '8001'
2020-04-11 20:33:01 [hystrix-Controller-10] INFO  m.c.management.controller.Controller - Called endpoint: 'clientByDocument' | Port: '8001'
2020-04-11 20:33:03 [hystrix-Controller-10] INFO  m.c.management.controller.Controller - Called endpoint: 'clientByDocument' | Port: '8001'
2020-04-11 20:33:32 [hystrix-Controller-10] INFO  m.c.management.controller.Controller - Called endpoint: 'clientByDocument' | Port: '8001'
2020-04-11 20:33:36 [hystrix-Controller-10] INFO  m.c.management.controller.Controller - Called endpoint: 'clientByDocument' | Port: '8001'
2020-04-11 20:33:46 [hystrix-Controller-10] INFO  m.c.management.controller.Controller - Called endpoint: 'clientByDocument' | Port: '8001'
2020-04-11 20:57:01 [hystrix-Controller-10] INFO  m.c.management.controller.Controller - Called endpoint: 'clientByDocument' | Port: '8001'
2020-04-11 20:57:56 [hystrix-Controller-10] INFO  m.c.management.controller.Controller - Called endpoint: 'clientByDocument' | Port: '8001'
2020-04-11 20:58:14 [hystrix-Controller-10] INFO  m.c.management.controller.Controller - Called endpoint: 'clientByDocument' | Port: '8001'
2020-04-11 20:58:32 [hystrix-Controller-10] INFO  m.c.management.controller.Controller - Called endpoint: 'clientByDocument' | Port: '8001'
2020-04-11 20:58:47 [hystrix-Controller-10] INFO  m.c.management.controller.Controller - Called endpoint: 'clientByDocument' | Port: '8001'
2020-04-11 21:08:41 [hystrix-Controller-10] INFO  m.c.management.controller.Controller - Called endpoint: 'clientByDocument' | Port: '8001'
2020-04-11 21:09:04 [hystrix-Controller-10] INFO  m.c.management.controller.Controller - Called endpoint: 'clientByDocument' | Port: '8001'
2020-04-11 21:09:12 [hystrix-Controller-10] INFO  m.c.management.controller.Controller - Called endpoint: 'clientByDocument' | Port: '8001'
2020-04-11 21:09:33 [hystrix-Controller-10] INFO  m.c.management.controller.Controller - Called endpoint: 'clientByDocument' | Port: '8001'
2020-04-11 21:09:46 [hystrix-Controller-10] INFO  m.c.management.controller.Controller - Called endpoint: 'clientByDocument' | Port: '8001'
2020-04-11 21:10:12 [hystrix-Controller-10] INFO  m.c.management.controller.Controller - Called endpoint: 'clientByDocument' | Port: '8001'
2020-04-11 21:10:18 [hystrix-Controller-10] INFO  m.c.management.controller.Controller - Called endpoint: 'clientByDocument' | Port: '8001'
2020-04-11 21:11:07 [hystrix-Controller-10] INFO  m.c.management.controller.Controller - Called endpoint: 'clientByDocument' | Port: '8001'
2020-04-11 21:11:34 [hystrix-Controller-10] INFO  m.c.management.controller.Controller - Called endpoint: 'clientByDocument' | Port: '8001'
2020-04-11 21:11:44 [hystrix-Controller-10] INFO  m.c.management.controller.Controller - Called endpoint: 'clientByDocument' | Port: '8001'
2020-04-11 21:12:20 [hystrix-Controller-10] INFO  m.c.management.controller.Controller - Called endpoint: 'clientByDocument' | Port: '8001'
2020-04-11 21:12:32 [hystrix-Controller-10] INFO  m.c.management.controller.Controller - Called endpoint: 'clientByDocument' | Port: '8001'
2020-04-11 21:13:00 [hystrix-Controller-10] INFO  m.c.management.controller.Controller - Called endpoint: 'clientByDocument' | Port: '8001'
2020-04-11 21:13:06 [hystrix-Controller-10] INFO  m.c.management.controller.Controller - Called endpoint: 'clientByDocument' | Port: '8001'
2020-04-11 21:13:12 [hystrix-Controller-10] INFO  m.c.management.controller.Controller - Called endpoint: 'clientByDocument' | Port: '8001'
2020-04-11 21:13:14 [hystrix-Controller-10] INFO  m.c.management.controller.Controller - Called endpoint: 'clientByDocument' | Port: '8001'
2020-04-11 21:13:21 [hystrix-Controller-10] INFO  m.c.management.controller.Controller - Called endpoint: 'clientByDocument' | Port: '8001'
2020-04-11 21:13:31 [hystrix-Controller-10] INFO  m.c.management.controller.Controller - Called endpoint: 'clientByDocument' | Port: '8001'
2020-04-11 21:14:19 [hystrix-Controller-10] INFO  m.c.management.controller.Controller - Called endpoint: 'clientByDocument' | Port: '8001'
2020-04-11 21:14:40 [hystrix-Controller-10] INFO  m.c.management.controller.Controller - Called endpoint: 'clientByDocument' | Port: '8001'
2020-04-11 21:14:45 [hystrix-Controller-10] INFO  m.c.management.controller.Controller - Called endpoint: 'clientByDocument' | Port: '8001'
2020-04-11 21:14:53 [hystrix-Controller-10] INFO  m.c.management.controller.Controller - Called endpoint: 'clientByDocument' | Port: '8001'
2020-04-11 21:14:59 [hystrix-Controller-10] INFO  m.c.management.controller.Controller - Called endpoint: 'clientByDocument' | Port: '8001'
2020-04-11 21:15:37 [hystrix-Controller-10] INFO  m.c.management.controller.Controller - Called endpoint: 'clientByDocument' | Port: '8001'
2020-04-11 21:16:32 [hystrix-Controller-10] INFO  m.c.management.controller.Controller - Called endpoint: 'clientByDocument' | Port: '8001'
2020-04-11 21:16:36 [hystrix-Controller-10] INFO  m.c.management.controller.Controller - Called endpoint: 'clientByDocument' | Port: '8001'
2020-04-11 21:16:58 [hystrix-Controller-10] INFO  m.c.management.controller.Controller - Called endpoint: 'clientByDocument' | Port: '8001'
2020-04-11 21:17:09 [hystrix-Controller-10] INFO  m.c.management.controller.Controller - Called endpoint: 'clientByDocument' | Port: '8001'
2020-04-11 21:17:19 [hystrix-Controller-10] INFO  m.c.management.controller.Controller - Called endpoint: 'clientByDocument' | Port: '8001'
2020-04-11 21:17:34 [hystrix-Controller-10] INFO  m.c.management.controller.Controller - Called endpoint: 'clientByDocument' | Port: '8001'
2020-04-11 21:17:40 [hystrix-Controller-10] INFO  m.c.management.controller.Controller - Called endpoint: 'clientByDocument' | Port: '8001'
2020-04-11 21:17:46 [hystrix-Controller-10] INFO  m.c.management.controller.Controller - Called endpoint: 'clientByDocument' | Port: '8001'
2020-04-11 21:18:40 [hystrix-Controller-10] INFO  m.c.management.controller.Controller - Called endpoint: 'clientByDocument' | Port: '8001'
