2020-04-05 02:32:23 [restartedMain] INFO  ms.contract.MsContractApplication - No active profile set, falling back to default profiles: default
2020-04-05 02:32:30 [restartedMain] INFO  ms.contract.MsContractApplication - Started MsContractApplication in 12.112 seconds (JVM running for 12.799)
2020-04-05 02:34:16 [restartedMain] INFO  ms.contract.MsContractApplication - No active profile set, falling back to default profiles: default
2020-04-05 02:34:23 [restartedMain] INFO  ms.contract.MsContractApplication - Started MsContractApplication in 11.769 seconds (JVM running for 12.497)
2020-04-05 02:34:59 [hystrix-Controller-1] INFO  ms.contract.controller.Controller - Called endpoint: 'clientByDocument' | Port: '8002'
2020-04-05 02:35:05 [hystrix-Controller-2] INFO  ms.contract.controller.Controller - Called endpoint: 'clientByDocument' | Port: '8002'
2020-04-05 02:35:08 [hystrix-Controller-3] INFO  ms.contract.controller.Controller - Called endpoint: 'clientByDocument' | Port: '8002'
2020-04-05 02:35:08 [hystrix-Controller-4] INFO  ms.contract.controller.Controller - Called endpoint: 'clientByDocument' | Port: '8002'
2020-04-05 02:35:08 [hystrix-Controller-5] INFO  ms.contract.controller.Controller - Called endpoint: 'clientByDocument' | Port: '8002'
2020-04-05 02:35:08 [hystrix-Controller-6] INFO  ms.contract.controller.Controller - Called endpoint: 'clientByDocument' | Port: '8002'
2020-04-05 02:35:12 [hystrix-Controller-7] INFO  ms.contract.controller.Controller - Called endpoint: 'clientByDocument' | Port: '8002'
2020-04-05 02:35:13 [hystrix-Controller-8] INFO  ms.contract.controller.Controller - Called endpoint: 'clientByDocument' | Port: '8002'
2020-04-05 02:35:15 [hystrix-Controller-9] INFO  ms.contract.controller.Controller - Called endpoint: 'clientByDocument' | Port: '8002'
2020-04-05 02:38:05 [hystrix-Controller-10] INFO  ms.contract.controller.Controller - Called endpoint: 'clientByDocument' | Port: '8002'
2020-04-05 02:38:06 [hystrix-Controller-10] INFO  ms.contract.controller.Controller - Called endpoint: 'clientByDocument' | Port: '8002'
2020-04-05 02:38:06 [hystrix-Controller-10] INFO  ms.contract.controller.Controller - Called endpoint: 'clientByDocument' | Port: '8002'
2020-04-05 02:38:07 [hystrix-Controller-10] INFO  ms.contract.controller.Controller - Called endpoint: 'clientByDocument' | Port: '8002'
2020-04-05 02:38:14 [hystrix-Controller-10] INFO  ms.contract.controller.Controller - Called endpoint: 'clientByDocument' | Port: '8002'
2020-04-05 02:38:14 [hystrix-Controller-10] INFO  ms.contract.controller.Controller - Called endpoint: 'clientByDocument' | Port: '8002'
2020-04-05 02:38:19 [hystrix-Controller-10] INFO  ms.contract.controller.Controller - Called endpoint: 'clientByDocument' | Port: '8002'
2020-04-05 02:38:58 [hystrix-Controller-10] INFO  ms.contract.controller.Controller - Called endpoint: 'clientByDocument' | Port: '8002'
2020-04-05 02:48:56 [hystrix-Controller-10] INFO  ms.contract.controller.Controller - Called endpoint: 'clientByDocument' | Port: '8002'
2020-04-05 02:50:32 [hystrix-Controller-10] INFO  ms.contract.controller.Controller - Called endpoint: 'clientByDocument' | Port: '8002'
2020-04-05 02:51:14 [hystrix-Controller-10] INFO  ms.contract.controller.Controller - Called endpoint: 'clientByDocument' | Port: '8002'
2020-04-05 02:54:30 [hystrix-Controller-10] INFO  ms.contract.controller.Controller - Called endpoint: 'clientByDocument' | Port: '8002'
2020-04-05 02:55:02 [hystrix-Controller-10] INFO  ms.contract.controller.Controller - Called endpoint: 'clientByDocument' | Port: '8002'
2020-04-05 02:55:15 [hystrix-Controller-10] INFO  ms.contract.controller.Controller - Called endpoint: 'clientByDocument' | Port: '8002'
2020-04-05 02:56:57 [hystrix-Controller-10] INFO  ms.contract.controller.Controller - Called endpoint: 'clientByDocument' | Port: '8002'
2020-04-05 02:57:35 [hystrix-Controller-10] INFO  ms.contract.controller.Controller - Called endpoint: 'clientByDocument' | Port: '8002'
2020-04-05 03:54:43 [hystrix-Controller-10] INFO  ms.contract.controller.Controller - Called endpoint: 'clientByDocument' | Port: '8002'
2020-04-05 14:45:34 [restartedMain] INFO  ms.contract.MsContractApplication - No active profile set, falling back to default profiles: default
2020-04-05 14:45:41 [restartedMain] INFO  ms.contract.MsContractApplication - Started MsContractApplication in 11.862 seconds (JVM running for 12.57)
2020-04-05 15:25:53 [restartedMain] INFO  ms.contract.MsContractApplication - No active profile set, falling back to default profiles: default
2020-04-05 15:25:57 [restartedMain] INFO  ms.contract.MsContractApplication - Started MsContractApplication in 8.123 seconds (JVM running for 2428.408)
2020-04-05 15:26:28 [restartedMain] INFO  ms.contract.MsContractApplication - No active profile set, falling back to default profiles: default
2020-04-05 15:26:32 [restartedMain] INFO  ms.contract.MsContractApplication - Started MsContractApplication in 7.995 seconds (JVM running for 2462.971)
2020-04-05 15:28:20 [restartedMain] INFO  ms.contract.MsContractApplication - No active profile set, falling back to default profiles: default
2020-04-05 15:28:24 [restartedMain] INFO  ms.contract.MsContractApplication - Started MsContractApplication in 8.016 seconds (JVM running for 2574.872)
2020-04-05 15:29:05 [restartedMain] INFO  ms.contract.MsContractApplication - No active profile set, falling back to default profiles: default
2020-04-05 15:29:09 [restartedMain] INFO  ms.contract.MsContractApplication - Started MsContractApplication in 7.958 seconds (JVM running for 2620.447)
2020-04-05 15:31:14 [restartedMain] INFO  ms.contract.MsContractApplication - No active profile set, falling back to default profiles: default
2020-04-05 15:31:18 [restartedMain] INFO  ms.contract.MsContractApplication - Started MsContractApplication in 8.022 seconds (JVM running for 2749.464)
2020-04-05 15:31:38 [restartedMain] INFO  ms.contract.MsContractApplication - No active profile set, falling back to default profiles: default
2020-04-05 15:31:42 [restartedMain] INFO  ms.contract.MsContractApplication - Started MsContractApplication in 8.009 seconds (JVM running for 2772.998)
2020-04-05 15:31:52 [restartedMain] INFO  ms.contract.MsContractApplication - No active profile set, falling back to default profiles: default
2020-04-05 15:31:55 [restartedMain] INFO  ms.contract.MsContractApplication - Started MsContractApplication in 7.979 seconds (JVM running for 2786.79)
2020-04-05 15:32:17 [restartedMain] INFO  ms.contract.MsContractApplication - No active profile set, falling back to default profiles: default
2020-04-05 15:32:21 [restartedMain] INFO  ms.contract.MsContractApplication - Started MsContractApplication in 7.955 seconds (JVM running for 2812.413)
2020-04-05 15:32:51 [restartedMain] INFO  ms.contract.MsContractApplication - No active profile set, falling back to default profiles: default
2020-04-05 15:32:55 [restartedMain] INFO  ms.contract.MsContractApplication - Started MsContractApplication in 7.994 seconds (JVM running for 2845.967)
2020-04-05 15:40:09 [restartedMain] INFO  ms.contract.MsContractApplication - No active profile set, falling back to default profiles: default
2020-04-05 15:40:13 [restartedMain] INFO  ms.contract.MsContractApplication - Started MsContractApplication in 7.909 seconds (JVM running for 3284.404)
2020-04-05 15:40:22 [restartedMain] INFO  ms.contract.MsContractApplication - No active profile set, falling back to default profiles: default
2020-04-05 15:40:25 [restartedMain] INFO  ms.contract.MsContractApplication - Started MsContractApplication in 7.828 seconds (JVM running for 3296.692)
2020-04-05 15:40:37 [restartedMain] INFO  ms.contract.MsContractApplication - No active profile set, falling back to default profiles: default
2020-04-05 15:40:41 [restartedMain] INFO  ms.contract.MsContractApplication - Started MsContractApplication in 7.91 seconds (JVM running for 3312.112)
2020-04-05 15:41:03 [restartedMain] INFO  ms.contract.MsContractApplication - No active profile set, falling back to default profiles: default
2020-04-05 15:41:06 [restartedMain] INFO  ms.contract.MsContractApplication - Started MsContractApplication in 7.903 seconds (JVM running for 3337.491)
2020-04-05 15:41:40 [restartedMain] INFO  ms.contract.MsContractApplication - No active profile set, falling back to default profiles: default
2020-04-05 15:41:44 [restartedMain] INFO  ms.contract.MsContractApplication - Started MsContractApplication in 7.979 seconds (JVM running for 3375.038)
2020-04-05 16:29:24 [restartedMain] INFO  ms.contract.MsContractApplication - No active profile set, falling back to default profiles: default
2020-04-05 16:29:28 [restartedMain] INFO  ms.contract.MsContractApplication - Started MsContractApplication in 8.119 seconds (JVM running for 6239.099)
2020-04-05 16:32:04 [hystrix-Controller-1] INFO  ms.contract.controller.Controller - Called endpoint: 'contractByDocument' | Port: '8002'
2020-04-05 16:33:00 [hystrix-Controller-2] INFO  ms.contract.controller.Controller - Called endpoint: 'contractByDocument' | Port: '8002'
2020-04-05 16:33:24 [hystrix-Controller-3] INFO  ms.contract.controller.Controller - Called endpoint: 'contractByDocument' | Port: '8002'
2020-04-05 16:33:41 [hystrix-Controller-4] INFO  ms.contract.controller.Controller - Called endpoint: 'contractByDocument' | Port: '8002'
2020-04-05 16:34:06 [hystrix-Controller-5] INFO  ms.contract.controller.Controller - Called endpoint: 'contractByDocument' | Port: '8002'
2020-04-05 16:34:22 [hystrix-Controller-6] INFO  ms.contract.controller.Controller - Called endpoint: 'contractByDocument' | Port: '8002'
2020-04-05 16:34:24 [hystrix-Controller-7] INFO  ms.contract.controller.Controller - Called endpoint: 'contractByDocument' | Port: '8002'
2020-04-05 16:34:42 [hystrix-Controller-8] INFO  ms.contract.controller.Controller - Called endpoint: 'contractByDocument' | Port: '8002'
2020-04-05 16:34:47 [hystrix-Controller-9] INFO  ms.contract.controller.Controller - Called endpoint: 'contractByDocument' | Port: '8002'
2020-04-05 16:34:49 [hystrix-Controller-10] INFO  ms.contract.controller.Controller - Called endpoint: 'contractByDocument' | Port: '8002'
2020-04-05 16:35:00 [hystrix-Controller-10] INFO  ms.contract.controller.Controller - Called endpoint: 'contractByDocument' | Port: '8002'
2020-04-05 16:35:33 [hystrix-Controller-10] INFO  ms.contract.controller.Controller - Called endpoint: 'contractByDocument' | Port: '8002'
2020-04-05 16:35:39 [hystrix-Controller-10] INFO  ms.contract.controller.Controller - Called endpoint: 'contractByDocument' | Port: '8002'
2020-04-05 16:37:07 [hystrix-Controller-10] INFO  ms.contract.controller.Controller - Called endpoint: 'contractByDocument' | Port: '8002'
2020-04-05 16:37:08 [hystrix-Controller-10] INFO  ms.contract.controller.Controller - Called endpoint: 'contractByDocument' | Port: '8002'
2020-04-05 16:38:23 [hystrix-Controller-10] INFO  ms.contract.controller.Controller - Called endpoint: 'contractByDocument' | Port: '8002'
2020-04-05 16:38:34 [hystrix-Controller-10] INFO  ms.contract.controller.Controller - Called endpoint: 'contractByDocument' | Port: '8002'
2020-04-05 16:40:21 [hystrix-Controller-10] INFO  ms.contract.controller.Controller - Called endpoint: 'contractByDocument' | Port: '8002'
2020-04-05 16:40:52 [hystrix-Controller-10] INFO  ms.contract.controller.Controller - Called endpoint: 'contractByDocument' | Port: '8002'
2020-04-05 16:41:02 [hystrix-Controller-10] INFO  ms.contract.controller.Controller - Called endpoint: 'contractByDocument' | Port: '8002'
2020-04-05 16:41:17 [hystrix-Controller-10] INFO  ms.contract.controller.Controller - Called endpoint: 'contractByDocument' | Port: '8002'
2020-04-05 16:41:33 [hystrix-Controller-10] INFO  ms.contract.controller.Controller - Called endpoint: 'contractByDocument' | Port: '8002'
2020-04-05 16:41:55 [hystrix-Controller-10] INFO  ms.contract.controller.Controller - Called endpoint: 'contractByDocument' | Port: '8002'
2020-04-05 16:42:25 [hystrix-Controller-10] INFO  ms.contract.controller.Controller - Called endpoint: 'contractByDocument' | Port: '8002'
2020-04-05 16:42:45 [hystrix-Controller-10] INFO  ms.contract.controller.Controller - Called endpoint: 'contractByDocument' | Port: '8002'
2020-04-05 16:43:12 [hystrix-Controller-10] INFO  ms.contract.controller.Controller - Called endpoint: 'contractByDocument' | Port: '8002'
2020-04-05 16:43:29 [hystrix-Controller-10] INFO  ms.contract.controller.Controller - Called endpoint: 'contractByDocument' | Port: '8002'
2020-04-05 16:58:38 [hystrix-Controller-10] INFO  ms.contract.controller.Controller - Called endpoint: 'contractByDocument' | Port: '8002'
2020-04-05 16:58:58 [hystrix-Controller-10] INFO  ms.contract.controller.Controller - Called endpoint: 'contractByDocument' | Port: '8002'
2020-04-05 16:59:33 [hystrix-Controller-10] INFO  ms.contract.controller.Controller - Called endpoint: 'contractByDocument' | Port: '8002'
2020-04-05 16:59:51 [hystrix-Controller-10] INFO  ms.contract.controller.Controller - Called endpoint: 'contractByDocument' | Port: '8002'
2020-04-05 17:00:25 [hystrix-Controller-10] INFO  ms.contract.controller.Controller - Called endpoint: 'contractByDocument' | Port: '8002'
2020-04-05 17:00:32 [hystrix-Controller-10] INFO  ms.contract.controller.Controller - Called endpoint: 'contractByDocument' | Port: '8002'
2020-04-05 17:00:38 [hystrix-Controller-10] INFO  ms.contract.controller.Controller - Called endpoint: 'contractByDocument' | Port: '8002'
2020-04-05 17:01:34 [hystrix-Controller-10] INFO  ms.contract.controller.Controller - Called endpoint: 'contractByDocument' | Port: '8002'
2020-04-05 17:02:01 [hystrix-Controller-10] INFO  ms.contract.controller.Controller - Called endpoint: 'contractByDocument' | Port: '8002'
2020-04-05 17:02:06 [hystrix-Controller-10] INFO  ms.contract.controller.Controller - Called endpoint: 'contractByDocument' | Port: '8002'
2020-04-05 17:02:58 [hystrix-Controller-10] INFO  ms.contract.controller.Controller - Called endpoint: 'contractByDocument' | Port: '8002'
2020-04-05 17:03:03 [hystrix-Controller-10] INFO  ms.contract.controller.Controller - Called endpoint: 'contractByDocument' | Port: '8002'
2020-04-05 17:03:08 [hystrix-Controller-10] INFO  ms.contract.controller.Controller - Called endpoint: 'contractByDocument' | Port: '8002'
2020-04-05 17:03:33 [hystrix-Controller-10] INFO  ms.contract.controller.Controller - Called endpoint: 'contractByDocument' | Port: '8002'
2020-04-05 17:03:48 [hystrix-Controller-10] INFO  ms.contract.controller.Controller - Called endpoint: 'contractByDocument' | Port: '8002'
2020-04-05 17:06:08 [restartedMain] INFO  ms.contract.MsContractApplication - No active profile set, falling back to default profiles: default
2020-04-05 17:07:32 [restartedMain] INFO  ms.contract.MsContractApplication - No active profile set, falling back to default profiles: default
2020-04-05 17:07:39 [restartedMain] INFO  ms.contract.MsContractApplication - No active profile set, falling back to default profiles: default
2020-04-05 17:07:45 [restartedMain] INFO  ms.contract.MsContractApplication - Started MsContractApplication in 11.4 seconds (JVM running for 12.069)
2020-04-05 17:08:28 [restartedMain] INFO  ms.contract.MsContractApplication - No active profile set, falling back to default profiles: default
2020-04-05 17:08:35 [restartedMain] INFO  ms.contract.MsContractApplication - Started MsContractApplication in 11.421 seconds (JVM running for 12.098)
2020-04-05 17:08:45 [restartedMain] INFO  ms.contract.MsContractApplication - No active profile set, falling back to default profiles: default
2020-04-05 17:08:48 [restartedMain] INFO  ms.contract.MsContractApplication - Started MsContractApplication in 8.182 seconds (JVM running for 25.982)
2020-04-05 17:11:02 [hystrix-Controller-1] INFO  ms.contract.controller.Controller - Called endpoint: 'contractByDocument' | Port: '8002'
2020-04-05 17:14:22 [hystrix-Controller-2] INFO  ms.contract.controller.Controller - Called endpoint: 'contractByDocument' | Port: '8002'
2020-04-05 17:15:50 [hystrix-Controller-3] INFO  ms.contract.controller.Controller - Called endpoint: 'contractByDocument' | Port: '8002'
2020-04-05 17:16:30 [hystrix-Controller-4] INFO  ms.contract.controller.Controller - Called endpoint: 'contractByDocument' | Port: '8002'
2020-04-05 17:16:44 [hystrix-Controller-5] INFO  ms.contract.controller.Controller - Called endpoint: 'contractByDocument' | Port: '8002'
2020-04-05 17:16:58 [hystrix-Controller-6] INFO  ms.contract.controller.Controller - Called endpoint: 'contractByDocument' | Port: '8002'
2020-04-05 17:17:06 [hystrix-Controller-7] INFO  ms.contract.controller.Controller - Called endpoint: 'contractByDocument' | Port: '8002'
2020-04-05 17:50:05 [hystrix-Controller-8] INFO  ms.contract.controller.Controller - Called endpoint: 'contractByDocument' | Port: '8002'
2020-04-05 17:50:12 [hystrix-Controller-9] INFO  ms.contract.controller.Controller - Called endpoint: 'contractByDocument' | Port: '8002'
2020-04-05 17:50:30 [hystrix-Controller-10] INFO  ms.contract.controller.Controller - Called endpoint: 'contractByDocument' | Port: '8002'
2020-04-05 17:50:36 [hystrix-Controller-10] INFO  ms.contract.controller.Controller - Called endpoint: 'contractByDocument' | Port: '8002'
2020-04-05 17:51:05 [hystrix-Controller-10] INFO  ms.contract.controller.Controller - Called endpoint: 'contractByDocument' | Port: '8002'
2020-04-05 17:52:21 [hystrix-Controller-10] INFO  ms.contract.controller.Controller - Called endpoint: 'contractByDocument' | Port: '8002'
2020-04-05 17:52:23 [hystrix-Controller-10] INFO  ms.contract.controller.Controller - Called endpoint: 'contractByDocument' | Port: '8002'
2020-04-05 18:00:31 [hystrix-Controller-10] INFO  ms.contract.controller.Controller - Called endpoint: 'contractAll' | Port: '8002'
2020-04-05 18:00:41 [hystrix-Controller-10] INFO  ms.contract.controller.Controller - Called endpoint: 'contractByDocument' | Port: '8002'
2020-04-05 18:01:40 [hystrix-Controller-10] INFO  ms.contract.controller.Controller - Called endpoint: 'contractByDocument' | Port: '8002'
2020-04-05 18:01:52 [hystrix-Controller-10] INFO  ms.contract.controller.Controller - Called endpoint: 'contractByDocument' | Port: '8002'
2020-04-05 18:02:21 [hystrix-Controller-10] INFO  ms.contract.controller.Controller - Called endpoint: 'contractByDocument' | Port: '8002'
2020-04-05 18:02:57 [hystrix-Controller-10] INFO  ms.contract.controller.Controller - Called endpoint: 'contractByDocument' | Port: '8002'
2020-04-05 18:09:17 [hystrix-Controller-10] INFO  ms.contract.controller.Controller - Called endpoint: 'contractByDocument' | Port: '8002'
2020-04-05 18:09:26 [hystrix-Controller-10] INFO  ms.contract.controller.Controller - Called endpoint: 'contractByDocument' | Port: '8002'
2020-04-05 18:09:32 [hystrix-Controller-10] INFO  ms.contract.controller.Controller - Called endpoint: 'contractByDocument' | Port: '8002'
2020-04-05 18:09:34 [hystrix-Controller-10] INFO  ms.contract.controller.Controller - Called endpoint: 'contractByDocument' | Port: '8002'
2020-04-05 18:09:53 [hystrix-Controller-10] INFO  ms.contract.controller.Controller - Called endpoint: 'contractByDocument' | Port: '8002'
2020-04-05 18:09:55 [hystrix-Controller-10] INFO  ms.contract.controller.Controller - Called endpoint: 'contractByDocument' | Port: '8002'
2020-04-05 18:10:08 [hystrix-Controller-10] INFO  ms.contract.controller.Controller - Called endpoint: 'contractByDocument' | Port: '8002'
2020-04-05 18:10:52 [restartedMain] INFO  ms.contract.MsContractApplication - No active profile set, falling back to default profiles: default
2020-04-05 18:10:55 [restartedMain] INFO  ms.contract.MsContractApplication - Started MsContractApplication in 8.112 seconds (JVM running for 3752.848)
2020-04-05 18:11:29 [hystrix-Controller-1] INFO  ms.contract.controller.Controller - Called endpoint: 'contractByDocument' | Port: '8002'
2020-04-05 18:11:35 [hystrix-Controller-2] INFO  ms.contract.controller.Controller - Called endpoint: 'contractByDocument' | Port: '8002'
2020-04-05 18:12:06 [hystrix-Controller-3] INFO  ms.contract.controller.Controller - Called endpoint: 'contractByDocument' | Port: '8002'
2020-04-05 18:12:15 [hystrix-Controller-4] INFO  ms.contract.controller.Controller - Called endpoint: 'contractByDocument' | Port: '8002'
2020-04-05 18:13:52 [hystrix-Controller-5] INFO  ms.contract.controller.Controller - Called endpoint: 'contractByDocument' | Port: '8002'
2020-04-05 18:13:56 [hystrix-Controller-6] INFO  ms.contract.controller.Controller - Called endpoint: 'contractByDocument' | Port: '8002'
2020-04-05 18:14:12 [hystrix-Controller-7] INFO  ms.contract.controller.Controller - Called endpoint: 'contractByDocument' | Port: '8002'
2020-04-05 18:14:20 [hystrix-Controller-8] INFO  ms.contract.controller.Controller - Called endpoint: 'contractByDocument' | Port: '8002'
2020-04-05 18:14:21 [hystrix-Controller-9] INFO  ms.contract.controller.Controller - Called endpoint: 'contractByDocument' | Port: '8002'
2020-04-05 18:14:46 [hystrix-Controller-10] INFO  ms.contract.controller.Controller - Called endpoint: 'contractByDocument' | Port: '8002'
2020-04-05 18:15:16 [hystrix-Controller-10] INFO  ms.contract.controller.Controller - Called endpoint: 'contractByDocument' | Port: '8002'
2020-04-05 18:15:27 [hystrix-Controller-10] INFO  ms.contract.controller.Controller - Called endpoint: 'contractByDocument' | Port: '8002'
2020-04-05 18:15:30 [hystrix-Controller-10] INFO  ms.contract.controller.Controller - Called endpoint: 'contractByDocument' | Port: '8002'
2020-04-05 18:15:51 [hystrix-Controller-10] INFO  ms.contract.controller.Controller - Called endpoint: 'contractByDocument' | Port: '8002'
2020-04-05 18:16:16 [hystrix-Controller-10] INFO  ms.contract.controller.Controller - Called endpoint: 'contractByDocument' | Port: '8002'
2020-04-05 18:17:10 [hystrix-Controller-10] INFO  ms.contract.controller.Controller - Called endpoint: 'contractByDocument' | Port: '8002'
2020-04-05 18:17:19 [hystrix-Controller-10] INFO  ms.contract.controller.Controller - Called endpoint: 'contractByDocument' | Port: '8002'
2020-04-05 18:17:33 [hystrix-Controller-10] INFO  ms.contract.controller.Controller - Called endpoint: 'contractByDocument' | Port: '8002'
2020-04-05 18:18:17 [hystrix-Controller-10] INFO  ms.contract.controller.Controller - Called endpoint: 'contractByDocument' | Port: '8002'
2020-04-05 18:58:01 [hystrix-Controller-10] INFO  ms.contract.controller.Controller - Called endpoint: 'contractByDocument' | Port: '8002'
2020-04-05 18:59:49 [restartedMain] INFO  ms.contract.MsContractApplication - No active profile set, falling back to default profiles: default
2020-04-05 18:59:53 [restartedMain] INFO  ms.contract.MsContractApplication - Started MsContractApplication in 8.065 seconds (JVM running for 6690.256)
2020-04-05 19:00:56 [hystrix-Controller-1] INFO  ms.contract.controller.Controller - Called endpoint: 'contractByDocument' | Port: '8002'
2020-04-05 19:03:02 [hystrix-Controller-2] INFO  ms.contract.controller.Controller - Called endpoint: 'contractByDocument' | Port: '8002'
2020-04-05 19:03:04 [hystrix-Controller-3] INFO  ms.contract.controller.Controller - Called endpoint: 'contractByDocument' | Port: '8002'
2020-04-05 19:03:32 [hystrix-Controller-4] INFO  ms.contract.controller.Controller - Called endpoint: 'contractByDocument' | Port: '8002'
2020-04-05 19:03:46 [hystrix-Controller-5] INFO  ms.contract.controller.Controller - Called endpoint: 'contractByDocument' | Port: '8002'
2020-04-05 19:04:03 [hystrix-Controller-6] INFO  ms.contract.controller.Controller - Called endpoint: 'contractByDocument' | Port: '8002'
2020-04-05 19:04:18 [hystrix-Controller-7] INFO  ms.contract.controller.Controller - Called endpoint: 'contractByDocument' | Port: '8002'
2020-04-05 19:04:29 [hystrix-Controller-8] INFO  ms.contract.controller.Controller - Called endpoint: 'contractByDocument' | Port: '8002'
2020-04-05 19:04:31 [hystrix-Controller-9] INFO  ms.contract.controller.Controller - Called endpoint: 'contractByDocument' | Port: '8002'
2020-04-05 19:08:05 [hystrix-Controller-10] INFO  ms.contract.controller.Controller - Called endpoint: 'contractByDocument' | Port: '8002'
2020-04-05 19:08:06 [hystrix-Controller-10] INFO  ms.contract.controller.Controller - Called endpoint: 'contractByDocument' | Port: '8002'
2020-04-05 19:08:07 [hystrix-Controller-10] INFO  ms.contract.controller.Controller - Called endpoint: 'contractByDocument' | Port: '8002'
2020-04-05 19:08:14 [hystrix-Controller-10] INFO  ms.contract.controller.Controller - Called endpoint: 'contractByDocument' | Port: '8002'
2020-04-05 19:08:14 [hystrix-Controller-10] INFO  ms.contract.controller.Controller - Called endpoint: 'contractByDocument' | Port: '8002'
2020-04-05 19:08:14 [hystrix-Controller-10] INFO  ms.contract.controller.Controller - Called endpoint: 'contractByDocument' | Port: '8002'
2020-04-05 19:08:25 [hystrix-Controller-10] INFO  ms.contract.controller.Controller - Called endpoint: 'contractByDocument' | Port: '8002'
2020-04-05 19:09:19 [hystrix-Controller-10] INFO  ms.contract.controller.Controller - Called endpoint: 'contractByDocument' | Port: '8002'
2020-04-05 19:09:49 [hystrix-Controller-10] INFO  ms.contract.controller.Controller - Called endpoint: 'contractByDocument' | Port: '8002'
2020-04-05 19:11:54 [hystrix-Controller-10] INFO  ms.contract.controller.Controller - Called endpoint: 'contractByDocument' | Port: '8002'
2020-04-05 19:12:27 [hystrix-Controller-10] INFO  ms.contract.controller.Controller - Called endpoint: 'contractByDocument' | Port: '8002'
2020-04-05 19:12:29 [hystrix-Controller-10] INFO  ms.contract.controller.Controller - Called endpoint: 'contractByDocument' | Port: '8002'
2020-04-05 19:13:02 [hystrix-Controller-10] INFO  ms.contract.controller.Controller - Called endpoint: 'contractByDocument' | Port: '8002'
2020-04-05 19:13:46 [hystrix-Controller-10] INFO  ms.contract.controller.Controller - Called endpoint: 'contractByDocument' | Port: '8002'
2020-04-05 19:14:03 [hystrix-Controller-10] INFO  ms.contract.controller.Controller - Called endpoint: 'contractByDocument' | Port: '8002'
2020-04-05 19:14:11 [hystrix-Controller-10] INFO  ms.contract.controller.Controller - Called endpoint: 'contractByDocument' | Port: '8002'
2020-04-05 19:14:14 [hystrix-Controller-10] INFO  ms.contract.controller.Controller - Called endpoint: 'contractByDocument' | Port: '8002'
2020-04-05 19:14:24 [hystrix-Controller-10] INFO  ms.contract.controller.Controller - Called endpoint: 'contractByDocument' | Port: '8002'
2020-04-05 19:14:43 [hystrix-Controller-10] INFO  ms.contract.controller.Controller - Called endpoint: 'contractByDocument' | Port: '8002'
2020-04-05 19:14:49 [hystrix-Controller-10] INFO  ms.contract.controller.Controller - Called endpoint: 'contractByDocument' | Port: '8002'
2020-04-05 19:25:16 [restartedMain] INFO  ms.contract.MsContractApplication - No active profile set, falling back to default profiles: default
2020-04-05 19:25:20 [restartedMain] INFO  ms.contract.MsContractApplication - Started MsContractApplication in 8.009 seconds (JVM running for 8217.609)
2020-04-05 19:25:29 [restartedMain] INFO  ms.contract.MsContractApplication - No active profile set, falling back to default profiles: default
2020-04-05 19:25:32 [restartedMain] INFO  ms.contract.MsContractApplication - Started MsContractApplication in 8.018 seconds (JVM running for 8230.009)
2020-04-05 19:27:28 [hystrix-Controller-1] INFO  ms.contract.controller.Controller - Called endpoint: 'contractByDocument' | Port: '8002'
2020-04-05 19:27:30 [hystrix-Controller-2] INFO  ms.contract.controller.Controller - Called endpoint: 'contractByDocument' | Port: '8002'
2020-04-05 19:27:31 [hystrix-Controller-3] INFO  ms.contract.controller.Controller - Called endpoint: 'contractByDocument' | Port: '8002'
2020-04-05 19:28:15 [hystrix-Controller-4] INFO  ms.contract.controller.Controller - Called endpoint: 'contractByDocument' | Port: '8002'
2020-04-05 19:28:30 [hystrix-Controller-5] INFO  ms.contract.controller.Controller - Called endpoint: 'contractByDocument' | Port: '8002'
2020-04-05 19:28:42 [hystrix-Controller-6] INFO  ms.contract.controller.Controller - Called endpoint: 'contractByDocument' | Port: '8002'
2020-04-05 19:30:24 [hystrix-Controller-7] INFO  ms.contract.controller.Controller - Called endpoint: 'contractByDocument' | Port: '8002'
2020-04-05 19:41:03 [hystrix-Controller-8] INFO  ms.contract.controller.Controller - Called endpoint: 'contractByDocument' | Port: '8002'
2020-04-05 19:43:27 [hystrix-Controller-9] INFO  ms.contract.controller.Controller - Called endpoint: 'contractByDocument' | Port: '8002'
2020-04-05 19:45:29 [hystrix-Controller-10] INFO  ms.contract.controller.Controller - Called endpoint: 'contractByDocument' | Port: '8002'
2020-04-05 19:45:36 [hystrix-Controller-10] INFO  ms.contract.controller.Controller - Called endpoint: 'contractByDocument' | Port: '8002'
2020-04-05 19:47:42 [hystrix-Controller-10] INFO  ms.contract.controller.Controller - Called endpoint: 'contractByDocument' | Port: '8002'
2020-04-05 19:48:00 [hystrix-Controller-10] INFO  ms.contract.controller.Controller - Called endpoint: 'contractByDocument' | Port: '8002'
2020-04-05 19:48:12 [hystrix-Controller-10] INFO  ms.contract.controller.Controller - Called endpoint: 'contractByDocument' | Port: '8002'
2020-04-05 19:48:15 [hystrix-Controller-10] INFO  ms.contract.controller.Controller - Called endpoint: 'contractByDocument' | Port: '8002'
2020-04-05 19:53:24 [hystrix-Controller-10] INFO  ms.contract.controller.Controller - Called endpoint: 'contractByDocument' | Port: '8002'
2020-04-05 19:54:17 [hystrix-Controller-10] INFO  ms.contract.controller.Controller - Called endpoint: 'contractByDocument' | Port: '8002'
2020-04-05 19:58:27 [hystrix-Controller-10] INFO  ms.contract.controller.Controller - Called endpoint: 'contractByDocument' | Port: '8002'
2020-04-05 19:58:39 [hystrix-Controller-10] INFO  ms.contract.controller.Controller - Called endpoint: 'contractByDocument' | Port: '8002'
2020-04-05 19:59:48 [hystrix-Controller-10] INFO  ms.contract.controller.Controller - Called endpoint: 'contractByDocument' | Port: '8002'
2020-04-05 20:00:09 [hystrix-Controller-10] INFO  ms.contract.controller.Controller - Called endpoint: 'contractByDocument' | Port: '8002'
2020-04-05 20:00:52 [hystrix-Controller-10] INFO  ms.contract.controller.Controller - Called endpoint: 'contractByDocument' | Port: '8002'
2020-04-05 20:01:13 [hystrix-Controller-10] INFO  ms.contract.controller.Controller - Called endpoint: 'contractByDocument' | Port: '8002'
2020-04-05 21:05:39 [restartedMain] INFO  ms.contract.MsContractApplication - No active profile set, falling back to default profiles: default
2020-04-05 21:05:46 [restartedMain] INFO  ms.contract.MsContractApplication - Started MsContractApplication in 12.693 seconds (JVM running for 13.5)
2020-04-05 21:06:14 [hystrix-Controller-1] INFO  ms.contract.controller.Controller - Called endpoint: 'contractByDocument' | Port: '8002'
2020-04-05 21:06:25 [hystrix-Controller-2] INFO  ms.contract.controller.Controller - Called endpoint: 'contractByDocument' | Port: '8002'
2020-04-05 21:06:36 [hystrix-Controller-3] INFO  ms.contract.controller.Controller - Called endpoint: 'contractByDocument' | Port: '8002'
2020-04-05 21:06:53 [hystrix-Controller-4] INFO  ms.contract.controller.Controller - Called endpoint: 'contractByDocument' | Port: '8002'
2020-04-05 21:07:59 [hystrix-Controller-5] INFO  ms.contract.controller.Controller - Called endpoint: 'contractByDocument' | Port: '8002'
2020-04-05 21:08:06 [hystrix-Controller-6] INFO  ms.contract.controller.Controller - Called endpoint: 'contractByDocument' | Port: '8002'
2020-04-05 21:08:17 [hystrix-Controller-7] INFO  ms.contract.controller.Controller - Called endpoint: 'contractByDocument' | Port: '8002'
2020-04-05 21:09:35 [hystrix-Controller-8] INFO  ms.contract.controller.Controller - Called endpoint: 'contractByDocument' | Port: '8002'
2020-04-05 21:09:42 [hystrix-Controller-9] INFO  ms.contract.controller.Controller - Called endpoint: 'contractByDocument' | Port: '8002'
2020-04-05 21:09:42 [hystrix-Controller-10] INFO  ms.contract.controller.Controller - Called endpoint: 'contractByDocument' | Port: '8002'
2020-04-05 21:09:42 [hystrix-Controller-10] INFO  ms.contract.controller.Controller - Called endpoint: 'contractByDocument' | Port: '8002'
2020-04-05 21:09:42 [hystrix-Controller-10] INFO  ms.contract.controller.Controller - Called endpoint: 'contractByDocument' | Port: '8002'
2020-04-05 21:09:42 [hystrix-Controller-10] INFO  ms.contract.controller.Controller - Called endpoint: 'contractByDocument' | Port: '8002'
2020-04-05 21:09:43 [hystrix-Controller-10] INFO  ms.contract.controller.Controller - Called endpoint: 'contractByDocument' | Port: '8002'
2020-04-05 21:09:43 [hystrix-Controller-10] INFO  ms.contract.controller.Controller - Called endpoint: 'contractByDocument' | Port: '8002'
2020-04-05 21:09:43 [hystrix-Controller-10] INFO  ms.contract.controller.Controller - Called endpoint: 'contractByDocument' | Port: '8002'
2020-04-05 21:09:43 [hystrix-Controller-10] INFO  ms.contract.controller.Controller - Called endpoint: 'contractByDocument' | Port: '8002'
2020-04-05 21:09:43 [hystrix-Controller-10] INFO  ms.contract.controller.Controller - Called endpoint: 'contractByDocument' | Port: '8002'
2020-04-05 21:09:43 [hystrix-Controller-10] INFO  ms.contract.controller.Controller - Called endpoint: 'contractByDocument' | Port: '8002'
2020-04-05 21:09:44 [hystrix-Controller-10] INFO  ms.contract.controller.Controller - Called endpoint: 'contractByDocument' | Port: '8002'
2020-04-05 21:09:44 [hystrix-Controller-10] INFO  ms.contract.controller.Controller - Called endpoint: 'contractByDocument' | Port: '8002'
2020-04-05 21:09:44 [hystrix-Controller-10] INFO  ms.contract.controller.Controller - Called endpoint: 'contractByDocument' | Port: '8002'
2020-04-05 21:09:44 [hystrix-Controller-10] INFO  ms.contract.controller.Controller - Called endpoint: 'contractByDocument' | Port: '8002'
2020-04-05 21:09:44 [hystrix-Controller-10] INFO  ms.contract.controller.Controller - Called endpoint: 'contractByDocument' | Port: '8002'
2020-04-05 21:09:44 [hystrix-Controller-10] INFO  ms.contract.controller.Controller - Called endpoint: 'contractByDocument' | Port: '8002'
2020-04-05 21:09:44 [hystrix-Controller-10] INFO  ms.contract.controller.Controller - Called endpoint: 'contractByDocument' | Port: '8002'
2020-04-05 21:09:45 [hystrix-Controller-10] INFO  ms.contract.controller.Controller - Called endpoint: 'contractByDocument' | Port: '8002'
2020-04-05 21:09:45 [hystrix-Controller-10] INFO  ms.contract.controller.Controller - Called endpoint: 'contractByDocument' | Port: '8002'
2020-04-05 21:09:45 [hystrix-Controller-10] INFO  ms.contract.controller.Controller - Called endpoint: 'contractByDocument' | Port: '8002'
2020-04-05 21:09:45 [hystrix-Controller-10] INFO  ms.contract.controller.Controller - Called endpoint: 'contractByDocument' | Port: '8002'
2020-04-05 21:09:45 [hystrix-Controller-10] INFO  ms.contract.controller.Controller - Called endpoint: 'contractByDocument' | Port: '8002'
2020-04-05 21:09:45 [hystrix-Controller-10] INFO  ms.contract.controller.Controller - Called endpoint: 'contractByDocument' | Port: '8002'
2020-04-05 21:09:45 [hystrix-Controller-10] INFO  ms.contract.controller.Controller - Called endpoint: 'contractByDocument' | Port: '8002'
2020-04-05 21:09:46 [hystrix-Controller-10] INFO  ms.contract.controller.Controller - Called endpoint: 'contractByDocument' | Port: '8002'
2020-04-05 21:09:46 [hystrix-Controller-10] INFO  ms.contract.controller.Controller - Called endpoint: 'contractByDocument' | Port: '8002'
2020-04-05 21:09:46 [hystrix-Controller-10] INFO  ms.contract.controller.Controller - Called endpoint: 'contractByDocument' | Port: '8002'
2020-04-05 21:09:46 [hystrix-Controller-10] INFO  ms.contract.controller.Controller - Called endpoint: 'contractByDocument' | Port: '8002'
2020-04-05 21:09:46 [hystrix-Controller-10] INFO  ms.contract.controller.Controller - Called endpoint: 'contractByDocument' | Port: '8002'
2020-04-05 21:09:46 [hystrix-Controller-10] INFO  ms.contract.controller.Controller - Called endpoint: 'contractByDocument' | Port: '8002'
2020-04-05 21:09:47 [hystrix-Controller-10] INFO  ms.contract.controller.Controller - Called endpoint: 'contractByDocument' | Port: '8002'
2020-04-05 21:09:47 [hystrix-Controller-10] INFO  ms.contract.controller.Controller - Called endpoint: 'contractByDocument' | Port: '8002'
2020-04-05 21:09:47 [hystrix-Controller-10] INFO  ms.contract.controller.Controller - Called endpoint: 'contractByDocument' | Port: '8002'
2020-04-05 21:09:47 [hystrix-Controller-10] INFO  ms.contract.controller.Controller - Called endpoint: 'contractByDocument' | Port: '8002'
2020-04-05 21:09:47 [hystrix-Controller-10] INFO  ms.contract.controller.Controller - Called endpoint: 'contractByDocument' | Port: '8002'
2020-04-05 21:09:48 [hystrix-Controller-10] INFO  ms.contract.controller.Controller - Called endpoint: 'contractByDocument' | Port: '8002'
2020-04-05 21:09:50 [hystrix-Controller-10] INFO  ms.contract.controller.Controller - Called endpoint: 'contractByDocument' | Port: '8002'
2020-04-05 21:09:58 [hystrix-Controller-10] INFO  ms.contract.controller.Controller - Called endpoint: 'contractByDocument' | Port: '8002'
2020-04-05 21:10:32 [hystrix-Controller-10] INFO  ms.contract.controller.Controller - Called endpoint: 'contractByDocument' | Port: '8002'
2020-04-05 21:10:38 [hystrix-Controller-10] INFO  ms.contract.controller.Controller - Called endpoint: 'contractByDocument' | Port: '8002'
2020-04-05 21:16:44 [hystrix-Controller-10] INFO  ms.contract.controller.Controller - Called endpoint: 'contractByDocument' | Port: '8002'
2020-04-05 21:21:11 [hystrix-Controller-10] INFO  ms.contract.controller.Controller - Called endpoint: 'contractByDocument' | Port: '8002'
2020-04-05 21:21:17 [hystrix-Controller-10] INFO  ms.contract.controller.Controller - Called endpoint: 'contractByDocument' | Port: '8002'
2020-04-05 21:21:33 [hystrix-Controller-10] INFO  ms.contract.controller.Controller - Called endpoint: 'contractByDocument' | Port: '8002'
2020-04-05 21:21:38 [hystrix-Controller-10] INFO  ms.contract.controller.Controller - Called endpoint: 'contractByDocument' | Port: '8002'
2020-04-05 21:21:53 [hystrix-Controller-10] INFO  ms.contract.controller.Controller - Called endpoint: 'contractByDocument' | Port: '8002'
2020-04-05 22:05:10 [hystrix-Controller-10] INFO  ms.contract.controller.Controller - Called endpoint: 'contractByDocument' | Port: '8002'
2020-04-05 23:29:44 [hystrix-Controller-10] INFO  ms.contract.controller.Controller - Called endpoint: 'contractByDocument' | Port: '8002'
2020-04-05 23:42:12 [hystrix-Controller-10] INFO  ms.contract.controller.Controller - Called endpoint: 'contractByDocument' | Port: '8002'
2020-04-05 23:42:20 [hystrix-Controller-10] INFO  ms.contract.controller.Controller - Called endpoint: 'contractByDocument' | Port: '8002'
2020-04-05 23:42:51 [hystrix-Controller-10] INFO  ms.contract.controller.Controller - Called endpoint: 'contractByDocument' | Port: '8002'
2020-04-05 23:42:57 [hystrix-Controller-10] INFO  ms.contract.controller.Controller - Called endpoint: 'contractByDocument' | Port: '8002'
2020-04-05 23:43:04 [hystrix-Controller-10] INFO  ms.contract.controller.Controller - Called endpoint: 'contractByDocument' | Port: '8002'
2020-04-05 23:45:14 [hystrix-Controller-10] INFO  ms.contract.controller.Controller - Called endpoint: 'contractByDocument' | Port: '8002'
