2020-04-14 01:30:09 [restartedMain] INFO  ms.contract.MsContractApplication - No active profile set, falling back to default profiles: default
2020-04-14 01:30:16 [restartedMain] INFO  ms.contract.MsContractApplication - Started MsContractApplication in 11.661 seconds (JVM running for 12.348)
2020-04-14 01:44:58 [hystrix-Controller-1] INFO  ms.contract.controller.Controller - Called endpoint: 'contractByDocument' | Port: '8002'
2020-04-14 01:45:00 [hystrix-Controller-2] INFO  ms.contract.controller.Controller - Called endpoint: 'contractByDocument' | Port: '8002'
2020-04-14 01:46:28 [hystrix-Controller-3] INFO  ms.contract.controller.Controller - Called endpoint: 'contractByDocument' | Port: '8002'
2020-04-14 01:46:31 [hystrix-Controller-4] INFO  ms.contract.controller.Controller - Called endpoint: 'contractByDocument' | Port: '8002'
2020-04-14 01:46:32 [hystrix-Controller-5] INFO  ms.contract.controller.Controller - Called endpoint: 'contractByDocument' | Port: '8002'
2020-04-14 01:51:04 [hystrix-Controller-6] INFO  ms.contract.controller.Controller - Called endpoint: 'contractByDocument' | Port: '8002'
2020-04-14 01:51:05 [hystrix-Controller-7] INFO  ms.contract.controller.Controller - Called endpoint: 'contractByDocument' | Port: '8002'
2020-04-14 01:51:06 [hystrix-Controller-8] INFO  ms.contract.controller.Controller - Called endpoint: 'contractByDocument' | Port: '8002'
2020-04-14 01:51:12 [hystrix-Controller-9] INFO  ms.contract.controller.Controller - Called endpoint: 'contractByDocument' | Port: '8002'
2020-04-14 01:51:13 [hystrix-Controller-10] INFO  ms.contract.controller.Controller - Called endpoint: 'contractByDocument' | Port: '8002'
2020-04-14 01:51:44 [hystrix-Controller-10] INFO  ms.contract.controller.Controller - Called endpoint: 'contractByDocument' | Port: '8002'
2020-04-14 01:51:46 [hystrix-Controller-10] INFO  ms.contract.controller.Controller - Called endpoint: 'contractByDocument' | Port: '8002'
2020-04-14 01:51:49 [hystrix-Controller-10] INFO  ms.contract.controller.Controller - Called endpoint: 'contractByDocument' | Port: '8002'
2020-04-14 01:51:50 [hystrix-Controller-10] INFO  ms.contract.controller.Controller - Called endpoint: 'contractByDocument' | Port: '8002'
2020-04-14 01:51:51 [hystrix-Controller-10] INFO  ms.contract.controller.Controller - Called endpoint: 'contractByDocument' | Port: '8002'
2020-04-14 15:26:25 [restartedMain] INFO  ms.contract.MsContractApplication - No active profile set, falling back to default profiles: default
2020-04-14 15:26:33 [restartedMain] INFO  ms.contract.MsContractApplication - Started MsContractApplication in 12.737 seconds (JVM running for 13.547)
2020-04-14 15:35:02 [hystrix-Controller-1] INFO  ms.contract.controller.Controller - Called endpoint: 'contractByDocument' | Port: '8002'
2020-04-14 15:35:04 [hystrix-Controller-2] INFO  ms.contract.controller.Controller - Called endpoint: 'contractByDocument' | Port: '8002'
2020-04-14 15:35:05 [hystrix-Controller-3] INFO  ms.contract.controller.Controller - Called endpoint: 'contractByDocument' | Port: '8002'
2020-04-14 15:35:07 [hystrix-Controller-4] INFO  ms.contract.controller.Controller - Called endpoint: 'updateContract' | Port: '8002'
2020-04-14 15:35:07 [hystrix-Controller-5] INFO  ms.contract.controller.Controller - Called endpoint: 'contractByDocument' | Port: '8002'
2020-04-14 15:35:09 [hystrix-Controller-6] INFO  ms.contract.controller.Controller - Called endpoint: 'contractByDocument' | Port: '8002'
2020-04-14 15:38:38 [hystrix-Controller-7] INFO  ms.contract.controller.Controller - Called endpoint: 'contractByDocument' | Port: '8002'
2020-04-14 15:38:38 [hystrix-Controller-8] INFO  ms.contract.controller.Controller - Called endpoint: 'contractByDocument' | Port: '8002'
2020-04-14 15:38:42 [hystrix-Controller-9] INFO  ms.contract.controller.Controller - Called endpoint: 'contractByDocument' | Port: '8002'
2020-04-14 15:38:49 [hystrix-Controller-10] INFO  ms.contract.controller.Controller - Called endpoint: 'contractByDocument' | Port: '8002'
2020-04-14 15:38:49 [hystrix-Controller-10] INFO  ms.contract.controller.Controller - Called endpoint: 'contractByDocument' | Port: '8002'
2020-04-14 16:32:02 [hystrix-Controller-10] INFO  ms.contract.controller.Controller - Called endpoint: 'contractByDocument' | Port: '8002'
2020-04-14 16:32:02 [hystrix-Controller-10] INFO  ms.contract.controller.Controller - Called endpoint: 'contractByDocument' | Port: '8002'
2020-04-14 16:32:30 [hystrix-Controller-10] INFO  ms.contract.controller.Controller - Called endpoint: 'contractByDocument' | Port: '8002'
2020-04-14 16:32:55 [hystrix-Controller-10] INFO  ms.contract.controller.Controller - Called endpoint: 'contractByDocument' | Port: '8002'
2020-04-14 16:33:10 [hystrix-Controller-10] INFO  ms.contract.controller.Controller - Called endpoint: 'contractByDocument' | Port: '8002'
2020-04-14 16:33:49 [hystrix-Controller-10] INFO  ms.contract.controller.Controller - Called endpoint: 'contractByDocument' | Port: '8002'
2020-04-14 16:34:00 [hystrix-Controller-10] INFO  ms.contract.controller.Controller - Called endpoint: 'contractByDocument' | Port: '8002'
2020-04-14 16:34:07 [hystrix-Controller-10] INFO  ms.contract.controller.Controller - Called endpoint: 'contractByDocument' | Port: '8002'
2020-04-14 16:34:18 [hystrix-Controller-10] INFO  ms.contract.controller.Controller - Called endpoint: 'contractByDocument' | Port: '8002'
2020-04-14 16:34:36 [hystrix-Controller-10] INFO  ms.contract.controller.Controller - Called endpoint: 'contractByDocument' | Port: '8002'
2020-04-14 16:34:43 [hystrix-Controller-10] INFO  ms.contract.controller.Controller - Called endpoint: 'contractByDocument' | Port: '8002'
2020-04-14 16:34:43 [hystrix-Controller-10] INFO  ms.contract.controller.Controller - Called endpoint: 'contractByDocument' | Port: '8002'
2020-04-14 16:37:03 [hystrix-Controller-10] INFO  ms.contract.controller.Controller - Called endpoint: 'contractByDocument' | Port: '8002'
2020-04-14 16:37:07 [hystrix-Controller-10] INFO  ms.contract.controller.Controller - Called endpoint: 'contractByDocument' | Port: '8002'
2020-04-14 16:37:28 [hystrix-Controller-10] INFO  ms.contract.controller.Controller - Called endpoint: 'contractByDocument' | Port: '8002'
2020-04-14 16:37:36 [hystrix-Controller-10] INFO  ms.contract.controller.Controller - Called endpoint: 'contractByDocument' | Port: '8002'
2020-04-14 16:37:45 [hystrix-Controller-10] INFO  ms.contract.controller.Controller - Called endpoint: 'contractByDocument' | Port: '8002'
2020-04-14 16:37:46 [hystrix-Controller-10] INFO  ms.contract.controller.Controller - Called endpoint: 'contractByDocument' | Port: '8002'
2020-04-14 16:38:01 [hystrix-Controller-10] INFO  ms.contract.controller.Controller - Called endpoint: 'contractByDocument' | Port: '8002'
2020-04-14 16:38:12 [hystrix-Controller-10] INFO  ms.contract.controller.Controller - Called endpoint: 'contractByDocument' | Port: '8002'
2020-04-14 16:38:19 [hystrix-Controller-10] INFO  ms.contract.controller.Controller - Called endpoint: 'contractByDocument' | Port: '8002'
2020-04-14 16:38:19 [hystrix-Controller-10] INFO  ms.contract.controller.Controller - Called endpoint: 'contractByDocument' | Port: '8002'
2020-04-14 16:39:03 [hystrix-Controller-10] INFO  ms.contract.controller.Controller - Called endpoint: 'contractByDocument' | Port: '8002'
2020-04-14 16:40:54 [hystrix-Controller-10] INFO  ms.contract.controller.Controller - Called endpoint: 'contractByDocument' | Port: '8002'
2020-04-14 16:40:55 [hystrix-Controller-10] INFO  ms.contract.controller.Controller - Called endpoint: 'contractByDocument' | Port: '8002'
2020-04-14 16:49:17 [hystrix-Controller-10] INFO  ms.contract.controller.Controller - Called endpoint: 'contractByDocument' | Port: '8002'
2020-04-14 16:49:18 [hystrix-Controller-10] INFO  ms.contract.controller.Controller - Called endpoint: 'contractByDocument' | Port: '8002'
2020-04-14 16:49:29 [hystrix-Controller-10] INFO  ms.contract.controller.Controller - Called endpoint: 'contractByDocument' | Port: '8002'
2020-04-14 16:50:50 [hystrix-Controller-10] INFO  ms.contract.controller.Controller - Called endpoint: 'contractByDocument' | Port: '8002'
2020-04-14 16:50:51 [hystrix-Controller-10] INFO  ms.contract.controller.Controller - Called endpoint: 'contractByDocument' | Port: '8002'
2020-04-14 16:51:06 [hystrix-Controller-10] INFO  ms.contract.controller.Controller - Called endpoint: 'contractByDocument' | Port: '8002'
2020-04-14 16:51:09 [hystrix-Controller-10] INFO  ms.contract.controller.Controller - Called endpoint: 'contractByDocument' | Port: '8002'
2020-04-14 16:51:37 [hystrix-Controller-10] INFO  ms.contract.controller.Controller - Called endpoint: 'contractByDocument' | Port: '8002'
2020-04-14 16:52:14 [hystrix-Controller-10] INFO  ms.contract.controller.Controller - Called endpoint: 'contractByDocument' | Port: '8002'
2020-04-14 16:52:23 [hystrix-Controller-10] INFO  ms.contract.controller.Controller - Called endpoint: 'contractByDocument' | Port: '8002'
2020-04-14 16:52:54 [hystrix-Controller-10] INFO  ms.contract.controller.Controller - Called endpoint: 'contractByDocument' | Port: '8002'
2020-04-14 16:52:55 [hystrix-Controller-10] INFO  ms.contract.controller.Controller - Called endpoint: 'contractByDocument' | Port: '8002'
2020-04-14 16:52:57 [hystrix-Controller-10] INFO  ms.contract.controller.Controller - Called endpoint: 'contractByDocument' | Port: '8002'
2020-04-14 16:53:07 [hystrix-Controller-10] INFO  ms.contract.controller.Controller - Called endpoint: 'contractByDocument' | Port: '8002'
2020-04-14 16:53:16 [hystrix-Controller-10] INFO  ms.contract.controller.Controller - Called endpoint: 'contractByDocument' | Port: '8002'
2020-04-14 16:53:21 [hystrix-Controller-10] INFO  ms.contract.controller.Controller - Called endpoint: 'contractByDocument' | Port: '8002'
2020-04-14 16:53:29 [hystrix-Controller-10] INFO  ms.contract.controller.Controller - Called endpoint: 'contractByDocument' | Port: '8002'
2020-04-14 16:53:32 [hystrix-Controller-10] INFO  ms.contract.controller.Controller - Called endpoint: 'contractByDocument' | Port: '8002'
2020-04-14 16:53:46 [hystrix-Controller-10] INFO  ms.contract.controller.Controller - Called endpoint: 'contractByDocument' | Port: '8002'
2020-04-14 16:53:51 [hystrix-Controller-10] INFO  ms.contract.controller.Controller - Called endpoint: 'contractByDocument' | Port: '8002'
2020-04-14 16:54:05 [hystrix-Controller-10] INFO  ms.contract.controller.Controller - Called endpoint: 'contractByDocument' | Port: '8002'
2020-04-14 16:54:19 [hystrix-Controller-10] INFO  ms.contract.controller.Controller - Called endpoint: 'contractByDocument' | Port: '8002'
2020-04-14 16:54:28 [hystrix-Controller-10] INFO  ms.contract.controller.Controller - Called endpoint: 'contractByDocument' | Port: '8002'
2020-04-14 16:54:43 [hystrix-Controller-10] INFO  ms.contract.controller.Controller - Called endpoint: 'contractByDocument' | Port: '8002'
2020-04-14 16:54:46 [hystrix-Controller-10] INFO  ms.contract.controller.Controller - Called endpoint: 'contractByDocument' | Port: '8002'
2020-04-14 16:55:07 [hystrix-Controller-10] INFO  ms.contract.controller.Controller - Called endpoint: 'contractByDocument' | Port: '8002'
2020-04-14 16:55:38 [hystrix-Controller-10] INFO  ms.contract.controller.Controller - Called endpoint: 'contractByDocument' | Port: '8002'
2020-04-14 16:55:40 [hystrix-Controller-10] INFO  ms.contract.controller.Controller - Called endpoint: 'contractByDocument' | Port: '8002'
2020-04-14 16:55:46 [hystrix-Controller-10] INFO  ms.contract.controller.Controller - Called endpoint: 'contractByDocument' | Port: '8002'
2020-04-14 16:55:48 [hystrix-Controller-10] INFO  ms.contract.controller.Controller - Called endpoint: 'contractByDocument' | Port: '8002'
2020-04-14 16:55:50 [hystrix-Controller-10] INFO  ms.contract.controller.Controller - Called endpoint: 'contractByDocument' | Port: '8002'
2020-04-14 16:55:51 [hystrix-Controller-10] INFO  ms.contract.controller.Controller - Called endpoint: 'contractByDocument' | Port: '8002'
2020-04-14 16:56:15 [hystrix-Controller-10] INFO  ms.contract.controller.Controller - Called endpoint: 'contractByDocument' | Port: '8002'
2020-04-14 16:56:49 [hystrix-Controller-10] INFO  ms.contract.controller.Controller - Called endpoint: 'contractByDocument' | Port: '8002'
2020-04-14 16:58:50 [hystrix-Controller-10] INFO  ms.contract.controller.Controller - Called endpoint: 'contractByDocument' | Port: '8002'
2020-04-14 16:58:56 [hystrix-Controller-10] INFO  ms.contract.controller.Controller - Called endpoint: 'contractByDocument' | Port: '8002'
2020-04-14 16:59:06 [hystrix-Controller-10] INFO  ms.contract.controller.Controller - Called endpoint: 'contractByDocument' | Port: '8002'
2020-04-14 16:59:19 [hystrix-Controller-10] INFO  ms.contract.controller.Controller - Called endpoint: 'contractByDocument' | Port: '8002'
2020-04-14 16:59:31 [hystrix-Controller-10] INFO  ms.contract.controller.Controller - Called endpoint: 'contractByDocument' | Port: '8002'
2020-04-14 16:59:39 [hystrix-Controller-10] INFO  ms.contract.controller.Controller - Called endpoint: 'contractByDocument' | Port: '8002'
2020-04-14 17:01:49 [hystrix-Controller-10] INFO  ms.contract.controller.Controller - Called endpoint: 'contractByDocument' | Port: '8002'
2020-04-14 17:01:49 [hystrix-Controller-10] INFO  ms.contract.controller.Controller - Called endpoint: 'contractByDocument' | Port: '8002'
2020-04-14 17:01:52 [hystrix-Controller-10] INFO  ms.contract.controller.Controller - Called endpoint: 'contractByDocument' | Port: '8002'
2020-04-14 17:01:55 [hystrix-Controller-10] INFO  ms.contract.controller.Controller - Called endpoint: 'contractByDocument' | Port: '8002'
2020-04-14 17:02:15 [hystrix-Controller-10] INFO  ms.contract.controller.Controller - Called endpoint: 'contractByDocument' | Port: '8002'
2020-04-14 17:02:16 [hystrix-Controller-10] INFO  ms.contract.controller.Controller - Called endpoint: 'contractByDocument' | Port: '8002'
2020-04-14 17:02:17 [hystrix-Controller-10] INFO  ms.contract.controller.Controller - Called endpoint: 'updateContract' | Port: '8002'
2020-04-14 17:02:17 [hystrix-Controller-10] INFO  ms.contract.controller.Controller - Called endpoint: 'contractByDocument' | Port: '8002'
2020-04-14 17:02:18 [hystrix-Controller-10] INFO  ms.contract.controller.Controller - Called endpoint: 'contractByDocument' | Port: '8002'
2020-04-14 17:02:18 [hystrix-Controller-10] INFO  ms.contract.controller.Controller - Called endpoint: 'contractByDocument' | Port: '8002'
2020-04-14 17:02:49 [hystrix-Controller-10] INFO  ms.contract.controller.Controller - Called endpoint: 'contractByDocument' | Port: '8002'
2020-04-14 17:05:07 [hystrix-Controller-10] INFO  ms.contract.controller.Controller - Called endpoint: 'contractByDocument' | Port: '8002'
2020-04-14 17:05:22 [hystrix-Controller-10] INFO  ms.contract.controller.Controller - Called endpoint: 'contractByDocument' | Port: '8002'
2020-04-14 17:05:32 [hystrix-Controller-10] INFO  ms.contract.controller.Controller - Called endpoint: 'contractByDocument' | Port: '8002'
2020-04-14 17:05:33 [hystrix-Controller-10] INFO  ms.contract.controller.Controller - Called endpoint: 'contractByDocument' | Port: '8002'
2020-04-14 17:59:27 [restartedMain] INFO  ms.contract.MsContractApplication - No active profile set, falling back to default profiles: default
2020-04-14 17:59:31 [restartedMain] INFO  ms.contract.MsContractApplication - Started MsContractApplication in 9.642 seconds (JVM running for 9193.243)
2020-04-14 18:29:39 [hystrix-Controller-1] INFO  ms.contract.controller.Controller - Called endpoint: 'contractByDocument' | Port: '8002'
2020-04-14 18:29:42 [hystrix-Controller-2] INFO  ms.contract.controller.Controller - Called endpoint: 'contractByDocument' | Port: '8002'
2020-04-14 18:37:28 [hystrix-Controller-3] INFO  ms.contract.controller.Controller - Called endpoint: 'contractByDocument' | Port: '8002'
2020-04-14 18:51:09 [hystrix-Controller-4] INFO  ms.contract.controller.Controller - Called endpoint: 'contractByDocument' | Port: '8002'
2020-04-14 18:54:35 [hystrix-Controller-5] INFO  ms.contract.controller.Controller - Called endpoint: 'contractByDocument' | Port: '8002'
2020-04-14 18:54:42 [hystrix-Controller-6] INFO  ms.contract.controller.Controller - Called endpoint: 'contractByDocument' | Port: '8002'
2020-04-14 18:56:16 [hystrix-Controller-7] INFO  ms.contract.controller.Controller - Called endpoint: 'contractByDocument' | Port: '8002'
2020-04-14 18:56:44 [hystrix-Controller-8] INFO  ms.contract.controller.Controller - Called endpoint: 'contractByDocument' | Port: '8002'
2020-04-14 18:57:15 [hystrix-Controller-9] INFO  ms.contract.controller.Controller - Called endpoint: 'contractByDocument' | Port: '8002'
2020-04-14 18:59:43 [hystrix-Controller-10] INFO  ms.contract.controller.Controller - Called endpoint: 'contractByDocument' | Port: '8002'
2020-04-14 19:02:56 [hystrix-Controller-10] INFO  ms.contract.controller.Controller - Called endpoint: 'contractByDocument' | Port: '8002'
2020-04-14 19:02:57 [hystrix-Controller-10] INFO  ms.contract.controller.Controller - Called endpoint: 'contractByDocument' | Port: '8002'
2020-04-14 19:03:34 [hystrix-Controller-10] INFO  ms.contract.controller.Controller - Called endpoint: 'contractByDocument' | Port: '8002'
2020-04-14 19:03:35 [hystrix-Controller-10] INFO  ms.contract.controller.Controller - Called endpoint: 'contractByDocument' | Port: '8002'
2020-04-14 19:03:44 [hystrix-Controller-10] INFO  ms.contract.controller.Controller - Called endpoint: 'contractByDocument' | Port: '8002'
2020-04-14 19:05:09 [hystrix-Controller-10] INFO  ms.contract.controller.Controller - Called endpoint: 'contractByDocument' | Port: '8002'
2020-04-14 19:06:38 [hystrix-Controller-10] INFO  ms.contract.controller.Controller - Called endpoint: 'contractByDocument' | Port: '8002'
2020-04-14 19:07:43 [hystrix-Controller-10] INFO  ms.contract.controller.Controller - Called endpoint: 'contractByDocument' | Port: '8002'
2020-04-14 19:08:15 [hystrix-Controller-10] INFO  ms.contract.controller.Controller - Called endpoint: 'contractByDocument' | Port: '8002'
2020-04-14 19:08:34 [hystrix-Controller-10] INFO  ms.contract.controller.Controller - Called endpoint: 'contractByDocument' | Port: '8002'
2020-04-14 19:09:03 [hystrix-Controller-10] INFO  ms.contract.controller.Controller - Called endpoint: 'contractByDocument' | Port: '8002'
2020-04-14 19:09:50 [hystrix-Controller-10] INFO  ms.contract.controller.Controller - Called endpoint: 'contractByDocument' | Port: '8002'
2020-04-14 19:10:14 [hystrix-Controller-10] INFO  ms.contract.controller.Controller - Called endpoint: 'contractByDocument' | Port: '8002'
2020-04-14 19:10:49 [hystrix-Controller-10] INFO  ms.contract.controller.Controller - Called endpoint: 'contractByDocument' | Port: '8002'
2020-04-14 19:11:17 [hystrix-Controller-10] INFO  ms.contract.controller.Controller - Called endpoint: 'contractByDocument' | Port: '8002'
2020-04-14 19:11:50 [hystrix-Controller-10] INFO  ms.contract.controller.Controller - Called endpoint: 'contractByDocument' | Port: '8002'
2020-04-14 19:11:55 [hystrix-Controller-10] INFO  ms.contract.controller.Controller - Called endpoint: 'contractByDocument' | Port: '8002'
2020-04-14 19:12:07 [hystrix-Controller-10] INFO  ms.contract.controller.Controller - Called endpoint: 'contractByDocument' | Port: '8002'
2020-04-14 19:12:19 [hystrix-Controller-10] INFO  ms.contract.controller.Controller - Called endpoint: 'contractByDocument' | Port: '8002'
2020-04-14 19:12:29 [hystrix-Controller-10] INFO  ms.contract.controller.Controller - Called endpoint: 'contractByDocument' | Port: '8002'
2020-04-14 19:12:49 [hystrix-Controller-10] INFO  ms.contract.controller.Controller - Called endpoint: 'contractByDocument' | Port: '8002'
2020-04-14 19:13:36 [hystrix-Controller-10] INFO  ms.contract.controller.Controller - Called endpoint: 'contractByDocument' | Port: '8002'
2020-04-14 19:13:48 [hystrix-Controller-10] INFO  ms.contract.controller.Controller - Called endpoint: 'contractByDocument' | Port: '8002'
2020-04-14 19:13:49 [hystrix-Controller-10] INFO  ms.contract.controller.Controller - Called endpoint: 'contractByDocument' | Port: '8002'
2020-04-14 19:13:50 [hystrix-Controller-10] INFO  ms.contract.controller.Controller - Called endpoint: 'contractByDocument' | Port: '8002'
2020-04-14 19:14:03 [hystrix-Controller-10] INFO  ms.contract.controller.Controller - Called endpoint: 'contractByDocument' | Port: '8002'
2020-04-14 19:14:39 [hystrix-Controller-10] INFO  ms.contract.controller.Controller - Called endpoint: 'contractByDocument' | Port: '8002'
2020-04-14 19:14:40 [hystrix-Controller-10] INFO  ms.contract.controller.Controller - Called endpoint: 'contractByDocument' | Port: '8002'
2020-04-14 19:14:42 [hystrix-Controller-10] INFO  ms.contract.controller.Controller - Called endpoint: 'contractByDocument' | Port: '8002'
2020-04-14 19:14:43 [hystrix-Controller-10] INFO  ms.contract.controller.Controller - Called endpoint: 'contractByDocument' | Port: '8002'
2020-04-14 19:14:43 [hystrix-Controller-10] INFO  ms.contract.controller.Controller - Called endpoint: 'contractByDocument' | Port: '8002'
2020-04-14 19:14:44 [hystrix-Controller-10] INFO  ms.contract.controller.Controller - Called endpoint: 'contractByDocument' | Port: '8002'
2020-04-14 19:14:49 [hystrix-Controller-10] INFO  ms.contract.controller.Controller - Called endpoint: 'contractByDocument' | Port: '8002'
2020-04-14 19:15:04 [hystrix-Controller-10] INFO  ms.contract.controller.Controller - Called endpoint: 'contractByDocument' | Port: '8002'
2020-04-14 19:15:10 [hystrix-Controller-10] INFO  ms.contract.controller.Controller - Called endpoint: 'contractByDocument' | Port: '8002'
2020-04-14 19:15:22 [hystrix-Controller-10] INFO  ms.contract.controller.Controller - Called endpoint: 'contractByDocument' | Port: '8002'
2020-04-14 19:15:24 [hystrix-Controller-10] INFO  ms.contract.controller.Controller - Called endpoint: 'contractByDocument' | Port: '8002'
2020-04-14 19:15:28 [hystrix-Controller-10] INFO  ms.contract.controller.Controller - Called endpoint: 'contractByDocument' | Port: '8002'
2020-04-14 19:15:29 [hystrix-Controller-10] INFO  ms.contract.controller.Controller - Called endpoint: 'contractByDocument' | Port: '8002'
2020-04-14 19:15:34 [hystrix-Controller-10] INFO  ms.contract.controller.Controller - Called endpoint: 'contractByDocument' | Port: '8002'
2020-04-14 19:15:37 [hystrix-Controller-10] INFO  ms.contract.controller.Controller - Called endpoint: 'contractByDocument' | Port: '8002'
2020-04-14 20:29:51 [hystrix-Controller-10] INFO  ms.contract.controller.Controller - Called endpoint: 'contractByDocument' | Port: '8002'
2020-04-14 20:29:51 [hystrix-Controller-10] INFO  ms.contract.controller.Controller - Called endpoint: 'contractByDocument' | Port: '8002'
2020-04-14 20:30:43 [hystrix-Controller-10] INFO  ms.contract.controller.Controller - Called endpoint: 'contractByDocument' | Port: '8002'
2020-04-14 20:30:56 [hystrix-Controller-10] INFO  ms.contract.controller.Controller - Called endpoint: 'contractByDocument' | Port: '8002'
2020-04-14 20:31:12 [hystrix-Controller-10] INFO  ms.contract.controller.Controller - Called endpoint: 'contractByDocument' | Port: '8002'
2020-04-14 20:31:22 [hystrix-Controller-10] INFO  ms.contract.controller.Controller - Called endpoint: 'contractByDocument' | Port: '8002'
2020-04-14 20:31:29 [hystrix-Controller-10] INFO  ms.contract.controller.Controller - Called endpoint: 'contractByDocument' | Port: '8002'
2020-04-14 20:31:29 [hystrix-Controller-10] INFO  ms.contract.controller.Controller - Called endpoint: 'contractByDocument' | Port: '8002'
2020-04-14 20:31:41 [hystrix-Controller-10] INFO  ms.contract.controller.Controller - Called endpoint: 'contractByDocument' | Port: '8002'
2020-04-14 20:32:18 [hystrix-Controller-10] INFO  ms.contract.controller.Controller - Called endpoint: 'contractByDocument' | Port: '8002'
2020-04-14 20:32:44 [hystrix-Controller-10] INFO  ms.contract.controller.Controller - Called endpoint: 'contractByDocument' | Port: '8002'
2020-04-14 20:32:53 [hystrix-Controller-10] INFO  ms.contract.controller.Controller - Called endpoint: 'contractByDocument' | Port: '8002'
2020-04-14 20:33:13 [hystrix-Controller-10] INFO  ms.contract.controller.Controller - Called endpoint: 'contractByDocument' | Port: '8002'
2020-04-14 20:33:40 [hystrix-Controller-10] INFO  ms.contract.controller.Controller - Called endpoint: 'contractByDocument' | Port: '8002'
2020-04-14 20:33:42 [hystrix-Controller-10] INFO  ms.contract.controller.Controller - Called endpoint: 'contractByDocument' | Port: '8002'
2020-04-14 20:33:48 [hystrix-Controller-10] INFO  ms.contract.controller.Controller - Called endpoint: 'contractByDocument' | Port: '8002'
2020-04-14 20:33:51 [hystrix-Controller-10] INFO  ms.contract.controller.Controller - Called endpoint: 'contractByDocument' | Port: '8002'
2020-04-14 20:33:55 [hystrix-Controller-10] INFO  ms.contract.controller.Controller - Called endpoint: 'contractByDocument' | Port: '8002'
2020-04-14 20:33:57 [hystrix-Controller-10] INFO  ms.contract.controller.Controller - Called endpoint: 'contractByDocument' | Port: '8002'
2020-04-14 20:33:59 [hystrix-Controller-10] INFO  ms.contract.controller.Controller - Called endpoint: 'contractByDocument' | Port: '8002'
2020-04-14 20:34:01 [hystrix-Controller-10] INFO  ms.contract.controller.Controller - Called endpoint: 'contractByDocument' | Port: '8002'
2020-04-14 20:34:03 [hystrix-Controller-10] INFO  ms.contract.controller.Controller - Called endpoint: 'contractByDocument' | Port: '8002'
2020-04-14 20:34:05 [hystrix-Controller-10] INFO  ms.contract.controller.Controller - Called endpoint: 'contractByDocument' | Port: '8002'
2020-04-14 20:34:10 [hystrix-Controller-10] INFO  ms.contract.controller.Controller - Called endpoint: 'contractByDocument' | Port: '8002'
2020-04-14 20:34:15 [hystrix-Controller-10] INFO  ms.contract.controller.Controller - Called endpoint: 'contractByDocument' | Port: '8002'
2020-04-14 20:34:19 [hystrix-Controller-10] INFO  ms.contract.controller.Controller - Called endpoint: 'contractByDocument' | Port: '8002'
2020-04-14 20:34:28 [hystrix-Controller-10] INFO  ms.contract.controller.Controller - Called endpoint: 'contractByDocument' | Port: '8002'
2020-04-14 20:34:35 [hystrix-Controller-10] INFO  ms.contract.controller.Controller - Called endpoint: 'contractByDocument' | Port: '8002'
2020-04-14 20:34:45 [hystrix-Controller-10] INFO  ms.contract.controller.Controller - Called endpoint: 'contractByDocument' | Port: '8002'
2020-04-14 20:35:05 [hystrix-Controller-10] INFO  ms.contract.controller.Controller - Called endpoint: 'contractByDocument' | Port: '8002'
2020-04-14 20:35:05 [hystrix-Controller-10] INFO  ms.contract.controller.Controller - Called endpoint: 'contractByDocument' | Port: '8002'
2020-04-14 20:35:08 [hystrix-Controller-10] INFO  ms.contract.controller.Controller - Called endpoint: 'contractByDocument' | Port: '8002'
2020-04-14 20:35:11 [hystrix-Controller-10] INFO  ms.contract.controller.Controller - Called endpoint: 'contractByDocument' | Port: '8002'
2020-04-14 20:35:14 [hystrix-Controller-10] INFO  ms.contract.controller.Controller - Called endpoint: 'contractByDocument' | Port: '8002'
2020-04-14 20:35:16 [hystrix-Controller-10] INFO  ms.contract.controller.Controller - Called endpoint: 'contractByDocument' | Port: '8002'
2020-04-14 20:35:20 [hystrix-Controller-10] INFO  ms.contract.controller.Controller - Called endpoint: 'contractByDocument' | Port: '8002'
2020-04-14 20:35:22 [hystrix-Controller-10] INFO  ms.contract.controller.Controller - Called endpoint: 'contractByDocument' | Port: '8002'
2020-04-14 20:35:24 [hystrix-Controller-10] INFO  ms.contract.controller.Controller - Called endpoint: 'contractByDocument' | Port: '8002'
2020-04-14 20:35:26 [hystrix-Controller-10] INFO  ms.contract.controller.Controller - Called endpoint: 'contractByDocument' | Port: '8002'
2020-04-14 20:35:30 [hystrix-Controller-10] INFO  ms.contract.controller.Controller - Called endpoint: 'contractByDocument' | Port: '8002'
2020-04-14 20:35:32 [hystrix-Controller-10] INFO  ms.contract.controller.Controller - Called endpoint: 'contractByDocument' | Port: '8002'
2020-04-14 20:35:34 [hystrix-Controller-10] INFO  ms.contract.controller.Controller - Called endpoint: 'contractByDocument' | Port: '8002'
2020-04-14 20:35:35 [hystrix-Controller-10] INFO  ms.contract.controller.Controller - Called endpoint: 'contractByDocument' | Port: '8002'
2020-04-14 20:35:37 [hystrix-Controller-10] INFO  ms.contract.controller.Controller - Called endpoint: 'contractByDocument' | Port: '8002'
2020-04-14 20:35:38 [hystrix-Controller-10] INFO  ms.contract.controller.Controller - Called endpoint: 'contractByDocument' | Port: '8002'
2020-04-14 20:35:40 [hystrix-Controller-10] INFO  ms.contract.controller.Controller - Called endpoint: 'contractByDocument' | Port: '8002'
2020-04-14 20:35:41 [hystrix-Controller-10] INFO  ms.contract.controller.Controller - Called endpoint: 'contractByDocument' | Port: '8002'
2020-04-14 20:35:43 [hystrix-Controller-10] INFO  ms.contract.controller.Controller - Called endpoint: 'contractByDocument' | Port: '8002'
2020-04-14 20:35:44 [hystrix-Controller-10] INFO  ms.contract.controller.Controller - Called endpoint: 'contractByDocument' | Port: '8002'
2020-04-14 20:35:46 [hystrix-Controller-10] INFO  ms.contract.controller.Controller - Called endpoint: 'contractByDocument' | Port: '8002'
2020-04-14 20:35:47 [hystrix-Controller-10] INFO  ms.contract.controller.Controller - Called endpoint: 'contractByDocument' | Port: '8002'
2020-04-14 20:35:49 [hystrix-Controller-10] INFO  ms.contract.controller.Controller - Called endpoint: 'contractByDocument' | Port: '8002'
2020-04-14 20:35:50 [hystrix-Controller-10] INFO  ms.contract.controller.Controller - Called endpoint: 'contractByDocument' | Port: '8002'
2020-04-14 20:35:51 [hystrix-Controller-10] INFO  ms.contract.controller.Controller - Called endpoint: 'contractByDocument' | Port: '8002'
2020-04-14 20:35:53 [hystrix-Controller-10] INFO  ms.contract.controller.Controller - Called endpoint: 'contractByDocument' | Port: '8002'
2020-04-14 20:35:54 [hystrix-Controller-10] INFO  ms.contract.controller.Controller - Called endpoint: 'contractByDocument' | Port: '8002'
2020-04-14 20:35:56 [hystrix-Controller-10] INFO  ms.contract.controller.Controller - Called endpoint: 'contractByDocument' | Port: '8002'
2020-04-14 20:35:57 [hystrix-Controller-10] INFO  ms.contract.controller.Controller - Called endpoint: 'contractByDocument' | Port: '8002'
2020-04-14 20:35:59 [hystrix-Controller-10] INFO  ms.contract.controller.Controller - Called endpoint: 'contractByDocument' | Port: '8002'
2020-04-14 20:36:00 [hystrix-Controller-10] INFO  ms.contract.controller.Controller - Called endpoint: 'contractByDocument' | Port: '8002'
2020-04-14 20:36:02 [hystrix-Controller-10] INFO  ms.contract.controller.Controller - Called endpoint: 'contractByDocument' | Port: '8002'
2020-04-14 20:36:03 [hystrix-Controller-10] INFO  ms.contract.controller.Controller - Called endpoint: 'contractByDocument' | Port: '8002'
2020-04-14 20:36:04 [hystrix-Controller-10] INFO  ms.contract.controller.Controller - Called endpoint: 'contractByDocument' | Port: '8002'
2020-04-14 20:36:06 [hystrix-Controller-10] INFO  ms.contract.controller.Controller - Called endpoint: 'contractByDocument' | Port: '8002'
2020-04-14 20:36:10 [hystrix-Controller-10] INFO  ms.contract.controller.Controller - Called endpoint: 'contractByDocument' | Port: '8002'
2020-04-14 20:36:12 [hystrix-Controller-10] INFO  ms.contract.controller.Controller - Called endpoint: 'contractByDocument' | Port: '8002'
2020-04-14 20:36:14 [hystrix-Controller-10] INFO  ms.contract.controller.Controller - Called endpoint: 'contractByDocument' | Port: '8002'
2020-04-14 20:36:17 [hystrix-Controller-10] INFO  ms.contract.controller.Controller - Called endpoint: 'contractByDocument' | Port: '8002'
2020-04-14 20:36:19 [hystrix-Controller-10] INFO  ms.contract.controller.Controller - Called endpoint: 'contractByDocument' | Port: '8002'
2020-04-14 20:36:21 [hystrix-Controller-10] INFO  ms.contract.controller.Controller - Called endpoint: 'contractByDocument' | Port: '8002'
2020-04-14 20:36:22 [hystrix-Controller-10] INFO  ms.contract.controller.Controller - Called endpoint: 'contractByDocument' | Port: '8002'
2020-04-14 20:36:25 [hystrix-Controller-10] INFO  ms.contract.controller.Controller - Called endpoint: 'contractByDocument' | Port: '8002'
2020-04-14 20:36:27 [hystrix-Controller-10] INFO  ms.contract.controller.Controller - Called endpoint: 'contractByDocument' | Port: '8002'
2020-04-14 20:36:29 [hystrix-Controller-10] INFO  ms.contract.controller.Controller - Called endpoint: 'contractByDocument' | Port: '8002'
2020-04-14 20:36:30 [hystrix-Controller-10] INFO  ms.contract.controller.Controller - Called endpoint: 'contractByDocument' | Port: '8002'
2020-04-14 20:36:32 [hystrix-Controller-10] INFO  ms.contract.controller.Controller - Called endpoint: 'contractByDocument' | Port: '8002'
2020-04-14 20:36:33 [hystrix-Controller-10] INFO  ms.contract.controller.Controller - Called endpoint: 'contractByDocument' | Port: '8002'
2020-04-14 20:36:35 [hystrix-Controller-10] INFO  ms.contract.controller.Controller - Called endpoint: 'contractByDocument' | Port: '8002'
2020-04-14 20:36:36 [hystrix-Controller-10] INFO  ms.contract.controller.Controller - Called endpoint: 'contractByDocument' | Port: '8002'
2020-04-14 20:36:39 [hystrix-Controller-10] INFO  ms.contract.controller.Controller - Called endpoint: 'contractByDocument' | Port: '8002'
2020-04-14 20:37:26 [hystrix-Controller-10] INFO  ms.contract.controller.Controller - Called endpoint: 'contractByDocument' | Port: '8002'
2020-04-14 20:39:04 [hystrix-Controller-10] INFO  ms.contract.controller.Controller - Called endpoint: 'contractByDocument' | Port: '8002'
2020-04-14 20:39:10 [hystrix-Controller-10] INFO  ms.contract.controller.Controller - Called endpoint: 'contractByDocument' | Port: '8002'
2020-04-14 20:39:10 [hystrix-Controller-10] INFO  ms.contract.controller.Controller - Called endpoint: 'contractByDocument' | Port: '8002'
2020-04-14 20:39:37 [hystrix-Controller-10] INFO  ms.contract.controller.Controller - Called endpoint: 'contractByDocument' | Port: '8002'
2020-04-14 20:46:44 [hystrix-Controller-10] INFO  ms.contract.controller.Controller - Called endpoint: 'contractByDocument' | Port: '8002'
2020-04-14 20:47:12 [hystrix-Controller-10] INFO  ms.contract.controller.Controller - Called endpoint: 'contractByDocument' | Port: '8002'
2020-04-14 20:47:18 [hystrix-Controller-10] INFO  ms.contract.controller.Controller - Called endpoint: 'contractByDocument' | Port: '8002'
2020-04-14 20:47:19 [hystrix-Controller-10] INFO  ms.contract.controller.Controller - Called endpoint: 'contractByDocument' | Port: '8002'
2020-04-14 20:47:40 [hystrix-Controller-10] INFO  ms.contract.controller.Controller - Called endpoint: 'contractByDocument' | Port: '8002'
2020-04-14 20:47:41 [hystrix-Controller-10] INFO  ms.contract.controller.Controller - Called endpoint: 'contractByDocument' | Port: '8002'
2020-04-14 20:47:45 [hystrix-Controller-10] INFO  ms.contract.controller.Controller - Called endpoint: 'contractByDocument' | Port: '8002'
2020-04-14 20:47:52 [hystrix-Controller-10] INFO  ms.contract.controller.Controller - Called endpoint: 'contractByDocument' | Port: '8002'
2020-04-14 20:47:56 [hystrix-Controller-10] INFO  ms.contract.controller.Controller - Called endpoint: 'contractByDocument' | Port: '8002'
2020-04-14 20:47:59 [hystrix-Controller-10] INFO  ms.contract.controller.Controller - Called endpoint: 'contractByDocument' | Port: '8002'
2020-04-14 20:48:01 [hystrix-Controller-10] INFO  ms.contract.controller.Controller - Called endpoint: 'contractByDocument' | Port: '8002'
2020-04-14 20:48:04 [hystrix-Controller-10] INFO  ms.contract.controller.Controller - Called endpoint: 'contractByDocument' | Port: '8002'
2020-04-14 20:48:07 [hystrix-Controller-10] INFO  ms.contract.controller.Controller - Called endpoint: 'contractByDocument' | Port: '8002'
2020-04-14 20:48:10 [hystrix-Controller-10] INFO  ms.contract.controller.Controller - Called endpoint: 'contractByDocument' | Port: '8002'
2020-04-14 20:48:12 [hystrix-Controller-10] INFO  ms.contract.controller.Controller - Called endpoint: 'contractByDocument' | Port: '8002'
2020-04-14 20:48:14 [hystrix-Controller-10] INFO  ms.contract.controller.Controller - Called endpoint: 'contractByDocument' | Port: '8002'
2020-04-14 20:48:16 [hystrix-Controller-10] INFO  ms.contract.controller.Controller - Called endpoint: 'contractByDocument' | Port: '8002'
2020-04-14 20:48:19 [hystrix-Controller-10] INFO  ms.contract.controller.Controller - Called endpoint: 'contractByDocument' | Port: '8002'
2020-04-14 20:48:21 [hystrix-Controller-10] INFO  ms.contract.controller.Controller - Called endpoint: 'contractByDocument' | Port: '8002'
2020-04-14 20:48:24 [hystrix-Controller-10] INFO  ms.contract.controller.Controller - Called endpoint: 'contractByDocument' | Port: '8002'
2020-04-14 20:48:27 [hystrix-Controller-10] INFO  ms.contract.controller.Controller - Called endpoint: 'contractByDocument' | Port: '8002'
2020-04-14 20:48:30 [hystrix-Controller-10] INFO  ms.contract.controller.Controller - Called endpoint: 'contractByDocument' | Port: '8002'
2020-04-14 20:48:32 [hystrix-Controller-10] INFO  ms.contract.controller.Controller - Called endpoint: 'contractByDocument' | Port: '8002'
2020-04-14 20:48:34 [hystrix-Controller-10] INFO  ms.contract.controller.Controller - Called endpoint: 'contractByDocument' | Port: '8002'
2020-04-14 20:48:37 [hystrix-Controller-10] INFO  ms.contract.controller.Controller - Called endpoint: 'contractByDocument' | Port: '8002'
2020-04-14 20:48:39 [hystrix-Controller-10] INFO  ms.contract.controller.Controller - Called endpoint: 'contractByDocument' | Port: '8002'
2020-04-14 20:48:41 [hystrix-Controller-10] INFO  ms.contract.controller.Controller - Called endpoint: 'contractByDocument' | Port: '8002'
2020-04-14 20:48:43 [hystrix-Controller-10] INFO  ms.contract.controller.Controller - Called endpoint: 'contractByDocument' | Port: '8002'
2020-04-14 20:48:46 [hystrix-Controller-10] INFO  ms.contract.controller.Controller - Called endpoint: 'contractByDocument' | Port: '8002'
2020-04-14 20:48:49 [hystrix-Controller-10] INFO  ms.contract.controller.Controller - Called endpoint: 'contractByDocument' | Port: '8002'
2020-04-14 20:48:51 [hystrix-Controller-10] INFO  ms.contract.controller.Controller - Called endpoint: 'contractByDocument' | Port: '8002'
2020-04-14 20:48:53 [hystrix-Controller-10] INFO  ms.contract.controller.Controller - Called endpoint: 'contractByDocument' | Port: '8002'
2020-04-14 20:48:57 [hystrix-Controller-10] INFO  ms.contract.controller.Controller - Called endpoint: 'contractByDocument' | Port: '8002'
2020-04-14 20:48:59 [hystrix-Controller-10] INFO  ms.contract.controller.Controller - Called endpoint: 'contractByDocument' | Port: '8002'
2020-04-14 20:49:14 [hystrix-Controller-10] INFO  ms.contract.controller.Controller - Called endpoint: 'contractByDocument' | Port: '8002'
2020-04-14 20:49:26 [hystrix-Controller-10] INFO  ms.contract.controller.Controller - Called endpoint: 'contractByDocument' | Port: '8002'
2020-04-14 20:49:43 [hystrix-Controller-10] INFO  ms.contract.controller.Controller - Called endpoint: 'contractByDocument' | Port: '8002'
2020-04-14 20:49:43 [hystrix-Controller-10] INFO  ms.contract.controller.Controller - Called endpoint: 'contractByDocument' | Port: '8002'
2020-04-14 20:49:46 [hystrix-Controller-10] INFO  ms.contract.controller.Controller - Called endpoint: 'contractByDocument' | Port: '8002'
2020-04-14 20:49:49 [hystrix-Controller-10] INFO  ms.contract.controller.Controller - Called endpoint: 'contractByDocument' | Port: '8002'
2020-04-14 20:49:53 [hystrix-Controller-10] INFO  ms.contract.controller.Controller - Called endpoint: 'contractByDocument' | Port: '8002'
2020-04-14 20:49:55 [hystrix-Controller-10] INFO  ms.contract.controller.Controller - Called endpoint: 'contractByDocument' | Port: '8002'
2020-04-14 20:49:58 [hystrix-Controller-10] INFO  ms.contract.controller.Controller - Called endpoint: 'contractByDocument' | Port: '8002'
2020-04-14 20:50:00 [hystrix-Controller-10] INFO  ms.contract.controller.Controller - Called endpoint: 'contractByDocument' | Port: '8002'
2020-04-14 20:50:03 [hystrix-Controller-10] INFO  ms.contract.controller.Controller - Called endpoint: 'contractByDocument' | Port: '8002'
2020-04-14 20:50:05 [hystrix-Controller-10] INFO  ms.contract.controller.Controller - Called endpoint: 'contractByDocument' | Port: '8002'
2020-04-14 20:50:08 [hystrix-Controller-10] INFO  ms.contract.controller.Controller - Called endpoint: 'contractByDocument' | Port: '8002'
2020-04-14 20:50:10 [hystrix-Controller-10] INFO  ms.contract.controller.Controller - Called endpoint: 'contractByDocument' | Port: '8002'
2020-04-14 20:50:13 [hystrix-Controller-10] INFO  ms.contract.controller.Controller - Called endpoint: 'contractByDocument' | Port: '8002'
2020-04-14 20:50:16 [hystrix-Controller-10] INFO  ms.contract.controller.Controller - Called endpoint: 'contractByDocument' | Port: '8002'
2020-04-14 20:50:18 [hystrix-Controller-10] INFO  ms.contract.controller.Controller - Called endpoint: 'contractByDocument' | Port: '8002'
2020-04-14 20:50:21 [hystrix-Controller-10] INFO  ms.contract.controller.Controller - Called endpoint: 'contractByDocument' | Port: '8002'
2020-04-14 20:50:23 [hystrix-Controller-10] INFO  ms.contract.controller.Controller - Called endpoint: 'contractByDocument' | Port: '8002'
2020-04-14 20:50:26 [hystrix-Controller-10] INFO  ms.contract.controller.Controller - Called endpoint: 'contractByDocument' | Port: '8002'
2020-04-14 20:50:28 [hystrix-Controller-10] INFO  ms.contract.controller.Controller - Called endpoint: 'contractByDocument' | Port: '8002'
2020-04-14 20:50:30 [hystrix-Controller-10] INFO  ms.contract.controller.Controller - Called endpoint: 'contractByDocument' | Port: '8002'
2020-04-14 20:50:33 [hystrix-Controller-10] INFO  ms.contract.controller.Controller - Called endpoint: 'contractByDocument' | Port: '8002'
2020-04-14 20:50:35 [hystrix-Controller-10] INFO  ms.contract.controller.Controller - Called endpoint: 'contractByDocument' | Port: '8002'
2020-04-14 20:50:38 [hystrix-Controller-10] INFO  ms.contract.controller.Controller - Called endpoint: 'contractByDocument' | Port: '8002'
2020-04-14 20:50:40 [hystrix-Controller-10] INFO  ms.contract.controller.Controller - Called endpoint: 'contractByDocument' | Port: '8002'
2020-04-14 20:50:43 [hystrix-Controller-10] INFO  ms.contract.controller.Controller - Called endpoint: 'contractByDocument' | Port: '8002'
2020-04-14 20:50:45 [hystrix-Controller-10] INFO  ms.contract.controller.Controller - Called endpoint: 'contractByDocument' | Port: '8002'
2020-04-14 20:50:47 [hystrix-Controller-10] INFO  ms.contract.controller.Controller - Called endpoint: 'contractByDocument' | Port: '8002'
2020-04-14 20:51:03 [hystrix-Controller-10] INFO  ms.contract.controller.Controller - Called endpoint: 'contractByDocument' | Port: '8002'
2020-04-14 20:52:58 [hystrix-Controller-10] INFO  ms.contract.controller.Controller - Called endpoint: 'contractByDocument' | Port: '8002'
2020-04-14 20:53:01 [hystrix-Controller-10] INFO  ms.contract.controller.Controller - Called endpoint: 'contractByDocument' | Port: '8002'
2020-04-14 20:53:40 [hystrix-Controller-10] INFO  ms.contract.controller.Controller - Called endpoint: 'contractByDocument' | Port: '8002'
2020-04-14 20:54:16 [hystrix-Controller-10] INFO  ms.contract.controller.Controller - Called endpoint: 'contractByDocument' | Port: '8002'
2020-04-14 20:54:38 [hystrix-Controller-10] INFO  ms.contract.controller.Controller - Called endpoint: 'contractByDocument' | Port: '8002'
2020-04-14 20:54:41 [hystrix-Controller-10] INFO  ms.contract.controller.Controller - Called endpoint: 'contractByDocument' | Port: '8002'
2020-04-14 20:55:30 [hystrix-Controller-10] INFO  ms.contract.controller.Controller - Called endpoint: 'contractByDocument' | Port: '8002'
2020-04-14 20:55:57 [hystrix-Controller-10] INFO  ms.contract.controller.Controller - Called endpoint: 'contractByDocument' | Port: '8002'
2020-04-14 20:56:10 [hystrix-Controller-10] INFO  ms.contract.controller.Controller - Called endpoint: 'contractByDocument' | Port: '8002'
2020-04-14 20:56:16 [hystrix-Controller-10] INFO  ms.contract.controller.Controller - Called endpoint: 'contractByDocument' | Port: '8002'
2020-04-14 20:56:17 [hystrix-Controller-10] INFO  ms.contract.controller.Controller - Called endpoint: 'contractByDocument' | Port: '8002'
2020-04-14 20:56:42 [hystrix-Controller-10] INFO  ms.contract.controller.Controller - Called endpoint: 'contractByDocument' | Port: '8002'
2020-04-14 20:56:44 [hystrix-Controller-10] INFO  ms.contract.controller.Controller - Called endpoint: 'contractByDocument' | Port: '8002'
2020-04-14 20:57:17 [hystrix-Controller-10] INFO  ms.contract.controller.Controller - Called endpoint: 'contractByDocument' | Port: '8002'
2020-04-14 20:57:19 [hystrix-Controller-10] INFO  ms.contract.controller.Controller - Called endpoint: 'contractByDocument' | Port: '8002'
2020-04-14 20:57:34 [hystrix-Controller-10] INFO  ms.contract.controller.Controller - Called endpoint: 'contractByDocument' | Port: '8002'
2020-04-14 20:57:39 [hystrix-Controller-10] INFO  ms.contract.controller.Controller - Called endpoint: 'contractByDocument' | Port: '8002'
2020-04-14 20:57:42 [hystrix-Controller-10] INFO  ms.contract.controller.Controller - Called endpoint: 'contractByDocument' | Port: '8002'
2020-04-14 20:57:46 [hystrix-Controller-10] INFO  ms.contract.controller.Controller - Called endpoint: 'contractByDocument' | Port: '8002'
2020-04-14 20:57:51 [hystrix-Controller-10] INFO  ms.contract.controller.Controller - Called endpoint: 'contractByDocument' | Port: '8002'
2020-04-14 20:57:54 [hystrix-Controller-10] INFO  ms.contract.controller.Controller - Called endpoint: 'contractByDocument' | Port: '8002'
2020-04-14 20:57:58 [hystrix-Controller-10] INFO  ms.contract.controller.Controller - Called endpoint: 'contractByDocument' | Port: '8002'
2020-04-14 20:58:01 [hystrix-Controller-10] INFO  ms.contract.controller.Controller - Called endpoint: 'contractByDocument' | Port: '8002'
2020-04-14 20:58:06 [hystrix-Controller-10] INFO  ms.contract.controller.Controller - Called endpoint: 'contractByDocument' | Port: '8002'
2020-04-14 20:58:10 [hystrix-Controller-10] INFO  ms.contract.controller.Controller - Called endpoint: 'contractByDocument' | Port: '8002'
2020-04-14 20:58:15 [hystrix-Controller-10] INFO  ms.contract.controller.Controller - Called endpoint: 'contractByDocument' | Port: '8002'
2020-04-14 20:58:20 [hystrix-Controller-10] INFO  ms.contract.controller.Controller - Called endpoint: 'contractByDocument' | Port: '8002'
2020-04-14 20:58:25 [hystrix-Controller-10] INFO  ms.contract.controller.Controller - Called endpoint: 'contractByDocument' | Port: '8002'
2020-04-14 20:58:37 [hystrix-Controller-10] INFO  ms.contract.controller.Controller - Called endpoint: 'contractByDocument' | Port: '8002'
2020-04-14 20:58:39 [hystrix-Controller-10] INFO  ms.contract.controller.Controller - Called endpoint: 'contractByDocument' | Port: '8002'
2020-04-14 20:58:46 [hystrix-Controller-10] INFO  ms.contract.controller.Controller - Called endpoint: 'contractByDocument' | Port: '8002'
2020-04-14 20:58:50 [hystrix-Controller-10] INFO  ms.contract.controller.Controller - Called endpoint: 'contractByDocument' | Port: '8002'
2020-04-14 20:58:53 [hystrix-Controller-10] INFO  ms.contract.controller.Controller - Called endpoint: 'contractByDocument' | Port: '8002'
2020-04-14 20:58:58 [hystrix-Controller-10] INFO  ms.contract.controller.Controller - Called endpoint: 'contractByDocument' | Port: '8002'
2020-04-14 20:59:07 [hystrix-Controller-10] INFO  ms.contract.controller.Controller - Called endpoint: 'contractByDocument' | Port: '8002'
2020-04-14 20:59:10 [hystrix-Controller-10] INFO  ms.contract.controller.Controller - Called endpoint: 'contractByDocument' | Port: '8002'
2020-04-14 20:59:13 [hystrix-Controller-10] INFO  ms.contract.controller.Controller - Called endpoint: 'contractByDocument' | Port: '8002'
2020-04-14 20:59:19 [hystrix-Controller-10] INFO  ms.contract.controller.Controller - Called endpoint: 'contractByDocument' | Port: '8002'
2020-04-14 20:59:22 [hystrix-Controller-10] INFO  ms.contract.controller.Controller - Called endpoint: 'contractByDocument' | Port: '8002'
2020-04-14 20:59:26 [hystrix-Controller-10] INFO  ms.contract.controller.Controller - Called endpoint: 'contractByDocument' | Port: '8002'
2020-04-14 20:59:31 [hystrix-Controller-10] INFO  ms.contract.controller.Controller - Called endpoint: 'contractByDocument' | Port: '8002'
2020-04-14 20:59:34 [hystrix-Controller-10] INFO  ms.contract.controller.Controller - Called endpoint: 'contractByDocument' | Port: '8002'
2020-04-14 20:59:38 [hystrix-Controller-10] INFO  ms.contract.controller.Controller - Called endpoint: 'contractByDocument' | Port: '8002'
2020-04-14 20:59:42 [hystrix-Controller-10] INFO  ms.contract.controller.Controller - Called endpoint: 'contractByDocument' | Port: '8002'
2020-04-14 21:02:22 [hystrix-Controller-10] INFO  ms.contract.controller.Controller - Called endpoint: 'contractByDocument' | Port: '8002'
2020-04-14 21:02:23 [hystrix-Controller-10] INFO  ms.contract.controller.Controller - Called endpoint: 'contractByDocument' | Port: '8002'
2020-04-14 21:02:33 [hystrix-Controller-10] INFO  ms.contract.controller.Controller - Called endpoint: 'contractByDocument' | Port: '8002'
2020-04-14 21:02:34 [hystrix-Controller-10] INFO  ms.contract.controller.Controller - Called endpoint: 'contractByDocument' | Port: '8002'
2020-04-14 21:02:46 [hystrix-Controller-10] INFO  ms.contract.controller.Controller - Called endpoint: 'contractByDocument' | Port: '8002'
2020-04-14 21:02:55 [hystrix-Controller-10] INFO  ms.contract.controller.Controller - Called endpoint: 'contractByDocument' | Port: '8002'
2020-04-14 21:02:58 [hystrix-Controller-10] INFO  ms.contract.controller.Controller - Called endpoint: 'contractByDocument' | Port: '8002'
2020-04-14 21:02:59 [hystrix-Controller-10] INFO  ms.contract.controller.Controller - Called endpoint: 'contractByDocument' | Port: '8002'
2020-04-14 21:03:01 [hystrix-Controller-10] INFO  ms.contract.controller.Controller - Called endpoint: 'contractByDocument' | Port: '8002'
2020-04-14 21:03:01 [hystrix-Controller-10] INFO  ms.contract.controller.Controller - Called endpoint: 'contractByDocument' | Port: '8002'
2020-04-14 21:03:02 [hystrix-Controller-10] INFO  ms.contract.controller.Controller - Called endpoint: 'contractByDocument' | Port: '8002'
2020-04-14 21:03:03 [hystrix-Controller-10] INFO  ms.contract.controller.Controller - Called endpoint: 'contractByDocument' | Port: '8002'
2020-04-14 21:03:06 [hystrix-Controller-10] INFO  ms.contract.controller.Controller - Called endpoint: 'contractByDocument' | Port: '8002'
2020-04-14 21:03:11 [hystrix-Controller-10] INFO  ms.contract.controller.Controller - Called endpoint: 'contractByDocument' | Port: '8002'
2020-04-14 21:03:14 [hystrix-Controller-10] INFO  ms.contract.controller.Controller - Called endpoint: 'contractByDocument' | Port: '8002'
2020-04-14 21:03:17 [hystrix-Controller-10] INFO  ms.contract.controller.Controller - Called endpoint: 'contractByDocument' | Port: '8002'
2020-04-14 21:03:18 [hystrix-Controller-10] INFO  ms.contract.controller.Controller - Called endpoint: 'contractByDocument' | Port: '8002'
2020-04-14 21:03:24 [hystrix-Controller-10] INFO  ms.contract.controller.Controller - Called endpoint: 'contractByDocument' | Port: '8002'
2020-04-14 21:03:27 [hystrix-Controller-10] INFO  ms.contract.controller.Controller - Called endpoint: 'contractByDocument' | Port: '8002'
2020-04-14 21:03:28 [hystrix-Controller-10] INFO  ms.contract.controller.Controller - Called endpoint: 'contractByDocument' | Port: '8002'
2020-04-14 21:03:29 [hystrix-Controller-10] INFO  ms.contract.controller.Controller - Called endpoint: 'contractByDocument' | Port: '8002'
2020-04-14 21:03:30 [hystrix-Controller-10] INFO  ms.contract.controller.Controller - Called endpoint: 'contractByDocument' | Port: '8002'
2020-04-14 21:03:37 [hystrix-Controller-10] INFO  ms.contract.controller.Controller - Called endpoint: 'contractByDocument' | Port: '8002'
2020-04-14 21:03:40 [hystrix-Controller-10] INFO  ms.contract.controller.Controller - Called endpoint: 'contractByDocument' | Port: '8002'
2020-04-14 21:03:42 [hystrix-Controller-10] INFO  ms.contract.controller.Controller - Called endpoint: 'contractByDocument' | Port: '8002'
2020-04-14 21:03:43 [hystrix-Controller-10] INFO  ms.contract.controller.Controller - Called endpoint: 'contractByDocument' | Port: '8002'
2020-04-14 21:03:45 [hystrix-Controller-10] INFO  ms.contract.controller.Controller - Called endpoint: 'contractByDocument' | Port: '8002'
2020-04-14 21:03:46 [hystrix-Controller-10] INFO  ms.contract.controller.Controller - Called endpoint: 'contractByDocument' | Port: '8002'
2020-04-14 21:03:47 [hystrix-Controller-10] INFO  ms.contract.controller.Controller - Called endpoint: 'contractByDocument' | Port: '8002'
2020-04-14 21:03:49 [hystrix-Controller-10] INFO  ms.contract.controller.Controller - Called endpoint: 'contractByDocument' | Port: '8002'
2020-04-14 21:03:50 [hystrix-Controller-10] INFO  ms.contract.controller.Controller - Called endpoint: 'contractByDocument' | Port: '8002'
2020-04-14 21:04:04 [hystrix-Controller-10] INFO  ms.contract.controller.Controller - Called endpoint: 'contractByDocument' | Port: '8002'
2020-04-14 21:05:00 [hystrix-Controller-10] INFO  ms.contract.controller.Controller - Called endpoint: 'contractByDocument' | Port: '8002'
2020-04-14 21:05:00 [hystrix-Controller-10] INFO  ms.contract.controller.Controller - Called endpoint: 'contractByDocument' | Port: '8002'
2020-04-14 21:06:04 [hystrix-Controller-10] INFO  ms.contract.controller.Controller - Called endpoint: 'contractByDocument' | Port: '8002'
2020-04-14 21:06:05 [hystrix-Controller-10] INFO  ms.contract.controller.Controller - Called endpoint: 'contractByDocument' | Port: '8002'
2020-04-14 21:07:26 [hystrix-Controller-10] INFO  ms.contract.controller.Controller - Called endpoint: 'contractByDocument' | Port: '8002'
2020-04-14 21:07:29 [hystrix-Controller-10] INFO  ms.contract.controller.Controller - Called endpoint: 'contractByDocument' | Port: '8002'
2020-04-14 21:08:15 [hystrix-Controller-10] INFO  ms.contract.controller.Controller - Called endpoint: 'contractByDocument' | Port: '8002'
2020-04-14 21:12:02 [hystrix-Controller-10] INFO  ms.contract.controller.Controller - Called endpoint: 'contractByDocument' | Port: '8002'
2020-04-14 21:12:02 [hystrix-Controller-10] INFO  ms.contract.controller.Controller - Called endpoint: 'contractByDocument' | Port: '8002'
2020-04-14 21:12:03 [hystrix-Controller-10] INFO  ms.contract.controller.Controller - Called endpoint: 'contractByDocument' | Port: '8002'
2020-04-14 21:32:36 [hystrix-Controller-10] INFO  ms.contract.controller.Controller - Called endpoint: 'contractByDocument' | Port: '8002'
2020-04-14 21:32:36 [hystrix-Controller-10] INFO  ms.contract.controller.Controller - Called endpoint: 'contractByDocument' | Port: '8002'
2020-04-14 21:34:34 [hystrix-Controller-10] INFO  ms.contract.controller.Controller - Called endpoint: 'contractByDocument' | Port: '8002'
2020-04-14 21:41:21 [hystrix-Controller-10] INFO  ms.contract.controller.Controller - Called endpoint: 'contractByDocument' | Port: '8002'
2020-04-14 21:41:22 [hystrix-Controller-10] INFO  ms.contract.controller.Controller - Called endpoint: 'contractByDocument' | Port: '8002'
2020-04-14 21:42:28 [hystrix-Controller-10] INFO  ms.contract.controller.Controller - Called endpoint: 'contractByDocument' | Port: '8002'
2020-04-14 21:42:28 [hystrix-Controller-10] INFO  ms.contract.controller.Controller - Called endpoint: 'contractByDocument' | Port: '8002'
2020-04-14 21:42:31 [hystrix-Controller-10] INFO  ms.contract.controller.Controller - Called endpoint: 'contractByDocument' | Port: '8002'
2020-04-14 21:42:32 [hystrix-Controller-10] INFO  ms.contract.controller.Controller - Called endpoint: 'contractByDocument' | Port: '8002'
2020-04-14 21:45:53 [hystrix-Controller-10] INFO  ms.contract.controller.Controller - Called endpoint: 'contractByDocument' | Port: '8002'
2020-04-14 21:45:53 [hystrix-Controller-10] INFO  ms.contract.controller.Controller - Called endpoint: 'contractByDocument' | Port: '8002'
2020-04-14 21:46:26 [hystrix-Controller-10] INFO  ms.contract.controller.Controller - Called endpoint: 'contractByDocument' | Port: '8002'
2020-04-14 21:46:27 [hystrix-Controller-10] INFO  ms.contract.controller.Controller - Called endpoint: 'contractByDocument' | Port: '8002'
2020-04-14 21:46:27 [hystrix-Controller-10] INFO  ms.contract.controller.Controller - Called endpoint: 'contractByDocument' | Port: '8002'
2020-04-14 21:47:14 [hystrix-Controller-10] INFO  ms.contract.controller.Controller - Called endpoint: 'contractByDocument' | Port: '8002'
2020-04-14 21:47:16 [hystrix-Controller-10] INFO  ms.contract.controller.Controller - Called endpoint: 'contractByDocument' | Port: '8002'
2020-04-14 21:48:27 [hystrix-Controller-10] INFO  ms.contract.controller.Controller - Called endpoint: 'contractByDocument' | Port: '8002'
2020-04-14 21:48:34 [hystrix-Controller-10] INFO  ms.contract.controller.Controller - Called endpoint: 'contractByDocument' | Port: '8002'
2020-04-14 21:50:18 [hystrix-Controller-10] INFO  ms.contract.controller.Controller - Called endpoint: 'contractByDocument' | Port: '8002'
2020-04-14 21:50:19 [hystrix-Controller-10] INFO  ms.contract.controller.Controller - Called endpoint: 'contractByDocument' | Port: '8002'
2020-04-14 21:50:22 [hystrix-Controller-10] INFO  ms.contract.controller.Controller - Called endpoint: 'contractByDocument' | Port: '8002'
2020-04-14 21:50:23 [hystrix-Controller-10] INFO  ms.contract.controller.Controller - Called endpoint: 'contractByDocument' | Port: '8002'
2020-04-14 21:50:26 [hystrix-Controller-10] INFO  ms.contract.controller.Controller - Called endpoint: 'contractByDocument' | Port: '8002'
2020-04-14 21:50:27 [hystrix-Controller-10] INFO  ms.contract.controller.Controller - Called endpoint: 'contractByDocument' | Port: '8002'
2020-04-14 21:50:42 [hystrix-Controller-10] INFO  ms.contract.controller.Controller - Called endpoint: 'contractByDocument' | Port: '8002'
2020-04-14 21:53:46 [hystrix-Controller-10] INFO  ms.contract.controller.Controller - Called endpoint: 'contractByDocument' | Port: '8002'
2020-04-14 21:53:47 [hystrix-Controller-10] INFO  ms.contract.controller.Controller - Called endpoint: 'contractByDocument' | Port: '8002'
2020-04-14 21:59:42 [hystrix-Controller-10] INFO  ms.contract.controller.Controller - Called endpoint: 'contractByDocument' | Port: '8002'
2020-04-14 21:59:43 [hystrix-Controller-10] INFO  ms.contract.controller.Controller - Called endpoint: 'contractByDocument' | Port: '8002'
2020-04-14 22:00:45 [hystrix-Controller-10] INFO  ms.contract.controller.Controller - Called endpoint: 'contractByDocument' | Port: '8002'
2020-04-14 22:01:05 [hystrix-Controller-10] INFO  ms.contract.controller.Controller - Called endpoint: 'contractByDocument' | Port: '8002'
2020-04-14 22:01:43 [hystrix-Controller-10] INFO  ms.contract.controller.Controller - Called endpoint: 'contractByDocument' | Port: '8002'
2020-04-14 23:43:00 [hystrix-Controller-10] INFO  ms.contract.controller.Controller - Called endpoint: 'contractByDocument' | Port: '8002'
2020-04-14 23:43:01 [hystrix-Controller-10] INFO  ms.contract.controller.Controller - Called endpoint: 'contractByDocument' | Port: '8002'
2020-04-14 23:43:02 [hystrix-Controller-10] INFO  ms.contract.controller.Controller - Called endpoint: 'contractByDocument' | Port: '8002'
