2020-04-08 11:23:23 [restartedMain] INFO  m.c.m.MsClientManagementApplication - No active profile set, falling back to default profiles: default
2020-04-08 11:23:30 [restartedMain] INFO  m.c.m.MsClientManagementApplication - Started MsClientManagementApplication in 12.024 seconds (JVM running for 12.777)
2020-04-08 11:27:16 [hystrix-Controller-1] INFO  m.c.management.controller.Controller - Called endpoint: 'clientById' | Port: '8001'
2020-04-08 11:27:47 [hystrix-Controller-2] INFO  m.c.management.controller.Controller - Called endpoint: 'clientById' | Port: '8001'
2020-04-08 11:27:50 [hystrix-Controller-3] INFO  m.c.management.controller.Controller - Called endpoint: 'clientById' | Port: '8001'
2020-04-08 11:30:18 [hystrix-Controller-4] INFO  m.c.management.controller.Controller - Called endpoint: 'clientById' | Port: '8001'
2020-04-08 11:30:20 [hystrix-Controller-5] INFO  m.c.management.controller.Controller - Called endpoint: 'clientById' | Port: '8001'
2020-04-08 11:33:02 [hystrix-Controller-6] INFO  m.c.management.controller.Controller - Called endpoint: 'clientById' | Port: '8001'
2020-04-08 11:33:24 [hystrix-Controller-7] INFO  m.c.management.controller.Controller - Called endpoint: 'clientById' | Port: '8001'
2020-04-08 11:33:33 [hystrix-Controller-8] INFO  m.c.management.controller.Controller - Called endpoint: 'clientById' | Port: '8001'
2020-04-08 11:33:56 [hystrix-Controller-9] INFO  m.c.management.controller.Controller - Called endpoint: 'clientById' | Port: '8001'
2020-04-08 11:35:02 [hystrix-Controller-10] INFO  m.c.management.controller.Controller - Called endpoint: 'clientById' | Port: '8001'
2020-04-08 11:35:08 [hystrix-Controller-10] INFO  m.c.management.controller.Controller - Called endpoint: 'clientById' | Port: '8001'
2020-04-08 11:35:27 [hystrix-Controller-10] INFO  m.c.management.controller.Controller - Called endpoint: 'clientById' | Port: '8001'
2020-04-08 11:35:33 [hystrix-Controller-10] INFO  m.c.management.controller.Controller - Called endpoint: 'clientById' | Port: '8001'
2020-04-08 11:36:14 [hystrix-Controller-10] INFO  m.c.management.controller.Controller - Called endpoint: 'clientById' | Port: '8001'
2020-04-08 11:36:20 [hystrix-Controller-10] INFO  m.c.management.controller.Controller - Called endpoint: 'clientById' | Port: '8001'
2020-04-08 11:36:20 [hystrix-Controller-10] INFO  m.c.management.controller.Controller - Called endpoint: 'clientById' | Port: '8001'
2020-04-08 11:36:50 [hystrix-Controller-10] INFO  m.c.management.controller.Controller - Called endpoint: 'clientById' | Port: '8001'
2020-04-08 11:36:54 [hystrix-Controller-10] INFO  m.c.management.controller.Controller - Called endpoint: 'clientById' | Port: '8001'
2020-04-08 11:36:54 [hystrix-Controller-10] INFO  m.c.management.controller.Controller - Called endpoint: 'clientById' | Port: '8001'
2020-04-08 11:39:07 [hystrix-Controller-10] INFO  m.c.management.controller.Controller - Called endpoint: 'clientById' | Port: '8001'
2020-04-08 11:39:23 [hystrix-Controller-10] INFO  m.c.management.controller.Controller - Called endpoint: 'clientById' | Port: '8001'
2020-04-08 11:39:28 [hystrix-Controller-10] INFO  m.c.management.controller.Controller - Called endpoint: 'clientById' | Port: '8001'
2020-04-08 11:39:28 [hystrix-Controller-10] INFO  m.c.management.controller.Controller - Called endpoint: 'clientById' | Port: '8001'
2020-04-08 11:42:19 [hystrix-Controller-10] INFO  m.c.management.controller.Controller - Called endpoint: 'clientById' | Port: '8001'
2020-04-08 11:42:23 [hystrix-Controller-10] INFO  m.c.management.controller.Controller - Called endpoint: 'clientById' | Port: '8001'
2020-04-08 11:42:36 [hystrix-Controller-10] INFO  m.c.management.controller.Controller - Called endpoint: 'clientById' | Port: '8001'
2020-04-08 11:42:36 [hystrix-Controller-10] INFO  m.c.management.controller.Controller - Called endpoint: 'clientById' | Port: '8001'
2020-04-08 11:42:36 [hystrix-Controller-10] INFO  m.c.management.controller.Controller - Called endpoint: 'clientById' | Port: '8001'
2020-04-08 11:42:43 [hystrix-Controller-10] INFO  m.c.management.controller.Controller - Called endpoint: 'clientById' | Port: '8001'
2020-04-08 11:42:43 [hystrix-Controller-10] INFO  m.c.management.controller.Controller - Called endpoint: 'clientById' | Port: '8001'
2020-04-08 11:42:43 [hystrix-Controller-10] INFO  m.c.management.controller.Controller - Called endpoint: 'clientById' | Port: '8001'
2020-04-08 11:42:43 [hystrix-Controller-10] INFO  m.c.management.controller.Controller - Called endpoint: 'clientById' | Port: '8001'
2020-04-08 11:42:47 [hystrix-Controller-10] INFO  m.c.management.controller.Controller - Called endpoint: 'clientById' | Port: '8001'
2020-04-08 11:42:47 [hystrix-Controller-10] INFO  m.c.management.controller.Controller - Called endpoint: 'clientById' | Port: '8001'
2020-04-08 11:42:49 [hystrix-Controller-10] INFO  m.c.management.controller.Controller - Called endpoint: 'clientById' | Port: '8001'
2020-04-08 11:42:49 [hystrix-Controller-10] INFO  m.c.management.controller.Controller - Called endpoint: 'clientById' | Port: '8001'
2020-04-08 11:42:59 [hystrix-Controller-10] INFO  m.c.management.controller.Controller - Called endpoint: 'clientById' | Port: '8001'
2020-04-08 11:43:08 [hystrix-Controller-10] INFO  m.c.management.controller.Controller - Called endpoint: 'clientById' | Port: '8001'
2020-04-08 11:55:20 [hystrix-Controller-10] INFO  m.c.management.controller.Controller - Called endpoint: 'clientById' | Port: '8001'
2020-04-08 11:56:57 [hystrix-Controller-10] INFO  m.c.management.controller.Controller - Called endpoint: 'clientById' | Port: '8001'
2020-04-08 11:57:19 [hystrix-Controller-10] INFO  m.c.management.controller.Controller - Called endpoint: 'clientById' | Port: '8001'
2020-04-08 11:59:17 [hystrix-Controller-10] INFO  m.c.management.controller.Controller - Called endpoint: 'clientById' | Port: '8001'
2020-04-08 11:59:18 [hystrix-Controller-10] INFO  m.c.management.controller.Controller - Called endpoint: 'clientById' | Port: '8001'
2020-04-08 11:59:45 [hystrix-Controller-10] INFO  m.c.management.controller.Controller - Called endpoint: 'clientById' | Port: '8001'
2020-04-08 11:59:47 [hystrix-Controller-10] INFO  m.c.management.controller.Controller - Called endpoint: 'clientById' | Port: '8001'
2020-04-08 11:59:52 [hystrix-Controller-10] INFO  m.c.management.controller.Controller - Called endpoint: 'clientById' | Port: '8001'
2020-04-08 11:59:59 [hystrix-Controller-10] INFO  m.c.management.controller.Controller - Called endpoint: 'clientById' | Port: '8001'
2020-04-08 12:00:06 [hystrix-Controller-10] INFO  m.c.management.controller.Controller - Called endpoint: 'clientById' | Port: '8001'
2020-04-08 12:11:14 [hystrix-Controller-10] INFO  m.c.management.controller.Controller - Called endpoint: 'clientById' | Port: '8001'
2020-04-08 12:13:50 [hystrix-Controller-10] INFO  m.c.management.controller.Controller - Called endpoint: 'clientById' | Port: '8001'
2020-04-08 12:14:14 [hystrix-Controller-10] INFO  m.c.management.controller.Controller - Called endpoint: 'clientById' | Port: '8001'
2020-04-08 12:14:29 [hystrix-Controller-10] INFO  m.c.management.controller.Controller - Called endpoint: 'clientById' | Port: '8001'
2020-04-08 12:14:40 [hystrix-Controller-10] INFO  m.c.management.controller.Controller - Called endpoint: 'clientById' | Port: '8001'
2020-04-08 12:18:18 [hystrix-Controller-10] INFO  m.c.management.controller.Controller - Called endpoint: 'clientById' | Port: '8001'
2020-04-08 12:19:33 [hystrix-Controller-10] INFO  m.c.management.controller.Controller - Called endpoint: 'clientById' | Port: '8001'
2020-04-08 12:20:39 [hystrix-Controller-10] INFO  m.c.management.controller.Controller - Called endpoint: 'clientById' | Port: '8001'
2020-04-08 12:20:40 [hystrix-Controller-10] INFO  m.c.management.controller.Controller - Called endpoint: 'clientById' | Port: '8001'
2020-04-08 12:21:12 [hystrix-Controller-10] INFO  m.c.management.controller.Controller - Called endpoint: 'clientById' | Port: '8001'
2020-04-08 12:21:39 [hystrix-Controller-10] INFO  m.c.management.controller.Controller - Called endpoint: 'clientById' | Port: '8001'
2020-04-08 12:23:10 [hystrix-Controller-10] INFO  m.c.management.controller.Controller - Called endpoint: 'clientById' | Port: '8001'
2020-04-08 12:24:08 [hystrix-Controller-10] INFO  m.c.management.controller.Controller - Called endpoint: 'clientById' | Port: '8001'
2020-04-08 12:24:24 [hystrix-Controller-10] INFO  m.c.management.controller.Controller - Called endpoint: 'clientById' | Port: '8001'
2020-04-08 12:24:54 [hystrix-Controller-10] INFO  m.c.management.controller.Controller - Called endpoint: 'clientById' | Port: '8001'
2020-04-08 12:24:58 [hystrix-Controller-10] INFO  m.c.management.controller.Controller - Called endpoint: 'clientById' | Port: '8001'
2020-04-08 12:25:04 [hystrix-Controller-10] INFO  m.c.management.controller.Controller - Called endpoint: 'clientById' | Port: '8001'
2020-04-08 12:25:05 [hystrix-Controller-10] INFO  m.c.management.controller.Controller - Called endpoint: 'clientById' | Port: '8001'
2020-04-08 12:25:07 [hystrix-Controller-10] INFO  m.c.management.controller.Controller - Called endpoint: 'clientById' | Port: '8001'
2020-04-08 12:25:19 [hystrix-Controller-10] INFO  m.c.management.controller.Controller - Called endpoint: 'clientById' | Port: '8001'
2020-04-08 12:25:25 [hystrix-Controller-10] INFO  m.c.management.controller.Controller - Called endpoint: 'clientById' | Port: '8001'
2020-04-08 12:25:27 [hystrix-Controller-10] INFO  m.c.management.controller.Controller - Called endpoint: 'clientById' | Port: '8001'
2020-04-08 12:25:36 [hystrix-Controller-10] INFO  m.c.management.controller.Controller - Called endpoint: 'clientById' | Port: '8001'
2020-04-08 12:53:23 [hystrix-Controller-10] INFO  m.c.management.controller.Controller - Called endpoint: 'clientById' | Port: '8001'
2020-04-08 12:54:09 [hystrix-Controller-10] INFO  m.c.management.controller.Controller - Called endpoint: 'clientById' | Port: '8001'
2020-04-08 12:54:25 [hystrix-Controller-10] INFO  m.c.management.controller.Controller - Called endpoint: 'clientById' | Port: '8001'
2020-04-08 12:54:49 [hystrix-Controller-10] INFO  m.c.management.controller.Controller - Called endpoint: 'clientById' | Port: '8001'
2020-04-08 12:55:03 [hystrix-Controller-10] INFO  m.c.management.controller.Controller - Called endpoint: 'clientById' | Port: '8001'
2020-04-08 12:55:23 [hystrix-Controller-10] INFO  m.c.management.controller.Controller - Called endpoint: 'clientById' | Port: '8001'
2020-04-08 12:55:25 [hystrix-Controller-10] INFO  m.c.management.controller.Controller - Called endpoint: 'clientById' | Port: '8001'
2020-04-08 12:55:56 [hystrix-Controller-10] INFO  m.c.management.controller.Controller - Called endpoint: 'clientById' | Port: '8001'
2020-04-08 12:56:14 [hystrix-Controller-10] INFO  m.c.management.controller.Controller - Called endpoint: 'clientById' | Port: '8001'
2020-04-08 12:56:16 [hystrix-Controller-10] INFO  m.c.management.controller.Controller - Called endpoint: 'clientById' | Port: '8001'
2020-04-08 12:56:24 [hystrix-Controller-10] INFO  m.c.management.controller.Controller - Called endpoint: 'clientById' | Port: '8001'
2020-04-08 12:56:27 [hystrix-Controller-10] INFO  m.c.management.controller.Controller - Called endpoint: 'clientById' | Port: '8001'
2020-04-08 12:56:29 [hystrix-Controller-10] INFO  m.c.management.controller.Controller - Called endpoint: 'clientById' | Port: '8001'
2020-04-08 12:56:32 [hystrix-Controller-10] INFO  m.c.management.controller.Controller - Called endpoint: 'clientById' | Port: '8001'
2020-04-08 12:56:59 [hystrix-Controller-10] INFO  m.c.management.controller.Controller - Called endpoint: 'clientById' | Port: '8001'
2020-04-08 12:57:03 [hystrix-Controller-10] INFO  m.c.management.controller.Controller - Called endpoint: 'clientById' | Port: '8001'
2020-04-08 12:57:13 [hystrix-Controller-10] INFO  m.c.management.controller.Controller - Called endpoint: 'clientById' | Port: '8001'
2020-04-08 12:57:51 [hystrix-Controller-10] INFO  m.c.management.controller.Controller - Called endpoint: 'clientById' | Port: '8001'
2020-04-08 12:57:53 [hystrix-Controller-10] INFO  m.c.management.controller.Controller - Called endpoint: 'clientById' | Port: '8001'
2020-04-08 12:58:14 [hystrix-Controller-10] INFO  m.c.management.controller.Controller - Called endpoint: 'clientById' | Port: '8001'
2020-04-08 12:58:50 [hystrix-Controller-10] INFO  m.c.management.controller.Controller - Called endpoint: 'clientById' | Port: '8001'
2020-04-08 12:59:03 [hystrix-Controller-10] INFO  m.c.management.controller.Controller - Called endpoint: 'clientById' | Port: '8001'
2020-04-08 12:59:30 [hystrix-Controller-10] INFO  m.c.management.controller.Controller - Called endpoint: 'clientById' | Port: '8001'
2020-04-08 12:59:54 [hystrix-Controller-10] INFO  m.c.management.controller.Controller - Called endpoint: 'clientById' | Port: '8001'
2020-04-08 13:00:12 [hystrix-Controller-10] INFO  m.c.management.controller.Controller - Called endpoint: 'clientById' | Port: '8001'
2020-04-08 13:00:24 [hystrix-Controller-10] INFO  m.c.management.controller.Controller - Called endpoint: 'clientById' | Port: '8001'
2020-04-08 13:00:28 [hystrix-Controller-10] INFO  m.c.management.controller.Controller - Called endpoint: 'clientById' | Port: '8001'
2020-04-08 13:00:39 [hystrix-Controller-10] INFO  m.c.management.controller.Controller - Called endpoint: 'clientById' | Port: '8001'
2020-04-08 13:00:49 [hystrix-Controller-10] INFO  m.c.management.controller.Controller - Called endpoint: 'clientById' | Port: '8001'
2020-04-08 13:01:04 [hystrix-Controller-10] INFO  m.c.management.controller.Controller - Called endpoint: 'clientById' | Port: '8001'
2020-04-08 13:01:25 [hystrix-Controller-10] INFO  m.c.management.controller.Controller - Called endpoint: 'clientById' | Port: '8001'
2020-04-08 13:01:55 [hystrix-Controller-10] INFO  m.c.management.controller.Controller - Called endpoint: 'clientById' | Port: '8001'
2020-04-08 13:02:13 [hystrix-Controller-10] INFO  m.c.management.controller.Controller - Called endpoint: 'clientById' | Port: '8001'
2020-04-08 13:02:18 [hystrix-Controller-10] INFO  m.c.management.controller.Controller - Called endpoint: 'clientById' | Port: '8001'
2020-04-08 13:02:27 [hystrix-Controller-10] INFO  m.c.management.controller.Controller - Called endpoint: 'clientById' | Port: '8001'
2020-04-08 13:02:48 [hystrix-Controller-10] INFO  m.c.management.controller.Controller - Called endpoint: 'clientById' | Port: '8001'
2020-04-08 13:44:31 [hystrix-Controller-10] INFO  m.c.management.controller.Controller - Called endpoint: 'clientById' | Port: '8001'
2020-04-08 13:44:56 [hystrix-Controller-10] INFO  m.c.management.controller.Controller - Called endpoint: 'clientAll' | Port: '8001'
2020-04-08 13:45:31 [hystrix-Controller-10] INFO  m.c.management.controller.Controller - Called endpoint: 'clientById' | Port: '8001'
2020-04-08 13:45:33 [hystrix-Controller-10] INFO  m.c.management.controller.Controller - Called endpoint: 'clientById' | Port: '8001'
2020-04-08 13:45:38 [hystrix-Controller-10] INFO  m.c.management.controller.Controller - Called endpoint: 'clientById' | Port: '8001'
2020-04-08 13:45:45 [hystrix-Controller-10] INFO  m.c.management.controller.Controller - Called endpoint: 'clientById' | Port: '8001'
2020-04-08 13:45:48 [hystrix-Controller-10] INFO  m.c.management.controller.Controller - Called endpoint: 'clientById' | Port: '8001'
2020-04-08 13:45:56 [hystrix-Controller-10] INFO  m.c.management.controller.Controller - Called endpoint: 'clientById' | Port: '8001'
2020-04-08 13:47:10 [hystrix-Controller-10] INFO  m.c.management.controller.Controller - Called endpoint: 'clientById' | Port: '8001'
2020-04-08 13:47:34 [hystrix-Controller-10] INFO  m.c.management.controller.Controller - Called endpoint: 'clientById' | Port: '8001'
2020-04-08 13:48:12 [hystrix-Controller-10] INFO  m.c.management.controller.Controller - Called endpoint: 'clientById' | Port: '8001'
2020-04-08 13:49:17 [hystrix-Controller-10] INFO  m.c.management.controller.Controller - Called endpoint: 'clientById' | Port: '8001'
2020-04-08 13:49:44 [hystrix-Controller-10] INFO  m.c.management.controller.Controller - Called endpoint: 'clientById' | Port: '8001'
2020-04-08 13:49:53 [hystrix-Controller-10] INFO  m.c.management.controller.Controller - Called endpoint: 'clientById' | Port: '8001'
2020-04-08 13:50:02 [hystrix-Controller-10] INFO  m.c.management.controller.Controller - Called endpoint: 'clientById' | Port: '8001'
2020-04-08 13:50:07 [hystrix-Controller-10] INFO  m.c.management.controller.Controller - Called endpoint: 'clientById' | Port: '8001'
2020-04-08 13:50:11 [hystrix-Controller-10] INFO  m.c.management.controller.Controller - Called endpoint: 'clientById' | Port: '8001'
2020-04-08 13:50:36 [hystrix-Controller-10] INFO  m.c.management.controller.Controller - Called endpoint: 'clientById' | Port: '8001'
2020-04-08 13:50:40 [hystrix-Controller-10] INFO  m.c.management.controller.Controller - Called endpoint: 'clientById' | Port: '8001'
2020-04-08 13:50:56 [hystrix-Controller-10] INFO  m.c.management.controller.Controller - Called endpoint: 'clientById' | Port: '8001'
2020-04-08 13:51:04 [hystrix-Controller-10] INFO  m.c.management.controller.Controller - Called endpoint: 'clientById' | Port: '8001'
2020-04-08 13:54:22 [hystrix-Controller-10] INFO  m.c.management.controller.Controller - Called endpoint: 'clientById' | Port: '8001'
2020-04-08 13:54:27 [hystrix-Controller-10] INFO  m.c.management.controller.Controller - Called endpoint: 'clientById' | Port: '8001'
2020-04-08 13:54:34 [hystrix-Controller-10] INFO  m.c.management.controller.Controller - Called endpoint: 'clientById' | Port: '8001'
2020-04-08 13:54:38 [hystrix-Controller-10] INFO  m.c.management.controller.Controller - Called endpoint: 'clientById' | Port: '8001'
2020-04-08 13:54:40 [hystrix-Controller-10] INFO  m.c.management.controller.Controller - Called endpoint: 'clientById' | Port: '8001'
2020-04-08 13:54:42 [hystrix-Controller-10] INFO  m.c.management.controller.Controller - Called endpoint: 'clientById' | Port: '8001'
2020-04-08 13:54:46 [hystrix-Controller-10] INFO  m.c.management.controller.Controller - Called endpoint: 'clientById' | Port: '8001'
2020-04-08 13:54:49 [hystrix-Controller-10] INFO  m.c.management.controller.Controller - Called endpoint: 'clientById' | Port: '8001'
2020-04-08 13:54:54 [hystrix-Controller-10] INFO  m.c.management.controller.Controller - Called endpoint: 'clientById' | Port: '8001'
2020-04-08 13:54:57 [hystrix-Controller-10] INFO  m.c.management.controller.Controller - Called endpoint: 'clientById' | Port: '8001'
2020-04-08 13:55:00 [hystrix-Controller-10] INFO  m.c.management.controller.Controller - Called endpoint: 'clientById' | Port: '8001'
2020-04-08 13:55:01 [hystrix-Controller-10] INFO  m.c.management.controller.Controller - Called endpoint: 'clientById' | Port: '8001'
2020-04-08 13:55:02 [hystrix-Controller-10] INFO  m.c.management.controller.Controller - Called endpoint: 'clientById' | Port: '8001'
2020-04-08 13:55:03 [hystrix-Controller-10] INFO  m.c.management.controller.Controller - Called endpoint: 'clientById' | Port: '8001'
2020-04-08 13:55:05 [hystrix-Controller-10] INFO  m.c.management.controller.Controller - Called endpoint: 'clientById' | Port: '8001'
2020-04-08 13:55:22 [hystrix-Controller-10] INFO  m.c.management.controller.Controller - Called endpoint: 'clientById' | Port: '8001'
2020-04-08 14:10:09 [hystrix-Controller-10] INFO  m.c.management.controller.Controller - Called endpoint: 'clientById' | Port: '8001'
2020-04-08 14:10:35 [hystrix-Controller-10] INFO  m.c.management.controller.Controller - Called endpoint: 'clientById' | Port: '8001'
2020-04-08 14:11:30 [hystrix-Controller-10] INFO  m.c.management.controller.Controller - Called endpoint: 'clientById' | Port: '8001'
2020-04-08 14:11:45 [hystrix-Controller-10] INFO  m.c.management.controller.Controller - Called endpoint: 'clientById' | Port: '8001'
2020-04-08 14:11:48 [hystrix-Controller-10] INFO  m.c.management.controller.Controller - Called endpoint: 'clientById' | Port: '8001'
2020-04-08 14:14:11 [hystrix-Controller-10] INFO  m.c.management.controller.Controller - Called endpoint: 'clientById' | Port: '8001'
2020-04-08 14:14:17 [hystrix-Controller-10] INFO  m.c.management.controller.Controller - Called endpoint: 'clientById' | Port: '8001'
2020-04-08 14:14:19 [hystrix-Controller-10] INFO  m.c.management.controller.Controller - Called endpoint: 'clientById' | Port: '8001'
2020-04-08 14:15:02 [hystrix-Controller-10] INFO  m.c.management.controller.Controller - Called endpoint: 'clientById' | Port: '8001'
2020-04-08 14:15:24 [hystrix-Controller-10] INFO  m.c.management.controller.Controller - Called endpoint: 'clientById' | Port: '8001'
2020-04-08 14:15:43 [hystrix-Controller-10] INFO  m.c.management.controller.Controller - Called endpoint: 'clientById' | Port: '8001'
2020-04-08 14:15:49 [hystrix-Controller-10] INFO  m.c.management.controller.Controller - Called endpoint: 'clientById' | Port: '8001'
2020-04-08 14:19:10 [hystrix-Controller-10] INFO  m.c.management.controller.Controller - Called endpoint: 'clientById' | Port: '8001'
2020-04-08 14:19:55 [hystrix-Controller-10] INFO  m.c.management.controller.Controller - Called endpoint: 'clientById' | Port: '8001'
2020-04-08 14:20:42 [hystrix-Controller-10] INFO  m.c.management.controller.Controller - Called endpoint: 'clientById' | Port: '8001'
2020-04-08 14:21:01 [hystrix-Controller-10] INFO  m.c.management.controller.Controller - Called endpoint: 'clientById' | Port: '8001'
2020-04-08 14:21:28 [hystrix-Controller-10] INFO  m.c.management.controller.Controller - Called endpoint: 'clientById' | Port: '8001'
2020-04-08 14:22:13 [hystrix-Controller-10] INFO  m.c.management.controller.Controller - Called endpoint: 'clientById' | Port: '8001'
2020-04-08 14:22:27 [hystrix-Controller-10] INFO  m.c.management.controller.Controller - Called endpoint: 'clientById' | Port: '8001'
2020-04-08 14:22:50 [hystrix-Controller-10] INFO  m.c.management.controller.Controller - Called endpoint: 'clientById' | Port: '8001'
2020-04-08 14:23:25 [hystrix-Controller-10] INFO  m.c.management.controller.Controller - Called endpoint: 'clientById' | Port: '8001'
2020-04-08 14:23:36 [hystrix-Controller-10] INFO  m.c.management.controller.Controller - Called endpoint: 'clientById' | Port: '8001'
2020-04-08 14:23:45 [hystrix-Controller-10] INFO  m.c.management.controller.Controller - Called endpoint: 'clientById' | Port: '8001'
2020-04-08 14:23:57 [hystrix-Controller-10] INFO  m.c.management.controller.Controller - Called endpoint: 'clientById' | Port: '8001'
2020-04-08 14:24:32 [hystrix-Controller-10] INFO  m.c.management.controller.Controller - Called endpoint: 'clientById' | Port: '8001'
2020-04-08 14:45:24 [hystrix-Controller-10] INFO  m.c.management.controller.Controller - Called endpoint: 'clientById' | Port: '8001'
2020-04-08 14:45:32 [hystrix-Controller-10] INFO  m.c.management.controller.Controller - Called endpoint: 'clientById' | Port: '8001'
2020-04-08 14:45:54 [hystrix-Controller-10] INFO  m.c.management.controller.Controller - Called endpoint: 'clientById' | Port: '8001'
2020-04-08 14:49:50 [hystrix-Controller-10] INFO  m.c.management.controller.Controller - Called endpoint: 'clientById' | Port: '8001'
2020-04-08 14:50:47 [hystrix-Controller-10] INFO  m.c.management.controller.Controller - Called endpoint: 'clientById' | Port: '8001'
2020-04-08 14:51:15 [hystrix-Controller-10] INFO  m.c.management.controller.Controller - Called endpoint: 'clientById' | Port: '8001'
2020-04-08 14:51:36 [hystrix-Controller-10] INFO  m.c.management.controller.Controller - Called endpoint: 'clientById' | Port: '8001'
2020-04-08 15:12:58 [hystrix-Controller-10] INFO  m.c.management.controller.Controller - Called endpoint: 'clientById' | Port: '8001'
2020-04-08 15:15:17 [hystrix-Controller-10] INFO  m.c.management.controller.Controller - Called endpoint: 'clientById' | Port: '8001'
2020-04-08 15:15:42 [hystrix-Controller-10] INFO  m.c.management.controller.Controller - Called endpoint: 'clientById' | Port: '8001'
2020-04-08 15:15:54 [hystrix-Controller-10] INFO  m.c.management.controller.Controller - Called endpoint: 'clientById' | Port: '8001'
2020-04-08 15:16:05 [hystrix-Controller-10] INFO  m.c.management.controller.Controller - Called endpoint: 'clientById' | Port: '8001'
2020-04-08 15:16:22 [hystrix-Controller-10] INFO  m.c.management.controller.Controller - Called endpoint: 'clientById' | Port: '8001'
2020-04-08 15:16:39 [hystrix-Controller-10] INFO  m.c.management.controller.Controller - Called endpoint: 'clientById' | Port: '8001'
2020-04-08 15:17:26 [hystrix-Controller-10] INFO  m.c.management.controller.Controller - Called endpoint: 'clientById' | Port: '8001'
2020-04-08 15:18:35 [hystrix-Controller-10] INFO  m.c.management.controller.Controller - Called endpoint: 'clientById' | Port: '8001'
2020-04-08 15:18:42 [hystrix-Controller-10] INFO  m.c.management.controller.Controller - Called endpoint: 'clientById' | Port: '8001'
2020-04-08 15:28:43 [hystrix-Controller-10] INFO  m.c.management.controller.Controller - Called endpoint: 'clientById' | Port: '8001'
2020-04-08 15:44:50 [restartedMain] INFO  m.c.m.MsClientManagementApplication - No active profile set, falling back to default profiles: default
2020-04-08 15:44:54 [restartedMain] INFO  m.c.m.MsClientManagementApplication - Started MsClientManagementApplication in 8.153 seconds (JVM running for 15697.169)
2020-04-08 15:56:33 [restartedMain] INFO  m.c.m.MsClientManagementApplication - No active profile set, falling back to default profiles: default
2020-04-08 15:56:36 [restartedMain] INFO  m.c.m.MsClientManagementApplication - Started MsClientManagementApplication in 7.937 seconds (JVM running for 16399.37)
2020-04-08 15:56:55 [restartedMain] INFO  m.c.m.MsClientManagementApplication - No active profile set, falling back to default profiles: default
2020-04-08 15:56:59 [restartedMain] INFO  m.c.m.MsClientManagementApplication - Started MsClientManagementApplication in 7.858 seconds (JVM running for 16421.681)
2020-04-08 16:02:08 [restartedMain] INFO  m.c.m.MsClientManagementApplication - No active profile set, falling back to default profiles: default
2020-04-08 16:02:11 [restartedMain] INFO  m.c.m.MsClientManagementApplication - Started MsClientManagementApplication in 7.908 seconds (JVM running for 16734.338)
2020-04-08 16:02:49 [restartedMain] INFO  m.c.m.MsClientManagementApplication - No active profile set, falling back to default profiles: default
2020-04-08 16:02:53 [restartedMain] INFO  m.c.m.MsClientManagementApplication - Started MsClientManagementApplication in 7.914 seconds (JVM running for 16775.789)
2020-04-08 16:04:53 [restartedMain] INFO  m.c.m.MsClientManagementApplication - No active profile set, falling back to default profiles: default
2020-04-08 16:04:57 [restartedMain] INFO  m.c.m.MsClientManagementApplication - Started MsClientManagementApplication in 7.937 seconds (JVM running for 16899.659)
2020-04-08 16:07:07 [restartedMain] INFO  m.c.m.MsClientManagementApplication - No active profile set, falling back to default profiles: default
2020-04-08 16:07:11 [restartedMain] INFO  m.c.m.MsClientManagementApplication - Started MsClientManagementApplication in 7.983 seconds (JVM running for 17033.631)
2020-04-08 16:07:48 [restartedMain] INFO  m.c.m.MsClientManagementApplication - No active profile set, falling back to default profiles: default
2020-04-08 16:07:51 [restartedMain] INFO  m.c.m.MsClientManagementApplication - Started MsClientManagementApplication in 7.883 seconds (JVM running for 17074.144)
2020-04-08 17:03:20 [hystrix-Controller-1] INFO  m.c.management.controller.Controller - Called endpoint: 'clientByDocument' | Port: '8001'
2020-04-08 17:04:07 [hystrix-Controller-2] INFO  m.c.management.controller.Controller - Called endpoint: 'clientByDocument' | Port: '8001'
2020-04-08 17:05:11 [hystrix-Controller-3] INFO  m.c.management.controller.Controller - Called endpoint: 'clientByDocument' | Port: '8001'
2020-04-08 17:05:27 [hystrix-Controller-4] INFO  m.c.management.controller.Controller - Called endpoint: 'clientByDocument' | Port: '8001'
2020-04-08 17:05:41 [hystrix-Controller-5] INFO  m.c.management.controller.Controller - Called endpoint: 'clientByDocument' | Port: '8001'
2020-04-08 17:06:59 [hystrix-Controller-6] INFO  m.c.management.controller.Controller - Called endpoint: 'clientByDocument' | Port: '8001'
2020-04-08 17:12:26 [hystrix-Controller-7] INFO  m.c.management.controller.Controller - Called endpoint: 'clientByDocument' | Port: '8001'
2020-04-08 17:12:29 [hystrix-Controller-8] INFO  m.c.management.controller.Controller - Called endpoint: 'clientByDocument' | Port: '8001'
2020-04-08 17:12:37 [hystrix-Controller-9] INFO  m.c.management.controller.Controller - Called endpoint: 'clientByDocument' | Port: '8001'
2020-04-08 17:17:28 [hystrix-Controller-10] INFO  m.c.management.controller.Controller - Called endpoint: 'clientByDocument' | Port: '8001'
2020-04-08 17:17:51 [hystrix-Controller-10] INFO  m.c.management.controller.Controller - Called endpoint: 'clientByDocument' | Port: '8001'
2020-04-08 17:18:17 [hystrix-Controller-10] INFO  m.c.management.controller.Controller - Called endpoint: 'clientByDocument' | Port: '8001'
2020-04-08 17:18:19 [hystrix-Controller-10] INFO  m.c.management.controller.Controller - Called endpoint: 'clientByDocument' | Port: '8001'
2020-04-08 17:18:35 [hystrix-Controller-10] INFO  m.c.management.controller.Controller - Called endpoint: 'clientByDocument' | Port: '8001'
2020-04-08 17:18:51 [hystrix-Controller-10] INFO  m.c.management.controller.Controller - Called endpoint: 'clientByDocument' | Port: '8001'
2020-04-08 17:18:59 [hystrix-Controller-10] INFO  m.c.management.controller.Controller - Called endpoint: 'clientByDocument' | Port: '8001'
2020-04-08 17:19:07 [hystrix-Controller-10] INFO  m.c.management.controller.Controller - Called endpoint: 'clientByDocument' | Port: '8001'
2020-04-08 17:19:10 [hystrix-Controller-10] INFO  m.c.management.controller.Controller - Called endpoint: 'clientByDocument' | Port: '8001'
2020-04-08 17:19:14 [hystrix-Controller-10] INFO  m.c.management.controller.Controller - Called endpoint: 'clientByDocument' | Port: '8001'
2020-04-08 17:19:15 [hystrix-Controller-10] INFO  m.c.management.controller.Controller - Called endpoint: 'clientByDocument' | Port: '8001'
2020-04-08 17:19:17 [hystrix-Controller-10] INFO  m.c.management.controller.Controller - Called endpoint: 'clientByDocument' | Port: '8001'
2020-04-08 17:19:17 [hystrix-Controller-10] INFO  m.c.management.controller.Controller - Called endpoint: 'clientByDocument' | Port: '8001'
2020-04-08 17:19:18 [hystrix-Controller-10] INFO  m.c.management.controller.Controller - Called endpoint: 'clientByDocument' | Port: '8001'
2020-04-08 17:19:19 [hystrix-Controller-10] INFO  m.c.management.controller.Controller - Called endpoint: 'clientByDocument' | Port: '8001'
2020-04-08 17:19:25 [hystrix-Controller-10] INFO  m.c.management.controller.Controller - Called endpoint: 'clientByDocument' | Port: '8001'
2020-04-08 17:19:26 [hystrix-Controller-10] INFO  m.c.management.controller.Controller - Called endpoint: 'clientByDocument' | Port: '8001'
2020-04-08 17:19:27 [hystrix-Controller-10] INFO  m.c.management.controller.Controller - Called endpoint: 'clientByDocument' | Port: '8001'
2020-04-08 17:19:28 [hystrix-Controller-10] INFO  m.c.management.controller.Controller - Called endpoint: 'clientByDocument' | Port: '8001'
2020-04-08 17:19:29 [hystrix-Controller-10] INFO  m.c.management.controller.Controller - Called endpoint: 'clientByDocument' | Port: '8001'
2020-04-08 17:19:31 [hystrix-Controller-10] INFO  m.c.management.controller.Controller - Called endpoint: 'clientByDocument' | Port: '8001'
2020-04-08 17:19:33 [hystrix-Controller-10] INFO  m.c.management.controller.Controller - Called endpoint: 'clientByDocument' | Port: '8001'
2020-04-08 17:19:34 [hystrix-Controller-10] INFO  m.c.management.controller.Controller - Called endpoint: 'clientByDocument' | Port: '8001'
2020-04-08 17:19:36 [hystrix-Controller-10] INFO  m.c.management.controller.Controller - Called endpoint: 'clientByDocument' | Port: '8001'
2020-04-08 17:19:37 [hystrix-Controller-10] INFO  m.c.management.controller.Controller - Called endpoint: 'clientByDocument' | Port: '8001'
2020-04-08 17:19:38 [hystrix-Controller-10] INFO  m.c.management.controller.Controller - Called endpoint: 'clientByDocument' | Port: '8001'
2020-04-08 17:19:40 [hystrix-Controller-10] INFO  m.c.management.controller.Controller - Called endpoint: 'clientByDocument' | Port: '8001'
2020-04-08 17:19:41 [hystrix-Controller-10] INFO  m.c.management.controller.Controller - Called endpoint: 'clientByDocument' | Port: '8001'
2020-04-08 17:20:26 [hystrix-Controller-10] INFO  m.c.management.controller.Controller - Called endpoint: 'clientByDocument' | Port: '8001'
2020-04-08 17:20:31 [hystrix-Controller-10] INFO  m.c.management.controller.Controller - Called endpoint: 'clientByDocument' | Port: '8001'
2020-04-08 17:20:35 [hystrix-Controller-10] INFO  m.c.management.controller.Controller - Called endpoint: 'clientByDocument' | Port: '8001'
2020-04-08 17:21:07 [hystrix-Controller-10] INFO  m.c.management.controller.Controller - Called endpoint: 'clientByDocument' | Port: '8001'
2020-04-08 17:21:33 [hystrix-Controller-10] INFO  m.c.management.controller.Controller - Called endpoint: 'clientByDocument' | Port: '8001'
2020-04-08 17:21:36 [hystrix-Controller-10] INFO  m.c.management.controller.Controller - Called endpoint: 'clientByDocument' | Port: '8001'
2020-04-08 17:21:56 [hystrix-Controller-10] INFO  m.c.management.controller.Controller - Called endpoint: 'clientByDocument' | Port: '8001'
2020-04-08 17:22:05 [hystrix-Controller-10] INFO  m.c.management.controller.Controller - Called endpoint: 'clientByDocument' | Port: '8001'
2020-04-08 17:22:41 [hystrix-Controller-10] INFO  m.c.management.controller.Controller - Called endpoint: 'clientByDocument' | Port: '8001'
2020-04-08 17:23:01 [hystrix-Controller-10] INFO  m.c.management.controller.Controller - Called endpoint: 'clientByDocument' | Port: '8001'
2020-04-08 17:25:31 [hystrix-Controller-10] INFO  m.c.management.controller.Controller - Called endpoint: 'clientByDocument' | Port: '8001'
2020-04-08 17:25:43 [hystrix-Controller-10] INFO  m.c.management.controller.Controller - Called endpoint: 'clientByDocument' | Port: '8001'
2020-04-08 17:26:05 [hystrix-Controller-10] INFO  m.c.management.controller.Controller - Called endpoint: 'clientByDocument' | Port: '8001'
2020-04-08 18:09:27 [hystrix-Controller-10] INFO  m.c.management.controller.Controller - Called endpoint: 'clientByDocument' | Port: '8001'
2020-04-08 18:12:14 [hystrix-Controller-10] INFO  m.c.management.controller.Controller - Called endpoint: 'clientByDocument' | Port: '8001'
2020-04-08 18:12:32 [hystrix-Controller-10] INFO  m.c.management.controller.Controller - Called endpoint: 'clientByDocument' | Port: '8001'
2020-04-08 18:12:55 [hystrix-Controller-10] INFO  m.c.management.controller.Controller - Called endpoint: 'clientByDocument' | Port: '8001'
2020-04-08 18:13:07 [hystrix-Controller-10] INFO  m.c.management.controller.Controller - Called endpoint: 'clientByDocument' | Port: '8001'
2020-04-08 18:13:49 [hystrix-Controller-10] INFO  m.c.management.controller.Controller - Called endpoint: 'clientByDocument' | Port: '8001'
2020-04-08 18:14:13 [hystrix-Controller-10] INFO  m.c.management.controller.Controller - Called endpoint: 'clientByDocument' | Port: '8001'
2020-04-08 18:14:33 [hystrix-Controller-10] INFO  m.c.management.controller.Controller - Called endpoint: 'clientByDocument' | Port: '8001'
2020-04-08 18:16:37 [hystrix-Controller-10] INFO  m.c.management.controller.Controller - Called endpoint: 'clientByDocument' | Port: '8001'
2020-04-08 18:16:58 [hystrix-Controller-10] INFO  m.c.management.controller.Controller - Called endpoint: 'clientByDocument' | Port: '8001'
2020-04-08 18:17:20 [hystrix-Controller-10] INFO  m.c.management.controller.Controller - Called endpoint: 'clientByDocument' | Port: '8001'
2020-04-08 18:17:28 [hystrix-Controller-10] INFO  m.c.management.controller.Controller - Called endpoint: 'clientByDocument' | Port: '8001'
2020-04-08 18:17:53 [hystrix-Controller-10] INFO  m.c.management.controller.Controller - Called endpoint: 'clientByDocument' | Port: '8001'
2020-04-08 18:18:02 [hystrix-Controller-10] INFO  m.c.management.controller.Controller - Called endpoint: 'clientByDocument' | Port: '8001'
2020-04-08 18:18:35 [hystrix-Controller-10] INFO  m.c.management.controller.Controller - Called endpoint: 'clientByDocument' | Port: '8001'
2020-04-08 18:18:43 [hystrix-Controller-10] INFO  m.c.management.controller.Controller - Called endpoint: 'clientByDocument' | Port: '8001'
2020-04-08 18:18:59 [hystrix-Controller-10] INFO  m.c.management.controller.Controller - Called endpoint: 'clientByDocument' | Port: '8001'
2020-04-08 18:19:05 [hystrix-Controller-10] INFO  m.c.management.controller.Controller - Called endpoint: 'clientByDocument' | Port: '8001'
2020-04-08 18:19:16 [hystrix-Controller-10] INFO  m.c.management.controller.Controller - Called endpoint: 'clientByDocument' | Port: '8001'
2020-04-08 18:19:25 [hystrix-Controller-10] INFO  m.c.management.controller.Controller - Called endpoint: 'clientByDocument' | Port: '8001'
2020-04-08 18:19:28 [hystrix-Controller-10] INFO  m.c.management.controller.Controller - Called endpoint: 'clientByDocument' | Port: '8001'
2020-04-08 18:19:31 [hystrix-Controller-10] INFO  m.c.management.controller.Controller - Called endpoint: 'clientByDocument' | Port: '8001'
2020-04-08 18:19:33 [hystrix-Controller-10] INFO  m.c.management.controller.Controller - Called endpoint: 'clientByDocument' | Port: '8001'
2020-04-08 18:19:35 [hystrix-Controller-10] INFO  m.c.management.controller.Controller - Called endpoint: 'clientByDocument' | Port: '8001'
2020-04-08 18:19:47 [hystrix-Controller-10] INFO  m.c.management.controller.Controller - Called endpoint: 'clientByDocument' | Port: '8001'
2020-04-08 18:20:08 [hystrix-Controller-10] INFO  m.c.management.controller.Controller - Called endpoint: 'clientByDocument' | Port: '8001'
2020-04-08 18:21:03 [hystrix-Controller-10] INFO  m.c.management.controller.Controller - Called endpoint: 'clientByDocument' | Port: '8001'
2020-04-08 18:21:28 [hystrix-Controller-10] INFO  m.c.management.controller.Controller - Called endpoint: 'clientByDocument' | Port: '8001'
2020-04-08 18:21:33 [hystrix-Controller-10] INFO  m.c.management.controller.Controller - Called endpoint: 'clientByDocument' | Port: '8001'
2020-04-08 18:21:35 [hystrix-Controller-10] INFO  m.c.management.controller.Controller - Called endpoint: 'clientByDocument' | Port: '8001'
2020-04-08 18:22:26 [hystrix-Controller-10] INFO  m.c.management.controller.Controller - Called endpoint: 'clientByDocument' | Port: '8001'
2020-04-08 18:24:01 [hystrix-Controller-10] INFO  m.c.management.controller.Controller - Called endpoint: 'clientByDocument' | Port: '8001'
2020-04-08 18:24:06 [hystrix-Controller-10] INFO  m.c.management.controller.Controller - Called endpoint: 'clientByDocument' | Port: '8001'
2020-04-08 19:00:28 [hystrix-Controller-10] INFO  m.c.management.controller.Controller - Called endpoint: 'clientByDocument' | Port: '8001'
2020-04-08 19:00:30 [hystrix-Controller-10] INFO  m.c.management.controller.Controller - Called endpoint: 'clientByDocument' | Port: '8001'
2020-04-08 19:00:46 [hystrix-Controller-10] INFO  m.c.management.controller.Controller - Called endpoint: 'clientByDocument' | Port: '8001'
2020-04-08 19:02:14 [hystrix-Controller-10] INFO  m.c.management.controller.Controller - Called endpoint: 'clientByDocument' | Port: '8001'
2020-04-08 19:02:16 [hystrix-Controller-10] INFO  m.c.management.controller.Controller - Called endpoint: 'clientByDocument' | Port: '8001'
2020-04-08 19:02:49 [hystrix-Controller-10] INFO  m.c.management.controller.Controller - Called endpoint: 'clientByDocument' | Port: '8001'
2020-04-08 19:02:53 [hystrix-Controller-10] INFO  m.c.management.controller.Controller - Called endpoint: 'clientByDocument' | Port: '8001'
2020-04-08 19:03:10 [hystrix-Controller-10] INFO  m.c.management.controller.Controller - Called endpoint: 'clientByDocument' | Port: '8001'
2020-04-08 19:03:41 [hystrix-Controller-10] INFO  m.c.management.controller.Controller - Called endpoint: 'clientByDocument' | Port: '8001'
2020-04-08 19:08:01 [hystrix-Controller-10] INFO  m.c.management.controller.Controller - Called endpoint: 'clientByDocument' | Port: '8001'
2020-04-08 19:08:10 [hystrix-Controller-10] INFO  m.c.management.controller.Controller - Called endpoint: 'clientByDocument' | Port: '8001'
2020-04-08 19:08:14 [hystrix-Controller-10] INFO  m.c.management.controller.Controller - Called endpoint: 'clientByDocument' | Port: '8001'
2020-04-08 19:08:17 [hystrix-Controller-10] INFO  m.c.management.controller.Controller - Called endpoint: 'clientByDocument' | Port: '8001'
2020-04-08 19:08:44 [hystrix-Controller-10] INFO  m.c.management.controller.Controller - Called endpoint: 'clientByDocument' | Port: '8001'
2020-04-08 19:08:48 [hystrix-Controller-10] INFO  m.c.management.controller.Controller - Called endpoint: 'clientByDocument' | Port: '8001'
2020-04-08 19:09:41 [hystrix-Controller-10] INFO  m.c.management.controller.Controller - Called endpoint: 'clientByDocument' | Port: '8001'
2020-04-08 19:09:44 [hystrix-Controller-10] INFO  m.c.management.controller.Controller - Called endpoint: 'clientByDocument' | Port: '8001'
2020-04-08 19:10:39 [hystrix-Controller-10] INFO  m.c.management.controller.Controller - Called endpoint: 'clientByDocument' | Port: '8001'
2020-04-08 19:11:13 [hystrix-Controller-10] INFO  m.c.management.controller.Controller - Called endpoint: 'clientByDocument' | Port: '8001'
2020-04-08 19:11:23 [hystrix-Controller-10] INFO  m.c.management.controller.Controller - Called endpoint: 'clientByDocument' | Port: '8001'
2020-04-08 19:12:55 [hystrix-Controller-10] INFO  m.c.management.controller.Controller - Called endpoint: 'clientByDocument' | Port: '8001'
2020-04-08 19:12:58 [hystrix-Controller-10] INFO  m.c.management.controller.Controller - Called endpoint: 'clientByDocument' | Port: '8001'
2020-04-08 19:17:08 [hystrix-Controller-10] INFO  m.c.management.controller.Controller - Called endpoint: 'clientByDocument' | Port: '8001'
2020-04-08 19:17:21 [hystrix-Controller-10] INFO  m.c.management.controller.Controller - Called endpoint: 'clientByDocument' | Port: '8001'
2020-04-08 19:18:16 [hystrix-Controller-10] INFO  m.c.management.controller.Controller - Called endpoint: 'clientByDocument' | Port: '8001'
2020-04-08 19:18:20 [hystrix-Controller-10] INFO  m.c.management.controller.Controller - Called endpoint: 'clientByDocument' | Port: '8001'
2020-04-08 19:19:28 [hystrix-Controller-10] INFO  m.c.management.controller.Controller - Called endpoint: 'clientByDocument' | Port: '8001'
2020-04-08 19:20:03 [hystrix-Controller-10] INFO  m.c.management.controller.Controller - Called endpoint: 'clientByDocument' | Port: '8001'
2020-04-08 19:20:23 [hystrix-Controller-10] INFO  m.c.management.controller.Controller - Called endpoint: 'clientByDocument' | Port: '8001'
2020-04-08 19:20:43 [hystrix-Controller-10] INFO  m.c.management.controller.Controller - Called endpoint: 'clientByDocument' | Port: '8001'
2020-04-08 19:20:59 [hystrix-Controller-10] INFO  m.c.management.controller.Controller - Called endpoint: 'clientByDocument' | Port: '8001'
2020-04-08 19:29:08 [hystrix-Controller-10] INFO  m.c.management.controller.Controller - Called endpoint: 'clientByDocument' | Port: '8001'
2020-04-08 19:29:18 [hystrix-Controller-10] INFO  m.c.management.controller.Controller - Called endpoint: 'clientByDocument' | Port: '8001'
2020-04-08 19:29:55 [hystrix-Controller-10] INFO  m.c.management.controller.Controller - Called endpoint: 'clientByDocument' | Port: '8001'
2020-04-08 19:29:59 [hystrix-Controller-10] INFO  m.c.management.controller.Controller - Called endpoint: 'clientByDocument' | Port: '8001'
2020-04-08 19:30:19 [hystrix-Controller-10] INFO  m.c.management.controller.Controller - Called endpoint: 'clientByDocument' | Port: '8001'
2020-04-08 19:30:45 [hystrix-Controller-10] INFO  m.c.management.controller.Controller - Called endpoint: 'clientByDocument' | Port: '8001'
2020-04-08 19:31:52 [hystrix-Controller-10] INFO  m.c.management.controller.Controller - Called endpoint: 'clientByDocument' | Port: '8001'
2020-04-08 19:32:05 [hystrix-Controller-10] INFO  m.c.management.controller.Controller - Called endpoint: 'clientByDocument' | Port: '8001'
2020-04-08 19:32:11 [hystrix-Controller-10] INFO  m.c.management.controller.Controller - Called endpoint: 'clientByDocument' | Port: '8001'
2020-04-08 19:32:44 [hystrix-Controller-10] INFO  m.c.management.controller.Controller - Called endpoint: 'clientByDocument' | Port: '8001'
2020-04-08 19:33:19 [hystrix-Controller-10] INFO  m.c.management.controller.Controller - Called endpoint: 'clientByDocument' | Port: '8001'
2020-04-08 19:33:34 [hystrix-Controller-10] INFO  m.c.management.controller.Controller - Called endpoint: 'clientByDocument' | Port: '8001'
2020-04-08 19:33:47 [hystrix-Controller-10] INFO  m.c.management.controller.Controller - Called endpoint: 'clientByDocument' | Port: '8001'
2020-04-08 19:34:38 [hystrix-Controller-10] INFO  m.c.management.controller.Controller - Called endpoint: 'clientByDocument' | Port: '8001'
2020-04-08 19:34:46 [hystrix-Controller-10] INFO  m.c.management.controller.Controller - Called endpoint: 'clientByDocument' | Port: '8001'
2020-04-08 19:35:42 [hystrix-Controller-10] INFO  m.c.management.controller.Controller - Called endpoint: 'clientByDocument' | Port: '8001'
2020-04-08 19:36:10 [hystrix-Controller-10] INFO  m.c.management.controller.Controller - Called endpoint: 'clientByDocument' | Port: '8001'
2020-04-08 19:36:40 [hystrix-Controller-10] INFO  m.c.management.controller.Controller - Called endpoint: 'clientByDocument' | Port: '8001'
2020-04-08 19:37:04 [hystrix-Controller-10] INFO  m.c.management.controller.Controller - Called endpoint: 'clientByDocument' | Port: '8001'
2020-04-08 19:37:13 [hystrix-Controller-10] INFO  m.c.management.controller.Controller - Called endpoint: 'clientByDocument' | Port: '8001'
2020-04-08 19:37:24 [hystrix-Controller-10] INFO  m.c.management.controller.Controller - Called endpoint: 'clientByDocument' | Port: '8001'
2020-04-08 19:37:32 [hystrix-Controller-10] INFO  m.c.management.controller.Controller - Called endpoint: 'clientByDocument' | Port: '8001'
2020-04-08 19:37:47 [hystrix-Controller-10] INFO  m.c.management.controller.Controller - Called endpoint: 'clientByDocument' | Port: '8001'
2020-04-08 19:37:59 [hystrix-Controller-10] INFO  m.c.management.controller.Controller - Called endpoint: 'clientByDocument' | Port: '8001'
2020-04-08 19:38:11 [hystrix-Controller-10] INFO  m.c.management.controller.Controller - Called endpoint: 'clientByDocument' | Port: '8001'
2020-04-08 19:38:14 [hystrix-Controller-10] INFO  m.c.management.controller.Controller - Called endpoint: 'clientByDocument' | Port: '8001'
2020-04-08 19:38:27 [hystrix-Controller-10] INFO  m.c.management.controller.Controller - Called endpoint: 'clientByDocument' | Port: '8001'
2020-04-08 19:38:34 [hystrix-Controller-10] INFO  m.c.management.controller.Controller - Called endpoint: 'clientByDocument' | Port: '8001'
2020-04-08 19:38:36 [hystrix-Controller-10] INFO  m.c.management.controller.Controller - Called endpoint: 'clientByDocument' | Port: '8001'
2020-04-08 19:38:44 [hystrix-Controller-10] INFO  m.c.management.controller.Controller - Called endpoint: 'clientByDocument' | Port: '8001'
2020-04-08 19:39:13 [hystrix-Controller-10] INFO  m.c.management.controller.Controller - Called endpoint: 'clientByDocument' | Port: '8001'
2020-04-08 19:39:28 [hystrix-Controller-10] INFO  m.c.management.controller.Controller - Called endpoint: 'clientByDocument' | Port: '8001'
2020-04-08 19:39:54 [hystrix-Controller-10] INFO  m.c.management.controller.Controller - Called endpoint: 'clientByDocument' | Port: '8001'
2020-04-08 19:39:58 [hystrix-Controller-10] INFO  m.c.management.controller.Controller - Called endpoint: 'clientByDocument' | Port: '8001'
2020-04-08 19:40:00 [hystrix-Controller-10] INFO  m.c.management.controller.Controller - Called endpoint: 'clientByDocument' | Port: '8001'
2020-04-08 19:40:11 [hystrix-Controller-10] INFO  m.c.management.controller.Controller - Called endpoint: 'clientByDocument' | Port: '8001'
2020-04-08 19:40:21 [hystrix-Controller-10] INFO  m.c.management.controller.Controller - Called endpoint: 'clientByDocument' | Port: '8001'
2020-04-08 19:40:28 [hystrix-Controller-10] INFO  m.c.management.controller.Controller - Called endpoint: 'clientByDocument' | Port: '8001'
2020-04-08 19:40:33 [hystrix-Controller-10] INFO  m.c.management.controller.Controller - Called endpoint: 'clientByDocument' | Port: '8001'
2020-04-08 19:40:42 [hystrix-Controller-10] INFO  m.c.management.controller.Controller - Called endpoint: 'clientByDocument' | Port: '8001'
2020-04-08 19:40:54 [hystrix-Controller-10] INFO  m.c.management.controller.Controller - Called endpoint: 'clientByDocument' | Port: '8001'
2020-04-08 19:44:18 [hystrix-Controller-10] INFO  m.c.management.controller.Controller - Called endpoint: 'clientByDocument' | Port: '8001'
2020-04-08 19:44:52 [hystrix-Controller-10] INFO  m.c.management.controller.Controller - Called endpoint: 'clientByDocument' | Port: '8001'
2020-04-08 19:45:01 [hystrix-Controller-10] INFO  m.c.management.controller.Controller - Called endpoint: 'clientByDocument' | Port: '8001'
2020-04-08 19:46:05 [hystrix-Controller-10] INFO  m.c.management.controller.Controller - Called endpoint: 'clientByDocument' | Port: '8001'
2020-04-08 19:46:20 [hystrix-Controller-10] INFO  m.c.management.controller.Controller - Called endpoint: 'clientByDocument' | Port: '8001'
2020-04-08 19:46:21 [hystrix-Controller-10] INFO  m.c.management.controller.Controller - Called endpoint: 'clientByDocument' | Port: '8001'
2020-04-08 19:46:42 [hystrix-Controller-10] INFO  m.c.management.controller.Controller - Called endpoint: 'clientByDocument' | Port: '8001'
2020-04-08 19:46:57 [hystrix-Controller-10] INFO  m.c.management.controller.Controller - Called endpoint: 'clientByDocument' | Port: '8001'
2020-04-08 19:47:28 [hystrix-Controller-10] INFO  m.c.management.controller.Controller - Called endpoint: 'clientByDocument' | Port: '8001'
2020-04-08 19:48:29 [hystrix-Controller-10] INFO  m.c.management.controller.Controller - Called endpoint: 'clientByDocument' | Port: '8001'
2020-04-08 19:48:56 [hystrix-Controller-10] INFO  m.c.management.controller.Controller - Called endpoint: 'clientByDocument' | Port: '8001'
2020-04-08 19:50:04 [hystrix-Controller-10] INFO  m.c.management.controller.Controller - Called endpoint: 'clientByDocument' | Port: '8001'
2020-04-08 19:51:35 [hystrix-Controller-10] INFO  m.c.management.controller.Controller - Called endpoint: 'clientByDocument' | Port: '8001'
2020-04-08 19:53:27 [hystrix-Controller-10] INFO  m.c.management.controller.Controller - Called endpoint: 'clientByDocument' | Port: '8001'
2020-04-08 19:54:25 [hystrix-Controller-10] INFO  m.c.management.controller.Controller - Called endpoint: 'clientByDocument' | Port: '8001'
2020-04-08 19:54:31 [hystrix-Controller-10] INFO  m.c.management.controller.Controller - Called endpoint: 'clientByDocument' | Port: '8001'
2020-04-08 19:55:25 [hystrix-Controller-10] INFO  m.c.management.controller.Controller - Called endpoint: 'clientByDocument' | Port: '8001'
2020-04-08 19:55:37 [hystrix-Controller-10] INFO  m.c.management.controller.Controller - Called endpoint: 'clientByDocument' | Port: '8001'
2020-04-08 19:56:05 [hystrix-Controller-10] INFO  m.c.management.controller.Controller - Called endpoint: 'clientByDocument' | Port: '8001'
2020-04-08 19:56:07 [hystrix-Controller-10] INFO  m.c.management.controller.Controller - Called endpoint: 'clientByDocument' | Port: '8001'
2020-04-08 19:57:32 [hystrix-Controller-10] INFO  m.c.management.controller.Controller - Called endpoint: 'clientByDocument' | Port: '8001'
2020-04-08 19:57:41 [hystrix-Controller-10] INFO  m.c.management.controller.Controller - Called endpoint: 'clientByDocument' | Port: '8001'
2020-04-08 19:58:09 [hystrix-Controller-10] INFO  m.c.management.controller.Controller - Called endpoint: 'clientByDocument' | Port: '8001'
2020-04-08 19:58:26 [hystrix-Controller-10] INFO  m.c.management.controller.Controller - Called endpoint: 'clientByDocument' | Port: '8001'
2020-04-08 19:58:37 [hystrix-Controller-10] INFO  m.c.management.controller.Controller - Called endpoint: 'clientByDocument' | Port: '8001'
2020-04-08 19:58:52 [hystrix-Controller-10] INFO  m.c.management.controller.Controller - Called endpoint: 'clientByDocument' | Port: '8001'
2020-04-08 19:59:13 [hystrix-Controller-10] INFO  m.c.management.controller.Controller - Called endpoint: 'clientByDocument' | Port: '8001'
2020-04-08 19:59:20 [hystrix-Controller-10] INFO  m.c.management.controller.Controller - Called endpoint: 'clientByDocument' | Port: '8001'
2020-04-08 19:59:55 [hystrix-Controller-10] INFO  m.c.management.controller.Controller - Called endpoint: 'clientByDocument' | Port: '8001'
2020-04-08 20:01:15 [hystrix-Controller-10] INFO  m.c.management.controller.Controller - Called endpoint: 'clientByDocument' | Port: '8001'
2020-04-08 20:01:28 [hystrix-Controller-10] INFO  m.c.management.controller.Controller - Called endpoint: 'clientByDocument' | Port: '8001'
2020-04-08 20:01:50 [hystrix-Controller-10] INFO  m.c.management.controller.Controller - Called endpoint: 'clientByDocument' | Port: '8001'
2020-04-08 20:01:53 [hystrix-Controller-10] INFO  m.c.management.controller.Controller - Called endpoint: 'clientByDocument' | Port: '8001'
2020-04-08 20:02:04 [hystrix-Controller-10] INFO  m.c.management.controller.Controller - Called endpoint: 'clientByDocument' | Port: '8001'
2020-04-08 20:02:08 [hystrix-Controller-10] INFO  m.c.management.controller.Controller - Called endpoint: 'clientByDocument' | Port: '8001'
2020-04-08 20:02:43 [hystrix-Controller-10] INFO  m.c.management.controller.Controller - Called endpoint: 'clientByDocument' | Port: '8001'
2020-04-08 20:03:05 [hystrix-Controller-10] INFO  m.c.management.controller.Controller - Called endpoint: 'clientByDocument' | Port: '8001'
2020-04-08 20:03:15 [hystrix-Controller-10] INFO  m.c.management.controller.Controller - Called endpoint: 'clientByDocument' | Port: '8001'
2020-04-08 20:03:22 [hystrix-Controller-10] INFO  m.c.management.controller.Controller - Called endpoint: 'clientByDocument' | Port: '8001'
2020-04-08 20:04:54 [hystrix-Controller-10] INFO  m.c.management.controller.Controller - Called endpoint: 'clientByDocument' | Port: '8001'
2020-04-08 20:04:57 [hystrix-Controller-10] INFO  m.c.management.controller.Controller - Called endpoint: 'clientByDocument' | Port: '8001'
2020-04-08 20:05:01 [hystrix-Controller-10] INFO  m.c.management.controller.Controller - Called endpoint: 'clientByDocument' | Port: '8001'
2020-04-08 20:05:11 [hystrix-Controller-10] INFO  m.c.management.controller.Controller - Called endpoint: 'clientByDocument' | Port: '8001'
2020-04-08 20:05:18 [hystrix-Controller-10] INFO  m.c.management.controller.Controller - Called endpoint: 'clientByDocument' | Port: '8001'
2020-04-08 20:05:42 [hystrix-Controller-10] INFO  m.c.management.controller.Controller - Called endpoint: 'clientByDocument' | Port: '8001'
2020-04-08 20:05:44 [hystrix-Controller-10] INFO  m.c.management.controller.Controller - Called endpoint: 'clientByDocument' | Port: '8001'
2020-04-08 20:06:28 [hystrix-Controller-10] INFO  m.c.management.controller.Controller - Called endpoint: 'clientByDocument' | Port: '8001'
2020-04-08 20:06:36 [hystrix-Controller-10] INFO  m.c.management.controller.Controller - Called endpoint: 'clientByDocument' | Port: '8001'
2020-04-08 20:06:48 [hystrix-Controller-10] INFO  m.c.management.controller.Controller - Called endpoint: 'clientByDocument' | Port: '8001'
2020-04-08 20:07:12 [hystrix-Controller-10] INFO  m.c.management.controller.Controller - Called endpoint: 'clientByDocument' | Port: '8001'
2020-04-08 20:07:16 [hystrix-Controller-10] INFO  m.c.management.controller.Controller - Called endpoint: 'clientByDocument' | Port: '8001'
2020-04-08 20:07:19 [hystrix-Controller-10] INFO  m.c.management.controller.Controller - Called endpoint: 'clientByDocument' | Port: '8001'
2020-04-08 20:07:29 [hystrix-Controller-10] INFO  m.c.management.controller.Controller - Called endpoint: 'clientByDocument' | Port: '8001'
2020-04-08 20:07:50 [hystrix-Controller-10] INFO  m.c.management.controller.Controller - Called endpoint: 'clientByDocument' | Port: '8001'
2020-04-08 20:08:01 [hystrix-Controller-10] INFO  m.c.management.controller.Controller - Called endpoint: 'clientByDocument' | Port: '8001'
2020-04-08 20:08:59 [hystrix-Controller-10] INFO  m.c.management.controller.Controller - Called endpoint: 'clientByDocument' | Port: '8001'
2020-04-08 20:09:34 [hystrix-Controller-10] INFO  m.c.management.controller.Controller - Called endpoint: 'clientByDocument' | Port: '8001'
2020-04-08 20:10:08 [hystrix-Controller-10] INFO  m.c.management.controller.Controller - Called endpoint: 'clientByDocument' | Port: '8001'
2020-04-08 20:10:15 [hystrix-Controller-10] INFO  m.c.management.controller.Controller - Called endpoint: 'clientByDocument' | Port: '8001'
2020-04-08 20:10:29 [hystrix-Controller-10] INFO  m.c.management.controller.Controller - Called endpoint: 'clientByDocument' | Port: '8001'
2020-04-08 20:10:34 [hystrix-Controller-10] INFO  m.c.management.controller.Controller - Called endpoint: 'clientByDocument' | Port: '8001'
2020-04-08 20:10:38 [hystrix-Controller-10] INFO  m.c.management.controller.Controller - Called endpoint: 'clientByDocument' | Port: '8001'
2020-04-08 20:10:52 [hystrix-Controller-10] INFO  m.c.management.controller.Controller - Called endpoint: 'clientByDocument' | Port: '8001'
2020-04-08 20:11:00 [hystrix-Controller-10] INFO  m.c.management.controller.Controller - Called endpoint: 'clientByDocument' | Port: '8001'
2020-04-08 20:11:09 [hystrix-Controller-10] INFO  m.c.management.controller.Controller - Called endpoint: 'clientByDocument' | Port: '8001'
2020-04-08 20:11:16 [hystrix-Controller-10] INFO  m.c.management.controller.Controller - Called endpoint: 'clientByDocument' | Port: '8001'
2020-04-08 20:11:20 [hystrix-Controller-10] INFO  m.c.management.controller.Controller - Called endpoint: 'clientByDocument' | Port: '8001'
2020-04-08 20:11:25 [hystrix-Controller-10] INFO  m.c.management.controller.Controller - Called endpoint: 'clientByDocument' | Port: '8001'
2020-04-08 20:11:40 [hystrix-Controller-10] INFO  m.c.management.controller.Controller - Called endpoint: 'clientByDocument' | Port: '8001'
2020-04-08 20:20:05 [hystrix-Controller-10] INFO  m.c.management.controller.Controller - Called endpoint: 'clientByDocument' | Port: '8001'
2020-04-08 20:20:27 [hystrix-Controller-10] INFO  m.c.management.controller.Controller - Called endpoint: 'clientByDocument' | Port: '8001'
2020-04-08 20:23:43 [hystrix-Controller-10] INFO  m.c.management.controller.Controller - Called endpoint: 'clientByDocument' | Port: '8001'
2020-04-08 20:23:47 [hystrix-Controller-10] INFO  m.c.management.controller.Controller - Called endpoint: 'clientByDocument' | Port: '8001'
2020-04-08 20:23:50 [hystrix-Controller-10] INFO  m.c.management.controller.Controller - Called endpoint: 'clientByDocument' | Port: '8001'
2020-04-08 20:24:06 [hystrix-Controller-10] INFO  m.c.management.controller.Controller - Called endpoint: 'clientByDocument' | Port: '8001'
2020-04-08 20:24:20 [hystrix-Controller-10] INFO  m.c.management.controller.Controller - Called endpoint: 'clientByDocument' | Port: '8001'
2020-04-08 20:24:32 [hystrix-Controller-10] INFO  m.c.management.controller.Controller - Called endpoint: 'clientByDocument' | Port: '8001'
2020-04-08 20:24:50 [hystrix-Controller-10] INFO  m.c.management.controller.Controller - Called endpoint: 'clientByDocument' | Port: '8001'
2020-04-08 20:25:00 [hystrix-Controller-10] INFO  m.c.management.controller.Controller - Called endpoint: 'clientByDocument' | Port: '8001'
2020-04-08 20:25:59 [hystrix-Controller-10] INFO  m.c.management.controller.Controller - Called endpoint: 'clientByDocument' | Port: '8001'
2020-04-08 20:26:28 [hystrix-Controller-10] INFO  m.c.management.controller.Controller - Called endpoint: 'clientByDocument' | Port: '8001'
2020-04-08 20:26:36 [hystrix-Controller-10] INFO  m.c.management.controller.Controller - Called endpoint: 'clientByDocument' | Port: '8001'
2020-04-08 20:27:06 [hystrix-Controller-10] INFO  m.c.management.controller.Controller - Called endpoint: 'clientByDocument' | Port: '8001'
2020-04-08 20:27:15 [hystrix-Controller-10] INFO  m.c.management.controller.Controller - Called endpoint: 'clientByDocument' | Port: '8001'
2020-04-08 20:28:03 [hystrix-Controller-10] INFO  m.c.management.controller.Controller - Called endpoint: 'clientByDocument' | Port: '8001'
2020-04-08 20:28:18 [hystrix-Controller-10] INFO  m.c.management.controller.Controller - Called endpoint: 'clientByDocument' | Port: '8001'
2020-04-08 20:28:24 [hystrix-Controller-10] INFO  m.c.management.controller.Controller - Called endpoint: 'clientByDocument' | Port: '8001'
2020-04-08 20:28:36 [hystrix-Controller-10] INFO  m.c.management.controller.Controller - Called endpoint: 'clientByDocument' | Port: '8001'
2020-04-08 20:29:41 [hystrix-Controller-10] INFO  m.c.management.controller.Controller - Called endpoint: 'clientByDocument' | Port: '8001'
2020-04-08 20:33:46 [hystrix-Controller-10] INFO  m.c.management.controller.Controller - Called endpoint: 'clientByDocument' | Port: '8001'
2020-04-08 20:46:38 [hystrix-Controller-10] INFO  m.c.management.controller.Controller - Called endpoint: 'clientByDocument' | Port: '8001'
2020-04-08 20:47:01 [hystrix-Controller-10] INFO  m.c.management.controller.Controller - Called endpoint: 'clientByDocument' | Port: '8001'
2020-04-08 20:47:06 [hystrix-Controller-10] INFO  m.c.management.controller.Controller - Called endpoint: 'clientByDocument' | Port: '8001'
2020-04-08 20:47:15 [hystrix-Controller-10] INFO  m.c.management.controller.Controller - Called endpoint: 'clientByDocument' | Port: '8001'
2020-04-08 20:48:19 [hystrix-Controller-10] INFO  m.c.management.controller.Controller - Called endpoint: 'clientByDocument' | Port: '8001'
2020-04-08 20:48:47 [hystrix-Controller-10] INFO  m.c.management.controller.Controller - Called endpoint: 'clientByDocument' | Port: '8001'
2020-04-08 20:49:01 [hystrix-Controller-10] INFO  m.c.management.controller.Controller - Called endpoint: 'clientByDocument' | Port: '8001'
2020-04-08 20:49:13 [hystrix-Controller-10] INFO  m.c.management.controller.Controller - Called endpoint: 'clientByDocument' | Port: '8001'
2020-04-08 20:49:35 [hystrix-Controller-10] INFO  m.c.management.controller.Controller - Called endpoint: 'clientByDocument' | Port: '8001'
2020-04-08 20:49:51 [hystrix-Controller-10] INFO  m.c.management.controller.Controller - Called endpoint: 'clientByDocument' | Port: '8001'
2020-04-08 20:49:55 [hystrix-Controller-10] INFO  m.c.management.controller.Controller - Called endpoint: 'clientByDocument' | Port: '8001'
2020-04-08 20:50:09 [hystrix-Controller-10] INFO  m.c.management.controller.Controller - Called endpoint: 'clientByDocument' | Port: '8001'
2020-04-08 20:50:37 [hystrix-Controller-10] INFO  m.c.management.controller.Controller - Called endpoint: 'clientByDocument' | Port: '8001'
2020-04-08 20:50:39 [hystrix-Controller-10] INFO  m.c.management.controller.Controller - Called endpoint: 'clientByDocument' | Port: '8001'
2020-04-08 20:50:40 [hystrix-Controller-10] INFO  m.c.management.controller.Controller - Called endpoint: 'clientByDocument' | Port: '8001'
2020-04-08 20:50:42 [hystrix-Controller-10] INFO  m.c.management.controller.Controller - Called endpoint: 'clientByDocument' | Port: '8001'
2020-04-08 20:50:59 [hystrix-Controller-10] INFO  m.c.management.controller.Controller - Called endpoint: 'clientByDocument' | Port: '8001'
2020-04-08 20:51:10 [hystrix-Controller-10] INFO  m.c.management.controller.Controller - Called endpoint: 'clientByDocument' | Port: '8001'
2020-04-08 20:51:44 [hystrix-Controller-10] INFO  m.c.management.controller.Controller - Called endpoint: 'clientByDocument' | Port: '8001'
2020-04-08 20:52:13 [hystrix-Controller-10] INFO  m.c.management.controller.Controller - Called endpoint: 'clientByDocument' | Port: '8001'
2020-04-08 20:52:34 [hystrix-Controller-10] INFO  m.c.management.controller.Controller - Called endpoint: 'clientByDocument' | Port: '8001'
2020-04-08 20:53:26 [hystrix-Controller-10] INFO  m.c.management.controller.Controller - Called endpoint: 'clientByDocument' | Port: '8001'
2020-04-08 20:53:35 [hystrix-Controller-10] INFO  m.c.management.controller.Controller - Called endpoint: 'clientByDocument' | Port: '8001'
2020-04-08 20:54:21 [hystrix-Controller-10] INFO  m.c.management.controller.Controller - Called endpoint: 'clientByDocument' | Port: '8001'
2020-04-08 20:54:33 [hystrix-Controller-10] INFO  m.c.management.controller.Controller - Called endpoint: 'clientByDocument' | Port: '8001'
2020-04-08 20:54:48 [hystrix-Controller-10] INFO  m.c.management.controller.Controller - Called endpoint: 'clientByDocument' | Port: '8001'
2020-04-08 20:56:03 [hystrix-Controller-10] INFO  m.c.management.controller.Controller - Called endpoint: 'clientByDocument' | Port: '8001'
2020-04-08 20:56:33 [hystrix-Controller-10] INFO  m.c.management.controller.Controller - Called endpoint: 'clientByDocument' | Port: '8001'
2020-04-08 20:57:30 [hystrix-Controller-10] INFO  m.c.management.controller.Controller - Called endpoint: 'clientByDocument' | Port: '8001'
2020-04-08 20:57:40 [hystrix-Controller-10] INFO  m.c.management.controller.Controller - Called endpoint: 'clientByDocument' | Port: '8001'
2020-04-08 20:57:50 [hystrix-Controller-10] INFO  m.c.management.controller.Controller - Called endpoint: 'clientByDocument' | Port: '8001'
2020-04-08 20:57:59 [hystrix-Controller-10] INFO  m.c.management.controller.Controller - Called endpoint: 'clientByDocument' | Port: '8001'
2020-04-08 20:58:11 [hystrix-Controller-10] INFO  m.c.management.controller.Controller - Called endpoint: 'clientByDocument' | Port: '8001'
2020-04-08 20:58:43 [hystrix-Controller-10] INFO  m.c.management.controller.Controller - Called endpoint: 'clientByDocument' | Port: '8001'
2020-04-08 20:58:56 [hystrix-Controller-10] INFO  m.c.management.controller.Controller - Called endpoint: 'clientByDocument' | Port: '8001'
2020-04-08 20:59:20 [hystrix-Controller-10] INFO  m.c.management.controller.Controller - Called endpoint: 'clientByDocument' | Port: '8001'
2020-04-08 20:59:29 [hystrix-Controller-10] INFO  m.c.management.controller.Controller - Called endpoint: 'clientByDocument' | Port: '8001'
2020-04-08 20:59:45 [hystrix-Controller-10] INFO  m.c.management.controller.Controller - Called endpoint: 'clientByDocument' | Port: '8001'
2020-04-08 20:59:52 [hystrix-Controller-10] INFO  m.c.management.controller.Controller - Called endpoint: 'clientByDocument' | Port: '8001'
2020-04-08 21:09:07 [hystrix-Controller-10] INFO  m.c.management.controller.Controller - Called endpoint: 'clientByDocument' | Port: '8001'
2020-04-08 21:12:44 [hystrix-Controller-10] INFO  m.c.management.controller.Controller - Called endpoint: 'clientByDocument' | Port: '8001'
2020-04-08 21:12:49 [hystrix-Controller-10] INFO  m.c.management.controller.Controller - Called endpoint: 'clientByDocument' | Port: '8001'
2020-04-08 21:13:30 [hystrix-Controller-10] INFO  m.c.management.controller.Controller - Called endpoint: 'clientByDocument' | Port: '8001'
2020-04-08 21:14:59 [hystrix-Controller-10] INFO  m.c.management.controller.Controller - Called endpoint: 'clientByDocument' | Port: '8001'
2020-04-08 21:15:35 [hystrix-Controller-10] INFO  m.c.management.controller.Controller - Called endpoint: 'clientByDocument' | Port: '8001'
2020-04-08 21:15:59 [hystrix-Controller-10] INFO  m.c.management.controller.Controller - Called endpoint: 'clientByDocument' | Port: '8001'
2020-04-08 21:16:08 [hystrix-Controller-10] INFO  m.c.management.controller.Controller - Called endpoint: 'clientByDocument' | Port: '8001'
2020-04-08 21:17:57 [hystrix-Controller-10] INFO  m.c.management.controller.Controller - Called endpoint: 'clientByDocument' | Port: '8001'
2020-04-08 21:18:10 [hystrix-Controller-10] INFO  m.c.management.controller.Controller - Called endpoint: 'clientByDocument' | Port: '8001'
2020-04-08 21:18:37 [hystrix-Controller-10] INFO  m.c.management.controller.Controller - Called endpoint: 'clientByDocument' | Port: '8001'
2020-04-08 21:18:41 [hystrix-Controller-10] INFO  m.c.management.controller.Controller - Called endpoint: 'clientByDocument' | Port: '8001'
2020-04-08 21:20:13 [hystrix-Controller-10] INFO  m.c.management.controller.Controller - Called endpoint: 'clientByDocument' | Port: '8001'
2020-04-08 21:20:38 [hystrix-Controller-10] INFO  m.c.management.controller.Controller - Called endpoint: 'clientByDocument' | Port: '8001'
2020-04-08 21:22:06 [hystrix-Controller-10] INFO  m.c.management.controller.Controller - Called endpoint: 'clientByDocument' | Port: '8001'
2020-04-08 21:22:15 [hystrix-Controller-10] INFO  m.c.management.controller.Controller - Called endpoint: 'clientByDocument' | Port: '8001'
2020-04-08 21:22:50 [hystrix-Controller-10] INFO  m.c.management.controller.Controller - Called endpoint: 'clientByDocument' | Port: '8001'
2020-04-08 21:22:52 [hystrix-Controller-10] INFO  m.c.management.controller.Controller - Called endpoint: 'clientByDocument' | Port: '8001'
2020-04-08 21:23:00 [hystrix-Controller-10] INFO  m.c.management.controller.Controller - Called endpoint: 'clientByDocument' | Port: '8001'
2020-04-08 21:23:35 [hystrix-Controller-10] INFO  m.c.management.controller.Controller - Called endpoint: 'clientByDocument' | Port: '8001'
2020-04-08 21:23:41 [hystrix-Controller-10] INFO  m.c.management.controller.Controller - Called endpoint: 'clientByDocument' | Port: '8001'
2020-04-08 21:24:42 [hystrix-Controller-10] INFO  m.c.management.controller.Controller - Called endpoint: 'clientByDocument' | Port: '8001'
2020-04-08 21:25:10 [hystrix-Controller-10] INFO  m.c.management.controller.Controller - Called endpoint: 'clientByDocument' | Port: '8001'
2020-04-08 21:25:29 [hystrix-Controller-10] INFO  m.c.management.controller.Controller - Called endpoint: 'clientByDocument' | Port: '8001'
2020-04-08 21:25:56 [hystrix-Controller-10] INFO  m.c.management.controller.Controller - Called endpoint: 'clientByDocument' | Port: '8001'
2020-04-08 21:26:40 [hystrix-Controller-10] INFO  m.c.management.controller.Controller - Called endpoint: 'clientByDocument' | Port: '8001'
2020-04-08 21:26:43 [hystrix-Controller-10] INFO  m.c.management.controller.Controller - Called endpoint: 'clientByDocument' | Port: '8001'
2020-04-08 21:26:52 [hystrix-Controller-10] INFO  m.c.management.controller.Controller - Called endpoint: 'clientByDocument' | Port: '8001'
2020-04-08 21:27:13 [hystrix-Controller-10] INFO  m.c.management.controller.Controller - Called endpoint: 'clientByDocument' | Port: '8001'
2020-04-08 21:27:35 [hystrix-Controller-10] INFO  m.c.management.controller.Controller - Called endpoint: 'clientByDocument' | Port: '8001'
2020-04-08 21:27:47 [hystrix-Controller-10] INFO  m.c.management.controller.Controller - Called endpoint: 'clientByDocument' | Port: '8001'
2020-04-08 21:28:18 [hystrix-Controller-10] INFO  m.c.management.controller.Controller - Called endpoint: 'clientByDocument' | Port: '8001'
2020-04-08 21:28:37 [hystrix-Controller-10] INFO  m.c.management.controller.Controller - Called endpoint: 'clientByDocument' | Port: '8001'
2020-04-08 21:29:00 [hystrix-Controller-10] INFO  m.c.management.controller.Controller - Called endpoint: 'clientByDocument' | Port: '8001'
2020-04-08 21:29:33 [hystrix-Controller-10] INFO  m.c.management.controller.Controller - Called endpoint: 'clientByDocument' | Port: '8001'
2020-04-08 21:33:02 [hystrix-Controller-10] INFO  m.c.management.controller.Controller - Called endpoint: 'clientByDocument' | Port: '8001'
2020-04-08 21:59:20 [hystrix-Controller-10] INFO  m.c.management.controller.Controller - Called endpoint: 'clientByDocument' | Port: '8001'
2020-04-08 22:00:23 [hystrix-Controller-10] INFO  m.c.management.controller.Controller - Called endpoint: 'clientByDocument' | Port: '8001'
2020-04-08 22:00:28 [hystrix-Controller-10] INFO  m.c.management.controller.Controller - Called endpoint: 'clientByDocument' | Port: '8001'
2020-04-08 22:01:24 [hystrix-Controller-10] INFO  m.c.management.controller.Controller - Called endpoint: 'clientByDocument' | Port: '8001'
2020-04-08 22:05:32 [hystrix-Controller-10] INFO  m.c.management.controller.Controller - Called endpoint: 'clientByDocument' | Port: '8001'
2020-04-08 22:06:46 [hystrix-Controller-10] INFO  m.c.management.controller.Controller - Called endpoint: 'clientByDocument' | Port: '8001'
2020-04-08 22:07:02 [hystrix-Controller-10] INFO  m.c.management.controller.Controller - Called endpoint: 'clientByDocument' | Port: '8001'
2020-04-08 22:11:00 [hystrix-Controller-10] INFO  m.c.management.controller.Controller - Called endpoint: 'clientByDocument' | Port: '8001'
2020-04-08 22:11:54 [hystrix-Controller-10] INFO  m.c.management.controller.Controller - Called endpoint: 'clientByDocument' | Port: '8001'
2020-04-08 22:12:06 [hystrix-Controller-10] INFO  m.c.management.controller.Controller - Called endpoint: 'clientByDocument' | Port: '8001'
2020-04-08 22:12:23 [hystrix-Controller-10] INFO  m.c.management.controller.Controller - Called endpoint: 'clientByDocument' | Port: '8001'
2020-04-08 22:13:51 [hystrix-Controller-10] INFO  m.c.management.controller.Controller - Called endpoint: 'clientByDocument' | Port: '8001'
2020-04-08 22:14:16 [hystrix-Controller-10] INFO  m.c.management.controller.Controller - Called endpoint: 'clientByDocument' | Port: '8001'
2020-04-08 22:16:51 [hystrix-Controller-10] INFO  m.c.management.controller.Controller - Called endpoint: 'clientByDocument' | Port: '8001'
2020-04-08 22:19:04 [hystrix-Controller-10] INFO  m.c.management.controller.Controller - Called endpoint: 'clientByDocument' | Port: '8001'
2020-04-08 22:19:08 [hystrix-Controller-10] INFO  m.c.management.controller.Controller - Called endpoint: 'clientByDocument' | Port: '8001'
2020-04-08 22:23:56 [hystrix-Controller-10] INFO  m.c.management.controller.Controller - Called endpoint: 'clientByDocument' | Port: '8001'
2020-04-08 22:40:38 [hystrix-Controller-10] INFO  m.c.management.controller.Controller - Called endpoint: 'clientByDocument' | Port: '8001'
2020-04-08 22:40:55 [hystrix-Controller-10] INFO  m.c.management.controller.Controller - Called endpoint: 'clientByDocument' | Port: '8001'
2020-04-08 22:41:08 [hystrix-Controller-10] INFO  m.c.management.controller.Controller - Called endpoint: 'clientByDocument' | Port: '8001'
2020-04-08 22:41:16 [hystrix-Controller-10] INFO  m.c.management.controller.Controller - Called endpoint: 'clientByDocument' | Port: '8001'
2020-04-08 22:41:32 [hystrix-Controller-10] INFO  m.c.management.controller.Controller - Called endpoint: 'clientByDocument' | Port: '8001'
2020-04-08 22:42:08 [hystrix-Controller-10] INFO  m.c.management.controller.Controller - Called endpoint: 'clientByDocument' | Port: '8001'
2020-04-08 22:42:11 [hystrix-Controller-10] INFO  m.c.management.controller.Controller - Called endpoint: 'clientByDocument' | Port: '8001'
2020-04-08 22:42:19 [hystrix-Controller-10] INFO  m.c.management.controller.Controller - Called endpoint: 'clientByDocument' | Port: '8001'
2020-04-08 22:43:02 [hystrix-Controller-10] INFO  m.c.management.controller.Controller - Called endpoint: 'clientByDocument' | Port: '8001'
2020-04-08 22:43:27 [hystrix-Controller-10] INFO  m.c.management.controller.Controller - Called endpoint: 'clientByDocument' | Port: '8001'
2020-04-08 22:43:54 [hystrix-Controller-10] INFO  m.c.management.controller.Controller - Called endpoint: 'clientByDocument' | Port: '8001'
2020-04-08 22:44:15 [hystrix-Controller-10] INFO  m.c.management.controller.Controller - Called endpoint: 'clientByDocument' | Port: '8001'
