2020-04-08 11:23:17 [restartedMain] INFO  ms.invoice.MsInvoiceApplication - No active profile set, falling back to default profiles: default
2020-04-08 11:23:24 [restartedMain] INFO  ms.invoice.MsInvoiceApplication - Started MsInvoiceApplication in 12.623 seconds (JVM running for 13.457)
2020-04-08 15:18:57 [hystrix-Controller-1] INFO  ms.invoice.controller.Controller - Called endpoint: 'invoiceAll' | Port: '8003'
2020-04-08 15:21:05 [restartedMain] INFO  ms.invoice.MsInvoiceApplication - No active profile set, falling back to default profiles: default
2020-04-08 15:21:08 [restartedMain] INFO  ms.invoice.MsInvoiceApplication - Started MsInvoiceApplication in 8.128 seconds (JVM running for 14277.412)
2020-04-08 15:21:24 [restartedMain] INFO  ms.invoice.MsInvoiceApplication - No active profile set, falling back to default profiles: default
2020-04-08 15:21:28 [restartedMain] INFO  ms.invoice.MsInvoiceApplication - Started MsInvoiceApplication in 7.946 seconds (JVM running for 14296.813)
2020-04-08 15:21:54 [restartedMain] INFO  ms.invoice.MsInvoiceApplication - No active profile set, falling back to default profiles: default
2020-04-08 15:21:57 [restartedMain] INFO  ms.invoice.MsInvoiceApplication - Started MsInvoiceApplication in 7.92 seconds (JVM running for 14326.173)
2020-04-08 15:22:11 [restartedMain] INFO  ms.invoice.MsInvoiceApplication - No active profile set, falling back to default profiles: default
2020-04-08 15:22:14 [restartedMain] INFO  ms.invoice.MsInvoiceApplication - Started MsInvoiceApplication in 7.925 seconds (JVM running for 14343.498)
2020-04-08 15:22:23 [restartedMain] INFO  ms.invoice.MsInvoiceApplication - No active profile set, falling back to default profiles: default
2020-04-08 15:22:27 [restartedMain] INFO  ms.invoice.MsInvoiceApplication - Started MsInvoiceApplication in 7.924 seconds (JVM running for 14355.811)
2020-04-08 15:22:41 [restartedMain] INFO  ms.invoice.MsInvoiceApplication - No active profile set, falling back to default profiles: default
2020-04-08 15:22:47 [restartedMain] INFO  ms.invoice.MsInvoiceApplication - Started MsInvoiceApplication in 11.735 seconds (JVM running for 12.412)
2020-04-08 15:22:48 [hystrix-Controller-1] INFO  ms.invoice.controller.Controller - Called endpoint: 'contractByDocument' | Port: '8003'
2020-04-08 15:22:51 [hystrix-Controller-2] INFO  ms.invoice.controller.Controller - Called endpoint: 'contractByDocument' | Port: '8003'
2020-04-08 15:24:06 [hystrix-Controller-3] INFO  ms.invoice.controller.Controller - Called endpoint: 'contractByDocument' | Port: '8003'
2020-04-08 15:24:06 [hystrix-Controller-4] INFO  ms.invoice.controller.Controller - Called endpoint: 'contractByDocument' | Port: '8003'
2020-04-08 15:24:06 [hystrix-Controller-5] INFO  ms.invoice.controller.Controller - Called endpoint: 'contractByDocument' | Port: '8003'
2020-04-08 15:24:09 [hystrix-Controller-6] INFO  ms.invoice.controller.Controller - Called endpoint: 'contractByDocument' | Port: '8003'
2020-04-08 15:24:11 [hystrix-Controller-7] INFO  ms.invoice.controller.Controller - Called endpoint: 'contractByDocument' | Port: '8003'
2020-04-08 15:24:11 [hystrix-Controller-8] INFO  ms.invoice.controller.Controller - Called endpoint: 'contractByDocument' | Port: '8003'
2020-04-08 15:24:11 [hystrix-Controller-9] INFO  ms.invoice.controller.Controller - Called endpoint: 'contractByDocument' | Port: '8003'
2020-04-08 15:25:19 [restartedMain] INFO  ms.invoice.MsInvoiceApplication - No active profile set, falling back to default profiles: default
2020-04-08 15:25:22 [restartedMain] INFO  ms.invoice.MsInvoiceApplication - Started MsInvoiceApplication in 8.025 seconds (JVM running for 167.625)
2020-04-08 15:25:50 [restartedMain] INFO  ms.invoice.MsInvoiceApplication - No active profile set, falling back to default profiles: default
2020-04-08 15:25:58 [restartedMain] INFO  ms.invoice.MsInvoiceApplication - Started MsInvoiceApplication in 12.356 seconds (JVM running for 13.224)
2020-04-08 15:26:15 [restartedMain] INFO  ms.invoice.MsInvoiceApplication - No active profile set, falling back to default profiles: default
2020-04-08 15:26:23 [restartedMain] INFO  ms.invoice.MsInvoiceApplication - No active profile set, falling back to default profiles: default
2020-04-08 15:26:31 [restartedMain] INFO  ms.invoice.MsInvoiceApplication - Started MsInvoiceApplication in 12.422 seconds (JVM running for 13.247)
2020-04-08 15:28:25 [restartedMain] INFO  ms.invoice.MsInvoiceApplication - No active profile set, falling back to default profiles: default
2020-04-08 15:28:36 [restartedMain] INFO  ms.invoice.MsInvoiceApplication - No active profile set, falling back to default profiles: default
2020-04-08 15:28:44 [restartedMain] INFO  ms.invoice.MsInvoiceApplication - Started MsInvoiceApplication in 12.469 seconds (JVM running for 13.292)
2020-04-08 15:30:45 [restartedMain] INFO  ms.invoice.MsInvoiceApplication - No active profile set, falling back to default profiles: default
2020-04-08 15:30:49 [restartedMain] INFO  ms.invoice.MsInvoiceApplication - Started MsInvoiceApplication in 8.41 seconds (JVM running for 138.563)
2020-04-08 15:33:21 [restartedMain] INFO  ms.invoice.MsInvoiceApplication - No active profile set, falling back to default profiles: default
2020-04-08 15:33:25 [restartedMain] INFO  ms.invoice.MsInvoiceApplication - Started MsInvoiceApplication in 8.292 seconds (JVM running for 294.801)
2020-04-08 15:33:48 [restartedMain] INFO  ms.invoice.MsInvoiceApplication - No active profile set, falling back to default profiles: default
2020-04-08 15:33:52 [restartedMain] INFO  ms.invoice.MsInvoiceApplication - Started MsInvoiceApplication in 8.306 seconds (JVM running for 321.536)
2020-04-08 15:34:00 [restartedMain] INFO  ms.invoice.MsInvoiceApplication - No active profile set, falling back to default profiles: default
2020-04-08 15:34:04 [restartedMain] INFO  ms.invoice.MsInvoiceApplication - Started MsInvoiceApplication in 8.255 seconds (JVM running for 334.195)
2020-04-08 15:38:55 [restartedMain] INFO  ms.invoice.MsInvoiceApplication - No active profile set, falling back to default profiles: default
2020-04-08 15:38:59 [restartedMain] INFO  ms.invoice.MsInvoiceApplication - Started MsInvoiceApplication in 8.267 seconds (JVM running for 628.871)
2020-04-08 15:47:34 [restartedMain] INFO  ms.invoice.MsInvoiceApplication - No active profile set, falling back to default profiles: default
2020-04-08 15:52:12 [restartedMain] INFO  ms.invoice.MsInvoiceApplication - No active profile set, falling back to default profiles: default
2020-04-08 15:53:06 [restartedMain] INFO  ms.invoice.MsInvoiceApplication - No active profile set, falling back to default profiles: default
2020-04-08 15:53:26 [restartedMain] INFO  ms.invoice.MsInvoiceApplication - No active profile set, falling back to default profiles: default
2020-04-08 15:53:40 [restartedMain] INFO  ms.invoice.MsInvoiceApplication - No active profile set, falling back to default profiles: default
2020-04-08 15:53:47 [restartedMain] INFO  ms.invoice.MsInvoiceApplication - Started MsInvoiceApplication in 12.209 seconds (JVM running for 13.034)
2020-04-08 15:54:03 [restartedMain] INFO  ms.invoice.MsInvoiceApplication - No active profile set, falling back to default profiles: default
2020-04-08 15:54:39 [restartedMain] INFO  ms.invoice.MsInvoiceApplication - No active profile set, falling back to default profiles: default
2020-04-08 15:54:46 [restartedMain] INFO  ms.invoice.MsInvoiceApplication - Started MsInvoiceApplication in 12.235 seconds (JVM running for 13.055)
2020-04-08 15:56:24 [restartedMain] INFO  ms.invoice.MsInvoiceApplication - No active profile set, falling back to default profiles: default
2020-04-08 15:56:28 [restartedMain] INFO  ms.invoice.MsInvoiceApplication - Started MsInvoiceApplication in 8.419 seconds (JVM running for 115.361)
2020-04-08 16:20:04 [restartedMain] INFO  ms.invoice.MsInvoiceApplication - No active profile set, falling back to default profiles: default
2020-04-08 16:20:11 [restartedMain] INFO  ms.invoice.MsInvoiceApplication - Started MsInvoiceApplication in 12.299 seconds (JVM running for 13.122)
2020-04-08 16:22:06 [restartedMain] INFO  ms.invoice.MsInvoiceApplication - No active profile set, falling back to default profiles: default
2020-04-08 16:23:01 [restartedMain] INFO  ms.invoice.MsInvoiceApplication - No active profile set, falling back to default profiles: default
2020-04-08 16:23:09 [restartedMain] INFO  ms.invoice.MsInvoiceApplication - Started MsInvoiceApplication in 12.415 seconds (JVM running for 13.245)
2020-04-08 16:24:37 [restartedMain] INFO  ms.invoice.MsInvoiceApplication - No active profile set, falling back to default profiles: default
2020-04-08 16:24:45 [restartedMain] INFO  ms.invoice.MsInvoiceApplication - Started MsInvoiceApplication in 12.361 seconds (JVM running for 13.192)
2020-04-08 16:28:26 [restartedMain] INFO  ms.invoice.MsInvoiceApplication - No active profile set, falling back to default profiles: default
2020-04-08 16:28:33 [restartedMain] INFO  ms.invoice.MsInvoiceApplication - Started MsInvoiceApplication in 12.448 seconds (JVM running for 13.275)
2020-04-08 16:31:09 [restartedMain] INFO  ms.invoice.MsInvoiceApplication - No active profile set, falling back to default profiles: default
2020-04-08 16:31:13 [restartedMain] INFO  ms.invoice.MsInvoiceApplication - Started MsInvoiceApplication in 8.394 seconds (JVM running for 172.769)
2020-04-08 16:31:34 [restartedMain] INFO  ms.invoice.MsInvoiceApplication - No active profile set, falling back to default profiles: default
2020-04-08 16:31:38 [restartedMain] INFO  ms.invoice.MsInvoiceApplication - Started MsInvoiceApplication in 8.238 seconds (JVM running for 198.445)
2020-04-08 16:32:12 [restartedMain] INFO  ms.invoice.MsInvoiceApplication - No active profile set, falling back to default profiles: default
2020-04-08 16:32:20 [restartedMain] INFO  ms.invoice.MsInvoiceApplication - Started MsInvoiceApplication in 12.41 seconds (JVM running for 13.241)
2020-04-08 16:33:26 [restartedMain] INFO  ms.invoice.MsInvoiceApplication - No active profile set, falling back to default profiles: default
2020-04-08 16:33:30 [restartedMain] INFO  ms.invoice.MsInvoiceApplication - Started MsInvoiceApplication in 8.358 seconds (JVM running for 83.288)
2020-04-08 16:33:46 [hystrix-Controller-1] INFO  ms.invoice.controller.Controller - Called endpoint: 'invoiceAll' | Port: '8003'
2020-04-08 16:33:50 [hystrix-Controller-2] INFO  ms.invoice.controller.Controller - Called endpoint: 'invoiceAll' | Port: '8003'
2020-04-08 16:33:54 [hystrix-Controller-3] INFO  ms.invoice.controller.Controller - Called endpoint: 'invoiceAll' | Port: '8003'
2020-04-08 16:42:16 [hystrix-Controller-4] INFO  ms.invoice.controller.Controller - Called endpoint: 'invoiceAll' | Port: '8003'
2020-04-08 16:43:58 [restartedMain] INFO  ms.invoice.MsInvoiceApplication - No active profile set, falling back to default profiles: default
2020-04-08 16:44:06 [restartedMain] INFO  ms.invoice.MsInvoiceApplication - Started MsInvoiceApplication in 12.435 seconds (JVM running for 13.276)
2020-04-08 16:44:31 [restartedMain] INFO  ms.invoice.MsInvoiceApplication - No active profile set, falling back to default profiles: default
2020-04-08 16:44:35 [restartedMain] INFO  ms.invoice.MsInvoiceApplication - Started MsInvoiceApplication in 8.31 seconds (JVM running for 42.189)
2020-04-08 16:44:35 [hystrix-Controller-1] INFO  ms.invoice.controller.Controller - Called endpoint: 'invoiceAll' | Port: '8003'
2020-04-08 16:56:46 [hystrix-Controller-2] INFO  ms.invoice.controller.Controller - Called endpoint: 'invoiceAll' | Port: '8003'
2020-04-08 16:56:47 [hystrix-Controller-3] INFO  ms.invoice.controller.Controller - Called endpoint: 'invoiceAll' | Port: '8003'
2020-04-08 16:57:38 [hystrix-Controller-4] INFO  ms.invoice.controller.Controller - Called endpoint: 'invoiceAll' | Port: '8003'
2020-04-08 17:04:07 [hystrix-Controller-5] INFO  ms.invoice.controller.Controller - Called endpoint: 'invoiceAll' | Port: '8003'
2020-04-08 17:05:11 [hystrix-Controller-6] INFO  ms.invoice.controller.Controller - Called endpoint: 'invoiceAll' | Port: '8003'
2020-04-08 17:05:27 [hystrix-Controller-7] INFO  ms.invoice.controller.Controller - Called endpoint: 'invoiceAll' | Port: '8003'
2020-04-08 17:05:41 [hystrix-Controller-8] INFO  ms.invoice.controller.Controller - Called endpoint: 'invoiceAll' | Port: '8003'
2020-04-08 17:06:59 [hystrix-Controller-9] INFO  ms.invoice.controller.Controller - Called endpoint: 'invoiceAll' | Port: '8003'
2020-04-08 17:09:09 [restartedMain] INFO  ms.invoice.MsInvoiceApplication - No active profile set, falling back to default profiles: default
2020-04-08 17:11:25 [restartedMain] INFO  ms.invoice.MsInvoiceApplication - No active profile set, falling back to default profiles: default
2020-04-08 17:12:00 [restartedMain] INFO  ms.invoice.MsInvoiceApplication - No active profile set, falling back to default profiles: default
2020-04-08 17:12:08 [restartedMain] INFO  ms.invoice.MsInvoiceApplication - Started MsInvoiceApplication in 12.903 seconds (JVM running for 13.733)
2020-04-08 17:12:18 [hystrix-Controller-1] INFO  ms.invoice.controller.Controller - Called endpoint: 'invoiceAll' | Port: '8003'
2020-04-08 17:12:32 [hystrix-Controller-2] INFO  ms.invoice.controller.Controller - Called endpoint: 'invoiceAll' | Port: '8003'
2020-04-08 17:12:33 [hystrix-Controller-3] INFO  ms.invoice.controller.Controller - Called endpoint: 'invoiceAll' | Port: '8003'
2020-04-08 17:12:33 [hystrix-Controller-4] INFO  ms.invoice.controller.Controller - Called endpoint: 'invoiceAll' | Port: '8003'
2020-04-08 17:12:33 [hystrix-Controller-5] INFO  ms.invoice.controller.Controller - Called endpoint: 'invoiceAll' | Port: '8003'
2020-04-08 17:17:28 [hystrix-Controller-6] INFO  ms.invoice.controller.Controller - Called endpoint: 'invoiceAll' | Port: '8003'
2020-04-08 17:17:51 [hystrix-Controller-7] INFO  ms.invoice.controller.Controller - Called endpoint: 'invoiceAll' | Port: '8003'
2020-04-08 17:18:17 [hystrix-Controller-8] INFO  ms.invoice.controller.Controller - Called endpoint: 'invoiceAll' | Port: '8003'
2020-04-08 17:18:19 [hystrix-Controller-9] INFO  ms.invoice.controller.Controller - Called endpoint: 'invoiceAll' | Port: '8003'
2020-04-08 17:18:35 [hystrix-Controller-10] INFO  ms.invoice.controller.Controller - Called endpoint: 'invoiceAll' | Port: '8003'
2020-04-08 17:18:51 [hystrix-Controller-10] INFO  ms.invoice.controller.Controller - Called endpoint: 'invoiceAll' | Port: '8003'
2020-04-08 17:18:59 [hystrix-Controller-10] INFO  ms.invoice.controller.Controller - Called endpoint: 'invoiceAll' | Port: '8003'
2020-04-08 17:19:10 [hystrix-Controller-10] INFO  ms.invoice.controller.Controller - Called endpoint: 'invoiceAll' | Port: '8003'
2020-04-08 17:19:14 [hystrix-Controller-10] INFO  ms.invoice.controller.Controller - Called endpoint: 'invoiceAll' | Port: '8003'
2020-04-08 17:19:16 [hystrix-Controller-10] INFO  ms.invoice.controller.Controller - Called endpoint: 'invoiceAll' | Port: '8003'
2020-04-08 17:19:17 [hystrix-Controller-10] INFO  ms.invoice.controller.Controller - Called endpoint: 'invoiceAll' | Port: '8003'
2020-04-08 17:19:17 [hystrix-Controller-10] INFO  ms.invoice.controller.Controller - Called endpoint: 'invoiceAll' | Port: '8003'
2020-04-08 17:19:18 [hystrix-Controller-10] INFO  ms.invoice.controller.Controller - Called endpoint: 'invoiceAll' | Port: '8003'
2020-04-08 17:19:19 [hystrix-Controller-10] INFO  ms.invoice.controller.Controller - Called endpoint: 'invoiceAll' | Port: '8003'
2020-04-08 17:19:31 [hystrix-Controller-10] INFO  ms.invoice.controller.Controller - Called endpoint: 'invoiceAll' | Port: '8003'
2020-04-08 17:19:33 [hystrix-Controller-10] INFO  ms.invoice.controller.Controller - Called endpoint: 'invoiceAll' | Port: '8003'
2020-04-08 17:19:34 [hystrix-Controller-10] INFO  ms.invoice.controller.Controller - Called endpoint: 'invoiceAll' | Port: '8003'
2020-04-08 17:19:36 [hystrix-Controller-10] INFO  ms.invoice.controller.Controller - Called endpoint: 'invoiceAll' | Port: '8003'
2020-04-08 17:19:37 [hystrix-Controller-10] INFO  ms.invoice.controller.Controller - Called endpoint: 'invoiceAll' | Port: '8003'
2020-04-08 17:19:38 [hystrix-Controller-10] INFO  ms.invoice.controller.Controller - Called endpoint: 'invoiceAll' | Port: '8003'
2020-04-08 17:19:40 [hystrix-Controller-10] INFO  ms.invoice.controller.Controller - Called endpoint: 'invoiceAll' | Port: '8003'
2020-04-08 17:19:41 [hystrix-Controller-10] INFO  ms.invoice.controller.Controller - Called endpoint: 'invoiceAll' | Port: '8003'
2020-04-08 17:20:26 [hystrix-Controller-10] INFO  ms.invoice.controller.Controller - Called endpoint: 'invoiceAll' | Port: '8003'
2020-04-08 17:20:31 [hystrix-Controller-10] INFO  ms.invoice.controller.Controller - Called endpoint: 'invoiceAll' | Port: '8003'
2020-04-08 17:20:35 [hystrix-Controller-10] INFO  ms.invoice.controller.Controller - Called endpoint: 'invoiceAll' | Port: '8003'
2020-04-08 17:21:07 [hystrix-Controller-10] INFO  ms.invoice.controller.Controller - Called endpoint: 'invoiceAll' | Port: '8003'
2020-04-08 17:21:33 [hystrix-Controller-10] INFO  ms.invoice.controller.Controller - Called endpoint: 'invoiceAll' | Port: '8003'
2020-04-08 17:21:36 [hystrix-Controller-10] INFO  ms.invoice.controller.Controller - Called endpoint: 'invoiceAll' | Port: '8003'
2020-04-08 17:21:56 [hystrix-Controller-10] INFO  ms.invoice.controller.Controller - Called endpoint: 'invoiceAll' | Port: '8003'
2020-04-08 17:22:05 [hystrix-Controller-10] INFO  ms.invoice.controller.Controller - Called endpoint: 'invoiceAll' | Port: '8003'
2020-04-08 17:22:41 [hystrix-Controller-10] INFO  ms.invoice.controller.Controller - Called endpoint: 'invoiceAll' | Port: '8003'
2020-04-08 17:23:01 [hystrix-Controller-10] INFO  ms.invoice.controller.Controller - Called endpoint: 'invoiceAll' | Port: '8003'
2020-04-08 17:25:31 [hystrix-Controller-10] INFO  ms.invoice.controller.Controller - Called endpoint: 'invoiceAll' | Port: '8003'
2020-04-08 17:25:43 [hystrix-Controller-10] INFO  ms.invoice.controller.Controller - Called endpoint: 'invoiceAll' | Port: '8003'
2020-04-08 17:26:05 [hystrix-Controller-10] INFO  ms.invoice.controller.Controller - Called endpoint: 'invoiceAll' | Port: '8003'
2020-04-08 18:09:27 [hystrix-Controller-10] INFO  ms.invoice.controller.Controller - Called endpoint: 'invoiceAll' | Port: '8003'
2020-04-08 18:12:14 [hystrix-Controller-10] INFO  ms.invoice.controller.Controller - Called endpoint: 'invoiceAll' | Port: '8003'
2020-04-08 18:12:32 [hystrix-Controller-10] INFO  ms.invoice.controller.Controller - Called endpoint: 'invoiceAll' | Port: '8003'
2020-04-08 18:12:55 [hystrix-Controller-10] INFO  ms.invoice.controller.Controller - Called endpoint: 'invoiceAll' | Port: '8003'
2020-04-08 18:13:07 [hystrix-Controller-10] INFO  ms.invoice.controller.Controller - Called endpoint: 'invoiceAll' | Port: '8003'
2020-04-08 18:13:49 [hystrix-Controller-10] INFO  ms.invoice.controller.Controller - Called endpoint: 'invoiceAll' | Port: '8003'
2020-04-08 18:14:13 [hystrix-Controller-10] INFO  ms.invoice.controller.Controller - Called endpoint: 'invoiceAll' | Port: '8003'
2020-04-08 18:14:33 [hystrix-Controller-10] INFO  ms.invoice.controller.Controller - Called endpoint: 'invoiceAll' | Port: '8003'
2020-04-08 18:16:37 [hystrix-Controller-10] INFO  ms.invoice.controller.Controller - Called endpoint: 'invoiceAll' | Port: '8003'
2020-04-08 18:16:58 [hystrix-Controller-10] INFO  ms.invoice.controller.Controller - Called endpoint: 'invoiceAll' | Port: '8003'
2020-04-08 18:17:20 [hystrix-Controller-10] INFO  ms.invoice.controller.Controller - Called endpoint: 'invoiceAll' | Port: '8003'
2020-04-08 18:17:28 [hystrix-Controller-10] INFO  ms.invoice.controller.Controller - Called endpoint: 'invoiceAll' | Port: '8003'
2020-04-08 18:17:53 [hystrix-Controller-10] INFO  ms.invoice.controller.Controller - Called endpoint: 'invoiceAll' | Port: '8003'
2020-04-08 18:18:02 [hystrix-Controller-10] INFO  ms.invoice.controller.Controller - Called endpoint: 'invoiceAll' | Port: '8003'
2020-04-08 18:18:35 [hystrix-Controller-10] INFO  ms.invoice.controller.Controller - Called endpoint: 'invoiceAll' | Port: '8003'
2020-04-08 18:18:43 [hystrix-Controller-10] INFO  ms.invoice.controller.Controller - Called endpoint: 'invoiceAll' | Port: '8003'
2020-04-08 18:18:59 [hystrix-Controller-10] INFO  ms.invoice.controller.Controller - Called endpoint: 'invoiceAll' | Port: '8003'
2020-04-08 18:19:05 [hystrix-Controller-10] INFO  ms.invoice.controller.Controller - Called endpoint: 'invoiceAll' | Port: '8003'
2020-04-08 18:19:16 [hystrix-Controller-10] INFO  ms.invoice.controller.Controller - Called endpoint: 'invoiceAll' | Port: '8003'
2020-04-08 18:19:25 [hystrix-Controller-10] INFO  ms.invoice.controller.Controller - Called endpoint: 'invoiceAll' | Port: '8003'
2020-04-08 18:19:28 [hystrix-Controller-10] INFO  ms.invoice.controller.Controller - Called endpoint: 'invoiceAll' | Port: '8003'
2020-04-08 18:19:31 [hystrix-Controller-10] INFO  ms.invoice.controller.Controller - Called endpoint: 'invoiceAll' | Port: '8003'
2020-04-08 18:19:33 [hystrix-Controller-10] INFO  ms.invoice.controller.Controller - Called endpoint: 'invoiceAll' | Port: '8003'
2020-04-08 18:19:35 [hystrix-Controller-10] INFO  ms.invoice.controller.Controller - Called endpoint: 'invoiceAll' | Port: '8003'
2020-04-08 18:19:47 [hystrix-Controller-10] INFO  ms.invoice.controller.Controller - Called endpoint: 'invoiceAll' | Port: '8003'
2020-04-08 18:20:08 [hystrix-Controller-10] INFO  ms.invoice.controller.Controller - Called endpoint: 'invoiceAll' | Port: '8003'
2020-04-08 18:21:03 [hystrix-Controller-10] INFO  ms.invoice.controller.Controller - Called endpoint: 'invoiceAll' | Port: '8003'
2020-04-08 18:21:28 [hystrix-Controller-10] INFO  ms.invoice.controller.Controller - Called endpoint: 'invoiceAll' | Port: '8003'
2020-04-08 18:21:33 [hystrix-Controller-10] INFO  ms.invoice.controller.Controller - Called endpoint: 'invoiceAll' | Port: '8003'
2020-04-08 18:21:35 [hystrix-Controller-10] INFO  ms.invoice.controller.Controller - Called endpoint: 'invoiceAll' | Port: '8003'
2020-04-08 18:22:26 [hystrix-Controller-10] INFO  ms.invoice.controller.Controller - Called endpoint: 'invoiceAll' | Port: '8003'
2020-04-08 18:24:01 [hystrix-Controller-10] INFO  ms.invoice.controller.Controller - Called endpoint: 'invoiceAll' | Port: '8003'
2020-04-08 18:24:06 [hystrix-Controller-10] INFO  ms.invoice.controller.Controller - Called endpoint: 'invoiceAll' | Port: '8003'
2020-04-08 19:01:38 [hystrix-Controller-10] INFO  ms.invoice.controller.Controller - Called endpoint: 'invoiceAll' | Port: '8003'
2020-04-08 19:02:53 [hystrix-Controller-10] INFO  ms.invoice.controller.Controller - Called endpoint: 'invoiceAll' | Port: '8003'
2020-04-08 19:03:10 [hystrix-Controller-10] INFO  ms.invoice.controller.Controller - Called endpoint: 'invoiceAll' | Port: '8003'
2020-04-08 19:03:41 [hystrix-Controller-10] INFO  ms.invoice.controller.Controller - Called endpoint: 'invoiceAll' | Port: '8003'
2020-04-08 19:08:01 [hystrix-Controller-10] INFO  ms.invoice.controller.Controller - Called endpoint: 'invoiceAll' | Port: '8003'
2020-04-08 19:08:10 [hystrix-Controller-10] INFO  ms.invoice.controller.Controller - Called endpoint: 'invoiceAll' | Port: '8003'
2020-04-08 19:08:14 [hystrix-Controller-10] INFO  ms.invoice.controller.Controller - Called endpoint: 'invoiceAll' | Port: '8003'
2020-04-08 19:08:17 [hystrix-Controller-10] INFO  ms.invoice.controller.Controller - Called endpoint: 'invoiceAll' | Port: '8003'
2020-04-08 19:08:44 [hystrix-Controller-10] INFO  ms.invoice.controller.Controller - Called endpoint: 'invoiceAll' | Port: '8003'
2020-04-08 19:08:48 [hystrix-Controller-10] INFO  ms.invoice.controller.Controller - Called endpoint: 'invoiceAll' | Port: '8003'
2020-04-08 19:09:41 [hystrix-Controller-10] INFO  ms.invoice.controller.Controller - Called endpoint: 'invoiceAll' | Port: '8003'
2020-04-08 19:09:44 [hystrix-Controller-10] INFO  ms.invoice.controller.Controller - Called endpoint: 'invoiceAll' | Port: '8003'
2020-04-08 19:10:39 [hystrix-Controller-10] INFO  ms.invoice.controller.Controller - Called endpoint: 'invoiceAll' | Port: '8003'
2020-04-08 19:11:13 [hystrix-Controller-10] INFO  ms.invoice.controller.Controller - Called endpoint: 'invoiceAll' | Port: '8003'
2020-04-08 19:11:23 [hystrix-Controller-10] INFO  ms.invoice.controller.Controller - Called endpoint: 'invoiceAll' | Port: '8003'
2020-04-08 19:12:55 [hystrix-Controller-10] INFO  ms.invoice.controller.Controller - Called endpoint: 'invoiceAll' | Port: '8003'
2020-04-08 19:12:58 [hystrix-Controller-10] INFO  ms.invoice.controller.Controller - Called endpoint: 'invoiceAll' | Port: '8003'
2020-04-08 19:17:21 [hystrix-Controller-10] INFO  ms.invoice.controller.Controller - Called endpoint: 'invoiceAll' | Port: '8003'
2020-04-08 19:18:16 [hystrix-Controller-10] INFO  ms.invoice.controller.Controller - Called endpoint: 'invoiceAll' | Port: '8003'
2020-04-08 19:18:20 [hystrix-Controller-10] INFO  ms.invoice.controller.Controller - Called endpoint: 'invoiceAll' | Port: '8003'
2020-04-08 19:19:29 [hystrix-Controller-10] INFO  ms.invoice.controller.Controller - Called endpoint: 'invoiceAll' | Port: '8003'
2020-04-08 19:20:03 [hystrix-Controller-10] INFO  ms.invoice.controller.Controller - Called endpoint: 'invoiceAll' | Port: '8003'
2020-04-08 19:20:23 [hystrix-Controller-10] INFO  ms.invoice.controller.Controller - Called endpoint: 'invoiceAll' | Port: '8003'
2020-04-08 19:20:43 [hystrix-Controller-10] INFO  ms.invoice.controller.Controller - Called endpoint: 'invoiceAll' | Port: '8003'
2020-04-08 19:20:59 [hystrix-Controller-10] INFO  ms.invoice.controller.Controller - Called endpoint: 'invoiceAll' | Port: '8003'
2020-04-08 19:26:13 [restartedMain] INFO  ms.invoice.MsInvoiceApplication - No active profile set, falling back to default profiles: default
2020-04-08 19:26:17 [restartedMain] INFO  ms.invoice.MsInvoiceApplication - Started MsInvoiceApplication in 8.478 seconds (JVM running for 8062.963)
2020-04-08 19:28:52 [restartedMain] INFO  ms.invoice.MsInvoiceApplication - No active profile set, falling back to default profiles: default
2020-04-08 19:28:59 [restartedMain] INFO  ms.invoice.MsInvoiceApplication - Started MsInvoiceApplication in 12.533 seconds (JVM running for 14.048)
2020-04-08 19:29:00 [hystrix-Controller-1] INFO  ms.invoice.controller.Controller - Called endpoint: 'invoiceAll' | Port: '8003'
2020-04-08 19:29:08 [hystrix-Controller-2] INFO  ms.invoice.controller.Controller - Called endpoint: 'invoiceAll' | Port: '8003'
2020-04-08 19:29:18 [hystrix-Controller-3] INFO  ms.invoice.controller.Controller - Called endpoint: 'invoiceAll' | Port: '8003'
2020-04-08 19:29:55 [hystrix-Controller-4] INFO  ms.invoice.controller.Controller - Called endpoint: 'invoiceAll' | Port: '8003'
2020-04-08 19:29:59 [hystrix-Controller-5] INFO  ms.invoice.controller.Controller - Called endpoint: 'invoiceAll' | Port: '8003'
2020-04-08 19:30:19 [hystrix-Controller-6] INFO  ms.invoice.controller.Controller - Called endpoint: 'invoiceAll' | Port: '8003'
2020-04-08 19:30:45 [hystrix-Controller-7] INFO  ms.invoice.controller.Controller - Called endpoint: 'invoiceAll' | Port: '8003'
2020-04-08 19:31:52 [hystrix-Controller-8] INFO  ms.invoice.controller.Controller - Called endpoint: 'invoiceAll' | Port: '8003'
2020-04-08 19:32:05 [hystrix-Controller-9] INFO  ms.invoice.controller.Controller - Called endpoint: 'invoiceAll' | Port: '8003'
2020-04-08 19:32:11 [hystrix-Controller-10] INFO  ms.invoice.controller.Controller - Called endpoint: 'invoiceAll' | Port: '8003'
2020-04-08 19:32:44 [hystrix-Controller-10] INFO  ms.invoice.controller.Controller - Called endpoint: 'invoiceAll' | Port: '8003'
2020-04-08 19:33:19 [hystrix-Controller-10] INFO  ms.invoice.controller.Controller - Called endpoint: 'invoiceAll' | Port: '8003'
2020-04-08 19:33:34 [hystrix-Controller-10] INFO  ms.invoice.controller.Controller - Called endpoint: 'invoiceAll' | Port: '8003'
2020-04-08 19:33:47 [hystrix-Controller-10] INFO  ms.invoice.controller.Controller - Called endpoint: 'invoiceAll' | Port: '8003'
2020-04-08 19:34:38 [hystrix-Controller-10] INFO  ms.invoice.controller.Controller - Called endpoint: 'invoiceAll' | Port: '8003'
2020-04-08 19:34:46 [hystrix-Controller-10] INFO  ms.invoice.controller.Controller - Called endpoint: 'invoiceAll' | Port: '8003'
2020-04-08 19:35:42 [hystrix-Controller-10] INFO  ms.invoice.controller.Controller - Called endpoint: 'invoiceAll' | Port: '8003'
2020-04-08 19:36:10 [hystrix-Controller-10] INFO  ms.invoice.controller.Controller - Called endpoint: 'invoiceAll' | Port: '8003'
2020-04-08 19:36:40 [hystrix-Controller-10] INFO  ms.invoice.controller.Controller - Called endpoint: 'invoiceAll' | Port: '8003'
2020-04-08 19:37:04 [hystrix-Controller-10] INFO  ms.invoice.controller.Controller - Called endpoint: 'invoiceAll' | Port: '8003'
2020-04-08 19:37:13 [hystrix-Controller-10] INFO  ms.invoice.controller.Controller - Called endpoint: 'invoiceAll' | Port: '8003'
2020-04-08 19:37:24 [hystrix-Controller-10] INFO  ms.invoice.controller.Controller - Called endpoint: 'invoiceAll' | Port: '8003'
2020-04-08 19:37:32 [hystrix-Controller-10] INFO  ms.invoice.controller.Controller - Called endpoint: 'invoiceAll' | Port: '8003'
2020-04-08 19:37:47 [hystrix-Controller-10] INFO  ms.invoice.controller.Controller - Called endpoint: 'invoiceAll' | Port: '8003'
2020-04-08 19:37:59 [hystrix-Controller-10] INFO  ms.invoice.controller.Controller - Called endpoint: 'invoiceAll' | Port: '8003'
2020-04-08 19:38:11 [hystrix-Controller-10] INFO  ms.invoice.controller.Controller - Called endpoint: 'invoiceAll' | Port: '8003'
2020-04-08 19:38:14 [hystrix-Controller-10] INFO  ms.invoice.controller.Controller - Called endpoint: 'invoiceAll' | Port: '8003'
2020-04-08 19:38:28 [hystrix-Controller-10] INFO  ms.invoice.controller.Controller - Called endpoint: 'invoiceAll' | Port: '8003'
2020-04-08 19:38:34 [hystrix-Controller-10] INFO  ms.invoice.controller.Controller - Called endpoint: 'invoiceAll' | Port: '8003'
2020-04-08 19:38:37 [hystrix-Controller-10] INFO  ms.invoice.controller.Controller - Called endpoint: 'invoiceAll' | Port: '8003'
2020-04-08 19:38:44 [hystrix-Controller-10] INFO  ms.invoice.controller.Controller - Called endpoint: 'invoiceAll' | Port: '8003'
2020-04-08 19:39:13 [hystrix-Controller-10] INFO  ms.invoice.controller.Controller - Called endpoint: 'invoiceAll' | Port: '8003'
2020-04-08 19:39:28 [hystrix-Controller-10] INFO  ms.invoice.controller.Controller - Called endpoint: 'invoiceAll' | Port: '8003'
2020-04-08 19:39:54 [hystrix-Controller-10] INFO  ms.invoice.controller.Controller - Called endpoint: 'invoiceAll' | Port: '8003'
2020-04-08 19:39:58 [hystrix-Controller-10] INFO  ms.invoice.controller.Controller - Called endpoint: 'invoiceAll' | Port: '8003'
2020-04-08 19:40:01 [hystrix-Controller-10] INFO  ms.invoice.controller.Controller - Called endpoint: 'invoiceAll' | Port: '8003'
2020-04-08 19:40:11 [hystrix-Controller-10] INFO  ms.invoice.controller.Controller - Called endpoint: 'invoiceAll' | Port: '8003'
2020-04-08 19:40:21 [hystrix-Controller-10] INFO  ms.invoice.controller.Controller - Called endpoint: 'invoiceAll' | Port: '8003'
2020-04-08 19:40:28 [hystrix-Controller-10] INFO  ms.invoice.controller.Controller - Called endpoint: 'invoiceAll' | Port: '8003'
2020-04-08 19:40:33 [hystrix-Controller-10] INFO  ms.invoice.controller.Controller - Called endpoint: 'invoiceAll' | Port: '8003'
2020-04-08 19:40:42 [hystrix-Controller-10] INFO  ms.invoice.controller.Controller - Called endpoint: 'invoiceAll' | Port: '8003'
2020-04-08 19:40:54 [hystrix-Controller-10] INFO  ms.invoice.controller.Controller - Called endpoint: 'invoiceAll' | Port: '8003'
2020-04-08 19:44:18 [hystrix-Controller-10] INFO  ms.invoice.controller.Controller - Called endpoint: 'invoiceAll' | Port: '8003'
2020-04-08 19:44:52 [hystrix-Controller-10] INFO  ms.invoice.controller.Controller - Called endpoint: 'invoiceAll' | Port: '8003'
2020-04-08 19:45:01 [hystrix-Controller-10] INFO  ms.invoice.controller.Controller - Called endpoint: 'invoiceAll' | Port: '8003'
2020-04-08 19:46:05 [hystrix-Controller-10] INFO  ms.invoice.controller.Controller - Called endpoint: 'invoiceAll' | Port: '8003'
2020-04-08 19:46:20 [hystrix-Controller-10] INFO  ms.invoice.controller.Controller - Called endpoint: 'invoiceAll' | Port: '8003'
2020-04-08 19:46:21 [hystrix-Controller-10] INFO  ms.invoice.controller.Controller - Called endpoint: 'invoiceAll' | Port: '8003'
2020-04-08 19:46:42 [hystrix-Controller-10] INFO  ms.invoice.controller.Controller - Called endpoint: 'invoiceAll' | Port: '8003'
2020-04-08 19:46:57 [hystrix-Controller-10] INFO  ms.invoice.controller.Controller - Called endpoint: 'invoiceAll' | Port: '8003'
2020-04-08 19:47:28 [hystrix-Controller-10] INFO  ms.invoice.controller.Controller - Called endpoint: 'invoiceAll' | Port: '8003'
2020-04-08 19:48:29 [hystrix-Controller-10] INFO  ms.invoice.controller.Controller - Called endpoint: 'invoiceAll' | Port: '8003'
2020-04-08 19:48:57 [hystrix-Controller-10] INFO  ms.invoice.controller.Controller - Called endpoint: 'invoiceAll' | Port: '8003'
2020-04-08 19:50:04 [hystrix-Controller-10] INFO  ms.invoice.controller.Controller - Called endpoint: 'invoiceAll' | Port: '8003'
2020-04-08 19:51:35 [hystrix-Controller-10] INFO  ms.invoice.controller.Controller - Called endpoint: 'invoiceAll' | Port: '8003'
2020-04-08 19:53:27 [hystrix-Controller-10] INFO  ms.invoice.controller.Controller - Called endpoint: 'invoiceAll' | Port: '8003'
2020-04-08 19:54:25 [hystrix-Controller-10] INFO  ms.invoice.controller.Controller - Called endpoint: 'invoiceAll' | Port: '8003'
2020-04-08 19:54:31 [hystrix-Controller-10] INFO  ms.invoice.controller.Controller - Called endpoint: 'invoiceAll' | Port: '8003'
2020-04-08 19:55:25 [hystrix-Controller-10] INFO  ms.invoice.controller.Controller - Called endpoint: 'invoiceAll' | Port: '8003'
2020-04-08 19:55:37 [hystrix-Controller-10] INFO  ms.invoice.controller.Controller - Called endpoint: 'invoiceAll' | Port: '8003'
2020-04-08 19:56:05 [hystrix-Controller-10] INFO  ms.invoice.controller.Controller - Called endpoint: 'invoiceAll' | Port: '8003'
2020-04-08 19:56:07 [hystrix-Controller-10] INFO  ms.invoice.controller.Controller - Called endpoint: 'invoiceAll' | Port: '8003'
2020-04-08 19:57:32 [hystrix-Controller-10] INFO  ms.invoice.controller.Controller - Called endpoint: 'invoiceAll' | Port: '8003'
2020-04-08 19:57:42 [hystrix-Controller-10] INFO  ms.invoice.controller.Controller - Called endpoint: 'invoiceAll' | Port: '8003'
2020-04-08 19:58:09 [hystrix-Controller-10] INFO  ms.invoice.controller.Controller - Called endpoint: 'invoiceAll' | Port: '8003'
2020-04-08 19:58:26 [hystrix-Controller-10] INFO  ms.invoice.controller.Controller - Called endpoint: 'invoiceAll' | Port: '8003'
2020-04-08 19:58:37 [hystrix-Controller-10] INFO  ms.invoice.controller.Controller - Called endpoint: 'invoiceAll' | Port: '8003'
2020-04-08 19:58:53 [hystrix-Controller-10] INFO  ms.invoice.controller.Controller - Called endpoint: 'invoiceAll' | Port: '8003'
2020-04-08 19:59:13 [hystrix-Controller-10] INFO  ms.invoice.controller.Controller - Called endpoint: 'invoiceAll' | Port: '8003'
2020-04-08 19:59:20 [hystrix-Controller-10] INFO  ms.invoice.controller.Controller - Called endpoint: 'invoiceAll' | Port: '8003'
2020-04-08 19:59:55 [hystrix-Controller-10] INFO  ms.invoice.controller.Controller - Called endpoint: 'invoiceAll' | Port: '8003'
2020-04-08 20:01:15 [hystrix-Controller-10] INFO  ms.invoice.controller.Controller - Called endpoint: 'invoiceAll' | Port: '8003'
2020-04-08 20:01:28 [hystrix-Controller-10] INFO  ms.invoice.controller.Controller - Called endpoint: 'invoiceAll' | Port: '8003'
2020-04-08 20:01:50 [hystrix-Controller-10] INFO  ms.invoice.controller.Controller - Called endpoint: 'invoiceAll' | Port: '8003'
2020-04-08 20:01:53 [hystrix-Controller-10] INFO  ms.invoice.controller.Controller - Called endpoint: 'invoiceAll' | Port: '8003'
2020-04-08 20:02:04 [hystrix-Controller-10] INFO  ms.invoice.controller.Controller - Called endpoint: 'invoiceAll' | Port: '8003'
2020-04-08 20:02:08 [hystrix-Controller-10] INFO  ms.invoice.controller.Controller - Called endpoint: 'invoiceAll' | Port: '8003'
2020-04-08 20:02:44 [hystrix-Controller-10] INFO  ms.invoice.controller.Controller - Called endpoint: 'invoiceAll' | Port: '8003'
2020-04-08 20:03:05 [hystrix-Controller-10] INFO  ms.invoice.controller.Controller - Called endpoint: 'invoiceAll' | Port: '8003'
2020-04-08 20:03:15 [hystrix-Controller-10] INFO  ms.invoice.controller.Controller - Called endpoint: 'invoiceAll' | Port: '8003'
2020-04-08 20:03:22 [hystrix-Controller-10] INFO  ms.invoice.controller.Controller - Called endpoint: 'invoiceAll' | Port: '8003'
2020-04-08 20:04:55 [hystrix-Controller-10] INFO  ms.invoice.controller.Controller - Called endpoint: 'invoiceAll' | Port: '8003'
2020-04-08 20:04:58 [hystrix-Controller-10] INFO  ms.invoice.controller.Controller - Called endpoint: 'invoiceAll' | Port: '8003'
2020-04-08 20:05:02 [hystrix-Controller-10] INFO  ms.invoice.controller.Controller - Called endpoint: 'invoiceAll' | Port: '8003'
2020-04-08 20:05:11 [hystrix-Controller-10] INFO  ms.invoice.controller.Controller - Called endpoint: 'invoiceAll' | Port: '8003'
2020-04-08 20:05:18 [hystrix-Controller-10] INFO  ms.invoice.controller.Controller - Called endpoint: 'invoiceAll' | Port: '8003'
2020-04-08 20:05:42 [hystrix-Controller-10] INFO  ms.invoice.controller.Controller - Called endpoint: 'invoiceAll' | Port: '8003'
2020-04-08 20:05:44 [hystrix-Controller-10] INFO  ms.invoice.controller.Controller - Called endpoint: 'invoiceAll' | Port: '8003'
2020-04-08 20:06:28 [hystrix-Controller-10] INFO  ms.invoice.controller.Controller - Called endpoint: 'invoiceAll' | Port: '8003'
2020-04-08 20:06:36 [hystrix-Controller-10] INFO  ms.invoice.controller.Controller - Called endpoint: 'invoiceAll' | Port: '8003'
2020-04-08 20:06:48 [hystrix-Controller-10] INFO  ms.invoice.controller.Controller - Called endpoint: 'invoiceAll' | Port: '8003'
2020-04-08 20:07:12 [hystrix-Controller-10] INFO  ms.invoice.controller.Controller - Called endpoint: 'invoiceAll' | Port: '8003'
2020-04-08 20:07:16 [hystrix-Controller-10] INFO  ms.invoice.controller.Controller - Called endpoint: 'invoiceAll' | Port: '8003'
2020-04-08 20:07:19 [hystrix-Controller-10] INFO  ms.invoice.controller.Controller - Called endpoint: 'invoiceAll' | Port: '8003'
2020-04-08 20:07:29 [hystrix-Controller-10] INFO  ms.invoice.controller.Controller - Called endpoint: 'invoiceAll' | Port: '8003'
2020-04-08 20:07:50 [hystrix-Controller-10] INFO  ms.invoice.controller.Controller - Called endpoint: 'invoiceAll' | Port: '8003'
2020-04-08 20:08:01 [hystrix-Controller-10] INFO  ms.invoice.controller.Controller - Called endpoint: 'invoiceAll' | Port: '8003'
2020-04-08 20:08:59 [hystrix-Controller-10] INFO  ms.invoice.controller.Controller - Called endpoint: 'invoiceAll' | Port: '8003'
2020-04-08 20:09:34 [hystrix-Controller-10] INFO  ms.invoice.controller.Controller - Called endpoint: 'invoiceAll' | Port: '8003'
2020-04-08 20:10:08 [hystrix-Controller-10] INFO  ms.invoice.controller.Controller - Called endpoint: 'invoiceAll' | Port: '8003'
2020-04-08 20:10:15 [hystrix-Controller-10] INFO  ms.invoice.controller.Controller - Called endpoint: 'invoiceAll' | Port: '8003'
2020-04-08 20:10:29 [hystrix-Controller-10] INFO  ms.invoice.controller.Controller - Called endpoint: 'invoiceAll' | Port: '8003'
2020-04-08 20:10:34 [hystrix-Controller-10] INFO  ms.invoice.controller.Controller - Called endpoint: 'invoiceAll' | Port: '8003'
2020-04-08 20:10:38 [hystrix-Controller-10] INFO  ms.invoice.controller.Controller - Called endpoint: 'invoiceAll' | Port: '8003'
2020-04-08 20:10:52 [hystrix-Controller-10] INFO  ms.invoice.controller.Controller - Called endpoint: 'invoiceAll' | Port: '8003'
2020-04-08 20:11:00 [hystrix-Controller-10] INFO  ms.invoice.controller.Controller - Called endpoint: 'invoiceAll' | Port: '8003'
2020-04-08 20:11:09 [hystrix-Controller-10] INFO  ms.invoice.controller.Controller - Called endpoint: 'invoiceAll' | Port: '8003'
2020-04-08 20:11:16 [hystrix-Controller-10] INFO  ms.invoice.controller.Controller - Called endpoint: 'invoiceAll' | Port: '8003'
2020-04-08 20:11:20 [hystrix-Controller-10] INFO  ms.invoice.controller.Controller - Called endpoint: 'invoiceAll' | Port: '8003'
2020-04-08 20:11:25 [hystrix-Controller-10] INFO  ms.invoice.controller.Controller - Called endpoint: 'invoiceAll' | Port: '8003'
2020-04-08 20:11:40 [hystrix-Controller-10] INFO  ms.invoice.controller.Controller - Called endpoint: 'invoiceAll' | Port: '8003'
2020-04-08 20:19:47 [restartedMain] INFO  ms.invoice.MsInvoiceApplication - No active profile set, falling back to default profiles: default
2020-04-08 20:19:55 [restartedMain] INFO  ms.invoice.MsInvoiceApplication - Started MsInvoiceApplication in 12.456 seconds (JVM running for 13.307)
2020-04-08 20:20:05 [hystrix-Controller-1] INFO  ms.invoice.controller.Controller - Called endpoint: 'invoiceAll' | Port: '8003'
2020-04-08 20:20:21 [restartedMain] INFO  ms.invoice.MsInvoiceApplication - No active profile set, falling back to default profiles: default
2020-04-08 20:20:25 [restartedMain] INFO  ms.invoice.MsInvoiceApplication - Started MsInvoiceApplication in 8.33 seconds (JVM running for 43.232)
2020-04-08 20:20:27 [hystrix-Controller-1] INFO  ms.invoice.controller.Controller - Called endpoint: 'invoiceAll' | Port: '8003'
2020-04-08 20:22:52 [hystrix-Controller-2] INFO  ms.invoice.controller.Controller - Called endpoint: 'invoiceAll' | Port: '8003'
2020-04-08 20:24:06 [hystrix-Controller-3] INFO  ms.invoice.controller.Controller - Called endpoint: 'invoiceAll' | Port: '8003'
2020-04-08 20:24:21 [hystrix-Controller-4] INFO  ms.invoice.controller.Controller - Called endpoint: 'invoiceAll' | Port: '8003'
2020-04-08 20:24:32 [hystrix-Controller-5] INFO  ms.invoice.controller.Controller - Called endpoint: 'invoiceAll' | Port: '8003'
2020-04-08 20:24:50 [hystrix-Controller-6] INFO  ms.invoice.controller.Controller - Called endpoint: 'invoiceAll' | Port: '8003'
2020-04-08 20:25:01 [hystrix-Controller-7] INFO  ms.invoice.controller.Controller - Called endpoint: 'invoiceAll' | Port: '8003'
2020-04-08 20:25:04 [hystrix-Controller-8] INFO  ms.invoice.controller.Controller - Called endpoint: 'invoiceAll' | Port: '8003'
2020-04-08 20:25:23 [hystrix-Controller-9] INFO  ms.invoice.controller.Controller - Called endpoint: 'invoiceAll' | Port: '8003'
2020-04-08 20:25:30 [hystrix-Controller-10] INFO  ms.invoice.controller.Controller - Called endpoint: 'invoiceAll' | Port: '8003'
2020-04-08 20:25:59 [hystrix-Controller-10] INFO  ms.invoice.controller.Controller - Called endpoint: 'invoiceAll' | Port: '8003'
2020-04-08 20:26:28 [hystrix-Controller-10] INFO  ms.invoice.controller.Controller - Called endpoint: 'invoiceAll' | Port: '8003'
2020-04-08 20:26:36 [hystrix-Controller-10] INFO  ms.invoice.controller.Controller - Called endpoint: 'invoiceAll' | Port: '8003'
2020-04-08 20:27:06 [hystrix-Controller-10] INFO  ms.invoice.controller.Controller - Called endpoint: 'invoiceAll' | Port: '8003'
2020-04-08 20:27:16 [hystrix-Controller-10] INFO  ms.invoice.controller.Controller - Called endpoint: 'invoiceAll' | Port: '8003'
2020-04-08 20:27:32 [hystrix-Controller-10] INFO  ms.invoice.controller.Controller - Called endpoint: 'invoiceAll' | Port: '8003'
2020-04-08 20:28:04 [hystrix-Controller-10] INFO  ms.invoice.controller.Controller - Called endpoint: 'invoiceAll' | Port: '8003'
2020-04-08 20:28:18 [hystrix-Controller-10] INFO  ms.invoice.controller.Controller - Called endpoint: 'invoiceAll' | Port: '8003'
2020-04-08 20:28:25 [hystrix-Controller-10] INFO  ms.invoice.controller.Controller - Called endpoint: 'invoiceAll' | Port: '8003'
2020-04-08 20:28:36 [hystrix-Controller-10] INFO  ms.invoice.controller.Controller - Called endpoint: 'invoiceAll' | Port: '8003'
2020-04-08 20:28:36 [hystrix-Controller-10] INFO  ms.invoice.controller.Controller - Called endpoint: 'invoiceAll' | Port: '8003'
2020-04-08 20:28:41 [hystrix-Controller-10] INFO  ms.invoice.controller.Controller - Called endpoint: 'invoiceAll' | Port: '8003'
2020-04-08 20:28:52 [hystrix-Controller-10] INFO  ms.invoice.controller.Controller - Called endpoint: 'invoiceAll' | Port: '8003'
2020-04-08 20:29:41 [hystrix-Controller-10] INFO  ms.invoice.controller.Controller - Called endpoint: 'invoiceAll' | Port: '8003'
2020-04-08 20:33:46 [hystrix-Controller-10] INFO  ms.invoice.controller.Controller - Called endpoint: 'invoiceAll' | Port: '8003'
2020-04-08 20:46:07 [hystrix-Controller-10] INFO  ms.invoice.controller.Controller - Called endpoint: 'invoiceAll' | Port: '8003'
2020-04-08 20:46:38 [hystrix-Controller-10] INFO  ms.invoice.controller.Controller - Called endpoint: 'invoiceAll' | Port: '8003'
2020-04-08 20:47:01 [hystrix-Controller-10] INFO  ms.invoice.controller.Controller - Called endpoint: 'invoiceAll' | Port: '8003'
2020-04-08 20:47:07 [hystrix-Controller-10] INFO  ms.invoice.controller.Controller - Called endpoint: 'invoiceAll' | Port: '8003'
2020-04-08 20:47:16 [hystrix-Controller-10] INFO  ms.invoice.controller.Controller - Called endpoint: 'invoiceAll' | Port: '8003'
2020-04-08 20:48:20 [hystrix-Controller-10] INFO  ms.invoice.controller.Controller - Called endpoint: 'invoiceAll' | Port: '8003'
2020-04-08 20:48:47 [hystrix-Controller-10] INFO  ms.invoice.controller.Controller - Called endpoint: 'invoiceAll' | Port: '8003'
2020-04-08 20:49:01 [hystrix-Controller-10] INFO  ms.invoice.controller.Controller - Called endpoint: 'invoiceAll' | Port: '8003'
2020-04-08 20:49:14 [hystrix-Controller-10] INFO  ms.invoice.controller.Controller - Called endpoint: 'invoiceAll' | Port: '8003'
2020-04-08 20:49:36 [hystrix-Controller-10] INFO  ms.invoice.controller.Controller - Called endpoint: 'invoiceAll' | Port: '8003'
2020-04-08 20:49:51 [hystrix-Controller-10] INFO  ms.invoice.controller.Controller - Called endpoint: 'invoiceAll' | Port: '8003'
2020-04-08 20:49:55 [hystrix-Controller-10] INFO  ms.invoice.controller.Controller - Called endpoint: 'invoiceAll' | Port: '8003'
2020-04-08 20:50:09 [hystrix-Controller-10] INFO  ms.invoice.controller.Controller - Called endpoint: 'invoiceAll' | Port: '8003'
2020-04-08 20:50:37 [hystrix-Controller-10] INFO  ms.invoice.controller.Controller - Called endpoint: 'invoiceAll' | Port: '8003'
2020-04-08 20:50:39 [hystrix-Controller-10] INFO  ms.invoice.controller.Controller - Called endpoint: 'invoiceAll' | Port: '8003'
2020-04-08 20:50:41 [hystrix-Controller-10] INFO  ms.invoice.controller.Controller - Called endpoint: 'invoiceAll' | Port: '8003'
2020-04-08 20:50:43 [hystrix-Controller-10] INFO  ms.invoice.controller.Controller - Called endpoint: 'invoiceAll' | Port: '8003'
2020-04-08 20:50:59 [hystrix-Controller-10] INFO  ms.invoice.controller.Controller - Called endpoint: 'invoiceAll' | Port: '8003'
2020-04-08 20:51:10 [hystrix-Controller-10] INFO  ms.invoice.controller.Controller - Called endpoint: 'invoiceAll' | Port: '8003'
2020-04-08 20:51:44 [hystrix-Controller-10] INFO  ms.invoice.controller.Controller - Called endpoint: 'invoiceAll' | Port: '8003'
2020-04-08 20:52:14 [hystrix-Controller-10] INFO  ms.invoice.controller.Controller - Called endpoint: 'invoiceAll' | Port: '8003'
2020-04-08 20:52:35 [hystrix-Controller-10] INFO  ms.invoice.controller.Controller - Called endpoint: 'invoiceAll' | Port: '8003'
2020-04-08 20:53:27 [hystrix-Controller-10] INFO  ms.invoice.controller.Controller - Called endpoint: 'invoiceAll' | Port: '8003'
2020-04-08 20:53:35 [hystrix-Controller-10] INFO  ms.invoice.controller.Controller - Called endpoint: 'invoiceAll' | Port: '8003'
2020-04-08 20:54:22 [hystrix-Controller-10] INFO  ms.invoice.controller.Controller - Called endpoint: 'invoiceAll' | Port: '8003'
2020-04-08 20:54:22 [hystrix-Controller-10] INFO  ms.invoice.controller.Controller - Called endpoint: 'invoiceAll' | Port: '8003'
2020-04-08 20:54:33 [hystrix-Controller-10] INFO  ms.invoice.controller.Controller - Called endpoint: 'invoiceAll' | Port: '8003'
2020-04-08 20:54:33 [hystrix-Controller-10] INFO  ms.invoice.controller.Controller - Called endpoint: 'invoiceAll' | Port: '8003'
2020-04-08 20:54:48 [hystrix-Controller-10] INFO  ms.invoice.controller.Controller - Called endpoint: 'invoiceAll' | Port: '8003'
2020-04-08 20:54:48 [hystrix-Controller-10] INFO  ms.invoice.controller.Controller - Called endpoint: 'invoiceAll' | Port: '8003'
2020-04-08 20:56:03 [hystrix-Controller-10] INFO  ms.invoice.controller.Controller - Called endpoint: 'invoiceAll' | Port: '8003'
2020-04-08 20:56:03 [hystrix-Controller-10] INFO  ms.invoice.controller.Controller - Called endpoint: 'invoiceAll' | Port: '8003'
2020-04-08 20:56:34 [hystrix-Controller-10] INFO  ms.invoice.controller.Controller - Called endpoint: 'invoiceAll' | Port: '8003'
2020-04-08 20:56:34 [hystrix-Controller-10] INFO  ms.invoice.controller.Controller - Called endpoint: 'invoiceAll' | Port: '8003'
2020-04-08 20:57:30 [hystrix-Controller-10] INFO  ms.invoice.controller.Controller - Called endpoint: 'invoiceAll' | Port: '8003'
2020-04-08 20:57:30 [hystrix-Controller-10] INFO  ms.invoice.controller.Controller - Called endpoint: 'invoiceAll' | Port: '8003'
2020-04-08 20:57:40 [hystrix-Controller-10] INFO  ms.invoice.controller.Controller - Called endpoint: 'invoiceAll' | Port: '8003'
2020-04-08 20:57:40 [hystrix-Controller-10] INFO  ms.invoice.controller.Controller - Called endpoint: 'invoiceAll' | Port: '8003'
2020-04-08 20:57:50 [hystrix-Controller-10] INFO  ms.invoice.controller.Controller - Called endpoint: 'invoiceAll' | Port: '8003'
2020-04-08 20:57:50 [hystrix-Controller-10] INFO  ms.invoice.controller.Controller - Called endpoint: 'invoiceAll' | Port: '8003'
2020-04-08 20:58:00 [hystrix-Controller-10] INFO  ms.invoice.controller.Controller - Called endpoint: 'invoiceAll' | Port: '8003'
2020-04-08 20:58:00 [hystrix-Controller-10] INFO  ms.invoice.controller.Controller - Called endpoint: 'invoiceAll' | Port: '8003'
2020-04-08 20:58:12 [hystrix-Controller-10] INFO  ms.invoice.controller.Controller - Called endpoint: 'invoiceAll' | Port: '8003'
2020-04-08 20:58:12 [hystrix-Controller-10] INFO  ms.invoice.controller.Controller - Called endpoint: 'invoiceAll' | Port: '8003'
2020-04-08 20:58:43 [hystrix-Controller-10] INFO  ms.invoice.controller.Controller - Called endpoint: 'invoiceAll' | Port: '8003'
2020-04-08 20:58:43 [hystrix-Controller-10] INFO  ms.invoice.controller.Controller - Called endpoint: 'invoiceAll' | Port: '8003'
2020-04-08 20:58:56 [hystrix-Controller-10] INFO  ms.invoice.controller.Controller - Called endpoint: 'invoiceAll' | Port: '8003'
2020-04-08 20:58:56 [hystrix-Controller-10] INFO  ms.invoice.controller.Controller - Called endpoint: 'invoiceAll' | Port: '8003'
2020-04-08 20:59:21 [hystrix-Controller-10] INFO  ms.invoice.controller.Controller - Called endpoint: 'invoiceAll' | Port: '8003'
2020-04-08 20:59:21 [hystrix-Controller-10] INFO  ms.invoice.controller.Controller - Called endpoint: 'invoiceAll' | Port: '8003'
2020-04-08 20:59:30 [hystrix-Controller-10] INFO  ms.invoice.controller.Controller - Called endpoint: 'invoiceAll' | Port: '8003'
2020-04-08 20:59:30 [hystrix-Controller-10] INFO  ms.invoice.controller.Controller - Called endpoint: 'invoiceAll' | Port: '8003'
2020-04-08 20:59:46 [hystrix-Controller-10] INFO  ms.invoice.controller.Controller - Called endpoint: 'invoiceAll' | Port: '8003'
2020-04-08 20:59:46 [hystrix-Controller-10] INFO  ms.invoice.controller.Controller - Called endpoint: 'invoiceAll' | Port: '8003'
2020-04-08 20:59:53 [hystrix-Controller-10] INFO  ms.invoice.controller.Controller - Called endpoint: 'invoiceAll' | Port: '8003'
2020-04-08 20:59:53 [hystrix-Controller-10] INFO  ms.invoice.controller.Controller - Called endpoint: 'invoiceAll' | Port: '8003'
2020-04-08 21:06:48 [hystrix-Controller-10] INFO  ms.invoice.controller.Controller - Called endpoint: 'invoiceAll' | Port: '8003'
2020-04-08 21:09:07 [hystrix-Controller-10] INFO  ms.invoice.controller.Controller - Called endpoint: 'invoiceAll' | Port: '8003'
2020-04-08 21:12:44 [hystrix-Controller-10] INFO  ms.invoice.controller.Controller - Called endpoint: 'invoiceAll' | Port: '8003'
2020-04-08 21:12:49 [hystrix-Controller-10] INFO  ms.invoice.controller.Controller - Called endpoint: 'invoiceAll' | Port: '8003'
2020-04-08 21:13:30 [hystrix-Controller-10] INFO  ms.invoice.controller.Controller - Called endpoint: 'invoiceAll' | Port: '8003'
2020-04-08 21:15:00 [hystrix-Controller-10] INFO  ms.invoice.controller.Controller - Called endpoint: 'invoiceAll' | Port: '8003'
2020-04-08 21:15:35 [hystrix-Controller-10] INFO  ms.invoice.controller.Controller - Called endpoint: 'invoiceAll' | Port: '8003'
2020-04-08 21:15:59 [hystrix-Controller-10] INFO  ms.invoice.controller.Controller - Called endpoint: 'invoiceAll' | Port: '8003'
2020-04-08 21:16:08 [hystrix-Controller-10] INFO  ms.invoice.controller.Controller - Called endpoint: 'invoiceAll' | Port: '8003'
2020-04-08 21:17:57 [hystrix-Controller-10] INFO  ms.invoice.controller.Controller - Called endpoint: 'invoiceAll' | Port: '8003'
2020-04-08 21:18:10 [hystrix-Controller-10] INFO  ms.invoice.controller.Controller - Called endpoint: 'invoiceAll' | Port: '8003'
2020-04-08 21:18:37 [hystrix-Controller-10] INFO  ms.invoice.controller.Controller - Called endpoint: 'invoiceAll' | Port: '8003'
2020-04-08 21:18:41 [hystrix-Controller-10] INFO  ms.invoice.controller.Controller - Called endpoint: 'invoiceAll' | Port: '8003'
2020-04-08 21:20:13 [hystrix-Controller-10] INFO  ms.invoice.controller.Controller - Called endpoint: 'invoiceAll' | Port: '8003'
2020-04-08 21:20:38 [hystrix-Controller-10] INFO  ms.invoice.controller.Controller - Called endpoint: 'invoiceAll' | Port: '8003'
2020-04-08 21:22:06 [hystrix-Controller-10] INFO  ms.invoice.controller.Controller - Called endpoint: 'invoiceAll' | Port: '8003'
2020-04-08 21:22:09 [hystrix-Controller-10] INFO  ms.invoice.controller.Controller - Called endpoint: 'invoiceAll' | Port: '8003'
2020-04-08 21:22:09 [hystrix-Controller-10] INFO  ms.invoice.controller.Controller - Called endpoint: 'invoiceAll' | Port: '8003'
2020-04-08 21:22:16 [hystrix-Controller-10] INFO  ms.invoice.controller.Controller - Called endpoint: 'invoiceAll' | Port: '8003'
2020-04-08 21:22:16 [hystrix-Controller-10] INFO  ms.invoice.controller.Controller - Called endpoint: 'invoiceAll' | Port: '8003'
2020-04-08 21:22:51 [hystrix-Controller-10] INFO  ms.invoice.controller.Controller - Called endpoint: 'invoiceAll' | Port: '8003'
2020-04-08 21:22:51 [hystrix-Controller-10] INFO  ms.invoice.controller.Controller - Called endpoint: 'invoiceAll' | Port: '8003'
2020-04-08 21:22:53 [hystrix-Controller-10] INFO  ms.invoice.controller.Controller - Called endpoint: 'invoiceAll' | Port: '8003'
2020-04-08 21:22:53 [hystrix-Controller-10] INFO  ms.invoice.controller.Controller - Called endpoint: 'invoiceAll' | Port: '8003'
2020-04-08 21:23:00 [hystrix-Controller-10] INFO  ms.invoice.controller.Controller - Called endpoint: 'invoiceAll' | Port: '8003'
2020-04-08 21:23:00 [hystrix-Controller-10] INFO  ms.invoice.controller.Controller - Called endpoint: 'invoiceAll' | Port: '8003'
2020-04-08 21:23:35 [hystrix-Controller-10] INFO  ms.invoice.controller.Controller - Called endpoint: 'invoiceAll' | Port: '8003'
2020-04-08 21:23:35 [hystrix-Controller-10] INFO  ms.invoice.controller.Controller - Called endpoint: 'invoiceAll' | Port: '8003'
2020-04-08 21:23:41 [hystrix-Controller-10] INFO  ms.invoice.controller.Controller - Called endpoint: 'invoiceAll' | Port: '8003'
2020-04-08 21:23:41 [hystrix-Controller-10] INFO  ms.invoice.controller.Controller - Called endpoint: 'invoiceAll' | Port: '8003'
2020-04-08 21:24:43 [hystrix-Controller-10] INFO  ms.invoice.controller.Controller - Called endpoint: 'invoiceAll' | Port: '8003'
2020-04-08 21:24:43 [hystrix-Controller-10] INFO  ms.invoice.controller.Controller - Called endpoint: 'invoiceAll' | Port: '8003'
2020-04-08 21:25:11 [hystrix-Controller-10] INFO  ms.invoice.controller.Controller - Called endpoint: 'invoiceAll' | Port: '8003'
2020-04-08 21:25:11 [hystrix-Controller-10] INFO  ms.invoice.controller.Controller - Called endpoint: 'invoiceAll' | Port: '8003'
2020-04-08 21:25:30 [hystrix-Controller-10] INFO  ms.invoice.controller.Controller - Called endpoint: 'invoiceAll' | Port: '8003'
2020-04-08 21:25:30 [hystrix-Controller-10] INFO  ms.invoice.controller.Controller - Called endpoint: 'invoiceAll' | Port: '8003'
2020-04-08 21:25:56 [hystrix-Controller-10] INFO  ms.invoice.controller.Controller - Called endpoint: 'invoiceAll' | Port: '8003'
2020-04-08 21:25:56 [hystrix-Controller-10] INFO  ms.invoice.controller.Controller - Called endpoint: 'invoiceAll' | Port: '8003'
2020-04-08 21:26:41 [hystrix-Controller-10] INFO  ms.invoice.controller.Controller - Called endpoint: 'invoiceAll' | Port: '8003'
2020-04-08 21:26:41 [hystrix-Controller-10] INFO  ms.invoice.controller.Controller - Called endpoint: 'invoiceAll' | Port: '8003'
2020-04-08 21:26:43 [hystrix-Controller-10] INFO  ms.invoice.controller.Controller - Called endpoint: 'invoiceAll' | Port: '8003'
2020-04-08 21:26:43 [hystrix-Controller-10] INFO  ms.invoice.controller.Controller - Called endpoint: 'invoiceAll' | Port: '8003'
2020-04-08 21:26:53 [hystrix-Controller-10] INFO  ms.invoice.controller.Controller - Called endpoint: 'invoiceAll' | Port: '8003'
2020-04-08 21:26:53 [hystrix-Controller-10] INFO  ms.invoice.controller.Controller - Called endpoint: 'invoiceAll' | Port: '8003'
2020-04-08 21:27:14 [hystrix-Controller-10] INFO  ms.invoice.controller.Controller - Called endpoint: 'invoiceAll' | Port: '8003'
2020-04-08 21:27:14 [hystrix-Controller-10] INFO  ms.invoice.controller.Controller - Called endpoint: 'invoiceAll' | Port: '8003'
2020-04-08 21:27:35 [hystrix-Controller-10] INFO  ms.invoice.controller.Controller - Called endpoint: 'invoiceAll' | Port: '8003'
2020-04-08 21:27:35 [hystrix-Controller-10] INFO  ms.invoice.controller.Controller - Called endpoint: 'invoiceAll' | Port: '8003'
2020-04-08 21:27:47 [hystrix-Controller-10] INFO  ms.invoice.controller.Controller - Called endpoint: 'invoiceAll' | Port: '8003'
2020-04-08 21:27:47 [hystrix-Controller-10] INFO  ms.invoice.controller.Controller - Called endpoint: 'invoiceAll' | Port: '8003'
2020-04-08 21:28:19 [hystrix-Controller-10] INFO  ms.invoice.controller.Controller - Called endpoint: 'invoiceAll' | Port: '8003'
2020-04-08 21:28:19 [hystrix-Controller-10] INFO  ms.invoice.controller.Controller - Called endpoint: 'invoiceAll' | Port: '8003'
2020-04-08 21:28:38 [hystrix-Controller-10] INFO  ms.invoice.controller.Controller - Called endpoint: 'invoiceAll' | Port: '8003'
2020-04-08 21:28:38 [hystrix-Controller-10] INFO  ms.invoice.controller.Controller - Called endpoint: 'invoiceAll' | Port: '8003'
2020-04-08 21:29:01 [hystrix-Controller-10] INFO  ms.invoice.controller.Controller - Called endpoint: 'invoiceAll' | Port: '8003'
2020-04-08 21:29:01 [hystrix-Controller-10] INFO  ms.invoice.controller.Controller - Called endpoint: 'invoiceAll' | Port: '8003'
2020-04-08 21:29:33 [hystrix-Controller-10] INFO  ms.invoice.controller.Controller - Called endpoint: 'invoiceAll' | Port: '8003'
2020-04-08 21:29:33 [hystrix-Controller-10] INFO  ms.invoice.controller.Controller - Called endpoint: 'invoiceAll' | Port: '8003'
2020-04-08 21:33:02 [hystrix-Controller-10] INFO  ms.invoice.controller.Controller - Called endpoint: 'invoiceAll' | Port: '8003'
2020-04-08 21:33:02 [hystrix-Controller-10] INFO  ms.invoice.controller.Controller - Called endpoint: 'invoiceAll' | Port: '8003'
2020-04-08 21:59:21 [hystrix-Controller-10] INFO  ms.invoice.controller.Controller - Called endpoint: 'invoiceAll' | Port: '8003'
2020-04-08 21:59:21 [hystrix-Controller-10] INFO  ms.invoice.controller.Controller - Called endpoint: 'invoiceAll' | Port: '8003'
2020-04-08 22:00:23 [hystrix-Controller-10] INFO  ms.invoice.controller.Controller - Called endpoint: 'invoiceAll' | Port: '8003'
2020-04-08 22:00:23 [hystrix-Controller-10] INFO  ms.invoice.controller.Controller - Called endpoint: 'invoiceAll' | Port: '8003'
2020-04-08 22:00:28 [hystrix-Controller-10] INFO  ms.invoice.controller.Controller - Called endpoint: 'invoiceAll' | Port: '8003'
2020-04-08 22:00:28 [hystrix-Controller-10] INFO  ms.invoice.controller.Controller - Called endpoint: 'invoiceAll' | Port: '8003'
2020-04-08 22:01:25 [hystrix-Controller-10] INFO  ms.invoice.controller.Controller - Called endpoint: 'invoiceAll' | Port: '8003'
2020-04-08 22:01:25 [hystrix-Controller-10] INFO  ms.invoice.controller.Controller - Called endpoint: 'invoiceAll' | Port: '8003'
2020-04-08 22:05:32 [hystrix-Controller-10] INFO  ms.invoice.controller.Controller - Called endpoint: 'invoiceAll' | Port: '8003'
2020-04-08 22:05:32 [hystrix-Controller-10] INFO  ms.invoice.controller.Controller - Called endpoint: 'invoiceAll' | Port: '8003'
2020-04-08 22:06:46 [hystrix-Controller-10] INFO  ms.invoice.controller.Controller - Called endpoint: 'invoiceAll' | Port: '8003'
2020-04-08 22:06:46 [hystrix-Controller-10] INFO  ms.invoice.controller.Controller - Called endpoint: 'invoiceAll' | Port: '8003'
2020-04-08 22:07:02 [hystrix-Controller-10] INFO  ms.invoice.controller.Controller - Called endpoint: 'invoiceAll' | Port: '8003'
2020-04-08 22:07:02 [hystrix-Controller-10] INFO  ms.invoice.controller.Controller - Called endpoint: 'invoiceAll' | Port: '8003'
2020-04-08 22:11:00 [hystrix-Controller-10] INFO  ms.invoice.controller.Controller - Called endpoint: 'invoiceAll' | Port: '8003'
2020-04-08 22:11:00 [hystrix-Controller-10] INFO  ms.invoice.controller.Controller - Called endpoint: 'invoiceAll' | Port: '8003'
2020-04-08 22:11:54 [hystrix-Controller-10] INFO  ms.invoice.controller.Controller - Called endpoint: 'invoiceAll' | Port: '8003'
2020-04-08 22:11:54 [hystrix-Controller-10] INFO  ms.invoice.controller.Controller - Called endpoint: 'invoiceAll' | Port: '8003'
2020-04-08 22:12:06 [hystrix-Controller-10] INFO  ms.invoice.controller.Controller - Called endpoint: 'invoiceAll' | Port: '8003'
2020-04-08 22:12:06 [hystrix-Controller-10] INFO  ms.invoice.controller.Controller - Called endpoint: 'invoiceAll' | Port: '8003'
2020-04-08 22:12:24 [hystrix-Controller-10] INFO  ms.invoice.controller.Controller - Called endpoint: 'invoiceAll' | Port: '8003'
2020-04-08 22:12:24 [hystrix-Controller-10] INFO  ms.invoice.controller.Controller - Called endpoint: 'invoiceAll' | Port: '8003'
2020-04-08 22:13:52 [hystrix-Controller-10] INFO  ms.invoice.controller.Controller - Called endpoint: 'invoiceAll' | Port: '8003'
2020-04-08 22:13:52 [hystrix-Controller-10] INFO  ms.invoice.controller.Controller - Called endpoint: 'invoiceAll' | Port: '8003'
2020-04-08 22:14:16 [hystrix-Controller-10] INFO  ms.invoice.controller.Controller - Called endpoint: 'invoiceAll' | Port: '8003'
2020-04-08 22:14:16 [hystrix-Controller-10] INFO  ms.invoice.controller.Controller - Called endpoint: 'invoiceAll' | Port: '8003'
2020-04-08 22:16:51 [hystrix-Controller-10] INFO  ms.invoice.controller.Controller - Called endpoint: 'invoiceAll' | Port: '8003'
2020-04-08 22:16:51 [hystrix-Controller-10] INFO  ms.invoice.controller.Controller - Called endpoint: 'invoiceAll' | Port: '8003'
2020-04-08 22:19:05 [hystrix-Controller-10] INFO  ms.invoice.controller.Controller - Called endpoint: 'invoiceAll' | Port: '8003'
2020-04-08 22:19:05 [hystrix-Controller-10] INFO  ms.invoice.controller.Controller - Called endpoint: 'invoiceAll' | Port: '8003'
2020-04-08 22:19:08 [hystrix-Controller-10] INFO  ms.invoice.controller.Controller - Called endpoint: 'invoiceAll' | Port: '8003'
2020-04-08 22:19:08 [hystrix-Controller-10] INFO  ms.invoice.controller.Controller - Called endpoint: 'invoiceAll' | Port: '8003'
2020-04-08 22:23:56 [hystrix-Controller-10] INFO  ms.invoice.controller.Controller - Called endpoint: 'invoiceAll' | Port: '8003'
2020-04-08 22:23:56 [hystrix-Controller-10] INFO  ms.invoice.controller.Controller - Called endpoint: 'invoiceAll' | Port: '8003'
2020-04-08 22:40:39 [hystrix-Controller-10] INFO  ms.invoice.controller.Controller - Called endpoint: 'invoiceAll' | Port: '8003'
2020-04-08 22:40:39 [hystrix-Controller-10] INFO  ms.invoice.controller.Controller - Called endpoint: 'invoiceAll' | Port: '8003'
2020-04-08 22:40:55 [hystrix-Controller-10] INFO  ms.invoice.controller.Controller - Called endpoint: 'invoiceAll' | Port: '8003'
2020-04-08 22:40:55 [hystrix-Controller-10] INFO  ms.invoice.controller.Controller - Called endpoint: 'invoiceAll' | Port: '8003'
2020-04-08 22:41:09 [hystrix-Controller-10] INFO  ms.invoice.controller.Controller - Called endpoint: 'invoiceAll' | Port: '8003'
2020-04-08 22:41:09 [hystrix-Controller-10] INFO  ms.invoice.controller.Controller - Called endpoint: 'invoiceAll' | Port: '8003'
2020-04-08 22:41:17 [hystrix-Controller-10] INFO  ms.invoice.controller.Controller - Called endpoint: 'invoiceAll' | Port: '8003'
2020-04-08 22:41:17 [hystrix-Controller-10] INFO  ms.invoice.controller.Controller - Called endpoint: 'invoiceAll' | Port: '8003'
2020-04-08 22:41:33 [hystrix-Controller-10] INFO  ms.invoice.controller.Controller - Called endpoint: 'invoiceAll' | Port: '8003'
2020-04-08 22:41:33 [hystrix-Controller-10] INFO  ms.invoice.controller.Controller - Called endpoint: 'invoiceAll' | Port: '8003'
2020-04-08 22:42:08 [hystrix-Controller-10] INFO  ms.invoice.controller.Controller - Called endpoint: 'invoiceAll' | Port: '8003'
2020-04-08 22:42:08 [hystrix-Controller-10] INFO  ms.invoice.controller.Controller - Called endpoint: 'invoiceAll' | Port: '8003'
2020-04-08 22:42:11 [hystrix-Controller-10] INFO  ms.invoice.controller.Controller - Called endpoint: 'invoiceAll' | Port: '8003'
2020-04-08 22:42:11 [hystrix-Controller-10] INFO  ms.invoice.controller.Controller - Called endpoint: 'invoiceAll' | Port: '8003'
2020-04-08 22:42:20 [hystrix-Controller-10] INFO  ms.invoice.controller.Controller - Called endpoint: 'invoiceAll' | Port: '8003'
2020-04-08 22:42:20 [hystrix-Controller-10] INFO  ms.invoice.controller.Controller - Called endpoint: 'invoiceAll' | Port: '8003'
2020-04-08 22:43:03 [hystrix-Controller-10] INFO  ms.invoice.controller.Controller - Called endpoint: 'invoiceAll' | Port: '8003'
2020-04-08 22:43:03 [hystrix-Controller-10] INFO  ms.invoice.controller.Controller - Called endpoint: 'invoiceAll' | Port: '8003'
2020-04-08 22:43:28 [hystrix-Controller-10] INFO  ms.invoice.controller.Controller - Called endpoint: 'invoiceAll' | Port: '8003'
2020-04-08 22:43:28 [hystrix-Controller-10] INFO  ms.invoice.controller.Controller - Called endpoint: 'invoiceAll' | Port: '8003'
2020-04-08 22:43:54 [hystrix-Controller-10] INFO  ms.invoice.controller.Controller - Called endpoint: 'invoiceAll' | Port: '8003'
2020-04-08 22:43:54 [hystrix-Controller-10] INFO  ms.invoice.controller.Controller - Called endpoint: 'invoiceAll' | Port: '8003'
2020-04-08 22:44:15 [hystrix-Controller-10] INFO  ms.invoice.controller.Controller - Called endpoint: 'invoiceAll' | Port: '8003'
2020-04-08 22:44:15 [hystrix-Controller-10] INFO  ms.invoice.controller.Controller - Called endpoint: 'invoiceAll' | Port: '8003'
